2025-10-02 15:15:51,721 - WARNING - [ERR-0001] - [667655e0] Attempting to extract JSON from text (length: 20100 chars) | From: helpers.py:extract_json_from_text()
2025-10-02 15:15:51,727 - ERROR - [ERR-0001] - [d9de56a9] Failed to extract any valid JSON from text | From: helpers.py:extract_json_from_text()
2025-10-02 15:15:51,731 - ERROR - [ERR-0001] - [5d1fd535] Text preview: {
  "title": "Vix's VXX Faces Continued Decay Amidst Muted Volatility and Persistent Contango",
  "market_outlook_narrative": [
    "The iPath Series B S&P 500 VIX Short-Term Futures ETN (VXX) is an exchange-traded note designed to track the performance of a rolling portfolio of first and second-month VIX futures contracts. Unlike traditional equities, VXX does not represent ownership in a company but rather provides exposure to the implied volatility of the S&P 500 index. As of October 2, 2025,... | From: helpers.py:extract_json_from_text()
2025-10-02 15:15:51,732 - ERROR - [ERR-0001] - [7c4f4a20] Failed to extract valid JSON from AI response | From: holistic.py:run_holistic_market_model()
2025-10-02 15:15:51,732 - WARNING - [WARN-0002] - [a85a787b] Raw response content: {
  "title": "Vix's VXX Faces Continued Decay Amidst Muted Volatility and Persistent Contango",
  "market_outlook_narrative": [
    "The iPath Series B S&P 500 VIX Short-Term Futures ETN (VXX) is an exchange-traded note designed to track the performance of a rolling portfolio of first and second-month VIX futures contracts. Unlike traditional equities, VXX does not represent ownership in a company but rather provides exposure to the implied volatility of the S&P 500 index. As of October 2, 2025,... | From: holistic.py:run_holistic_market_model()
2025-10-02 15:18:32,912 - WARNING - [ERR-0001] - [a838f2fa] Attempting to extract JSON from text (length: 24245 chars) | From: helpers.py:extract_json_from_text()
2025-10-02 15:18:32,916 - WARNING - [ERR-0001] - [d19aaecc] JSON parsing failed for end object pattern: Expecting ',' delimiter: line 10 column 4464 (char 7241) | From: helpers.py:extract_json_from_text()
2025-10-02 15:18:32,919 - ERROR - [ERR-0404] - [50d835bf] Error in holistic_market_model | Exception: TypeError: 'int' object is not callable | From: holistic.py:run_holistic_market_model()
2025-10-02 15:21:22,484 - WARNING - [ERR-0001] - [dbe65596] Attempting to extract JSON from text (length: 26780 chars) | From: helpers.py:extract_json_from_text()
2025-10-02 15:21:22,487 - WARNING - [ERR-0001] - [011e3e1d] Successfully extracted JSON using end object pattern | From: helpers.py:extract_json_from_text()
2025-10-02 15:21:22,488 - INFO - [INFO] - Successfully parsed AI response as JSON
2025-10-02 15:21:23,694 - INFO - [INFO] - Updated document_generated flag to True for tickers: ['VXX']
2025-10-02 15:23:10,682 - WARNING - [ERR-0001] - [f162cba2] Attempting to extract JSON from text (length: 17920 chars) | From: helpers.py:extract_json_from_text()
2025-10-02 15:23:10,685 - WARNING - [ERR-0001] - [33aa3c69] Successfully extracted JSON using end object pattern | From: helpers.py:extract_json_from_text()
2025-10-02 15:23:10,689 - INFO - [INFO] - Successfully parsed AI response as JSON
2025-10-02 15:23:44,894 - INFO - [INFO] - Updated document_generated flag to True for tickers: ['SPXL']
2025-10-02 15:26:40,501 - WARNING - [ERR-0001] - [df070dee] Attempting to extract JSON from text (length: 27254 chars) | From: helpers.py:extract_json_from_text()
2025-10-02 15:26:40,505 - WARNING - [ERR-0001] - [24fd9a38] Successfully extracted JSON using end object pattern | From: helpers.py:extract_json_from_text()
2025-10-02 15:26:40,509 - INFO - [INFO] - Successfully parsed AI response as JSON
2025-10-02 15:27:11,800 - INFO - [INFO] - Updated document_generated flag to True for tickers: ['PLTR']
2025-10-02 15:31:00,907 - WARNING - [ERR-0001] - [286fb67c] Attempting to extract JSON from text (length: 30548 chars) | From: helpers.py:extract_json_from_text()
2025-10-02 15:31:00,912 - WARNING - [ERR-0001] - [75c84919] Successfully extracted JSON using end object pattern | From: helpers.py:extract_json_from_text()
2025-10-02 15:31:00,913 - INFO - [INFO] - Successfully parsed AI response as JSON
2025-10-02 15:31:38,712 - INFO - [INFO] - Updated document_generated flag to True for tickers: ['NVDA']
2025-10-02 15:39:23,056 - WARNING - [ERR-0001] - [891e9288] Attempting to extract JSON from text (length: 108217 chars) | From: helpers.py:extract_json_from_text()
2025-10-02 15:39:23,165 - WARNING - [ERR-0001] - [860ffc7f] Successfully extracted JSON using fallback pattern | From: helpers.py:extract_json_from_text()
2025-10-02 15:39:23,167 - WARNING - [ERR-0001] - [9c49d271] Attempting to extract JSON from text (length: 372 chars) | From: helpers.py:extract_json_from_text()
2025-10-02 15:39:23,172 - WARNING - [ERR-0001] - [3bff91b7] Successfully extracted JSON using end object pattern | From: helpers.py:extract_json_from_text()
2025-10-02 15:39:23,172 - INFO - [INFO] - Successfully parsed AI response as JSON
2025-10-02 15:39:43,192 - WARNING - [ERR-0303] - [d43e3555] Missing required fields: ['title', 'market_outlook_narrative', 'rationale', 'analysis', 'recommendations', 'market_impact'] | From: helpers.py:validate_recommendations_schema()
2025-10-02 15:39:43,194 - ERROR - [ERR-0303] - [699fa2d7] Invalid recommendations schema, skipping save | From: helpers.py:save_to_db_robust()
2025-10-02 15:39:43,194 - WARNING - [ERR-0001] - [52b2381f] Database save failed, skipping flag update | From: helpers.py:save_to_db_with_fallback()
2025-10-02 15:39:43,195 - WARNING - [ERR-0003] - [aad3ed98] Failed to save recommendations to database | From: holistic.py:run_holistic_market_model()
2025-10-02 15:43:07,678 - WARNING - [ERR-0001] - [79dbf0b5] Attempting to extract JSON from text (length: 25914 chars) | From: helpers.py:extract_json_from_text()
2025-10-02 15:43:07,689 - ERROR - [ERR-0001] - [c1bf1bf9] Failed to extract any valid JSON from text | From: helpers.py:extract_json_from_text()
2025-10-02 15:43:07,694 - ERROR - [ERR-0001] - [b0eb9b26] Text preview: {
  "title": "Microsoft's AI and Cloud Dominance Propel Strong Earnings and Share Price Growth",
  "market_outlook_narrative": [
    "Microsoft Corporation continues to demonstrate robust financial health and strategic foresight, driven by its leadership in cloud computing and aggressive advancements in artificial intelligence. The company's fourth-quarter fiscal year 2025 results, reported in July, significantly surpassed market expectations, with revenue climbing 18% to $76.4 billion and dilut... | From: helpers.py:extract_json_from_text()
2025-10-02 15:43:07,694 - ERROR - [ERR-0001] - [7b3b1165] Failed to extract valid JSON from AI response | From: holistic.py:run_holistic_market_model()
2025-10-02 15:43:07,694 - WARNING - [WARN-0002] - [b8007a46] Raw response content: {
  "title": "Microsoft's AI and Cloud Dominance Propel Strong Earnings and Share Price Growth",
  "market_outlook_narrative": [
    "Microsoft Corporation continues to demonstrate robust financial health and strategic foresight, driven by its leadership in cloud computing and aggressive advancements in artificial intelligence. The company's fourth-quarter fiscal year 2025 results, reported in July, significantly surpassed market expectations, with revenue climbing 18% to $76.4 billion and dilut... | From: holistic.py:run_holistic_market_model()
2025-10-02 15:44:49,204 - WARNING - [ERR-0001] - [4c2f2e7c] Attempting to extract JSON from text (length: 25872 chars) | From: helpers.py:extract_json_from_text()
2025-10-02 15:44:49,209 - WARNING - [ERR-0001] - [0021abbd] Successfully extracted JSON using end object pattern | From: helpers.py:extract_json_from_text()
2025-10-02 15:44:49,210 - INFO - [INFO] - Successfully parsed AI response as JSON
2025-10-02 15:45:32,837 - INFO - [INFO] - Updated document_generated flag to True for tickers: ['MSFT']
2025-10-02 15:48:08,518 - WARNING - [ERR-0001] - [8c67e891] Attempting to extract JSON from text (length: 29076 chars) | From: helpers.py:extract_json_from_text()
2025-10-02 15:48:08,521 - WARNING - [ERR-0001] - [e9f49dd3] Successfully extracted JSON using end object pattern | From: helpers.py:extract_json_from_text()
2025-10-02 15:48:08,524 - INFO - [INFO] - Successfully parsed AI response as JSON
2025-10-02 15:48:49,021 - INFO - [INFO] - Updated document_generated flag to True for tickers: ['GLD']
2025-10-02 15:51:28,350 - WARNING - [ERR-0001] - [9fbdada8] Attempting to extract JSON from text (length: 32033 chars) | From: helpers.py:extract_json_from_text()
2025-10-02 15:51:28,352 - WARNING - [ERR-0001] - [1b89fe6a] Successfully extracted JSON using end object pattern | From: helpers.py:extract_json_from_text()
2025-10-02 15:51:28,355 - INFO - [INFO] - Successfully parsed AI response as JSON
2025-10-02 15:52:16,735 - INFO - [INFO] - Updated document_generated flag to True for tickers: ['GOOG']
2025-10-02 15:54:56,857 - WARNING - [ERR-0001] - [00fd2577] Attempting to extract JSON from text (length: 30093 chars) | From: helpers.py:extract_json_from_text()
2025-10-02 15:54:56,860 - WARNING - [ERR-0001] - [f69b8a19] Successfully extracted JSON using end object pattern | From: helpers.py:extract_json_from_text()
2025-10-02 15:54:56,860 - INFO - [INFO] - Successfully parsed AI response as JSON
2025-10-02 15:55:15,649 - INFO - [INFO] - Updated document_generated flag to True for tickers: ['AMZN']
2025-10-02 15:57:13,389 - WARNING - [ERR-0001] - [57ab05a8] Attempting to extract JSON from text (length: 168 chars) | From: helpers.py:extract_json_from_text()
2025-10-02 15:57:13,389 - WARNING - [ERR-0001] - [50c2375b] Attempting to extract JSON from text (length: 168 chars) | From: helpers.py:extract_json_from_text()
2025-10-02 15:57:13,389 - WARNING - [ERR-0001] - [caca8309] Attempting to extract JSON from text (length: 168 chars) | From: helpers.py:extract_json_from_text()
2025-10-02 15:57:13,389 - WARNING - [ERR-0001] - [35bdd94c] Attempting to extract JSON from text (length: 168 chars) | From: helpers.py:extract_json_from_text()
2025-10-02 15:57:13,389 - WARNING - [ERR-0001] - [e1eefe63] Attempting to extract JSON from text (length: 168 chars) | From: helpers.py:extract_json_from_text()
2025-10-02 15:57:13,389 - WARNING - [ERR-0001] - [1132457f] Attempting to extract JSON from text (length: 168 chars) | From: helpers.py:extract_json_from_text()
2025-10-02 15:57:13,390 - ERROR - [ERR-0001] - [5ffb45ed] Failed to extract any valid JSON from text | From: helpers.py:extract_json_from_text()
2025-10-02 15:57:13,390 - ERROR - [ERR-0001] - [d793ef3a] Failed to extract any valid JSON from text | From: helpers.py:extract_json_from_text()
2025-10-02 15:57:13,390 - ERROR - [ERR-0001] - [2e5646e6] Failed to extract any valid JSON from text | From: helpers.py:extract_json_from_text()
2025-10-02 15:57:13,391 - ERROR - [ERR-0001] - [ed424b09] Failed to extract any valid JSON from text | From: helpers.py:extract_json_from_text()
2025-10-02 15:57:13,391 - ERROR - [ERR-0001] - [13216a5a] Failed to extract any valid JSON from text | From: helpers.py:extract_json_from_text()
2025-10-02 15:57:13,391 - ERROR - [ERR-0001] - [dfe15731] Text preview: Error generating content: 429 RESOURCE_EXHAUSTED. {'error': {'code': 429, 'message': 'Resource has been exhausted (e.g. check quota).', 'status': 'RESOURCE_EXHAUSTED'}}... | From: helpers.py:extract_json_from_text()
2025-10-02 15:57:13,391 - ERROR - [ERR-0001] - [d8437b2e] Text preview: Error generating content: 429 RESOURCE_EXHAUSTED. {'error': {'code': 429, 'message': 'Resource has been exhausted (e.g. check quota).', 'status': 'RESOURCE_EXHAUSTED'}}... | From: helpers.py:extract_json_from_text()
2025-10-02 15:57:13,391 - ERROR - [ERR-0001] - [bb642430] Text preview: Error generating content: 429 RESOURCE_EXHAUSTED. {'error': {'code': 429, 'message': 'Resource has been exhausted (e.g. check quota).', 'status': 'RESOURCE_EXHAUSTED'}}... | From: helpers.py:extract_json_from_text()
2025-10-02 15:57:13,391 - ERROR - [ERR-0001] - [90719e01] Failed to extract any valid JSON from text | From: helpers.py:extract_json_from_text()
2025-10-02 15:57:13,391 - ERROR - [ERR-0001] - [5de45d51] Text preview: Error generating content: 429 RESOURCE_EXHAUSTED. {'error': {'code': 429, 'message': 'Resource has been exhausted (e.g. check quota).', 'status': 'RESOURCE_EXHAUSTED'}}... | From: helpers.py:extract_json_from_text()
2025-10-02 15:57:13,391 - ERROR - [ERR-0001] - [e155a301] Text preview: Error generating content: 429 RESOURCE_EXHAUSTED. {'error': {'code': 429, 'message': 'Resource has been exhausted (e.g. check quota).', 'status': 'RESOURCE_EXHAUSTED'}}... | From: helpers.py:extract_json_from_text()
2025-10-02 15:57:13,392 - ERROR - [ERR-0103] - [cdcb57cc] Error parsing AI response as JSON | Exception: JSONDecodeError: Expecting value: line 1 column 1 (char 0) | From: fx_long_short.py:run_fx_model()
2025-10-02 15:57:13,392 - WARNING - [ERR-0001] - [21f80fe3] Attempting to extract JSON from text (length: 168 chars) | From: helpers.py:extract_json_from_text()
2025-10-02 15:57:13,392 - WARNING - [ERR-0001] - [e4f4e9d3] Attempting to extract JSON from text (length: 168 chars) | From: helpers.py:extract_json_from_text()
2025-10-02 15:57:13,392 - ERROR - [ERR-0001] - [4e535170] Text preview: Error generating content: 429 RESOURCE_EXHAUSTED. {'error': {'code': 429, 'message': 'Resource has been exhausted (e.g. check quota).', 'status': 'RESOURCE_EXHAUSTED'}}... | From: helpers.py:extract_json_from_text()
2025-10-02 15:57:13,392 - WARNING - [ERR-0001] - [1c8f65d1] Attempting to extract JSON from text (length: 168 chars) | From: helpers.py:extract_json_from_text()
2025-10-02 15:57:13,392 - WARNING - [ERR-0001] - [0fd146d0] Attempting to extract JSON from text (length: 168 chars) | From: helpers.py:extract_json_from_text()
2025-10-02 15:57:13,392 - WARNING - [WARN-0002] - [3c481c04] Raw response content: Error generating content: 429 RESOURCE_EXHAUSTED. {'error': {'code': 429, 'message': 'Resource has been exhausted (e.g. check quota).', 'status': 'RESOURCE_EXHAUSTED'}}... | From: fx_long_short.py:run_fx_model()
2025-10-02 15:57:13,392 - ERROR - [ERR-0001] - [14518faf] Failed to extract any valid JSON from text | From: helpers.py:extract_json_from_text()
2025-10-02 15:57:13,392 - ERROR - [ERR-0001] - [5cba24a7] Failed to extract any valid JSON from text | From: helpers.py:extract_json_from_text()
2025-10-02 15:57:13,393 - ERROR - [ERR-0001] - [900a076b] Failed to extract any valid JSON from text | From: helpers.py:extract_json_from_text()
2025-10-02 15:57:13,393 - WARNING - [ERR-0001] - [cee9ca55] Attempting to extract JSON from text (length: 168 chars) | From: helpers.py:extract_json_from_text()
2025-10-02 15:57:13,393 - ERROR - [ERR-0001] - [9d7778e3] Failed to extract any valid JSON from text | From: helpers.py:extract_json_from_text()
2025-10-02 15:57:13,393 - ERROR - [ERR-0001] - [daa79b48] Text preview: Error generating content: 429 RESOURCE_EXHAUSTED. {'error': {'code': 429, 'message': 'Resource has been exhausted (e.g. check quota).', 'status': 'RESOURCE_EXHAUSTED'}}... | From: helpers.py:extract_json_from_text()
2025-10-02 15:57:13,393 - ERROR - [ERR-0001] - [0366b140] Text preview: Error generating content: 429 RESOURCE_EXHAUSTED. {'error': {'code': 429, 'message': 'Resource has been exhausted (e.g. check quota).', 'status': 'RESOURCE_EXHAUSTED'}}... | From: helpers.py:extract_json_from_text()
2025-10-02 15:57:13,394 - ERROR - [ERR-0001] - [d0169d5c] Text preview: Error generating content: 429 RESOURCE_EXHAUSTED. {'error': {'code': 429, 'message': 'Resource has been exhausted (e.g. check quota).', 'status': 'RESOURCE_EXHAUSTED'}}... | From: helpers.py:extract_json_from_text()
2025-10-02 15:57:13,394 - ERROR - [ERR-0001] - [5a1c59e3] Failed to extract any valid JSON from text | From: helpers.py:extract_json_from_text()
2025-10-02 15:57:13,394 - ERROR - [ERR-0001] - [64aef949] Text preview: Error generating content: 429 RESOURCE_EXHAUSTED. {'error': {'code': 429, 'message': 'Resource has been exhausted (e.g. check quota).', 'status': 'RESOURCE_EXHAUSTED'}}... | From: helpers.py:extract_json_from_text()
2025-10-02 15:57:13,394 - ERROR - [ERR-0001] - [22c93e64] Failed to extract valid JSON from AI response | From: holistic.py:run_holistic_market_model()
2025-10-02 15:57:13,395 - ERROR - [ERR-0001] - [68a7957c] Failed to extract valid JSON from AI response | From: holistic.py:run_holistic_market_model()
2025-10-02 15:57:13,395 - ERROR - [ERR-0001] - [dd242775] Failed to extract valid JSON from AI response | From: holistic.py:run_holistic_market_model()
2025-10-02 15:57:13,395 - ERROR - [ERR-0001] - [49032289] Text preview: Error generating content: 429 RESOURCE_EXHAUSTED. {'error': {'code': 429, 'message': 'Resource has been exhausted (e.g. check quota).', 'status': 'RESOURCE_EXHAUSTED'}}... | From: helpers.py:extract_json_from_text()
2025-10-02 15:57:13,395 - ERROR - [ERR-0001] - [2743f58e] Error processing ticker EURCNH=X | Exception: NotImplementedError: Collection objects do not implement truth value testing or bool(). Please compare with None instead: collection is not None | From: batch_run.py:process_ticker()
2025-10-02 15:57:13,395 - ERROR - [ERR-0001] - [609f8b2d] Failed to extract valid JSON from AI response | From: holistic.py:run_holistic_market_model()
2025-10-02 15:57:13,395 - WARNING - [WARN-0002] - [ece77b26] Raw response content: Error generating content: 429 RESOURCE_EXHAUSTED. {'error': {'code': 429, 'message': 'Resource has been exhausted (e.g. check quota).', 'status': 'RESOURCE_EXHAUSTED'}}... | From: holistic.py:run_holistic_market_model()
2025-10-02 15:57:13,395 - WARNING - [WARN-0002] - [0e3d28cb] Raw response content: Error generating content: 429 RESOURCE_EXHAUSTED. {'error': {'code': 429, 'message': 'Resource has been exhausted (e.g. check quota).', 'status': 'RESOURCE_EXHAUSTED'}}... | From: holistic.py:run_holistic_market_model()
2025-10-02 15:57:13,395 - WARNING - [WARN-0002] - [06a39f98] Raw response content: Error generating content: 429 RESOURCE_EXHAUSTED. {'error': {'code': 429, 'message': 'Resource has been exhausted (e.g. check quota).', 'status': 'RESOURCE_EXHAUSTED'}}... | From: holistic.py:run_holistic_market_model()
2025-10-02 15:57:13,396 - ERROR - [ERR-0001] - [09aaef57] Failed to extract valid JSON from AI response | From: holistic.py:run_holistic_market_model()
2025-10-02 15:57:13,396 - WARNING - [WARN-0002] - [9796e686] Raw response content: Error generating content: 429 RESOURCE_EXHAUSTED. {'error': {'code': 429, 'message': 'Resource has been exhausted (e.g. check quota).', 'status': 'RESOURCE_EXHAUSTED'}}... | From: holistic.py:run_holistic_market_model()
2025-10-02 15:57:13,439 - WARNING - [WARN-0002] - [0bfa7e59] Raw response content: Error generating content: 429 RESOURCE_EXHAUSTED. {'error': {'code': 429, 'message': 'Resource has been exhausted (e.g. check quota).', 'status': 'RESOURCE_EXHAUSTED'}}... | From: holistic.py:run_holistic_market_model()
2025-10-02 15:57:13,439 - ERROR - [ERR-0001] - [fd9e08cf] Error processing ticker AUSELEC=F | Exception: NotImplementedError: Collection objects do not implement truth value testing or bool(). Please compare with None instead: collection is not None | From: batch_run.py:process_ticker()
2025-10-02 15:57:13,439 - ERROR - [ERR-0001] - [140b53f3] Error processing ticker SC=F | Exception: NotImplementedError: Collection objects do not implement truth value testing or bool(). Please compare with None instead: collection is not None | From: batch_run.py:process_ticker()
2025-10-02 15:57:13,439 - WARNING - [ERR-0001] - [d5734cc8] Attempting to extract JSON from text (length: 168 chars) | From: helpers.py:extract_json_from_text()
2025-10-02 15:57:13,439 - ERROR - [ERR-0001] - [e6e0659c] Error processing ticker ^SSEC | Exception: NotImplementedError: Collection objects do not implement truth value testing or bool(). Please compare with None instead: collection is not None | From: batch_run.py:process_ticker()
2025-10-02 15:57:13,441 - ERROR - [ERR-0001] - [fefb0b10] Error processing ticker API4=F | Exception: NotImplementedError: Collection objects do not implement truth value testing or bool(). Please compare with None instead: collection is not None | From: batch_run.py:process_ticker()
2025-10-02 15:57:13,442 - ERROR - [ERR-0001] - [863d7afc] Error processing ticker NI=F | Exception: NotImplementedError: Collection objects do not implement truth value testing or bool(). Please compare with None instead: collection is not None | From: batch_run.py:process_ticker()
2025-10-02 15:57:13,473 - ERROR - [ERR-0001] - [e972e80d] Failed to extract any valid JSON from text | From: helpers.py:extract_json_from_text()
2025-10-02 15:57:13,503 - ERROR - [ERR-0001] - [12ae66e5] Text preview: Error generating content: 429 RESOURCE_EXHAUSTED. {'error': {'code': 429, 'message': 'Resource has been exhausted (e.g. check quota).', 'status': 'RESOURCE_EXHAUSTED'}}... | From: helpers.py:extract_json_from_text()
2025-10-02 15:57:13,594 - WARNING - [ERR-0001] - [5171a90c] Attempting to extract JSON from text (length: 168 chars) | From: helpers.py:extract_json_from_text()
2025-10-02 15:57:13,595 - ERROR - [ERR-0001] - [3af10d85] Failed to extract any valid JSON from text | From: helpers.py:extract_json_from_text()
2025-10-02 15:57:13,596 - ERROR - [ERR-0001] - [2502dca5] Text preview: Error generating content: 429 RESOURCE_EXHAUSTED. {'error': {'code': 429, 'message': 'Resource has been exhausted (e.g. check quota).', 'status': 'RESOURCE_EXHAUSTED'}}... | From: helpers.py:extract_json_from_text()
2025-10-02 15:57:13,596 - ERROR - [ERR-0001] - [c8c346c6] Failed to extract valid JSON from AI response | From: holistic.py:run_holistic_market_model()
2025-10-02 15:57:13,596 - WARNING - [WARN-0002] - [ca2e8ccd] Raw response content: Error generating content: 429 RESOURCE_EXHAUSTED. {'error': {'code': 429, 'message': 'Resource has been exhausted (e.g. check quota).', 'status': 'RESOURCE_EXHAUSTED'}}... | From: holistic.py:run_holistic_market_model()
2025-10-02 15:57:13,597 - ERROR - [ERR-0001] - [4f346154] Error processing ticker ^GSPTSE | Exception: NotImplementedError: Collection objects do not implement truth value testing or bool(). Please compare with None instead: collection is not None | From: batch_run.py:process_ticker()
2025-10-02 15:57:13,699 - WARNING - [ERR-0001] - [6b7ab9fa] Attempting to extract JSON from text (length: 168 chars) | From: helpers.py:extract_json_from_text()
2025-10-02 15:57:13,699 - ERROR - [ERR-0001] - [58f8d094] Failed to extract any valid JSON from text | From: helpers.py:extract_json_from_text()
2025-10-02 15:57:13,699 - ERROR - [ERR-0001] - [54285b13] Text preview: Error generating content: 429 RESOURCE_EXHAUSTED. {'error': {'code': 429, 'message': 'Resource has been exhausted (e.g. check quota).', 'status': 'RESOURCE_EXHAUSTED'}}... | From: helpers.py:extract_json_from_text()
2025-10-02 15:57:13,700 - ERROR - [ERR-0103] - [b8d9f78d] Error parsing AI response as JSON | Exception: JSONDecodeError: Expecting value: line 1 column 1 (char 0) | From: fx_long_short.py:run_fx_model()
2025-10-02 15:57:13,700 - WARNING - [WARN-0002] - [d4859799] Raw response content: Error generating content: 429 RESOURCE_EXHAUSTED. {'error': {'code': 429, 'message': 'Resource has been exhausted (e.g. check quota).', 'status': 'RESOURCE_EXHAUSTED'}}... | From: fx_long_short.py:run_fx_model()
2025-10-02 15:57:13,701 - ERROR - [ERR-0001] - [bc420077] Error processing ticker CNH=X | Exception: NotImplementedError: Collection objects do not implement truth value testing or bool(). Please compare with None instead: collection is not None | From: batch_run.py:process_ticker()
2025-10-02 15:57:13,804 - WARNING - [ERR-0001] - [a25329aa] Attempting to extract JSON from text (length: 168 chars) | From: helpers.py:extract_json_from_text()
2025-10-02 15:57:13,807 - ERROR - [ERR-0001] - [d0eb6797] Failed to extract any valid JSON from text | From: helpers.py:extract_json_from_text()
2025-10-02 15:57:13,808 - ERROR - [ERR-0001] - [811030c3] Text preview: Error generating content: 429 RESOURCE_EXHAUSTED. {'error': {'code': 429, 'message': 'Resource has been exhausted (e.g. check quota).', 'status': 'RESOURCE_EXHAUSTED'}}... | From: helpers.py:extract_json_from_text()
2025-10-02 15:57:13,811 - WARNING - [ERR-0001] - [71528e18] Attempting to extract JSON from text (length: 168 chars) | From: helpers.py:extract_json_from_text()
2025-10-02 15:57:13,811 - ERROR - [ERR-0001] - [a327dba9] Failed to extract any valid JSON from text | From: helpers.py:extract_json_from_text()
2025-10-02 15:57:13,811 - ERROR - [ERR-0001] - [435113b6] Text preview: Error generating content: 429 RESOURCE_EXHAUSTED. {'error': {'code': 429, 'message': 'Resource has been exhausted (e.g. check quota).', 'status': 'RESOURCE_EXHAUSTED'}}... | From: helpers.py:extract_json_from_text()
2025-10-02 15:57:13,815 - ERROR - [ERR-0001] - [ff0545a3] Failed to extract valid JSON from AI response | From: holistic.py:run_holistic_market_model()
2025-10-02 15:57:13,815 - WARNING - [WARN-0002] - [e20e8275] Raw response content: Error generating content: 429 RESOURCE_EXHAUSTED. {'error': {'code': 429, 'message': 'Resource has been exhausted (e.g. check quota).', 'status': 'RESOURCE_EXHAUSTED'}}... | From: holistic.py:run_holistic_market_model()
2025-10-02 15:57:13,816 - ERROR - [ERR-0001] - [c0d33a52] Error processing ticker AUSLNG=F | Exception: NotImplementedError: Collection objects do not implement truth value testing or bool(). Please compare with None instead: collection is not None | From: batch_run.py:process_ticker()
2025-10-02 15:57:14,036 - WARNING - [ERR-0001] - [ac6a966a] Attempting to extract JSON from text (length: 168 chars) | From: helpers.py:extract_json_from_text()
2025-10-02 15:57:14,036 - ERROR - [ERR-0001] - [89a21dfa] Failed to extract any valid JSON from text | From: helpers.py:extract_json_from_text()
2025-10-02 15:57:14,036 - ERROR - [ERR-0001] - [e148d0b1] Text preview: Error generating content: 429 RESOURCE_EXHAUSTED. {'error': {'code': 429, 'message': 'Resource has been exhausted (e.g. check quota).', 'status': 'RESOURCE_EXHAUSTED'}}... | From: helpers.py:extract_json_from_text()
2025-10-02 15:57:14,036 - WARNING - [ERR-0001] - [955b9ff7] Attempting to extract JSON from text (length: 168 chars) | From: helpers.py:extract_json_from_text()
2025-10-02 15:57:14,037 - ERROR - [ERR-0001] - [8f6f5e35] Failed to extract any valid JSON from text | From: helpers.py:extract_json_from_text()
2025-10-02 15:57:14,037 - ERROR - [ERR-0001] - [3d72ccff] Text preview: Error generating content: 429 RESOURCE_EXHAUSTED. {'error': {'code': 429, 'message': 'Resource has been exhausted (e.g. check quota).', 'status': 'RESOURCE_EXHAUSTED'}}... | From: helpers.py:extract_json_from_text()
2025-10-02 15:57:14,037 - ERROR - [ERR-0001] - [9853b57c] Failed to extract valid JSON from AI response | From: holistic.py:run_holistic_market_model()
2025-10-02 15:57:14,038 - WARNING - [WARN-0002] - [e4ae496c] Raw response content: Error generating content: 429 RESOURCE_EXHAUSTED. {'error': {'code': 429, 'message': 'Resource has been exhausted (e.g. check quota).', 'status': 'RESOURCE_EXHAUSTED'}}... | From: holistic.py:run_holistic_market_model()
2025-10-02 15:57:14,039 - ERROR - [ERR-0001] - [5af7ffd9] Error processing ticker CO=F | Exception: NotImplementedError: Collection objects do not implement truth value testing or bool(). Please compare with None instead: collection is not None | From: batch_run.py:process_ticker()
2025-10-02 15:57:14,243 - WARNING - [ERR-0001] - [0a399e36] Attempting to extract JSON from text (length: 168 chars) | From: helpers.py:extract_json_from_text()
2025-10-02 15:57:14,243 - ERROR - [ERR-0001] - [14450c91] Failed to extract any valid JSON from text | From: helpers.py:extract_json_from_text()
2025-10-02 15:57:14,243 - ERROR - [ERR-0001] - [8dac138d] Text preview: Error generating content: 429 RESOURCE_EXHAUSTED. {'error': {'code': 429, 'message': 'Resource has been exhausted (e.g. check quota).', 'status': 'RESOURCE_EXHAUSTED'}}... | From: helpers.py:extract_json_from_text()
2025-10-02 15:57:14,243 - WARNING - [ERR-0001] - [210ccde3] Attempting to extract JSON from text (length: 168 chars) | From: helpers.py:extract_json_from_text()
2025-10-02 15:57:14,243 - ERROR - [ERR-0001] - [007c4951] Failed to extract any valid JSON from text | From: helpers.py:extract_json_from_text()
2025-10-02 15:57:14,244 - ERROR - [ERR-0001] - [3ab33de9] Text preview: Error generating content: 429 RESOURCE_EXHAUSTED. {'error': {'code': 429, 'message': 'Resource has been exhausted (e.g. check quota).', 'status': 'RESOURCE_EXHAUSTED'}}... | From: helpers.py:extract_json_from_text()
2025-10-02 15:57:14,244 - ERROR - [ERR-0001] - [3c21414c] Failed to extract valid JSON from AI response | From: holistic.py:run_holistic_market_model()
2025-10-02 15:57:14,244 - WARNING - [WARN-0002] - [d217f6eb] Raw response content: Error generating content: 429 RESOURCE_EXHAUSTED. {'error': {'code': 429, 'message': 'Resource has been exhausted (e.g. check quota).', 'status': 'RESOURCE_EXHAUSTED'}}... | From: holistic.py:run_holistic_market_model()
2025-10-02 15:57:14,245 - ERROR - [ERR-0001] - [b2bd284c] Error processing ticker LHN=F | Exception: NotImplementedError: Collection objects do not implement truth value testing or bool(). Please compare with None instead: collection is not None | From: batch_run.py:process_ticker()
2025-10-02 15:57:14,246 - WARNING - [ERR-0001] - [f8337b52] Attempting to extract JSON from text (length: 168 chars) | From: helpers.py:extract_json_from_text()
2025-10-02 15:57:14,246 - WARNING - [ERR-0001] - [568be4a2] Attempting to extract JSON from text (length: 168 chars) | From: helpers.py:extract_json_from_text()
2025-10-02 15:57:14,246 - WARNING - [ERR-0001] - [3badd88a] Attempting to extract JSON from text (length: 168 chars) | From: helpers.py:extract_json_from_text()
2025-10-02 15:57:14,246 - ERROR - [ERR-0001] - [29cde6f6] Failed to extract any valid JSON from text | From: helpers.py:extract_json_from_text()
2025-10-02 15:57:14,247 - ERROR - [ERR-0001] - [27e02870] Failed to extract any valid JSON from text | From: helpers.py:extract_json_from_text()
2025-10-02 15:57:14,247 - ERROR - [ERR-0001] - [3934c940] Failed to extract any valid JSON from text | From: helpers.py:extract_json_from_text()
2025-10-02 15:57:14,247 - ERROR - [ERR-0001] - [c5e9133c] Text preview: Error generating content: 429 RESOURCE_EXHAUSTED. {'error': {'code': 429, 'message': 'Resource has been exhausted (e.g. check quota).', 'status': 'RESOURCE_EXHAUSTED'}}... | From: helpers.py:extract_json_from_text()
2025-10-02 15:57:14,247 - ERROR - [ERR-0001] - [c952cc9e] Text preview: Error generating content: 429 RESOURCE_EXHAUSTED. {'error': {'code': 429, 'message': 'Resource has been exhausted (e.g. check quota).', 'status': 'RESOURCE_EXHAUSTED'}}... | From: helpers.py:extract_json_from_text()
2025-10-02 15:57:14,248 - ERROR - [ERR-0001] - [f557c3eb] Text preview: Error generating content: 429 RESOURCE_EXHAUSTED. {'error': {'code': 429, 'message': 'Resource has been exhausted (e.g. check quota).', 'status': 'RESOURCE_EXHAUSTED'}}... | From: helpers.py:extract_json_from_text()
2025-10-02 15:57:14,248 - WARNING - [ERR-0001] - [149ba2f5] Attempting to extract JSON from text (length: 168 chars) | From: helpers.py:extract_json_from_text()
2025-10-02 15:57:14,248 - WARNING - [ERR-0001] - [680bb539] Attempting to extract JSON from text (length: 168 chars) | From: helpers.py:extract_json_from_text()
2025-10-02 15:57:14,248 - WARNING - [ERR-0001] - [a0bc9372] Attempting to extract JSON from text (length: 168 chars) | From: helpers.py:extract_json_from_text()
2025-10-02 15:57:14,248 - ERROR - [ERR-0001] - [e3c7327b] Failed to extract any valid JSON from text | From: helpers.py:extract_json_from_text()
2025-10-02 15:57:14,249 - ERROR - [ERR-0001] - [b82bc8d5] Failed to extract any valid JSON from text | From: helpers.py:extract_json_from_text()
2025-10-02 15:57:14,249 - ERROR - [ERR-0001] - [c47325c8] Failed to extract any valid JSON from text | From: helpers.py:extract_json_from_text()
2025-10-02 15:57:14,249 - ERROR - [ERR-0001] - [83c92ce5] Text preview: Error generating content: 429 RESOURCE_EXHAUSTED. {'error': {'code': 429, 'message': 'Resource has been exhausted (e.g. check quota).', 'status': 'RESOURCE_EXHAUSTED'}}... | From: helpers.py:extract_json_from_text()
2025-10-02 15:57:14,249 - ERROR - [ERR-0001] - [cec5b0d8] Text preview: Error generating content: 429 RESOURCE_EXHAUSTED. {'error': {'code': 429, 'message': 'Resource has been exhausted (e.g. check quota).', 'status': 'RESOURCE_EXHAUSTED'}}... | From: helpers.py:extract_json_from_text()
2025-10-02 15:57:14,249 - ERROR - [ERR-0001] - [791b7101] Text preview: Error generating content: 429 RESOURCE_EXHAUSTED. {'error': {'code': 429, 'message': 'Resource has been exhausted (e.g. check quota).', 'status': 'RESOURCE_EXHAUSTED'}}... | From: helpers.py:extract_json_from_text()
2025-10-02 15:57:14,250 - ERROR - [ERR-0001] - [3b4b7a27] Failed to extract valid JSON from AI response | From: holistic.py:run_holistic_market_model()
2025-10-02 15:57:14,250 - ERROR - [ERR-0001] - [803bc112] Failed to extract valid JSON from AI response | From: holistic.py:run_holistic_market_model()
2025-10-02 15:57:14,250 - WARNING - [WARN-0002] - [2a8bb8ec] Raw response content: Error generating content: 429 RESOURCE_EXHAUSTED. {'error': {'code': 429, 'message': 'Resource has been exhausted (e.g. check quota).', 'status': 'RESOURCE_EXHAUSTED'}}... | From: holistic.py:run_holistic_market_model()
2025-10-02 15:57:14,250 - ERROR - [ERR-0001] - [e5c6bd29] Failed to extract valid JSON from AI response | From: holistic.py:run_holistic_market_model()
2025-10-02 15:57:14,250 - WARNING - [WARN-0002] - [2c49c484] Raw response content: Error generating content: 429 RESOURCE_EXHAUSTED. {'error': {'code': 429, 'message': 'Resource has been exhausted (e.g. check quota).', 'status': 'RESOURCE_EXHAUSTED'}}... | From: holistic.py:run_holistic_market_model()
2025-10-02 15:57:14,250 - WARNING - [WARN-0002] - [d26007d0] Raw response content: Error generating content: 429 RESOURCE_EXHAUSTED. {'error': {'code': 429, 'message': 'Resource has been exhausted (e.g. check quota).', 'status': 'RESOURCE_EXHAUSTED'}}... | From: holistic.py:run_holistic_market_model()
2025-10-02 15:57:14,260 - ERROR - [ERR-0001] - [dfc42c6b] Error processing ticker NICN=F | Exception: NotImplementedError: Collection objects do not implement truth value testing or bool(). Please compare with None instead: collection is not None | From: batch_run.py:process_ticker()
2025-10-02 15:57:14,260 - ERROR - [ERR-0001] - [14be777c] Error processing ticker XAG=AUD | Exception: NotImplementedError: Collection objects do not implement truth value testing or bool(). Please compare with None instead: collection is not None | From: batch_run.py:process_ticker()
2025-10-02 15:57:14,260 - ERROR - [ERR-0001] - [d203d0b0] Error processing ticker LCN=F | Exception: NotImplementedError: Collection objects do not implement truth value testing or bool(). Please compare with None instead: collection is not None | From: batch_run.py:process_ticker()
2025-10-02 15:57:14,346 - WARNING - [ERR-0001] - [e9a54328] Attempting to extract JSON from text (length: 168 chars) | From: helpers.py:extract_json_from_text()
2025-10-02 15:57:14,346 - ERROR - [ERR-0001] - [9cf7dbad] Failed to extract any valid JSON from text | From: helpers.py:extract_json_from_text()
2025-10-02 15:57:14,347 - ERROR - [ERR-0001] - [721dac0f] Text preview: Error generating content: 429 RESOURCE_EXHAUSTED. {'error': {'code': 429, 'message': 'Resource has been exhausted (e.g. check quota).', 'status': 'RESOURCE_EXHAUSTED'}}... | From: helpers.py:extract_json_from_text()
2025-10-02 15:57:14,347 - WARNING - [ERR-0001] - [cb459889] Attempting to extract JSON from text (length: 168 chars) | From: helpers.py:extract_json_from_text()
2025-10-02 15:57:14,347 - ERROR - [ERR-0001] - [b07faaa0] Failed to extract any valid JSON from text | From: helpers.py:extract_json_from_text()
2025-10-02 15:57:14,347 - ERROR - [ERR-0001] - [7eb78ee8] Text preview: Error generating content: 429 RESOURCE_EXHAUSTED. {'error': {'code': 429, 'message': 'Resource has been exhausted (e.g. check quota).', 'status': 'RESOURCE_EXHAUSTED'}}... | From: helpers.py:extract_json_from_text()
2025-10-02 15:57:14,347 - ERROR - [ERR-0001] - [014d84eb] Failed to extract valid JSON from AI response | From: holistic.py:run_holistic_market_model()
2025-10-02 15:57:14,347 - WARNING - [WARN-0002] - [759dfd01] Raw response content: Error generating content: 429 RESOURCE_EXHAUSTED. {'error': {'code': 429, 'message': 'Resource has been exhausted (e.g. check quota).', 'status': 'RESOURCE_EXHAUSTED'}}... | From: holistic.py:run_holistic_market_model()
2025-10-02 15:57:14,348 - WARNING - [ERR-0001] - [353130b0] Attempting to extract JSON from text (length: 168 chars) | From: helpers.py:extract_json_from_text()
2025-10-02 15:57:14,348 - ERROR - [ERR-0001] - [7a843666] Failed to extract any valid JSON from text | From: helpers.py:extract_json_from_text()
2025-10-02 15:57:14,348 - ERROR - [ERR-0001] - [2172aeb9] Text preview: Error generating content: 429 RESOURCE_EXHAUSTED. {'error': {'code': 429, 'message': 'Resource has been exhausted (e.g. check quota).', 'status': 'RESOURCE_EXHAUSTED'}}... | From: helpers.py:extract_json_from_text()
2025-10-02 15:57:14,349 - WARNING - [ERR-0001] - [cd6d652e] Attempting to extract JSON from text (length: 168 chars) | From: helpers.py:extract_json_from_text()
2025-10-02 15:57:14,349 - ERROR - [ERR-0001] - [cc1caf15] Failed to extract any valid JSON from text | From: helpers.py:extract_json_from_text()
2025-10-02 15:57:14,349 - ERROR - [ERR-0001] - [0f923532] Text preview: Error generating content: 429 RESOURCE_EXHAUSTED. {'error': {'code': 429, 'message': 'Resource has been exhausted (e.g. check quota).', 'status': 'RESOURCE_EXHAUSTED'}}... | From: helpers.py:extract_json_from_text()
2025-10-02 15:57:14,349 - ERROR - [ERR-0001] - [2f26399f] Failed to extract valid JSON from AI response | From: holistic.py:run_holistic_market_model()
2025-10-02 15:57:14,350 - ERROR - [ERR-0001] - [6165487a] Error processing ticker XLH=F | Exception: NotImplementedError: Collection objects do not implement truth value testing or bool(). Please compare with None instead: collection is not None | From: batch_run.py:process_ticker()
2025-10-02 15:57:14,350 - WARNING - [WARN-0002] - [ea5a497b] Raw response content: Error generating content: 429 RESOURCE_EXHAUSTED. {'error': {'code': 429, 'message': 'Resource has been exhausted (e.g. check quota).', 'status': 'RESOURCE_EXHAUSTED'}}... | From: holistic.py:run_holistic_market_model()
2025-10-02 15:57:14,351 - ERROR - [ERR-0001] - [6d6c050e] Error processing ticker XLC=F | Exception: NotImplementedError: Collection objects do not implement truth value testing or bool(). Please compare with None instead: collection is not None | From: batch_run.py:process_ticker()
2025-10-02 15:57:14,452 - WARNING - [ERR-0001] - [9ccd5008] Attempting to extract JSON from text (length: 168 chars) | From: helpers.py:extract_json_from_text()
2025-10-02 15:57:14,453 - ERROR - [ERR-0001] - [d1a7760a] Failed to extract any valid JSON from text | From: helpers.py:extract_json_from_text()
2025-10-02 15:57:14,453 - ERROR - [ERR-0001] - [ed0b5a2b] Text preview: Error generating content: 429 RESOURCE_EXHAUSTED. {'error': {'code': 429, 'message': 'Resource has been exhausted (e.g. check quota).', 'status': 'RESOURCE_EXHAUSTED'}}... | From: helpers.py:extract_json_from_text()
2025-10-02 15:57:14,453 - WARNING - [ERR-0001] - [30af85d8] Attempting to extract JSON from text (length: 168 chars) | From: helpers.py:extract_json_from_text()
2025-10-02 15:57:14,454 - ERROR - [ERR-0001] - [3683aa65] Failed to extract any valid JSON from text | From: helpers.py:extract_json_from_text()
2025-10-02 15:57:14,454 - ERROR - [ERR-0001] - [f95bc0f5] Text preview: Error generating content: 429 RESOURCE_EXHAUSTED. {'error': {'code': 429, 'message': 'Resource has been exhausted (e.g. check quota).', 'status': 'RESOURCE_EXHAUSTED'}}... | From: helpers.py:extract_json_from_text()
2025-10-02 15:57:14,454 - ERROR - [ERR-0001] - [53109ff9] Failed to extract valid JSON from AI response | From: holistic.py:run_holistic_market_model()
2025-10-02 15:57:14,454 - WARNING - [ERR-0001] - [0fbac338] Attempting to extract JSON from text (length: 168 chars) | From: helpers.py:extract_json_from_text()
2025-10-02 15:57:14,455 - ERROR - [ERR-0001] - [6c085f55] Failed to extract any valid JSON from text | From: helpers.py:extract_json_from_text()
2025-10-02 15:57:14,455 - WARNING - [WARN-0002] - [64757b6f] Raw response content: Error generating content: 429 RESOURCE_EXHAUSTED. {'error': {'code': 429, 'message': 'Resource has been exhausted (e.g. check quota).', 'status': 'RESOURCE_EXHAUSTED'}}... | From: holistic.py:run_holistic_market_model()
2025-10-02 15:57:14,455 - ERROR - [ERR-0001] - [5a393d29] Text preview: Error generating content: 429 RESOURCE_EXHAUSTED. {'error': {'code': 429, 'message': 'Resource has been exhausted (e.g. check quota).', 'status': 'RESOURCE_EXHAUSTED'}}... | From: helpers.py:extract_json_from_text()
2025-10-02 15:57:14,455 - WARNING - [ERR-0001] - [fb6a49f1] Attempting to extract JSON from text (length: 168 chars) | From: helpers.py:extract_json_from_text()
2025-10-02 15:57:14,456 - ERROR - [ERR-0001] - [1b1be571] Failed to extract any valid JSON from text | From: helpers.py:extract_json_from_text()
2025-10-02 15:57:14,456 - ERROR - [ERR-0001] - [2f06290c] Text preview: Error generating content: 429 RESOURCE_EXHAUSTED. {'error': {'code': 429, 'message': 'Resource has been exhausted (e.g. check quota).', 'status': 'RESOURCE_EXHAUSTED'}}... | From: helpers.py:extract_json_from_text()
2025-10-02 15:57:14,456 - ERROR - [ERR-0001] - [7ea3173c] Failed to extract valid JSON from AI response | From: holistic.py:run_holistic_market_model()
2025-10-02 15:57:14,457 - WARNING - [WARN-0002] - [fe3a0ffe] Raw response content: Error generating content: 429 RESOURCE_EXHAUSTED. {'error': {'code': 429, 'message': 'Resource has been exhausted (e.g. check quota).', 'status': 'RESOURCE_EXHAUSTED'}}... | From: holistic.py:run_holistic_market_model()
2025-10-02 15:57:14,457 - ERROR - [ERR-0001] - [75183b72] Error processing ticker XAU=AUD | Exception: NotImplementedError: Collection objects do not implement truth value testing or bool(). Please compare with None instead: collection is not None | From: batch_run.py:process_ticker()
2025-10-02 15:57:14,458 - ERROR - [ERR-0001] - [2e467e26] Error processing ticker MATIC-USD | Exception: NotImplementedError: Collection objects do not implement truth value testing or bool(). Please compare with None instead: collection is not None | From: batch_run.py:process_ticker()
2025-10-02 15:57:14,591 - WARNING - [ERR-0001] - [c6e98a73] Attempting to extract JSON from text (length: 168 chars) | From: helpers.py:extract_json_from_text()
2025-10-02 15:57:14,591 - ERROR - [ERR-0001] - [6dc0f883] Failed to extract any valid JSON from text | From: helpers.py:extract_json_from_text()
2025-10-02 15:57:14,592 - ERROR - [ERR-0001] - [52ac23f0] Text preview: Error generating content: 429 RESOURCE_EXHAUSTED. {'error': {'code': 429, 'message': 'Resource has been exhausted (e.g. check quota).', 'status': 'RESOURCE_EXHAUSTED'}}... | From: helpers.py:extract_json_from_text()
2025-10-02 15:57:14,592 - WARNING - [ERR-0001] - [e7bc6463] Attempting to extract JSON from text (length: 168 chars) | From: helpers.py:extract_json_from_text()
2025-10-02 15:57:14,592 - ERROR - [ERR-0001] - [f19c18bb] Failed to extract any valid JSON from text | From: helpers.py:extract_json_from_text()
2025-10-02 15:57:14,592 - ERROR - [ERR-0001] - [6562aa36] Text preview: Error generating content: 429 RESOURCE_EXHAUSTED. {'error': {'code': 429, 'message': 'Resource has been exhausted (e.g. check quota).', 'status': 'RESOURCE_EXHAUSTED'}}... | From: helpers.py:extract_json_from_text()
2025-10-02 15:57:14,592 - ERROR - [ERR-0001] - [a724ec39] Failed to extract valid JSON from AI response | From: holistic.py:run_holistic_market_model()
2025-10-02 15:57:14,592 - WARNING - [WARN-0002] - [9d7004c8] Raw response content: Error generating content: 429 RESOURCE_EXHAUSTED. {'error': {'code': 429, 'message': 'Resource has been exhausted (e.g. check quota).', 'status': 'RESOURCE_EXHAUSTED'}}... | From: holistic.py:run_holistic_market_model()
2025-10-02 15:57:14,593 - ERROR - [ERR-0001] - [f9527c65] Error processing ticker UNI7083-USD | Exception: NotImplementedError: Collection objects do not implement truth value testing or bool(). Please compare with None instead: collection is not None | From: batch_run.py:process_ticker()
2025-10-02 15:57:14,718 - WARNING - [ERR-0001] - [02e16d36] Attempting to extract JSON from text (length: 168 chars) | From: helpers.py:extract_json_from_text()
2025-10-02 15:57:14,718 - ERROR - [ERR-0001] - [d39c339a] Failed to extract any valid JSON from text | From: helpers.py:extract_json_from_text()
2025-10-02 15:57:14,718 - ERROR - [ERR-0001] - [79535d7d] Text preview: Error generating content: 429 RESOURCE_EXHAUSTED. {'error': {'code': 429, 'message': 'Resource has been exhausted (e.g. check quota).', 'status': 'RESOURCE_EXHAUSTED'}}... | From: helpers.py:extract_json_from_text()
2025-10-02 15:57:14,718 - WARNING - [ERR-0001] - [7c69cef9] Attempting to extract JSON from text (length: 168 chars) | From: helpers.py:extract_json_from_text()
2025-10-02 15:57:14,718 - ERROR - [ERR-0001] - [7a0fcb58] Failed to extract any valid JSON from text | From: helpers.py:extract_json_from_text()
2025-10-02 15:57:14,718 - ERROR - [ERR-0001] - [51666736] Text preview: Error generating content: 429 RESOURCE_EXHAUSTED. {'error': {'code': 429, 'message': 'Resource has been exhausted (e.g. check quota).', 'status': 'RESOURCE_EXHAUSTED'}}... | From: helpers.py:extract_json_from_text()
2025-10-02 15:57:14,718 - ERROR - [ERR-0001] - [3338502a] Failed to extract valid JSON from AI response | From: holistic.py:run_holistic_market_model()
2025-10-02 15:57:14,718 - WARNING - [WARN-0002] - [6bf4acef] Raw response content: Error generating content: 429 RESOURCE_EXHAUSTED. {'error': {'code': 429, 'message': 'Resource has been exhausted (e.g. check quota).', 'status': 'RESOURCE_EXHAUSTED'}}... | From: holistic.py:run_holistic_market_model()
2025-10-02 15:57:14,719 - ERROR - [ERR-0001] - [6c963bfb] Error processing ticker STX4847-USD | Exception: NotImplementedError: Collection objects do not implement truth value testing or bool(). Please compare with None instead: collection is not None | From: batch_run.py:process_ticker()
2025-10-02 15:58:03,152 - WARNING - [ERR-0001] - [7dfb5af5] Attempting to extract JSON from text (length: 9158 chars) | From: helpers.py:extract_json_from_text()
2025-10-02 15:58:03,154 - WARNING - [ERR-0001] - [7f9156d3] Successfully extracted JSON using end object pattern | From: helpers.py:extract_json_from_text()
2025-10-02 15:58:03,154 - INFO - [INFO] - Successfully parsed AI response as JSON
2025-10-02 15:58:07,860 - WARNING - [ERR-0001] - [d327305f] Attempting to extract JSON from text (length: 12300 chars) | From: helpers.py:extract_json_from_text()
2025-10-02 15:58:07,862 - WARNING - [ERR-0001] - [dea7e1fd] Successfully extracted JSON using end object pattern | From: helpers.py:extract_json_from_text()
2025-10-02 15:58:07,863 - INFO - [INFO] - Successfully parsed AI response as JSON
2025-10-02 15:58:14,343 - WARNING - [ERR-0001] - [f772dfdb] Attempting to extract JSON from text (length: 16823 chars) | From: helpers.py:extract_json_from_text()
2025-10-02 15:58:14,346 - WARNING - [ERR-0001] - [63b89ba5] Successfully extracted JSON using end object pattern | From: helpers.py:extract_json_from_text()
2025-10-02 15:58:14,346 - INFO - [INFO] - Successfully parsed AI response as JSON
2025-10-02 15:58:14,961 - WARNING - [ERR-0001] - [56d1d677] Attempting to extract JSON from text (length: 21020 chars) | From: helpers.py:extract_json_from_text()
2025-10-02 15:58:14,963 - WARNING - [ERR-0001] - [9a1a1bed] Successfully extracted JSON using end object pattern | From: helpers.py:extract_json_from_text()
2025-10-02 15:58:14,963 - INFO - [INFO] - Successfully parsed AI response as JSON
2025-10-02 15:58:19,801 - WARNING - [ERR-0001] - [346e492c] Attempting to extract JSON from text (length: 18118 chars) | From: helpers.py:extract_json_from_text()
2025-10-02 15:58:19,804 - WARNING - [ERR-0001] - [6d21e014] JSON parsing failed for end object pattern: Expecting ',' delimiter: line 11 column 2927 (char 6928) | From: helpers.py:extract_json_from_text()
2025-10-02 15:58:19,808 - ERROR - [ERR-0404] - [3b05c633] Error in holistic_market_model | Exception: TypeError: 'int' object is not callable | From: holistic.py:run_holistic_market_model()
2025-10-02 15:58:19,812 - ERROR - [ERR-0001] - [9318c555] Error processing ticker ZNCN=F | Exception: NotImplementedError: Collection objects do not implement truth value testing or bool(). Please compare with None instead: collection is not None | From: batch_run.py:process_ticker()
2025-10-02 15:58:26,334 - WARNING - [ERR-0001] - [a45a339d] Attempting to extract JSON from text (length: 22191 chars) | From: helpers.py:extract_json_from_text()
2025-10-02 15:58:26,374 - WARNING - [ERR-0001] - [f22a08aa] Successfully extracted JSON using pattern: ```json\s*(\{.*\})\s*```... | From: helpers.py:extract_json_from_text()
2025-10-02 15:58:26,378 - WARNING - [ERR-0001] - [67deb6e0] Attempting to extract JSON from text (length: 16220 chars) | From: helpers.py:extract_json_from_text()
2025-10-02 15:58:26,380 - WARNING - [ERR-0001] - [76eec300] Successfully extracted JSON using end object pattern | From: helpers.py:extract_json_from_text()
2025-10-02 15:58:26,380 - INFO - [INFO] - Successfully parsed AI response as JSON
2025-10-02 15:58:28,010 - WARNING - [ERR-0303] - [e2da5c66] Recommendation 0 missing fields: ['stop_loss', 'target_price', 'entry_price', 'price'] | From: helpers.py:validate_recommendations_schema()
2025-10-02 15:58:28,010 - ERROR - [ERR-0303] - [49f46b9a] Invalid recommendations schema, skipping save | From: helpers.py:save_to_db_robust()
2025-10-02 15:58:28,011 - WARNING - [ERR-0001] - [a2ed104a] Database save failed, skipping flag update | From: helpers.py:save_to_db_with_fallback()
2025-10-02 15:58:28,011 - WARNING - [ERR-0003] - [9b7cb622] Failed to save recommendations to database | From: holistic.py:run_holistic_market_model()
2025-10-02 15:58:28,013 - ERROR - [ERR-0001] - [b37e4c59] Error processing ticker CNEL=F | Exception: NotImplementedError: Collection objects do not implement truth value testing or bool(). Please compare with None instead: collection is not None | From: batch_run.py:process_ticker()
2025-10-02 15:58:33,605 - WARNING - [ERR-0001] - [14bba8c0] Attempting to extract JSON from text (length: 14732 chars) | From: helpers.py:extract_json_from_text()
2025-10-02 15:58:33,608 - WARNING - [ERR-0001] - [a5e9186f] Successfully extracted JSON using end object pattern | From: helpers.py:extract_json_from_text()
2025-10-02 15:58:33,612 - INFO - [INFO] - Successfully parsed AI response as JSON
2025-10-02 15:58:35,349 - WARNING - [ERR-0001] - [14b870be] Attempting to extract JSON from text (length: 25836 chars) | From: helpers.py:extract_json_from_text()
2025-10-02 15:58:35,352 - WARNING - [ERR-0001] - [effac980] Successfully extracted JSON using end object pattern | From: helpers.py:extract_json_from_text()
2025-10-02 15:58:35,352 - INFO - [INFO] - Successfully parsed AI response as JSON
2025-10-02 15:58:41,984 - WARNING - [ERR-0303] - [0867cb8d] Recommendation 0 missing fields: ['stop_loss', 'target_price', 'entry_price', 'price'] | From: helpers.py:validate_recommendations_schema()
2025-10-02 15:58:41,984 - ERROR - [ERR-0303] - [031a8f33] Invalid recommendations schema, skipping save | From: helpers.py:save_to_db_robust()
2025-10-02 15:58:41,985 - WARNING - [ERR-0001] - [533272ba] Database save failed, skipping flag update | From: helpers.py:save_to_db_with_fallback()
2025-10-02 15:58:41,985 - WARNING - [ERR-0003] - [43df874e] Failed to save recommendations to database | From: holistic.py:run_holistic_market_model()
2025-10-02 15:58:41,987 - ERROR - [ERR-0001] - [eb50ebb9] Error processing ticker UX=F | Exception: NotImplementedError: Collection objects do not implement truth value testing or bool(). Please compare with None instead: collection is not None | From: batch_run.py:process_ticker()
2025-10-02 15:58:44,466 - WARNING - [ERR-0303] - [b4b3a4fb] Recommendation 0 missing fields: ['stop_loss', 'target_price', 'entry_price', 'price'] | From: helpers.py:validate_recommendations_schema()
2025-10-02 15:58:44,467 - ERROR - [ERR-0303] - [f07f27a4] Invalid recommendations schema, skipping save | From: helpers.py:save_to_db_robust()
2025-10-02 15:58:44,468 - WARNING - [ERR-0001] - [4f8b8d41] Database save failed, skipping flag update | From: helpers.py:save_to_db_with_fallback()
2025-10-02 15:58:44,468 - WARNING - [ERR-0003] - [3d6ba089] Failed to save recommendations to database | From: holistic.py:run_holistic_market_model()
2025-10-02 15:58:44,470 - ERROR - [ERR-0001] - [d739b5a3] Error processing ticker MCC=F | Exception: NotImplementedError: Collection objects do not implement truth value testing or bool(). Please compare with None instead: collection is not None | From: batch_run.py:process_ticker()
2025-10-02 15:58:45,905 - WARNING - [ERR-0303] - [e75ea465] Recommendation 0 missing fields: ['stop_loss', 'target_price', 'entry_price'] | From: helpers.py:validate_recommendations_schema()
2025-10-02 15:58:45,908 - ERROR - [ERR-0303] - [8cd09a23] Invalid recommendations schema, skipping save | From: helpers.py:save_to_db_robust()
2025-10-02 15:58:45,908 - WARNING - [ERR-0001] - [efe143e4] Database save failed, skipping flag update | From: helpers.py:save_to_db_with_fallback()
2025-10-02 15:58:45,909 - WARNING - [ERR-0003] - [d62b77e0] Failed to save recommendations to database | From: holistic.py:run_holistic_market_model()
2025-10-02 15:58:45,914 - ERROR - [ERR-0001] - [7b9cc011] Error processing ticker ALI=F | Exception: NotImplementedError: Collection objects do not implement truth value testing or bool(). Please compare with None instead: collection is not None | From: batch_run.py:process_ticker()
2025-10-02 15:58:49,619 - WARNING - [ERR-0001] - [a76704c4] Attempting to extract JSON from text (length: 30195 chars) | From: helpers.py:extract_json_from_text()
2025-10-02 15:58:49,630 - WARNING - [ERR-0001] - [69ce3b15] Successfully extracted JSON using pattern: ```json\s*(\{.*\})\s*```... | From: helpers.py:extract_json_from_text()
2025-10-02 15:58:49,633 - WARNING - [ERR-0001] - [4c04884f] Attempting to extract JSON from text (length: 30184 chars) | From: helpers.py:extract_json_from_text()
2025-10-02 15:58:49,634 - WARNING - [ERR-0001] - [754bb491] Successfully extracted JSON using end object pattern | From: helpers.py:extract_json_from_text()
2025-10-02 15:58:49,636 - INFO - [INFO] - Successfully parsed AI response as JSON
2025-10-02 15:58:53,514 - WARNING - [ERR-0001] - [c13e0e30] Attempting to extract JSON from text (length: 25422 chars) | From: helpers.py:extract_json_from_text()
2025-10-02 15:58:53,517 - WARNING - [ERR-0001] - [b84fba98] Successfully extracted JSON using end object pattern | From: helpers.py:extract_json_from_text()
2025-10-02 15:58:53,517 - INFO - [INFO] - Successfully parsed AI response as JSON
2025-10-02 15:58:53,956 - WARNING - [ERR-0001] - [5cdf6caa] Attempting to extract JSON from text (length: 28750 chars) | From: helpers.py:extract_json_from_text()
2025-10-02 15:58:53,969 - WARNING - [ERR-0001] - [bccc4294] Successfully extracted JSON using fallback pattern | From: helpers.py:extract_json_from_text()
2025-10-02 15:58:53,970 - INFO - [INFO] - Successfully parsed AI response as JSON
2025-10-02 15:58:56,951 - WARNING - [ERR-0303] - [5365eb80] Recommendation 0 missing fields: ['stop_loss', 'target_price', 'entry_price', 'price'] | From: helpers.py:validate_recommendations_schema()
2025-10-02 15:58:56,951 - ERROR - [ERR-0303] - [c52403d2] Invalid recommendations schema, skipping save | From: helpers.py:save_to_db_robust()
2025-10-02 15:58:56,951 - WARNING - [ERR-0001] - [3b7f9ce6] Database save failed, skipping flag update | From: helpers.py:save_to_db_with_fallback()
2025-10-02 15:58:56,952 - WARNING - [ERR-0003] - [5e5c4bc8] Failed to save recommendations to database | From: holistic.py:run_holistic_market_model()
2025-10-02 15:58:56,954 - ERROR - [ERR-0001] - [f628144b] Error processing ticker ALCN=F | Exception: NotImplementedError: Collection objects do not implement truth value testing or bool(). Please compare with None instead: collection is not None | From: batch_run.py:process_ticker()
2025-10-02 15:58:59,634 - WARNING - [ERR-0303] - [1bb8acbe] Recommendation 0 missing fields: ['stop_loss', 'target_price', 'entry_price', 'price'] | From: helpers.py:validate_recommendations_schema()
2025-10-02 15:58:59,635 - ERROR - [ERR-0303] - [b343d099] Invalid recommendations schema, skipping save | From: helpers.py:save_to_db_robust()
2025-10-02 15:58:59,635 - WARNING - [ERR-0001] - [feb832b5] Database save failed, skipping flag update | From: helpers.py:save_to_db_with_fallback()
2025-10-02 15:58:59,635 - WARNING - [ERR-0003] - [2981966e] Failed to save recommendations to database | From: holistic.py:run_holistic_market_model()
2025-10-02 15:58:59,638 - ERROR - [ERR-0001] - [ebe9710b] Error processing ticker QLNG=F | Exception: NotImplementedError: Collection objects do not implement truth value testing or bool(). Please compare with None instead: collection is not None | From: batch_run.py:process_ticker()
2025-10-02 15:59:01,613 - WARNING - [ERR-0303] - [5773a655] Recommendation 0 missing fields: ['stop_loss', 'target_price', 'entry_price', 'price'] | From: helpers.py:validate_recommendations_schema()
2025-10-02 15:59:01,615 - ERROR - [ERR-0303] - [9e28e3be] Invalid recommendations schema, skipping save | From: helpers.py:save_to_db_robust()
2025-10-02 15:59:01,615 - WARNING - [ERR-0001] - [ca98810f] Database save failed, skipping flag update | From: helpers.py:save_to_db_with_fallback()
2025-10-02 15:59:01,616 - WARNING - [ERR-0003] - [644a19de] Failed to save recommendations to database | From: holistic.py:run_holistic_market_model()
2025-10-02 15:59:01,618 - ERROR - [ERR-0001] - [c072aeae] Error processing ticker PB=F | Exception: NotImplementedError: Collection objects do not implement truth value testing or bool(). Please compare with None instead: collection is not None | From: batch_run.py:process_ticker()
2025-10-02 15:59:04,427 - WARNING - [ERR-0001] - [9d9796e1] Attempting to extract JSON from text (length: 21930 chars) | From: helpers.py:extract_json_from_text()
2025-10-02 15:59:04,429 - WARNING - [ERR-0001] - [e73c2ce1] Successfully extracted JSON using end object pattern | From: helpers.py:extract_json_from_text()
2025-10-02 15:59:04,429 - INFO - [INFO] - Successfully parsed AI response as JSON
2025-10-02 15:59:11,628 - WARNING - [ERR-0001] - [44d7dc6b] Attempting to extract JSON from text (length: 22370 chars) | From: helpers.py:extract_json_from_text()
2025-10-02 15:59:11,631 - WARNING - [ERR-0001] - [8b87d2ec] Successfully extracted JSON using end object pattern | From: helpers.py:extract_json_from_text()
2025-10-02 15:59:11,631 - INFO - [INFO] - Successfully parsed AI response as JSON
2025-10-02 15:59:15,418 - WARNING - [ERR-0001] - [c0d7385a] Attempting to extract JSON from text (length: 19470 chars) | From: helpers.py:extract_json_from_text()
2025-10-02 15:59:15,421 - WARNING - [ERR-0001] - [ba7dbfcd] Successfully extracted JSON using end object pattern | From: helpers.py:extract_json_from_text()
2025-10-02 15:59:15,421 - INFO - [INFO] - Successfully parsed AI response as JSON
2025-10-02 15:59:19,582 - WARNING - [ERR-0303] - [c23a6d54] Recommendation 0 missing fields: ['stop_loss', 'target_price', 'entry_price', 'price'] | From: helpers.py:validate_recommendations_schema()
2025-10-02 15:59:19,583 - ERROR - [ERR-0303] - [1a1e4a59] Invalid recommendations schema, skipping save | From: helpers.py:save_to_db_robust()
2025-10-02 15:59:19,584 - WARNING - [ERR-0001] - [fabb00f5] Database save failed, skipping flag update | From: helpers.py:save_to_db_with_fallback()
2025-10-02 15:59:19,584 - WARNING - [ERR-0003] - [11299ff7] Failed to save recommendations to database | From: holistic.py:run_holistic_market_model()
2025-10-02 15:59:19,586 - ERROR - [ERR-0001] - [d6882523] Error processing ticker ^TOPX | Exception: NotImplementedError: Collection objects do not implement truth value testing or bool(). Please compare with None instead: collection is not None | From: batch_run.py:process_ticker()
2025-10-02 15:59:22,386 - WARNING - [ERR-0303] - [ca27b751] Missing required fields: ['title', 'market_outlook_narrative', 'rationale', 'analysis', 'recommendations', 'market_impact'] | From: helpers.py:validate_recommendations_schema()
2025-10-02 15:59:22,390 - ERROR - [ERR-0303] - [23e43543] Invalid recommendations schema, skipping save | From: helpers.py:save_to_db_robust()
2025-10-02 15:59:22,390 - WARNING - [ERR-0001] - [f2a5ce48] Database save failed, skipping flag update | From: helpers.py:save_to_db_with_fallback()
2025-10-02 15:59:22,391 - WARNING - [ERR-0003] - [cc5e303e] Failed to save recommendations to database | From: holistic.py:run_holistic_market_model()
2025-10-02 15:59:22,393 - ERROR - [ERR-0001] - [ae879651] Error processing ticker LCO=F | Exception: NotImplementedError: Collection objects do not implement truth value testing or bool(). Please compare with None instead: collection is not None | From: batch_run.py:process_ticker()
2025-10-02 15:59:31,037 - WARNING - [ERR-0001] - [405439ac] Empty or non-string text provided to extract_json_from_text | From: helpers.py:extract_json_from_text()
2025-10-02 15:59:31,038 - ERROR - [ERR-0001] - [c733fcdc] Failed to extract valid JSON from AI response | From: holistic.py:run_holistic_market_model()
2025-10-02 15:59:31,039 - ERROR - [ERR-0404] - [05f07d25] Error in holistic_market_model | Exception: TypeError: 'NoneType' object is not subscriptable | From: holistic.py:run_holistic_market_model()
2025-10-02 15:59:31,041 - ERROR - [ERR-0001] - [eb3b46d6] Error processing ticker 399006.SZ | Exception: NotImplementedError: Collection objects do not implement truth value testing or bool(). Please compare with None instead: collection is not None | From: batch_run.py:process_ticker()
2025-10-02 15:59:32,807 - WARNING - [ERR-0303] - [ffbb6129] Recommendation 0 missing fields: ['stop_loss', 'target_price', 'entry_price', 'price'] | From: helpers.py:validate_recommendations_schema()
2025-10-02 15:59:32,808 - ERROR - [ERR-0303] - [40d3a966] Invalid recommendations schema, skipping save | From: helpers.py:save_to_db_robust()
2025-10-02 15:59:32,809 - WARNING - [ERR-0001] - [f51c8a9e] Database save failed, skipping flag update | From: helpers.py:save_to_db_with_fallback()
2025-10-02 15:59:32,809 - WARNING - [ERR-0003] - [4a67cfd5] Failed to save recommendations to database | From: holistic.py:run_holistic_market_model()
2025-10-02 15:59:32,811 - ERROR - [ERR-0001] - [d0ff3164] Error processing ticker QL=F | Exception: NotImplementedError: Collection objects do not implement truth value testing or bool(). Please compare with None instead: collection is not None | From: batch_run.py:process_ticker()
2025-10-02 15:59:34,398 - WARNING - [ERR-0303] - [87b75f16] Recommendation 0 missing fields: ['stop_loss', 'target_price', 'entry_price', 'price'] | From: helpers.py:validate_recommendations_schema()
2025-10-02 15:59:34,402 - ERROR - [ERR-0303] - [1ce0e437] Invalid recommendations schema, skipping save | From: helpers.py:save_to_db_robust()
2025-10-02 15:59:34,402 - WARNING - [ERR-0001] - [a2ab51b7] Database save failed, skipping flag update | From: helpers.py:save_to_db_with_fallback()
2025-10-02 15:59:34,406 - WARNING - [ERR-0003] - [9e03d600] Failed to save recommendations to database | From: holistic.py:run_holistic_market_model()
2025-10-02 15:59:34,411 - ERROR - [ERR-0001] - [5f2c5b98] Error processing ticker LNGCN=F | Exception: NotImplementedError: Collection objects do not implement truth value testing or bool(). Please compare with None instead: collection is not None | From: batch_run.py:process_ticker()
2025-10-02 15:59:38,736 - WARNING - [ERR-0303] - [ef4d6250] Recommendation 0 missing fields: ['stop_loss', 'target_price', 'entry_price', 'price'] | From: helpers.py:validate_recommendations_schema()
2025-10-02 15:59:38,738 - ERROR - [ERR-0303] - [e548a8d5] Invalid recommendations schema, skipping save | From: helpers.py:save_to_db_robust()
2025-10-02 15:59:38,738 - WARNING - [ERR-0001] - [4ef96b51] Database save failed, skipping flag update | From: helpers.py:save_to_db_with_fallback()
2025-10-02 15:59:38,739 - WARNING - [ERR-0003] - [e707d85c] Failed to save recommendations to database | From: holistic.py:run_holistic_market_model()
2025-10-02 15:59:38,744 - ERROR - [ERR-0001] - [f60e5e00] Error processing ticker API2=F | Exception: NotImplementedError: Collection objects do not implement truth value testing or bool(). Please compare with None instead: collection is not None | From: batch_run.py:process_ticker()
2025-10-02 15:59:41,763 - WARNING - [ERR-0303] - [15a96272] Recommendation 0 missing fields: ['stop_loss', 'target_price', 'entry_price', 'price'] | From: helpers.py:validate_recommendations_schema()
2025-10-02 15:59:41,763 - ERROR - [ERR-0303] - [45c127c9] Invalid recommendations schema, skipping save | From: helpers.py:save_to_db_robust()
2025-10-02 15:59:41,763 - WARNING - [ERR-0001] - [387adff4] Database save failed, skipping flag update | From: helpers.py:save_to_db_with_fallback()
2025-10-02 15:59:41,764 - WARNING - [ERR-0003] - [2814b220] Failed to save recommendations to database | From: holistic.py:run_holistic_market_model()
2025-10-02 15:59:41,767 - ERROR - [ERR-0001] - [35abdf3f] Error processing ticker NEWC=F | Exception: NotImplementedError: Collection objects do not implement truth value testing or bool(). Please compare with None instead: collection is not None | From: batch_run.py:process_ticker()
2025-10-02 15:59:41,772 - INFO - [INFO] - Batch processing completed. Successful: 0/35
2025-10-02 15:59:41,800 - INFO - [INFO] - No pending pipelines to process.
