2025-09-28 11:04:47,373 - WARNING - [ERR-0303] - [cf3205e0] Recommendation 0 missing fields: ['price'] | From: helpers.py:validate_recommendations_schema()
2025-09-28 11:04:47,373 - ERROR - [ERR-0303] - [2047f2cd] Invalid recommendations schema, skipping save | From: helpers.py:save_to_db_robust()
2025-09-28 11:04:47,373 - WARNING - [ERR-0001] - [0270fc9c] Database save failed | From: helpers.py:save_to_db_with_fallback()
2025-09-28 11:04:47,373 - WARNING - [ERR-0003] - [58b7fd5e] Failed to save recommendations to database | From: holistic.py:run_holistic_market_model()
2025-09-28 11:08:12,197 - WARNING - [ERR-0303] - [f6a65703] Recommendation 0 missing fields: ['price'] | From: helpers.py:validate_recommendations_schema()
2025-09-28 11:08:12,197 - ERROR - [ERR-0303] - [0f4fb90a] Invalid recommendations schema, skipping save | From: helpers.py:save_to_db_robust()
2025-09-28 11:08:12,198 - WARNING - [ERR-0001] - [8cb84ef6] Database save failed | From: helpers.py:save_to_db_with_fallback()
2025-09-28 11:08:12,198 - WARNING - [ERR-0003] - [99612b3e] Failed to save recommendations to database | From: holistic.py:run_holistic_market_model()
2025-09-28 11:09:58,936 - ERROR - [ERR-0103] - [dde34d1b] Error parsing AI response as JSON | Exception: JSONDecodeError: Expecting ',' delimiter: line 10 column 2121 (char 6119) | From: holistic.py:run_holistic_market_model()
2025-09-28 11:09:58,937 - WARNING - [WARN-0002] - [e6bf8aac] Raw response content: {
  "title": "Equity Markets Navigate Sticky Inflation, Geopolitical Headwinds Amid Cautious Fed Easing",
  "market_outlook_narrative": [
    "Global equity markets are experiencing a complex interpla... | From: holistic.py:run_holistic_market_model()
2025-09-28 11:16:03,532 - WARNING - [ERR-0303] - [201b2c00] Recommendation 0 missing fields: ['price'] | From: helpers.py:validate_recommendations_schema()
2025-09-28 11:16:03,533 - ERROR - [ERR-0303] - [c9b79dd1] Invalid recommendations schema, skipping save | From: helpers.py:save_to_db_robust()
2025-09-28 11:16:03,533 - WARNING - [ERR-0001] - [2bdf8d24] Database save failed | From: helpers.py:save_to_db_with_fallback()
2025-09-28 11:16:03,533 - WARNING - [ERR-0003] - [4f6c14f4] Failed to save recommendations to database | From: holistic.py:run_holistic_market_model()
2025-09-28 11:31:19,133 - WARNING - [ERR-0303] - [f78d3eb5] Recommendation 0 missing fields: ['price'] | From: helpers.py:validate_recommendations_schema()
2025-09-28 11:31:19,136 - ERROR - [ERR-0303] - [670464a9] Invalid recommendations schema, skipping save | From: helpers.py:save_to_db_robust()
2025-09-28 11:31:19,136 - WARNING - [ERR-0001] - [add7168e] Database save failed | From: helpers.py:save_to_db_with_fallback()
2025-09-28 11:31:19,136 - WARNING - [ERR-0003] - [d724f6fe] Failed to save recommendations to database | From: holistic.py:run_holistic_market_model()
2025-09-28 11:32:50,736 - WARNING - [ERR-0303] - [302ecaed] Recommendation 0 missing fields: ['price'] | From: helpers.py:validate_recommendations_schema()
2025-09-28 11:32:50,736 - ERROR - [ERR-0303] - [b810c10c] Invalid recommendations schema, skipping save | From: helpers.py:save_to_db_robust()
2025-09-28 11:32:50,737 - WARNING - [ERR-0001] - [1ef35854] Database save failed | From: helpers.py:save_to_db_with_fallback()
2025-09-28 11:32:50,737 - WARNING - [ERR-0003] - [5ea0948d] Failed to save recommendations to database | From: holistic.py:run_holistic_market_model()
2025-09-28 14:57:28,043 - ERROR - [ERR-0103] - [49fa9963] Error parsing AI response as JSON | Exception: JSONDecodeError: Expecting ',' delimiter: line 1 column 5010 (char 5009) | From: holistic.py:run_holistic_market_model()
2025-09-28 14:57:28,044 - WARNING - [WARN-0002] - [ee896bf5] Raw response content: {"title": "Global Headwinds and Tech Resilience Shape Apple's Near-Term Trajectory", "market_outlook_narrative": ["Global equities are navigating a complex landscape marked by persistent inflationary ... | From: holistic.py:run_holistic_market_model()
2025-09-28 15:17:34,531 - ERROR - [ERR-0103] - [6812bf14] Error parsing AI response as JSON | Exception: JSONDecodeError: Expecting value: line 1 column 1 (char 0) | From: holistic.py:run_holistic_market_model()
2025-09-28 15:17:34,532 - WARNING - [WARN-0002] - [7996cd1f] Raw response content: Error generating content: 503 UNAVAILABLE. {'error': {'code': 503, 'message': 'The service is currently unavailable.', 'status': 'UNAVAILABLE'}}... | From: holistic.py:run_holistic_market_model()
