2025-10-28 06:53:18,547 - WARNING - [ERR-0001] - [43a494be] Attempting to extract JSON from text (length: 57337 chars) | From: helpers.py:extract_json_from_text()
2025-10-28 06:53:18,586 - WARNING - [ERR-0001] - [8d05b6d6] Successfully extracted JSON using pattern: ```json\s*(\{.*\})\s*```... | From: helpers.py:extract_json_from_text()
2025-10-28 06:53:18,586 - WARNING - [ERR-0001] - [68a457a3] Attempting to extract JSON from text (length: 52550 chars) | From: helpers.py:extract_json_from_text()
2025-10-28 06:53:18,588 - WARNING - [ERR-0001] - [791d3635] Successfully extracted JSON using end object pattern | From: helpers.py:extract_json_from_text()
2025-10-28 06:53:18,589 - INFO - [INFO] - Successfully parsed AI response as JSON
2025-10-28 06:53:45,580 - INFO - [INFO] - Updated document_generated flag to True for tickers: ['ACF.AX']
2025-10-28 07:01:07,291 - WARNING - [ERR-0001] - [512f75a8] Attempting to extract JSON from text (length: 41065 chars) | From: helpers.py:extract_json_from_text()
2025-10-28 07:01:07,294 - WARNING - [ERR-0001] - [b430ed9e] Successfully extracted JSON using end object pattern | From: helpers.py:extract_json_from_text()
2025-10-28 07:01:07,294 - INFO - [INFO] - Successfully parsed AI response as JSON
2025-10-28 07:01:41,181 - INFO - [INFO] - Updated document_generated flag to True for tickers: ['FWD.AX']
2025-10-28 07:13:28,183 - WARNING - [ERR-0001] - [0e97a870] Attempting to extract JSON from text (length: 46027 chars) | From: helpers.py:extract_json_from_text()
2025-10-28 07:13:28,239 - WARNING - [ERR-0001] - [4e5cf03c] Successfully extracted JSON using end object pattern | From: helpers.py:extract_json_from_text()
2025-10-28 07:13:28,240 - INFO - [INFO] - Successfully parsed AI response as JSON
2025-10-28 07:14:03,614 - INFO - [INFO] - Updated document_generated flag to True for tickers: ['ACF.AX']
2025-10-28 07:18:15,383 - WARNING - [ERR-0001] - [e0b212fc] Attempting to extract JSON from text (length: 33598 chars) | From: helpers.py:extract_json_from_text()
2025-10-28 07:18:15,390 - WARNING - [ERR-0001] - [47e830d0] Successfully extracted JSON using end object pattern | From: helpers.py:extract_json_from_text()
2025-10-28 07:18:15,391 - INFO - [INFO] - Successfully parsed AI response as JSON
2025-10-28 07:18:49,534 - INFO - [INFO] - Updated document_generated flag to True for tickers: ['FWD.AX']
2025-10-28 07:30:51,153 - WARNING - [ERR-0001] - [bd4db1eb] Attempting to extract JSON from text (length: 44564 chars) | From: helpers.py:extract_json_from_text()
2025-10-28 07:30:51,159 - WARNING - [ERR-0001] - [945dc825] Successfully extracted JSON using end object pattern | From: helpers.py:extract_json_from_text()
2025-10-28 07:30:51,160 - INFO - [INFO] - Successfully parsed AI response as JSON
2025-10-28 07:31:14,216 - INFO - [INFO] - Updated document_generated flag to True for tickers: ['RDDT']
2025-10-28 08:12:16,092 - WARNING - [ERR-0001] - [fb6f264a] Attempting to extract JSON from text (length: 28696 chars) | From: helpers.py:extract_json_from_text()
2025-10-28 08:12:16,117 - WARNING - [ERR-0001] - [38417558] Successfully extracted JSON using pattern: ```json\s*(\{.*\})\s*```... | From: helpers.py:extract_json_from_text()
2025-10-28 08:12:16,120 - WARNING - [ERR-0001] - [56b60fec] Attempting to extract JSON from text (length: 28685 chars) | From: helpers.py:extract_json_from_text()
2025-10-28 08:12:16,124 - WARNING - [ERR-0001] - [2911c894] Successfully extracted JSON using end object pattern | From: helpers.py:extract_json_from_text()
2025-10-28 08:12:16,126 - INFO - [INFO] - Successfully parsed AI response as JSON
2025-10-28 08:12:44,292 - INFO - [INFO] - Updated document_generated flag to True for tickers: ['SPXL']
2025-10-28 08:20:42,256 - WARNING - [ERR-0001] - [e7765c0b] Attempting to extract JSON from text (length: 63319 chars) | From: helpers.py:extract_json_from_text()
2025-10-28 08:20:42,260 - WARNING - [ERR-0001] - [f4704a51] Successfully extracted JSON using end object pattern | From: helpers.py:extract_json_from_text()
2025-10-28 08:20:42,260 - INFO - [INFO] - Successfully parsed AI response as JSON
2025-10-28 08:21:17,935 - INFO - [INFO] - Updated document_generated flag to True for tickers: ['PLTR']
2025-10-28 08:29:19,838 - WARNING - [ERR-0001] - [eb9484b5] Attempting to extract JSON from text (length: 54957 chars) | From: helpers.py:extract_json_from_text()
2025-10-28 08:29:19,844 - WARNING - [ERR-0001] - [58ee5952] Successfully extracted JSON using end object pattern | From: helpers.py:extract_json_from_text()
2025-10-28 08:29:19,845 - INFO - [INFO] - Successfully parsed AI response as JSON
2025-10-28 08:29:55,377 - INFO - [INFO] - Updated document_generated flag to True for tickers: ['NVDA']
2025-10-28 08:36:31,381 - WARNING - [ERR-0001] - [a63d3592] Attempting to extract JSON from text (length: 54957 chars) | From: helpers.py:extract_json_from_text()
2025-10-28 08:36:31,388 - WARNING - [ERR-0001] - [ecaeb62e] Successfully extracted JSON using end object pattern | From: helpers.py:extract_json_from_text()
2025-10-28 08:36:31,391 - INFO - [INFO] - Successfully parsed AI response as JSON
2025-10-28 08:37:02,425 - WARNING - [ERR-0001] - [f652c50d] Attempting to extract JSON from text (length: 10782 chars) | From: helpers.py:extract_json_from_text()
2025-10-28 08:37:02,441 - WARNING - [ERR-0001] - [f52dd15e] Successfully extracted JSON using pattern: ```json\s*(\{.*\})\s*```... | From: helpers.py:extract_json_from_text()
2025-10-28 08:37:03,074 - INFO - [INFO] - Updated document_generated flag to True for tickers: ['MSFT']
2025-10-28 08:43:51,512 - WARNING - [ERR-0001] - [f752142d] Attempting to extract JSON from text (length: 55029 chars) | From: helpers.py:extract_json_from_text()
2025-10-28 08:43:51,518 - WARNING - [ERR-0001] - [1ca732a1] Successfully extracted JSON using end object pattern | From: helpers.py:extract_json_from_text()
2025-10-28 08:43:51,519 - INFO - [INFO] - Successfully parsed AI response as JSON
2025-10-28 08:44:24,914 - INFO - [INFO] - Updated document_generated flag to True for tickers: ['IBM']
2025-10-28 08:53:02,939 - WARNING - [ERR-0001] - [aea8c00d] Attempting to extract JSON from text (length: 35501 chars) | From: helpers.py:extract_json_from_text()
2025-10-28 08:53:02,945 - WARNING - [ERR-0001] - [f866013b] Successfully extracted JSON using end object pattern | From: helpers.py:extract_json_from_text()
2025-10-28 08:53:02,946 - INFO - [INFO] - Successfully parsed AI response as JSON
2025-10-28 08:53:39,279 - INFO - [INFO] - Updated document_generated flag to True for tickers: ['GOOG']
2025-10-28 08:57:27,858 - WARNING - [ERR-0001] - [5a528936] Attempting to extract JSON from text (length: 34429 chars) | From: helpers.py:extract_json_from_text()
2025-10-28 08:57:27,860 - WARNING - [ERR-0001] - [fa92da7e] JSON parsing failed for end object pattern: Expecting ',' delimiter: line 10 column 3468 (char 6301) | From: helpers.py:extract_json_from_text()
2025-10-28 08:57:27,863 - ERROR - [ERR-0404] - [8675f450] Error in holistic_market_model | Exception: TypeError: 'int' object is not callable | From: holistic.py:run_holistic_market_model()
2025-10-28 09:02:19,845 - WARNING - [ERR-0001] - [6a9e8fce] Attempting to extract JSON from text (length: 46260 chars) | From: helpers.py:extract_json_from_text()
2025-10-28 09:02:19,853 - WARNING - [ERR-0001] - [b0b85ecc] Successfully extracted JSON using end object pattern | From: helpers.py:extract_json_from_text()
2025-10-28 09:02:19,855 - INFO - [INFO] - Successfully parsed AI response as JSON
2025-10-28 09:02:52,815 - INFO - [INFO] - Updated document_generated flag to True for tickers: ['GLD']
2025-10-28 09:10:05,039 - WARNING - [ERR-0001] - [b2a55ed3] Attempting to extract JSON from text (length: 37051 chars) | From: helpers.py:extract_json_from_text()
2025-10-28 09:10:05,042 - WARNING - [ERR-0001] - [92b3c99d] Successfully extracted JSON using end object pattern | From: helpers.py:extract_json_from_text()
2025-10-28 09:10:05,042 - INFO - [INFO] - Successfully parsed AI response as JSON
2025-10-28 09:10:35,217 - INFO - [INFO] - Updated document_generated flag to True for tickers: ['AMZN']
2025-10-28 12:42:48,390 - ERROR - [ERR-0404] - [95c37b14] Error in fx_long_short | Exception: TypeError: the JSON object must be str, bytes or bytearray, not NoneType | From: fx_long_short.py:run_fx_model()
2025-10-28 13:27:17,478 - WARNING - [ERR-0001] - [74f62dbb] Attempting to extract JSON from text (length: 61 chars) | From: helpers.py:extract_json_from_text()
2025-10-28 13:27:17,480 - ERROR - [ERR-0001] - [24c250c5] Failed to extract any valid JSON from text | From: helpers.py:extract_json_from_text()
2025-10-28 13:27:17,480 - ERROR - [ERR-0001] - [5d66c118] Text preview: Error generating content: [Errno 54] Connection reset by peer... | From: helpers.py:extract_json_from_text()
2025-10-28 13:27:17,480 - ERROR - [ERR-0103] - [2ecc2f10] Error parsing AI response as JSON | Exception: JSONDecodeError: Expecting value: line 1 column 1 (char 0) | From: fx_long_short.py:run_fx_model()
2025-10-28 13:27:17,480 - WARNING - [WARN-0002] - [e989d5fe] Raw response content: Error generating content: [Errno 54] Connection reset by peer... | From: fx_long_short.py:run_fx_model()
2025-10-28 13:28:48,832 - WARNING - [ERR-0001] - [ee862996] Attempting to extract JSON from text (length: 61 chars) | From: helpers.py:extract_json_from_text()
2025-10-28 13:28:48,834 - ERROR - [ERR-0001] - [129948b0] Failed to extract any valid JSON from text | From: helpers.py:extract_json_from_text()
2025-10-28 13:28:48,835 - ERROR - [ERR-0001] - [4834f1cd] Text preview: Error generating content: [Errno 54] Connection reset by peer... | From: helpers.py:extract_json_from_text()
2025-10-28 13:28:48,835 - ERROR - [ERR-0103] - [c3c0039e] Error parsing AI response as JSON | Exception: JSONDecodeError: Expecting value: line 1 column 1 (char 0) | From: fx_long_short.py:run_fx_model()
2025-10-28 13:28:48,836 - WARNING - [WARN-0002] - [2ad37a48] Raw response content: Error generating content: [Errno 54] Connection reset by peer... | From: fx_long_short.py:run_fx_model()
2025-10-28 13:31:41,771 - WARNING - [ERR-0001] - [2d516a83] Attempting to extract JSON from text (length: 61 chars) | From: helpers.py:extract_json_from_text()
2025-10-28 13:31:41,773 - ERROR - [ERR-0001] - [cd94b411] Failed to extract any valid JSON from text | From: helpers.py:extract_json_from_text()
2025-10-28 13:31:41,773 - ERROR - [ERR-0001] - [4d0069b8] Text preview: Error generating content: [Errno 54] Connection reset by peer... | From: helpers.py:extract_json_from_text()
2025-10-28 13:31:41,773 - ERROR - [ERR-0103] - [ffd8b90d] Error parsing AI response as JSON | Exception: JSONDecodeError: Expecting value: line 1 column 1 (char 0) | From: fx_long_short.py:run_fx_model()
2025-10-28 13:31:41,773 - WARNING - [WARN-0002] - [98e87ea1] Raw response content: Error generating content: [Errno 54] Connection reset by peer... | From: fx_long_short.py:run_fx_model()
2025-10-28 13:35:15,623 - WARNING - [ERR-0001] - [903938a5] Attempting to extract JSON from text (length: 61 chars) | From: helpers.py:extract_json_from_text()
2025-10-28 13:35:15,624 - ERROR - [ERR-0001] - [cc681afa] Failed to extract any valid JSON from text | From: helpers.py:extract_json_from_text()
2025-10-28 13:35:15,624 - ERROR - [ERR-0001] - [0d50defb] Text preview: Error generating content: [Errno 54] Connection reset by peer... | From: helpers.py:extract_json_from_text()
2025-10-28 13:35:15,625 - ERROR - [ERR-0103] - [963f53f7] Error parsing factors response as JSON | Exception: JSONDecodeError: Expecting value: line 1 column 1 (char 0) | From: helpers.py:get_factors()
2025-10-28 13:35:15,625 - WARNING - [WARN-0002] - [75e04254] Raw factors response: Error generating content: [Errno 54] Connection reset by peer... | From: helpers.py:get_factors()
2025-10-28 13:35:16,693 - INFO - [INFO] - Updated document_generated flag to True for tickers: ['EURUSD=X']
2025-10-28 13:40:02,821 - WARNING - [ERR-0001] - [9674a4a8] Attempting to extract JSON from text (length: 61 chars) | From: helpers.py:extract_json_from_text()
2025-10-28 13:40:02,822 - ERROR - [ERR-0001] - [dc41c826] Failed to extract any valid JSON from text | From: helpers.py:extract_json_from_text()
2025-10-28 13:40:02,822 - ERROR - [ERR-0001] - [a8fb7403] Text preview: Error generating content: [Errno 54] Connection reset by peer... | From: helpers.py:extract_json_from_text()
2025-10-28 13:40:02,822 - ERROR - [ERR-0103] - [829fedba] Error parsing factors response as JSON | Exception: JSONDecodeError: Expecting value: line 1 column 1 (char 0) | From: helpers.py:get_factors()
2025-10-28 13:40:02,822 - WARNING - [WARN-0002] - [4a8f6464] Raw factors response: Error generating content: [Errno 54] Connection reset by peer... | From: helpers.py:get_factors()
2025-10-28 13:40:03,946 - INFO - [INFO] - Updated document_generated flag to True for tickers: ['EURUSD=X']
2025-10-28 13:41:41,950 - WARNING - [ERR-0001] - [610bd1e0] Attempting to extract JSON from text (length: 61 chars) | From: helpers.py:extract_json_from_text()
2025-10-28 13:41:41,951 - ERROR - [ERR-0001] - [2573ed0e] Failed to extract any valid JSON from text | From: helpers.py:extract_json_from_text()
2025-10-28 13:41:41,951 - ERROR - [ERR-0001] - [cac4d880] Text preview: Error generating content: [Errno 54] Connection reset by peer... | From: helpers.py:extract_json_from_text()
2025-10-28 13:41:41,951 - ERROR - [ERR-0103] - [034fdb80] Error parsing AI response as JSON | Exception: JSONDecodeError: Expecting value: line 1 column 1 (char 0) | From: fx_long_short.py:run_fx_model()
2025-10-28 13:41:41,951 - WARNING - [WARN-0002] - [171a0a4d] Raw response content: Error generating content: [Errno 54] Connection reset by peer... | From: fx_long_short.py:run_fx_model()
2025-10-28 13:43:05,152 - WARNING - [ERR-0001] - [fd9015a7] Attempting to extract JSON from text (length: 61 chars) | From: helpers.py:extract_json_from_text()
2025-10-28 13:43:05,154 - ERROR - [ERR-0001] - [2725c242] Failed to extract any valid JSON from text | From: helpers.py:extract_json_from_text()
2025-10-28 13:43:05,154 - ERROR - [ERR-0001] - [fda92fe0] Text preview: Error generating content: [Errno 54] Connection reset by peer... | From: helpers.py:extract_json_from_text()
2025-10-28 13:43:05,155 - ERROR - [ERR-0103] - [01e82f78] Error parsing AI response as JSON | Exception: JSONDecodeError: Expecting value: line 1 column 1 (char 0) | From: fx_long_short.py:run_fx_model()
2025-10-28 13:43:05,156 - WARNING - [WARN-0002] - [140d9114] Raw response content: Error generating content: [Errno 54] Connection reset by peer... | From: fx_long_short.py:run_fx_model()
2025-10-28 13:44:53,084 - WARNING - [ERR-0001] - [baf40f30] Attempting to extract JSON from text (length: 61 chars) | From: helpers.py:extract_json_from_text()
2025-10-28 13:44:53,086 - ERROR - [ERR-0001] - [930d59e5] Failed to extract any valid JSON from text | From: helpers.py:extract_json_from_text()
2025-10-28 13:44:53,087 - ERROR - [ERR-0001] - [1cfa48de] Text preview: Error generating content: [Errno 54] Connection reset by peer... | From: helpers.py:extract_json_from_text()
2025-10-28 13:44:53,087 - ERROR - [ERR-0103] - [1732c235] Error parsing AI response as JSON | Exception: JSONDecodeError: Expecting value: line 1 column 1 (char 0) | From: fx_long_short.py:run_fx_model()
2025-10-28 13:44:53,087 - WARNING - [WARN-0002] - [6b399ea5] Raw response content: Error generating content: [Errno 54] Connection reset by peer... | From: fx_long_short.py:run_fx_model()
2025-10-28 13:46:47,957 - WARNING - [ERR-0001] - [862ced4f] Attempting to extract JSON from text (length: 61 chars) | From: helpers.py:extract_json_from_text()
2025-10-28 13:46:47,959 - ERROR - [ERR-0001] - [ad0e8e1b] Failed to extract any valid JSON from text | From: helpers.py:extract_json_from_text()
2025-10-28 13:46:47,959 - ERROR - [ERR-0001] - [7987812b] Text preview: Error generating content: [Errno 54] Connection reset by peer... | From: helpers.py:extract_json_from_text()
2025-10-28 13:46:47,960 - ERROR - [ERR-0103] - [6d5437cd] Error parsing AI response as JSON | Exception: JSONDecodeError: Expecting value: line 1 column 1 (char 0) | From: fx_long_short.py:run_fx_model()
2025-10-28 13:46:47,960 - WARNING - [WARN-0002] - [72932d6c] Raw response content: Error generating content: [Errno 54] Connection reset by peer... | From: fx_long_short.py:run_fx_model()
2025-10-28 13:53:02,966 - WARNING - [ERR-0001] - [dbff9a93] Attempting to extract JSON from text (length: 61 chars) | From: helpers.py:extract_json_from_text()
2025-10-28 13:53:02,969 - ERROR - [ERR-0001] - [a25c839e] Failed to extract any valid JSON from text | From: helpers.py:extract_json_from_text()
2025-10-28 13:53:02,969 - ERROR - [ERR-0001] - [c5575ab6] Text preview: Error generating content: [Errno 54] Connection reset by peer... | From: helpers.py:extract_json_from_text()
2025-10-28 13:53:02,970 - ERROR - [ERR-0103] - [1b4dd4d0] Error parsing factors response as JSON | Exception: JSONDecodeError: Expecting value: line 1 column 1 (char 0) | From: helpers.py:get_factors()
2025-10-28 13:53:02,970 - WARNING - [WARN-0002] - [0fd5e2d5] Raw factors response: Error generating content: [Errno 54] Connection reset by peer... | From: helpers.py:get_factors()
2025-10-28 13:53:03,982 - INFO - [INFO] - Updated document_generated flag to True for tickers: ['EURUSD=X']
2025-10-28 15:00:48,767 - WARNING - [ERR-0001] - [a50c1a24] Attempting to extract JSON from text (length: 61 chars) | From: helpers.py:extract_json_from_text()
2025-10-28 15:00:48,768 - ERROR - [ERR-0001] - [f28f37cf] Failed to extract any valid JSON from text | From: helpers.py:extract_json_from_text()
2025-10-28 15:00:48,768 - ERROR - [ERR-0001] - [f3ef3415] Text preview: Error generating content: [Errno 54] Connection reset by peer... | From: helpers.py:extract_json_from_text()
2025-10-28 15:00:48,768 - ERROR - [ERR-0103] - [39135017] Error parsing AI response as JSON | Exception: JSONDecodeError: Expecting value: line 1 column 1 (char 0) | From: fx_long_short.py:run_fx_model()
2025-10-28 15:00:48,769 - WARNING - [WARN-0002] - [52cac711] Raw response content: Error generating content: [Errno 54] Connection reset by peer... | From: fx_long_short.py:run_fx_model()
2025-10-28 15:03:41,542 - INFO - [INFO] - Updated document_generated flag to True for tickers: ['EURUSD=X']
2025-10-28 15:10:34,969 - WARNING - [ERR-0001] - [810e2857] Attempting to extract JSON from text (length: 47742 chars) | From: helpers.py:extract_json_from_text()
2025-10-28 15:10:34,988 - WARNING - [ERR-0001] - [e7e2d0ae] Successfully extracted JSON using pattern: ```json\s*(\{.*\})\s*```... | From: helpers.py:extract_json_from_text()
2025-10-28 15:10:34,988 - WARNING - [ERR-0001] - [c8a50a4c] Attempting to extract JSON from text (length: 47731 chars) | From: helpers.py:extract_json_from_text()
2025-10-28 15:10:34,989 - WARNING - [ERR-0001] - [8ad4e9cb] Successfully extracted JSON using end object pattern | From: helpers.py:extract_json_from_text()
2025-10-28 15:10:34,990 - INFO - [INFO] - Successfully parsed AI response as JSON
2025-10-28 15:11:14,915 - INFO - [INFO] - Updated document_generated flag to True for tickers: ['ADBE']
