2025-10-27 20:09:13,492 - ERROR - [ERR-0001] - [cb862192] Error processing ticker TRV | Exception: TypeError: expected string or bytes-like object, got 'NoneType' | From: batch_run.py:process_ticker()
2025-10-27 20:11:33,098 - WARNING - [ERR-0001] - [7e231cef] Attempting to extract JSON from text (length: 32077 chars) | From: helpers.py:extract_json_from_text()
2025-10-27 20:11:33,101 - WARNING - [ERR-0001] - [70c3fc6b] Successfully extracted JSON using end object pattern | From: helpers.py:extract_json_from_text()
2025-10-27 20:11:33,104 - INFO - [INFO] - Successfully parsed AI response as JSON
2025-10-27 20:11:39,638 - WARNING - [ERR-0001] - [e0461c5b] Attempting to extract JSON from text (length: 40100 chars) | From: helpers.py:extract_json_from_text()
2025-10-27 20:11:39,642 - WARNING - [ERR-0001] - [1e6c5b10] Successfully extracted JSON using end object pattern | From: helpers.py:extract_json_from_text()
2025-10-27 20:11:39,645 - INFO - [INFO] - Successfully parsed AI response as JSON
2025-10-27 20:12:10,457 - INFO - [INFO] - Updated document_generated flag to True for tickers: ['NOW']
2025-10-27 20:12:32,840 - WARNING - [ERR-0001] - [596638a3] Attempting to extract JSON from text (length: 54376 chars) | From: helpers.py:extract_json_from_text()
2025-10-27 20:12:32,848 - WARNING - [ERR-0001] - [4325527f] Successfully extracted JSON using end object pattern | From: helpers.py:extract_json_from_text()
2025-10-27 20:12:32,851 - INFO - [INFO] - Successfully parsed AI response as JSON
2025-10-27 20:12:35,772 - INFO - [INFO] - Updated document_generated flag to True for tickers: ['ALB']
2025-10-27 20:12:58,695 - WARNING - [ERR-0001] - [1e2b5a71] Attempting to extract JSON from text (length: 48655 chars) | From: helpers.py:extract_json_from_text()
2025-10-27 20:12:58,698 - WARNING - [ERR-0001] - [e46a9597] Successfully extracted JSON using end object pattern | From: helpers.py:extract_json_from_text()
2025-10-27 20:12:58,700 - INFO - [INFO] - Successfully parsed AI response as JSON
2025-10-27 20:13:15,416 - INFO - [INFO] - Updated document_generated flag to True for tickers: ['DOT-USD']
2025-10-27 20:13:59,942 - INFO - [INFO] - Updated document_generated flag to True for tickers: ['ZBH']
2025-10-27 20:14:01,069 - INFO - [INFO] - Batch cycle completed. Processed: 5 tickers, 0 pipelines. Remaining: 408 tickers, 0 pipelines
2025-10-27 20:16:31,212 - WARNING - [ERR-0001] - [8a63f5d0] Attempting to extract JSON from text (length: 32531 chars) | From: helpers.py:extract_json_from_text()
2025-10-27 20:16:31,219 - WARNING - [ERR-0001] - [6b8339db] Successfully extracted JSON using end object pattern | From: helpers.py:extract_json_from_text()
2025-10-27 20:16:31,221 - INFO - [INFO] - Successfully parsed AI response as JSON
2025-10-27 20:17:00,946 - WARNING - [ERR-0001] - [29320603] Attempting to extract JSON from text (length: 44631 chars) | From: helpers.py:extract_json_from_text()
2025-10-27 20:17:00,952 - WARNING - [ERR-0001] - [54bc9cd9] Successfully extracted JSON using end object pattern | From: helpers.py:extract_json_from_text()
2025-10-27 20:17:00,956 - INFO - [INFO] - Successfully parsed AI response as JSON
2025-10-27 20:17:10,212 - INFO - [INFO] - Updated document_generated flag to True for tickers: ['WELL']
2025-10-27 20:17:35,225 - WARNING - [ERR-0001] - [0692b984] Attempting to extract JSON from text (length: 48553 chars) | From: helpers.py:extract_json_from_text()
2025-10-27 20:17:35,233 - WARNING - [ERR-0001] - [57e8fd0e] Successfully extracted JSON using end object pattern | From: helpers.py:extract_json_from_text()
2025-10-27 20:17:35,238 - INFO - [INFO] - Successfully parsed AI response as JSON
2025-10-27 20:17:35,851 - INFO - [INFO] - Updated document_generated flag to True for tickers: ['DOV']
2025-10-27 20:18:07,823 - WARNING - [ERR-0001] - [5b6166d0] Attempting to extract JSON from text (length: 58677 chars) | From: helpers.py:extract_json_from_text()
2025-10-27 20:18:07,831 - WARNING - [ERR-0001] - [bd925655] Successfully extracted JSON using end object pattern | From: helpers.py:extract_json_from_text()
2025-10-27 20:18:07,835 - INFO - [INFO] - Successfully parsed AI response as JSON
2025-10-27 20:18:18,292 - WARNING - [ERR-0001] - [8df0883a] Attempting to extract JSON from text (length: 10255 chars) | From: helpers.py:extract_json_from_text()
2025-10-27 20:18:18,302 - WARNING - [ERR-0001] - [40b9e955] Successfully extracted JSON using pattern: ```json\s*(\{.*\})\s*```... | From: helpers.py:extract_json_from_text()
2025-10-27 20:18:18,962 - INFO - [INFO] - Updated document_generated flag to True for tickers: ['DXCM']
2025-10-27 20:18:54,977 - INFO - [INFO] - Updated document_generated flag to True for tickers: ['TFC']
2025-10-27 20:19:52,834 - WARNING - [ERR-0001] - [dc2805c1] Attempting to extract JSON from text (length: 50266 chars) | From: helpers.py:extract_json_from_text()
2025-10-27 20:19:52,841 - WARNING - [ERR-0001] - [2b0a0c88] Successfully extracted JSON using end object pattern | From: helpers.py:extract_json_from_text()
2025-10-27 20:19:52,845 - INFO - [INFO] - Successfully parsed AI response as JSON
2025-10-27 20:20:21,341 - INFO - [INFO] - Updated document_generated flag to True for tickers: ['CRWD']
2025-10-27 20:20:22,399 - INFO - [INFO] - Batch cycle completed. Processed: 5 tickers, 0 pipelines. Remaining: 403 tickers, 0 pipelines
2025-10-27 20:22:41,279 - WARNING - [ERR-0001] - [8dfb9cbd] Attempting to extract JSON from text (length: 24651 chars) | From: helpers.py:extract_json_from_text()
2025-10-27 20:22:41,295 - WARNING - [ERR-0001] - [f239d811] Successfully extracted JSON using end object pattern | From: helpers.py:extract_json_from_text()
2025-10-27 20:22:41,297 - WARNING - [ERR-0001] - [c33ffb0c] Attempting to extract JSON from text (length: 24643 chars) | From: helpers.py:extract_json_from_text()
2025-10-27 20:22:41,303 - WARNING - [ERR-0001] - [2e2d915c] Successfully extracted JSON using end object pattern | From: helpers.py:extract_json_from_text()
2025-10-27 20:22:41,307 - INFO - [INFO] - Successfully parsed AI response as JSON
2025-10-27 20:22:56,790 - WARNING - [ERR-0001] - [637e02ff] Empty or non-string text provided to extract_json_from_text | From: helpers.py:extract_json_from_text()
2025-10-27 20:22:56,793 - ERROR - [ERR-0001] - [8e2b586e] Failed to extract valid JSON from AI response | From: holistic.py:run_holistic_market_model()
2025-10-27 20:22:56,795 - ERROR - [ERR-0404] - [cfa31c7d] Error in holistic_market_model | Exception: TypeError: 'NoneType' object is not subscriptable | From: holistic.py:run_holistic_market_model()
2025-10-27 20:23:36,920 - INFO - [INFO] - Updated document_generated flag to True for tickers: ['APO']
2025-10-27 20:23:58,756 - WARNING - [ERR-0001] - [fc1761c1] Attempting to extract JSON from text (length: 48269 chars) | From: helpers.py:extract_json_from_text()
2025-10-27 20:23:58,760 - WARNING - [ERR-0001] - [f2120ec2] Attempting to extract JSON from text (length: 49194 chars) | From: helpers.py:extract_json_from_text()
2025-10-27 20:23:58,767 - WARNING - [ERR-0001] - [3960641e] Successfully extracted JSON using end object pattern | From: helpers.py:extract_json_from_text()
2025-10-27 20:23:58,770 - WARNING - [ERR-0001] - [3be901c0] Successfully extracted JSON using end object pattern | From: helpers.py:extract_json_from_text()
2025-10-27 20:23:58,774 - INFO - [INFO] - Successfully parsed AI response as JSON
2025-10-27 20:23:58,776 - INFO - [INFO] - Successfully parsed AI response as JSON
2025-10-27 20:24:15,913 - INFO - [INFO] - Updated document_generated flag to True for tickers: ['USDMXN=X']
