2025-10-20 18:16:23,812 - INFO - [INFO] - Starting comprehensive dataset reset
2025-10-20 18:16:23,813 - INFO - [INFO] - Starting reset of document_generated field in tickers collection
2025-10-20 18:16:26,894 - INFO - [INFO] - Successfully updated 258 documents in tickers collection
2025-10-20 18:16:26,894 - INFO - [INFO] - Reset of document_generated field completed
2025-10-20 18:16:26,894 - INFO - [INFO] - Starting reset of task_completed field in pipeline collection
2025-10-20 18:16:27,179 - INFO - [INFO] - Successfully updated 0 documents in pipeline collection
2025-10-20 18:16:27,179 - INFO - [INFO] - Reset of task_completed field completed
2025-10-20 18:16:27,179 - INFO - [INFO] - Starting deletion of tickers with recurrence 'once'
2025-10-20 18:16:27,451 - INFO - [INFO] - Successfully deleted 0 documents with recurrence 'once' from tickers collection
2025-10-20 18:16:27,452 - INFO - [INFO] - Deletion of once tickers completed
2025-10-20 18:16:27,452 - INFO - [INFO] - Starting deletion of pipeline documents with recurrence 'once'
2025-10-20 18:16:27,725 - INFO - [INFO] - Successfully deleted 0 documents with recurrence 'once' from pipeline collection
2025-10-20 18:16:27,725 - INFO - [INFO] - Deletion of once pipeline documents completed
2025-10-20 18:16:27,725 - INFO - [INFO] - Starting deletion of all weigh_factors documents
2025-10-20 18:16:28,001 - INFO - [INFO] - Successfully deleted 6 documents from 'weight_factors'.
2025-10-20 18:16:28,001 - INFO - [INFO] - All reset operations completed successfully
2025-10-20 18:17:05,402 - WARNING - [ERR-0001] - [1ddf8e55] Attempting to extract JSON from text (length: 361 chars) | From: helpers.py:extract_json_from_text()
2025-10-20 18:17:05,405 - WARNING - [ERR-0001] - [cda466ca] Successfully extracted JSON using pattern: ```json\s*(\{.*\})\s*```... | From: helpers.py:extract_json_from_text()
2025-10-20 18:17:55,498 - WARNING - [ERR-0001] - [b4c722f6] Attempting to extract JSON from text (length: 14170 chars) | From: helpers.py:extract_json_from_text()
2025-10-20 18:17:55,502 - WARNING - [ERR-0001] - [1d3cfabc] JSON parsing failed for end object pattern: Expecting ',' delimiter: line 10 column 1589 (char 3876) | From: helpers.py:extract_json_from_text()
2025-10-20 18:17:55,511 - ERROR - [ERR-0404] - [97708aa5] Error in holistic_market_model | Exception: TypeError: 'int' object is not callable | From: holistic.py:run_holistic_market_model()
2025-10-20 18:18:14,658 - WARNING - [ERR-0001] - [08f96279] Attempting to extract JSON from text (length: 18977 chars) | From: helpers.py:extract_json_from_text()
2025-10-20 18:18:14,662 - WARNING - [ERR-0001] - [be9f2c49] Successfully extracted JSON using end object pattern | From: helpers.py:extract_json_from_text()
2025-10-20 18:18:14,662 - INFO - [INFO] - Successfully parsed AI response as JSON
2025-10-20 18:18:17,300 - WARNING - [ERR-0001] - [8c533c17] Attempting to extract JSON from text (length: 22828 chars) | From: helpers.py:extract_json_from_text()
2025-10-20 18:18:17,303 - WARNING - [ERR-0001] - [baa9bf49] Successfully extracted JSON using end object pattern | From: helpers.py:extract_json_from_text()
2025-10-20 18:18:17,305 - INFO - [INFO] - Successfully parsed AI response as JSON
2025-10-20 18:18:21,421 - WARNING - [ERR-0001] - [e08c45fd] Attempting to extract JSON from text (length: 20957 chars) | From: helpers.py:extract_json_from_text()
2025-10-20 18:18:21,422 - WARNING - [ERR-0001] - [a9350f41] Successfully extracted JSON using end object pattern | From: helpers.py:extract_json_from_text()
2025-10-20 18:18:21,423 - INFO - [INFO] - Successfully parsed AI response as JSON
2025-10-20 18:18:37,068 - WARNING - [ERR-0001] - [99a395d3] Attempting to extract JSON from text (length: 20052 chars) | From: helpers.py:extract_json_from_text()
2025-10-20 18:18:37,069 - WARNING - [ERR-0001] - [9c7268cf] Successfully extracted JSON using end object pattern | From: helpers.py:extract_json_from_text()
2025-10-20 18:18:37,073 - INFO - [INFO] - Successfully parsed AI response as JSON
2025-10-20 18:18:53,946 - INFO - [INFO] - Updated document_generated flag to True for tickers: ['BX']
2025-10-20 18:18:56,574 - INFO - [INFO] - Updated document_generated flag to True for tickers: ['APE-USD']
2025-10-20 18:19:05,566 - INFO - [INFO] - Updated document_generated flag to True for tickers: ['TFC']
2025-10-20 18:19:15,299 - INFO - [INFO] - Updated document_generated flag to True for tickers: ['LDOS']
2025-10-20 18:22:47,528 - WARNING - [ERR-0001] - [24a9679f] Attempting to extract JSON from text (length: 11198 chars) | From: helpers.py:extract_json_from_text()
2025-10-20 18:22:47,530 - WARNING - [ERR-0001] - [8f2a64de] Successfully extracted JSON using end object pattern | From: helpers.py:extract_json_from_text()
2025-10-20 18:22:47,530 - INFO - [INFO] - Successfully parsed AI response as JSON
2025-10-20 18:23:00,995 - WARNING - [ERR-0001] - [ef308710] Attempting to extract JSON from text (length: 18224 chars) | From: helpers.py:extract_json_from_text()
2025-10-20 18:23:00,998 - WARNING - [ERR-0001] - [f478a249] Successfully extracted JSON using end object pattern | From: helpers.py:extract_json_from_text()
2025-10-20 18:23:01,001 - INFO - [INFO] - Successfully parsed AI response as JSON
2025-10-20 18:23:01,852 - WARNING - [ERR-0001] - [0d80760a] Attempting to extract JSON from text (length: 12968 chars) | From: helpers.py:extract_json_from_text()
2025-10-20 18:23:01,856 - WARNING - [ERR-0001] - [e8fe9d94] Successfully extracted JSON using end object pattern | From: helpers.py:extract_json_from_text()
2025-10-20 18:23:01,856 - INFO - [INFO] - Successfully parsed AI response as JSON
2025-10-20 18:23:21,626 - WARNING - [ERR-0001] - [5cce89d6] Attempting to extract JSON from text (length: 27006 chars) | From: helpers.py:extract_json_from_text()
2025-10-20 18:23:21,630 - WARNING - [ERR-0001] - [1c000f5d] Successfully extracted JSON using end object pattern | From: helpers.py:extract_json_from_text()
2025-10-20 18:23:21,630 - INFO - [INFO] - Successfully parsed AI response as JSON
2025-10-20 18:23:22,258 - INFO - [INFO] - Updated document_generated flag to True for tickers: ['AKAM']
2025-10-20 18:23:26,402 - WARNING - [ERR-0001] - [84a30b11] Attempting to extract JSON from text (length: 24418 chars) | From: helpers.py:extract_json_from_text()
2025-10-20 18:23:26,405 - WARNING - [ERR-0001] - [fdd138ec] Successfully extracted JSON using end object pattern | From: helpers.py:extract_json_from_text()
2025-10-20 18:23:26,406 - INFO - [INFO] - Successfully parsed AI response as JSON
2025-10-20 18:23:31,443 - ERROR - [ERR-0103] - [3bba81b8] Error parsing factors response as JSON | Exception: JSONDecodeError: Expecting property name enclosed in double quotes: line 10 column 5 (char 325) | From: helpers.py:get_factors()
2025-10-20 18:23:31,446 - WARNING - [WARN-0002] - [bd78eaec] Raw factors response: {
  "factors": [
    {
      "name": "company_fundamentals",
      "value": {
        "description": "Lockheed Martin's Q1 and Q2 2025 sales and EPS generally improved or beat estimates, although Q1 c... | From: helpers.py:get_factors()
2025-10-20 18:23:32,047 - INFO - [INFO] - Updated document_generated flag to True for tickers: ['LMT']
2025-10-20 18:23:37,587 - INFO - [INFO] - Updated document_generated flag to True for tickers: ['KR']
2025-10-20 18:23:51,064 - INFO - [INFO] - Updated document_generated flag to True for tickers: ['TT']
2025-10-20 18:24:05,488 - INFO - [INFO] - Updated document_generated flag to True for tickers: ['ABBV']
2025-10-20 18:24:06,462 - INFO - [INFO] - Batch cycle completed. Processed: 5 tickers, 0 pipelines. Remaining: 403 tickers, 0 pipelines
2025-10-20 18:24:57,637 - WARNING - [ERR-0001] - [29329f60] Attempting to extract JSON from text (length: 12671 chars) | From: helpers.py:extract_json_from_text()
2025-10-20 18:24:57,639 - WARNING - [ERR-0001] - [a34615f9] Successfully extracted JSON using end object pattern | From: helpers.py:extract_json_from_text()
2025-10-20 18:24:57,639 - INFO - [INFO] - Successfully parsed AI response as JSON
2025-10-20 18:25:16,121 - INFO - [INFO] - Updated document_generated flag to True for tickers: ['SPGI']
2025-10-20 18:25:23,312 - WARNING - [ERR-0001] - [455c5996] Attempting to extract JSON from text (length: 12377 chars) | From: helpers.py:extract_json_from_text()
2025-10-20 18:25:23,315 - WARNING - [ERR-0001] - [764758fb] Successfully extracted JSON using end object pattern | From: helpers.py:extract_json_from_text()
2025-10-20 18:25:23,315 - INFO - [INFO] - Successfully parsed AI response as JSON
2025-10-20 18:25:33,905 - WARNING - [ERR-0001] - [be131cb0] Attempting to extract JSON from text (length: 22990 chars) | From: helpers.py:extract_json_from_text()
2025-10-20 18:25:33,909 - WARNING - [ERR-0001] - [22f33788] Successfully extracted JSON using end object pattern | From: helpers.py:extract_json_from_text()
2025-10-20 18:25:33,909 - INFO - [INFO] - Successfully parsed AI response as JSON
2025-10-20 18:25:38,081 - WARNING - [ERR-0001] - [109f0cf6] Attempting to extract JSON from text (length: 24437 chars) | From: helpers.py:extract_json_from_text()
2025-10-20 18:25:38,085 - WARNING - [ERR-0001] - [b9c89bcb] Successfully extracted JSON using end object pattern | From: helpers.py:extract_json_from_text()
2025-10-20 18:25:38,085 - INFO - [INFO] - Successfully parsed AI response as JSON
2025-10-20 18:26:01,128 - WARNING - [ERR-0001] - [ff363e87] Attempting to extract JSON from text (length: 27643 chars) | From: helpers.py:extract_json_from_text()
2025-10-20 18:26:01,131 - WARNING - [ERR-0001] - [733538ff] Successfully extracted JSON using end object pattern | From: helpers.py:extract_json_from_text()
2025-10-20 18:26:01,132 - INFO - [INFO] - Successfully parsed AI response as JSON
2025-10-20 18:26:06,325 - INFO - [INFO] - Updated document_generated flag to True for tickers: ['MCK']
2025-10-20 18:26:14,032 - INFO - [INFO] - Updated document_generated flag to True for tickers: ['WRK']
2025-10-20 18:26:14,774 - INFO - [INFO] - Updated document_generated flag to True for tickers: ['RHI']
2025-10-20 18:26:37,965 - INFO - [INFO] - Updated document_generated flag to True for tickers: ['EOG']
2025-10-20 18:26:38,952 - INFO - [INFO] - Batch cycle completed. Processed: 5 tickers, 0 pipelines. Remaining: 398 tickers, 0 pipelines
2025-10-20 18:27:46,571 - WARNING - [ERR-0001] - [2ea743d2] Attempting to extract JSON from text (length: 14424 chars) | From: helpers.py:extract_json_from_text()
2025-10-20 18:27:46,574 - WARNING - [ERR-0001] - [270275b4] Successfully extracted JSON using end object pattern | From: helpers.py:extract_json_from_text()
2025-10-20 18:27:46,574 - INFO - [INFO] - Successfully parsed AI response as JSON
2025-10-20 18:28:07,554 - WARNING - [ERR-0001] - [27664794] Attempting to extract JSON from text (length: 22961 chars) | From: helpers.py:extract_json_from_text()
2025-10-20 18:28:07,559 - WARNING - [ERR-0001] - [964c18b2] Successfully extracted JSON using end object pattern | From: helpers.py:extract_json_from_text()
2025-10-20 18:28:07,562 - INFO - [INFO] - Successfully parsed AI response as JSON
2025-10-20 18:28:15,147 - WARNING - [ERR-0001] - [6f420c2b] Attempting to extract JSON from text (length: 27611 chars) | From: helpers.py:extract_json_from_text()
2025-10-20 18:28:15,149 - WARNING - [ERR-0001] - [5b11c010] Successfully extracted JSON using end object pattern | From: helpers.py:extract_json_from_text()
2025-10-20 18:28:15,149 - INFO - [INFO] - Successfully parsed AI response as JSON
2025-10-20 18:28:16,109 - WARNING - [ERR-0001] - [0e8f299b] Attempting to extract JSON from text (length: 22066 chars) | From: helpers.py:extract_json_from_text()
2025-10-20 18:28:16,111 - WARNING - [ERR-0001] - [dbfdb97e] Successfully extracted JSON using end object pattern | From: helpers.py:extract_json_from_text()
2025-10-20 18:28:16,112 - INFO - [INFO] - Successfully parsed AI response as JSON
2025-10-20 18:28:22,039 - WARNING - [ERR-0001] - [f17be7bd] Attempting to extract JSON from text (length: 22784 chars) | From: helpers.py:extract_json_from_text()
2025-10-20 18:28:22,040 - WARNING - [ERR-0001] - [4084d7ec] Successfully extracted JSON using end object pattern | From: helpers.py:extract_json_from_text()
2025-10-20 18:28:22,041 - INFO - [INFO] - Successfully parsed AI response as JSON
2025-10-20 18:28:25,076 - INFO - [INFO] - Updated document_generated flag to True for tickers: ['EQIX']
2025-10-20 18:28:40,465 - INFO - [INFO] - Updated document_generated flag to True for tickers: ['ALV']
2025-10-20 18:28:42,919 - ERROR - [ERR-0103] - [7eb4b684] Error parsing factors response as JSON | Exception: JSONDecodeError: Expecting property name enclosed in double quotes: line 10 column 5 (char 421) | From: helpers.py:get_factors()
2025-10-20 18:28:42,921 - WARNING - [WARN-0002] - [5b328358] Raw factors response: {
  "factors": [
    {
      "name": "macroeconomic_conditions",
      "value": {
        "description": "France's economic growth is expected to decelerate in 2025, with forecasts around 0.6-0.9%, wh... | From: helpers.py:get_factors()
2025-10-20 18:28:43,537 - INFO - [INFO] - Updated document_generated flag to True for tickers: ['^FCHI']
2025-10-20 18:28:51,322 - INFO - [INFO] - Updated document_generated flag to True for tickers: ['PG']
2025-10-20 18:28:55,600 - INFO - [INFO] - Updated document_generated flag to True for tickers: ['NTAP']
2025-10-20 18:28:56,584 - INFO - [INFO] - Batch cycle completed. Processed: 5 tickers, 0 pipelines. Remaining: 393 tickers, 0 pipelines
2025-10-20 19:58:50,308 - ERROR - [ERR-0001] - [26a753bc] MongoDB operation failed for collection 'tickers' | Exception: OperationFailure: Unknown type name alias: String, full error: {'ok': 0.0, 'errmsg': 'Unknown type name alias: String', 'code': 2, 'codeName': 'BadValue', '$clusterTime': {'clusterTime': Timestamp(1760965130, 1), 'signature': {'hash': b'\xe5\xf9\xdd\x94\x88\r\xd7\xd1\x17\xc4\x960\x1a\x85\xd2\x14\x1f\x89H~', 'keyId': 7506211452982657031}}, 'operationTime': Timestamp(1760965130, 1)} | From: create_mongodb_db.py:create_collection_with_schema()
2025-10-20 19:58:50,309 - ERROR - [ERR-0001] - [6e0f997b] Failed during sequential operation | From: create_mongodb_db.py:create_alphagora_database()
2025-10-20 20:01:00,286 - INFO - [INFO] - MongoDB connection closed
2025-10-20 20:40:34,376 - ERROR - [ERR-0001] - [bb932e7e] Failed to parse AI response: ```json
{
"description": "Apple Inc. (AAPL) is an American multinational technology company that designs, manufactures, and sells consumer electronics, software, and online services, including smartphones, personal computers, tablets, and wearables.",
"sector": "Technology"
}
``` | Exception: JSONDecodeError: Expecting value: line 1 column 1 (char 0) | From: analysis.py:run_analysis()
2025-10-20 21:11:16,761 - WARNING - [ERR-0001] - [1a394c12] Attempting to extract JSON from text (length: 23796 chars) | From: helpers.py:extract_json_from_text()
2025-10-20 21:11:16,763 - WARNING - [ERR-0001] - [0820b13f] Successfully extracted JSON using end object pattern | From: helpers.py:extract_json_from_text()
2025-10-20 21:11:16,764 - INFO - [INFO] - Successfully parsed AI response as JSON
2025-10-20 21:11:32,586 - WARNING - [ERR-0001] - [7cf428d1] Attempting to extract JSON from text (length: 27540 chars) | From: helpers.py:extract_json_from_text()
2025-10-20 21:11:32,590 - WARNING - [ERR-0001] - [10354693] Successfully extracted JSON using end object pattern | From: helpers.py:extract_json_from_text()
2025-10-20 21:11:32,591 - INFO - [INFO] - Successfully parsed AI response as JSON
2025-10-20 21:11:35,927 - WARNING - [ERR-0001] - [514ae5c1] Attempting to extract JSON from text (length: 27228 chars) | From: helpers.py:extract_json_from_text()
2025-10-20 21:11:35,930 - WARNING - [ERR-0001] - [92e29161] Successfully extracted JSON using end object pattern | From: helpers.py:extract_json_from_text()
2025-10-20 21:11:35,931 - INFO - [INFO] - Successfully parsed AI response as JSON
2025-10-20 21:11:37,023 - INFO - [INFO] - Updated document_generated flag to True for tickers: ['EURAUD=X']
2025-10-20 21:12:00,876 - WARNING - [ERR-0001] - [53f7253b] Attempting to extract JSON from text (length: 27010 chars) | From: helpers.py:extract_json_from_text()
2025-10-20 21:12:00,896 - WARNING - [ERR-0001] - [3a4c917d] Successfully extracted JSON using pattern: ```json\s*(\{.*\})\s*```... | From: helpers.py:extract_json_from_text()
2025-10-20 21:12:00,897 - WARNING - [ERR-0001] - [18032bea] Attempting to extract JSON from text (length: 23631 chars) | From: helpers.py:extract_json_from_text()
2025-10-20 21:12:00,899 - WARNING - [ERR-0001] - [65dcf788] Successfully extracted JSON using end object pattern | From: helpers.py:extract_json_from_text()
2025-10-20 21:12:00,899 - INFO - [INFO] - Successfully parsed AI response as JSON
2025-10-20 21:12:01,889 - INFO - [INFO] - Updated document_generated flag to True for tickers: ['AMP']
2025-10-20 21:12:17,255 - INFO - [INFO] - Updated document_generated flag to True for tickers: ['AZO']
