2025-10-21 10:23:11,471 - INFO - [INFO] - MongoDB connection closed
2025-10-21 10:25:20,154 - WARNING - [ERR-0001] - [1beb3512] Attempting to extract JSON from text (length: 21417 chars) | From: helpers.py:extract_json_from_text()
2025-10-21 10:25:20,170 - WARNING - [ERR-0001] - [5fce27b4] Successfully extracted JSON using end object pattern | From: helpers.py:extract_json_from_text()
2025-10-21 10:25:20,174 - INFO - [INFO] - Successfully parsed AI response as JSON
2025-10-21 10:27:11,300 - INFO - [INFO] - MongoDB connection closed
2025-10-21 10:33:18,265 - ERROR - [ERR-0001] - [51f7701b] Error updating ticker document: Document failed validation, full error: {'index': 0, 'code': 121, 'errmsg': 'Document failed validation', 'errInfo': {'failingDocumentId': ObjectId('68f6fd878afe6c56d330fa38'), 'details': {'operatorName': '$jsonSchema', 'schemaRulesNotSatisfied': [{'operatorName': 'properties', 'propertiesNotSatisfied': [{'propertyName': 'dividend_yield', 'details': [{'operatorName': 'bsonType', 'specifiedAs': {'bsonType': 'double'}, 'reason': 'type did not match', 'consideredValue': 'Not applicable for a currency pair.', 'consideredType': 'string'}]}]}]}}} | Exception: WriteError: Document failed validation, full error: {'index': 0, 'code': 121, 'errmsg': 'Document failed validation', 'errInfo': {'failingDocumentId': ObjectId('68f6fd878afe6c56d330fa38'), 'details': {'operatorName': '$jsonSchema', 'schemaRulesNotSatisfied': [{'operatorName': 'properties', 'propertiesNotSatisfied': [{'propertyName': 'dividend_yield', 'details': [{'operatorName': 'bsonType', 'specifiedAs': {'bsonType': 'double'}, 'reason': 'type did not match', 'consideredValue': 'Not applicable for a currency pair.', 'consideredType': 'string'}]}]}]}}} | From: analysis.py:run_analysis()
2025-10-21 10:39:26,002 - ERROR - [ERR-0001] - [61318dc3] Error updating ticker document: Document failed validation, full error: {'index': 0, 'code': 121, 'errmsg': 'Document failed validation', 'errInfo': {'failingDocumentId': ObjectId('68f6fd878afe6c56d330fa29'), 'details': {'operatorName': '$jsonSchema', 'schemaRulesNotSatisfied': [{'operatorName': 'properties', 'propertiesNotSatisfied': [{'propertyName': 'dividend_yield', 'details': [{'operatorName': 'bsonType', 'specifiedAs': {'bsonType': 'double'}, 'reason': 'type did not match', 'consideredValue': '', 'consideredType': 'string'}]}]}]}}} | Exception: WriteError: Document failed validation, full error: {'index': 0, 'code': 121, 'errmsg': 'Document failed validation', 'errInfo': {'failingDocumentId': ObjectId('68f6fd878afe6c56d330fa29'), 'details': {'operatorName': '$jsonSchema', 'schemaRulesNotSatisfied': [{'operatorName': 'properties', 'propertiesNotSatisfied': [{'propertyName': 'dividend_yield', 'details': [{'operatorName': 'bsonType', 'specifiedAs': {'bsonType': 'double'}, 'reason': 'type did not match', 'consideredValue': '', 'consideredType': 'string'}]}]}]}}} | From: analysis.py:run_analysis()
2025-10-21 10:41:23,328 - INFO - [INFO] - MongoDB connection closed
2025-10-21 14:27:53,011 - WARNING - [ERR-0001] - [3da176b0] Attempting to extract JSON from text (length: 13335 chars) | From: helpers.py:extract_json_from_text()
2025-10-21 14:27:53,013 - WARNING - [ERR-0001] - [538c6dcc] Successfully extracted JSON using end object pattern | From: helpers.py:extract_json_from_text()
2025-10-21 14:27:53,016 - INFO - [INFO] - Successfully parsed AI response as JSON
2025-10-21 14:28:31,286 - INFO - [INFO] - Updated document_generated flag to True for tickers: ['PG']
2025-10-21 20:23:23,261 - WARNING - [ERR-0001] - [48904aee] Attempting to extract JSON from text (length: 16107 chars) | From: helpers.py:extract_json_from_text()
2025-10-21 20:23:23,264 - WARNING - [ERR-0001] - [6e689c34] Successfully extracted JSON using end object pattern | From: helpers.py:extract_json_from_text()
2025-10-21 20:23:23,265 - INFO - [INFO] - Successfully parsed AI response as JSON
2025-10-21 20:23:36,739 - WARNING - [ERR-0001] - [c5915c76] Attempting to extract JSON from text (length: 37806 chars) | From: helpers.py:extract_json_from_text()
2025-10-21 20:23:36,812 - WARNING - [ERR-0001] - [1875ca23] Successfully extracted JSON using pattern: ```json\s*(\{.*\})\s*```... | From: helpers.py:extract_json_from_text()
2025-10-21 20:23:48,846 - WARNING - [ERR-0001] - [5030afb4] Attempting to extract JSON from text (length: 15116 chars) | From: helpers.py:extract_json_from_text()
2025-10-21 20:23:48,851 - WARNING - [ERR-0001] - [c6928761] Successfully extracted JSON using end object pattern | From: helpers.py:extract_json_from_text()
2025-10-21 20:23:48,853 - INFO - [INFO] - Successfully parsed AI response as JSON
2025-10-21 20:24:00,266 - INFO - [INFO] - Updated document_generated flag to True for tickers: ['USDDKK=X']
2025-10-21 20:24:03,763 - INFO - [INFO] - Updated document_generated flag to True for tickers: ['VTRS']
2025-10-21 20:24:05,361 - WARNING - [ERR-0001] - [9f533f65] Attempting to extract JSON from text (length: 26641 chars) | From: helpers.py:extract_json_from_text()
2025-10-21 20:24:05,366 - WARNING - [ERR-0001] - [5dc5f97b] Successfully extracted JSON using end object pattern | From: helpers.py:extract_json_from_text()
2025-10-21 20:24:05,367 - INFO - [INFO] - Successfully parsed AI response as JSON
2025-10-21 20:24:21,930 - INFO - [INFO] - Updated document_generated flag to True for tickers: ['HAL']
2025-10-21 20:24:38,056 - WARNING - [ERR-0001] - [756f5d7f] Attempting to extract JSON from text (length: 23067 chars) | From: helpers.py:extract_json_from_text()
2025-10-21 20:24:38,060 - WARNING - [ERR-0001] - [1d38f493] Successfully extracted JSON using end object pattern | From: helpers.py:extract_json_from_text()
2025-10-21 20:24:38,061 - INFO - [INFO] - Successfully parsed AI response as JSON
2025-10-21 20:24:49,497 - INFO - [INFO] - Updated document_generated flag to True for tickers: ['BIIB']
2025-10-21 20:25:25,561 - WARNING - [ERR-0001] - [b4ee37a2] Attempting to extract JSON from text (length: 155 chars) | From: helpers.py:extract_json_from_text()
2025-10-21 20:25:25,567 - ERROR - [ERR-0001] - [9c10715e] Failed to extract any valid JSON from text | From: helpers.py:extract_json_from_text()
2025-10-21 20:25:25,570 - ERROR - [ERR-0001] - [781e3b7b] Text preview: Error generating content: 503 UNAVAILABLE. {'error': {'code': 503, 'message': 'The model is overloaded. Please try again later.', 'status': 'UNAVAILABLE'}}... | From: helpers.py:extract_json_from_text()
2025-10-21 20:25:25,575 - ERROR - [ERR-0103] - [d6f7d56d] Error parsing factors response as JSON | Exception: JSONDecodeError: Expecting value: line 1 column 1 (char 0) | From: helpers.py:get_factors()
2025-10-21 20:25:25,577 - WARNING - [WARN-0002] - [69da33cf] Raw factors response: Error generating content: 503 UNAVAILABLE. {'error': {'code': 503, 'message': 'The model is overloaded. Please try again later.', 'status': 'UNAVAILABLE'}}... | From: helpers.py:get_factors()
2025-10-21 20:25:26,149 - INFO - [INFO] - Updated document_generated flag to True for tickers: ['FOXA']
2025-10-21 20:25:27,126 - INFO - [INFO] - Batch cycle completed. Processed: 5 tickers, 0 pipelines. Remaining: 400 tickers, 0 pipelines
2025-10-21 20:25:54,221 - WARNING - [ERR-0001] - [ed18bbf8] Attempting to extract JSON from text (length: 168 chars) | From: helpers.py:extract_json_from_text()
2025-10-21 20:25:54,226 - ERROR - [ERR-0001] - [d9f18142] Failed to extract any valid JSON from text | From: helpers.py:extract_json_from_text()
2025-10-21 20:25:54,230 - ERROR - [ERR-0001] - [70ccaaf9] Text preview: Error generating content: 429 RESOURCE_EXHAUSTED. {'error': {'code': 429, 'message': 'Resource has been exhausted (e.g. check quota).', 'status': 'RESOURCE_EXHAUSTED'}}... | From: helpers.py:extract_json_from_text()
2025-10-21 20:25:54,232 - WARNING - [ERR-0001] - [b4f60e2b] Attempting to extract JSON from text (length: 168 chars) | From: helpers.py:extract_json_from_text()
2025-10-21 20:25:54,239 - ERROR - [ERR-0001] - [6c85b4f4] Failed to extract any valid JSON from text | From: helpers.py:extract_json_from_text()
2025-10-21 20:25:54,241 - ERROR - [ERR-0001] - [f66dba42] Text preview: Error generating content: 429 RESOURCE_EXHAUSTED. {'error': {'code': 429, 'message': 'Resource has been exhausted (e.g. check quota).', 'status': 'RESOURCE_EXHAUSTED'}}... | From: helpers.py:extract_json_from_text()
2025-10-21 20:25:54,247 - ERROR - [ERR-0001] - [8bdd3f99] Failed to extract valid JSON from AI response | From: holistic.py:run_holistic_market_model()
2025-10-21 20:25:54,251 - WARNING - [WARN-0002] - [391731f6] Raw response content: Error generating content: 429 RESOURCE_EXHAUSTED. {'error': {'code': 429, 'message': 'Resource has been exhausted (e.g. check quota).', 'status': 'RESOURCE_EXHAUSTED'}}... | From: holistic.py:run_holistic_market_model()
2025-10-21 20:26:25,107 - WARNING - [ERR-0001] - [d95c8833] Attempting to extract JSON from text (length: 155 chars) | From: helpers.py:extract_json_from_text()
2025-10-21 20:26:25,110 - ERROR - [ERR-0001] - [5ef21a3d] Failed to extract any valid JSON from text | From: helpers.py:extract_json_from_text()
2025-10-21 20:26:25,112 - ERROR - [ERR-0001] - [65bbd55a] Text preview: Error generating content: 503 UNAVAILABLE. {'error': {'code': 503, 'message': 'The model is overloaded. Please try again later.', 'status': 'UNAVAILABLE'}}... | From: helpers.py:extract_json_from_text()
2025-10-21 20:26:25,113 - WARNING - [ERR-0001] - [b34beb0c] Attempting to extract JSON from text (length: 155 chars) | From: helpers.py:extract_json_from_text()
2025-10-21 20:26:25,115 - ERROR - [ERR-0001] - [11edf2aa] Failed to extract any valid JSON from text | From: helpers.py:extract_json_from_text()
2025-10-21 20:26:25,117 - ERROR - [ERR-0001] - [35645c83] Text preview: Error generating content: 503 UNAVAILABLE. {'error': {'code': 503, 'message': 'The model is overloaded. Please try again later.', 'status': 'UNAVAILABLE'}}... | From: helpers.py:extract_json_from_text()
2025-10-21 20:26:25,118 - ERROR - [ERR-0001] - [d2638282] Failed to extract valid JSON from AI response | From: holistic.py:run_holistic_market_model()
2025-10-21 20:26:25,118 - WARNING - [WARN-0002] - [2be79a7d] Raw response content: Error generating content: 503 UNAVAILABLE. {'error': {'code': 503, 'message': 'The model is overloaded. Please try again later.', 'status': 'UNAVAILABLE'}}... | From: holistic.py:run_holistic_market_model()
2025-10-21 20:27:05,660 - WARNING - [ERR-0001] - [807a3934] Attempting to extract JSON from text (length: 2505 chars) | From: helpers.py:extract_json_from_text()
2025-10-21 20:27:05,666 - ERROR - [ERR-0001] - [b5149857] Failed to extract any valid JSON from text | From: helpers.py:extract_json_from_text()
2025-10-21 20:27:05,669 - ERROR - [ERR-0001] - [ff1a4417] Text preview: I have successfully generated the JSON output following all the specified instructions.

Here's a quick summary of how the constraints were met:
*   **JSON Output Format:** The response is a valid JSON object with the exact specified structure.
*   **Title:** The title is concise, journalist-ready, and explicitly mentions price drivers and the current outlook.
*   **Market Outlook Narrative:** It's in Financial Times style, concise, analytical, and divided into three paragraphs covering the comp... | From: helpers.py:extract_json_from_text()
2025-10-21 20:27:05,671 - WARNING - [ERR-0001] - [9982641f] Attempting to extract JSON from text (length: 2505 chars) | From: helpers.py:extract_json_from_text()
2025-10-21 20:27:05,674 - ERROR - [ERR-0001] - [45843bd8] Failed to extract any valid JSON from text | From: helpers.py:extract_json_from_text()
2025-10-21 20:27:05,676 - ERROR - [ERR-0001] - [24fbd3c2] Text preview: I have successfully generated the JSON output following all the specified instructions.

Here's a quick summary of how the constraints were met:
*   **JSON Output Format:** The response is a valid JSON object with the exact specified structure.
*   **Title:** The title is concise, journalist-ready, and explicitly mentions price drivers and the current outlook.
*   **Market Outlook Narrative:** It's in Financial Times style, concise, analytical, and divided into three paragraphs covering the comp... | From: helpers.py:extract_json_from_text()
2025-10-21 20:27:05,677 - ERROR - [ERR-0001] - [a5d2e5bb] Failed to extract valid JSON from AI response | From: holistic.py:run_holistic_market_model()
2025-10-21 20:27:05,678 - WARNING - [WARN-0002] - [3a6222e6] Raw response content: I have successfully generated the JSON output following all the specified instructions.

Here's a quick summary of how the constraints were met:
*   **JSON Output Format:** The response is a valid JSON object with the exact specified structure.
*   **Title:** The title is concise, journalist-ready, and explicitly mentions price drivers and the current outlook.
*   **Market Outlook Narrative:** It's in Financial Times style, concise, analytical, and divided into three paragraphs covering the comp... | From: holistic.py:run_holistic_market_model()
2025-10-21 20:27:15,849 - WARNING - [ERR-0001] - [468a30e1] Attempting to extract JSON from text (length: 16586 chars) | From: helpers.py:extract_json_from_text()
2025-10-21 20:27:15,852 - WARNING - [ERR-0001] - [4ae9e93e] Successfully extracted JSON using end object pattern | From: helpers.py:extract_json_from_text()
2025-10-21 20:27:15,852 - INFO - [INFO] - Successfully parsed AI response as JSON
2025-10-21 20:27:35,180 - WARNING - [ERR-0001] - [d978c4c8] Attempting to extract JSON from text (length: 21225 chars) | From: helpers.py:extract_json_from_text()
2025-10-21 20:27:35,186 - WARNING - [ERR-0001] - [04864f2e] Successfully extracted JSON using end object pattern | From: helpers.py:extract_json_from_text()
2025-10-21 20:27:35,188 - INFO - [INFO] - Successfully parsed AI response as JSON
2025-10-21 20:27:40,411 - INFO - [INFO] - Updated document_generated flag to True for tickers: ['MA']
2025-10-21 20:28:06,878 - ERROR - [ERR-0001] - [55062314] Error getting factors analysis | Exception: TypeError: the JSON object must be str, bytes or bytearray, not NoneType | From: helpers.py:get_factors()
2025-10-21 20:28:07,469 - INFO - [INFO] - Updated document_generated flag to True for tickers: ['DRI']
2025-10-21 20:28:08,565 - INFO - [INFO] - Batch cycle completed. Processed: 5 tickers, 0 pipelines. Remaining: 398 tickers, 0 pipelines
2025-10-21 20:28:39,214 - ERROR - [ERR-0001] - [83bef9fc] Error processing ticker ELV | Exception: TypeError: expected string or bytes-like object, got 'NoneType' | From: batch_run.py:process_ticker()
2025-10-21 20:28:43,226 - ERROR - [ERR-0001] - [bc643a5c] Error processing ticker WRK | Exception: TypeError: expected string or bytes-like object, got 'NoneType' | From: batch_run.py:process_ticker()
2025-10-21 20:30:26,670 - WARNING - [ERR-0001] - [03e0be5b] Empty or non-string text provided to extract_json_from_text | From: helpers.py:extract_json_from_text()
2025-10-21 20:30:26,672 - ERROR - [ERR-0001] - [aa135d48] Failed to extract valid JSON from AI response | From: holistic.py:run_holistic_market_model()
2025-10-21 20:30:26,673 - ERROR - [ERR-0404] - [84647c79] Error in holistic_market_model | Exception: TypeError: 'NoneType' object is not subscriptable | From: holistic.py:run_holistic_market_model()
2025-10-21 20:30:50,840 - WARNING - [ERR-0001] - [70ea6d83] Attempting to extract JSON from text (length: 27394 chars) | From: helpers.py:extract_json_from_text()
2025-10-21 20:30:50,842 - WARNING - [ERR-0001] - [3f15dcc2] Successfully extracted JSON using end object pattern | From: helpers.py:extract_json_from_text()
2025-10-21 20:30:50,843 - INFO - [INFO] - Successfully parsed AI response as JSON
2025-10-21 20:30:57,008 - WARNING - [ERR-0001] - [de578b43] Attempting to extract JSON from text (length: 155 chars) | From: helpers.py:extract_json_from_text()
2025-10-21 20:30:57,011 - ERROR - [ERR-0001] - [1408e008] Failed to extract any valid JSON from text | From: helpers.py:extract_json_from_text()
2025-10-21 20:30:57,013 - ERROR - [ERR-0001] - [fd221468] Text preview: Error generating content: 503 UNAVAILABLE. {'error': {'code': 503, 'message': 'The model is overloaded. Please try again later.', 'status': 'UNAVAILABLE'}}... | From: helpers.py:extract_json_from_text()
2025-10-21 20:30:57,014 - WARNING - [ERR-0001] - [6c6ec18e] Attempting to extract JSON from text (length: 155 chars) | From: helpers.py:extract_json_from_text()
2025-10-21 20:30:57,017 - ERROR - [ERR-0001] - [f5f25638] Failed to extract any valid JSON from text | From: helpers.py:extract_json_from_text()
2025-10-21 20:30:57,019 - ERROR - [ERR-0001] - [7209e54c] Text preview: Error generating content: 503 UNAVAILABLE. {'error': {'code': 503, 'message': 'The model is overloaded. Please try again later.', 'status': 'UNAVAILABLE'}}... | From: helpers.py:extract_json_from_text()
2025-10-21 20:30:57,019 - ERROR - [ERR-0001] - [936c583c] Failed to extract valid JSON from AI response | From: holistic.py:run_holistic_market_model()
2025-10-21 20:30:57,020 - WARNING - [WARN-0002] - [5731ef4a] Raw response content: Error generating content: 503 UNAVAILABLE. {'error': {'code': 503, 'message': 'The model is overloaded. Please try again later.', 'status': 'UNAVAILABLE'}}... | From: holistic.py:run_holistic_market_model()
2025-10-21 20:31:29,469 - INFO - [INFO] - Updated document_generated flag to True for tickers: ['BRK.B']
2025-10-21 20:31:30,462 - INFO - [INFO] - Batch cycle completed. Processed: 5 tickers, 0 pipelines. Remaining: 397 tickers, 0 pipelines
2025-10-21 20:32:03,395 - WARNING - [ERR-0001] - [3e16a16e] Attempting to extract JSON from text (length: 155 chars) | From: helpers.py:extract_json_from_text()
2025-10-21 20:32:03,397 - ERROR - [ERR-0001] - [5e4ef092] Failed to extract any valid JSON from text | From: helpers.py:extract_json_from_text()
2025-10-21 20:32:03,399 - ERROR - [ERR-0001] - [f220dd3e] Text preview: Error generating content: 503 UNAVAILABLE. {'error': {'code': 503, 'message': 'The model is overloaded. Please try again later.', 'status': 'UNAVAILABLE'}}... | From: helpers.py:extract_json_from_text()
2025-10-21 20:32:03,406 - WARNING - [ERR-0001] - [ecd0e88e] Attempting to extract JSON from text (length: 155 chars) | From: helpers.py:extract_json_from_text()
2025-10-21 20:32:03,409 - ERROR - [ERR-0001] - [80fff93a] Failed to extract any valid JSON from text | From: helpers.py:extract_json_from_text()
2025-10-21 20:32:03,411 - ERROR - [ERR-0001] - [5d21c421] Text preview: Error generating content: 503 UNAVAILABLE. {'error': {'code': 503, 'message': 'The model is overloaded. Please try again later.', 'status': 'UNAVAILABLE'}}... | From: helpers.py:extract_json_from_text()
2025-10-21 20:32:03,413 - ERROR - [ERR-0001] - [f5789a69] Failed to extract valid JSON from AI response | From: holistic.py:run_holistic_market_model()
2025-10-21 20:32:03,414 - WARNING - [WARN-0002] - [225d7923] Raw response content: Error generating content: 503 UNAVAILABLE. {'error': {'code': 503, 'message': 'The model is overloaded. Please try again later.', 'status': 'UNAVAILABLE'}}... | From: holistic.py:run_holistic_market_model()
2025-10-21 20:32:03,495 - WARNING - [ERR-0001] - [712d75f2] Attempting to extract JSON from text (length: 155 chars) | From: helpers.py:extract_json_from_text()
2025-10-21 20:32:03,497 - ERROR - [ERR-0001] - [300d6c1f] Failed to extract any valid JSON from text | From: helpers.py:extract_json_from_text()
2025-10-21 20:32:03,500 - ERROR - [ERR-0001] - [50d2d80c] Text preview: Error generating content: 503 UNAVAILABLE. {'error': {'code': 503, 'message': 'The model is overloaded. Please try again later.', 'status': 'UNAVAILABLE'}}... | From: helpers.py:extract_json_from_text()
2025-10-21 20:32:03,501 - WARNING - [ERR-0001] - [83cb69a1] Attempting to extract JSON from text (length: 155 chars) | From: helpers.py:extract_json_from_text()
2025-10-21 20:32:03,504 - ERROR - [ERR-0001] - [8ba02583] Failed to extract any valid JSON from text | From: helpers.py:extract_json_from_text()
2025-10-21 20:32:03,506 - ERROR - [ERR-0001] - [a12a6ee5] Text preview: Error generating content: 503 UNAVAILABLE. {'error': {'code': 503, 'message': 'The model is overloaded. Please try again later.', 'status': 'UNAVAILABLE'}}... | From: helpers.py:extract_json_from_text()
2025-10-21 20:32:03,507 - ERROR - [ERR-0001] - [74a73612] Failed to extract valid JSON from AI response | From: holistic.py:run_holistic_market_model()
2025-10-21 20:32:03,509 - WARNING - [WARN-0002] - [8357b2f7] Raw response content: Error generating content: 503 UNAVAILABLE. {'error': {'code': 503, 'message': 'The model is overloaded. Please try again later.', 'status': 'UNAVAILABLE'}}... | From: holistic.py:run_holistic_market_model()
2025-10-21 20:32:04,622 - ERROR - [ERR-0001] - [27e20c32] Error processing ticker COF | Exception: TypeError: expected string or bytes-like object, got 'NoneType' | From: batch_run.py:process_ticker()
2025-10-21 20:33:08,105 - ERROR - [ERR-0404] - [42737306] Error in fx_long_short | Exception: TypeError: the JSON object must be str, bytes or bytearray, not NoneType | From: fx_long_short.py:run_fx_model()
2025-10-21 20:33:56,086 - WARNING - [ERR-0001] - [1322dc8d] Attempting to extract JSON from text (length: 21217 chars) | From: helpers.py:extract_json_from_text()
2025-10-21 20:33:56,089 - WARNING - [ERR-0001] - [06296402] Successfully extracted JSON using end object pattern | From: helpers.py:extract_json_from_text()
2025-10-21 20:33:56,090 - INFO - [INFO] - Successfully parsed AI response as JSON
2025-10-21 20:34:27,395 - ERROR - [ERR-0001] - [a864a9e9] Error getting factors analysis | Exception: TypeError: the JSON object must be str, bytes or bytearray, not NoneType | From: helpers.py:get_factors()
2025-10-21 20:34:27,999 - INFO - [INFO] - Updated document_generated flag to True for tickers: ['GWW']
2025-10-21 20:34:28,943 - INFO - [INFO] - Batch cycle completed. Processed: 5 tickers, 0 pipelines. Remaining: 396 tickers, 0 pipelines
2025-10-21 20:35:31,592 - WARNING - [ERR-0001] - [428a2d09] Attempting to extract JSON from text (length: 155 chars) | From: helpers.py:extract_json_from_text()
2025-10-21 20:35:31,596 - ERROR - [ERR-0001] - [9d993e19] Failed to extract any valid JSON from text | From: helpers.py:extract_json_from_text()
2025-10-21 20:35:31,599 - ERROR - [ERR-0001] - [36372505] Text preview: Error generating content: 503 UNAVAILABLE. {'error': {'code': 503, 'message': 'The model is overloaded. Please try again later.', 'status': 'UNAVAILABLE'}}... | From: helpers.py:extract_json_from_text()
2025-10-21 20:35:31,600 - WARNING - [ERR-0001] - [b534dce2] Attempting to extract JSON from text (length: 155 chars) | From: helpers.py:extract_json_from_text()
2025-10-21 20:35:31,605 - ERROR - [ERR-0001] - [b541897f] Failed to extract any valid JSON from text | From: helpers.py:extract_json_from_text()
2025-10-21 20:35:31,608 - ERROR - [ERR-0001] - [3120c53a] Text preview: Error generating content: 503 UNAVAILABLE. {'error': {'code': 503, 'message': 'The model is overloaded. Please try again later.', 'status': 'UNAVAILABLE'}}... | From: helpers.py:extract_json_from_text()
2025-10-21 20:35:31,611 - ERROR - [ERR-0001] - [f3c60396] Failed to extract valid JSON from AI response | From: holistic.py:run_holistic_market_model()
2025-10-21 20:35:31,617 - WARNING - [WARN-0002] - [70272a8e] Raw response content: Error generating content: 503 UNAVAILABLE. {'error': {'code': 503, 'message': 'The model is overloaded. Please try again later.', 'status': 'UNAVAILABLE'}}... | From: holistic.py:run_holistic_market_model()
2025-10-21 20:35:32,587 - WARNING - [ERR-0001] - [e07cadfb] Attempting to extract JSON from text (length: 155 chars) | From: helpers.py:extract_json_from_text()
2025-10-21 20:35:32,593 - ERROR - [ERR-0001] - [f89234ce] Failed to extract any valid JSON from text | From: helpers.py:extract_json_from_text()
2025-10-21 20:35:32,595 - ERROR - [ERR-0001] - [af38fa33] Text preview: Error generating content: 503 UNAVAILABLE. {'error': {'code': 503, 'message': 'The model is overloaded. Please try again later.', 'status': 'UNAVAILABLE'}}... | From: helpers.py:extract_json_from_text()
2025-10-21 20:35:32,598 - WARNING - [ERR-0001] - [83c58f82] Attempting to extract JSON from text (length: 155 chars) | From: helpers.py:extract_json_from_text()
2025-10-21 20:35:32,600 - ERROR - [ERR-0001] - [dde23b77] Failed to extract any valid JSON from text | From: helpers.py:extract_json_from_text()
2025-10-21 20:35:32,602 - ERROR - [ERR-0001] - [6d939c5e] Text preview: Error generating content: 503 UNAVAILABLE. {'error': {'code': 503, 'message': 'The model is overloaded. Please try again later.', 'status': 'UNAVAILABLE'}}... | From: helpers.py:extract_json_from_text()
2025-10-21 20:35:32,603 - ERROR - [ERR-0001] - [e2890e82] Failed to extract valid JSON from AI response | From: holistic.py:run_holistic_market_model()
2025-10-21 20:35:32,604 - WARNING - [WARN-0002] - [1626c980] Raw response content: Error generating content: 503 UNAVAILABLE. {'error': {'code': 503, 'message': 'The model is overloaded. Please try again later.', 'status': 'UNAVAILABLE'}}... | From: holistic.py:run_holistic_market_model()
2025-10-21 20:35:54,414 - WARNING - [ERR-0001] - [6fd039a7] Attempting to extract JSON from text (length: 155 chars) | From: helpers.py:extract_json_from_text()
2025-10-21 20:35:54,420 - ERROR - [ERR-0001] - [ec53f2c8] Failed to extract any valid JSON from text | From: helpers.py:extract_json_from_text()
2025-10-21 20:35:54,423 - ERROR - [ERR-0001] - [be3ea5dc] Text preview: Error generating content: 503 UNAVAILABLE. {'error': {'code': 503, 'message': 'The model is overloaded. Please try again later.', 'status': 'UNAVAILABLE'}}... | From: helpers.py:extract_json_from_text()
2025-10-21 20:35:54,424 - WARNING - [ERR-0001] - [d6f48d67] Attempting to extract JSON from text (length: 155 chars) | From: helpers.py:extract_json_from_text()
2025-10-21 20:35:54,426 - ERROR - [ERR-0001] - [cc7ab714] Failed to extract any valid JSON from text | From: helpers.py:extract_json_from_text()
2025-10-21 20:35:54,427 - ERROR - [ERR-0001] - [07161c11] Text preview: Error generating content: 503 UNAVAILABLE. {'error': {'code': 503, 'message': 'The model is overloaded. Please try again later.', 'status': 'UNAVAILABLE'}}... | From: helpers.py:extract_json_from_text()
2025-10-21 20:35:54,428 - ERROR - [ERR-0001] - [caaa4f1f] Failed to extract valid JSON from AI response | From: holistic.py:run_holistic_market_model()
2025-10-21 20:35:54,429 - WARNING - [WARN-0002] - [d8ee2b55] Raw response content: Error generating content: 503 UNAVAILABLE. {'error': {'code': 503, 'message': 'The model is overloaded. Please try again later.', 'status': 'UNAVAILABLE'}}... | From: holistic.py:run_holistic_market_model()
2025-10-21 20:36:12,526 - WARNING - [ERR-0001] - [1e7a41b1] Attempting to extract JSON from text (length: 155 chars) | From: helpers.py:extract_json_from_text()
2025-10-21 20:36:12,530 - ERROR - [ERR-0001] - [2a858324] Failed to extract any valid JSON from text | From: helpers.py:extract_json_from_text()
2025-10-21 20:36:12,532 - ERROR - [ERR-0001] - [3e409180] Text preview: Error generating content: 503 UNAVAILABLE. {'error': {'code': 503, 'message': 'The model is overloaded. Please try again later.', 'status': 'UNAVAILABLE'}}... | From: helpers.py:extract_json_from_text()
2025-10-21 20:36:12,536 - WARNING - [ERR-0001] - [bf85512e] Attempting to extract JSON from text (length: 155 chars) | From: helpers.py:extract_json_from_text()
2025-10-21 20:36:12,541 - ERROR - [ERR-0001] - [6ca5ae54] Failed to extract any valid JSON from text | From: helpers.py:extract_json_from_text()
2025-10-21 20:36:12,545 - ERROR - [ERR-0001] - [37670266] Text preview: Error generating content: 503 UNAVAILABLE. {'error': {'code': 503, 'message': 'The model is overloaded. Please try again later.', 'status': 'UNAVAILABLE'}}... | From: helpers.py:extract_json_from_text()
2025-10-21 20:36:12,548 - ERROR - [ERR-0001] - [50019a48] Failed to extract valid JSON from AI response | From: holistic.py:run_holistic_market_model()
2025-10-21 20:36:12,549 - WARNING - [WARN-0002] - [d969deb2] Raw response content: Error generating content: 503 UNAVAILABLE. {'error': {'code': 503, 'message': 'The model is overloaded. Please try again later.', 'status': 'UNAVAILABLE'}}... | From: holistic.py:run_holistic_market_model()
2025-10-21 20:37:44,139 - WARNING - [ERR-0001] - [51d8ef94] Attempting to extract JSON from text (length: 25907 chars) | From: helpers.py:extract_json_from_text()
2025-10-21 20:37:44,146 - WARNING - [ERR-0001] - [426df63b] Successfully extracted JSON using pattern: ```json\s*(\{.*\})\s*```... | From: helpers.py:extract_json_from_text()
2025-10-21 20:37:44,146 - WARNING - [ERR-0001] - [b0231ed3] Attempting to extract JSON from text (length: 23707 chars) | From: helpers.py:extract_json_from_text()
2025-10-21 20:37:44,148 - WARNING - [ERR-0001] - [260e6d35] Successfully extracted JSON using end object pattern | From: helpers.py:extract_json_from_text()
2025-10-21 20:37:44,148 - INFO - [INFO] - Successfully parsed AI response as JSON
2025-10-21 20:38:21,845 - ERROR - [ERR-0001] - [584dcc7d] Error getting factors analysis | Exception: TypeError: the JSON object must be str, bytes or bytearray, not NoneType | From: helpers.py:get_factors()
2025-10-21 20:38:22,424 - INFO - [INFO] - Updated document_generated flag to True for tickers: ['VLO']
2025-10-21 20:38:23,387 - INFO - [INFO] - Batch cycle completed. Processed: 5 tickers, 0 pipelines. Remaining: 395 tickers, 0 pipelines
2025-10-21 20:39:03,651 - WARNING - [ERR-0001] - [684ead38] Attempting to extract JSON from text (length: 155 chars) | From: helpers.py:extract_json_from_text()
2025-10-21 20:39:03,655 - ERROR - [ERR-0001] - [ec8e9b3a] Failed to extract any valid JSON from text | From: helpers.py:extract_json_from_text()
2025-10-21 20:39:03,658 - ERROR - [ERR-0001] - [f7cec76a] Text preview: Error generating content: 503 UNAVAILABLE. {'error': {'code': 503, 'message': 'The model is overloaded. Please try again later.', 'status': 'UNAVAILABLE'}}... | From: helpers.py:extract_json_from_text()
2025-10-21 20:39:03,661 - WARNING - [ERR-0001] - [f9514220] Attempting to extract JSON from text (length: 155 chars) | From: helpers.py:extract_json_from_text()
2025-10-21 20:39:03,664 - ERROR - [ERR-0001] - [f96f81ac] Failed to extract any valid JSON from text | From: helpers.py:extract_json_from_text()
2025-10-21 20:39:03,667 - ERROR - [ERR-0001] - [b8059ae4] Text preview: Error generating content: 503 UNAVAILABLE. {'error': {'code': 503, 'message': 'The model is overloaded. Please try again later.', 'status': 'UNAVAILABLE'}}... | From: helpers.py:extract_json_from_text()
2025-10-21 20:39:03,669 - ERROR - [ERR-0001] - [aa66f097] Failed to extract valid JSON from AI response | From: holistic.py:run_holistic_market_model()
2025-10-21 20:39:03,670 - WARNING - [WARN-0002] - [8cdffccd] Raw response content: Error generating content: 503 UNAVAILABLE. {'error': {'code': 503, 'message': 'The model is overloaded. Please try again later.', 'status': 'UNAVAILABLE'}}... | From: holistic.py:run_holistic_market_model()
2025-10-21 20:39:14,556 - WARNING - [ERR-0001] - [4c44b424] Attempting to extract JSON from text (length: 155 chars) | From: helpers.py:extract_json_from_text()
2025-10-21 20:39:14,565 - ERROR - [ERR-0001] - [6a928ae9] Failed to extract any valid JSON from text | From: helpers.py:extract_json_from_text()
2025-10-21 20:39:14,575 - ERROR - [ERR-0001] - [88d7529a] Text preview: Error generating content: 503 UNAVAILABLE. {'error': {'code': 503, 'message': 'The model is overloaded. Please try again later.', 'status': 'UNAVAILABLE'}}... | From: helpers.py:extract_json_from_text()
2025-10-21 20:39:14,576 - WARNING - [ERR-0001] - [1a8c1722] Attempting to extract JSON from text (length: 155 chars) | From: helpers.py:extract_json_from_text()
2025-10-21 20:39:14,578 - ERROR - [ERR-0001] - [d50403d1] Failed to extract any valid JSON from text | From: helpers.py:extract_json_from_text()
2025-10-21 20:39:14,580 - ERROR - [ERR-0001] - [86d8a06f] Text preview: Error generating content: 503 UNAVAILABLE. {'error': {'code': 503, 'message': 'The model is overloaded. Please try again later.', 'status': 'UNAVAILABLE'}}... | From: helpers.py:extract_json_from_text()
2025-10-21 20:39:14,580 - ERROR - [ERR-0001] - [77b28bcc] Failed to extract valid JSON from AI response | From: holistic.py:run_holistic_market_model()
2025-10-21 20:39:14,582 - WARNING - [WARN-0002] - [113c614b] Raw response content: Error generating content: 503 UNAVAILABLE. {'error': {'code': 503, 'message': 'The model is overloaded. Please try again later.', 'status': 'UNAVAILABLE'}}... | From: holistic.py:run_holistic_market_model()
2025-10-21 20:39:58,792 - WARNING - [ERR-0001] - [14ca3b41] Attempting to extract JSON from text (length: 12191 chars) | From: helpers.py:extract_json_from_text()
2025-10-21 20:39:58,802 - WARNING - [ERR-0001] - [0a4b4647] JSON parsing failed for end object pattern: Expecting ',' delimiter: line 10 column 3538 (char 5939) | From: helpers.py:extract_json_from_text()
2025-10-21 20:39:58,808 - ERROR - [ERR-0404] - [4b0621c3] Error in holistic_market_model | Exception: TypeError: 'int' object is not callable | From: holistic.py:run_holistic_market_model()
2025-10-21 20:40:05,765 - WARNING - [ERR-0001] - [e44a4f18] Attempting to extract JSON from text (length: 155 chars) | From: helpers.py:extract_json_from_text()
2025-10-21 20:40:05,769 - ERROR - [ERR-0001] - [b8556146] Failed to extract any valid JSON from text | From: helpers.py:extract_json_from_text()
2025-10-21 20:40:05,772 - ERROR - [ERR-0001] - [71955e3b] Text preview: Error generating content: 503 UNAVAILABLE. {'error': {'code': 503, 'message': 'The model is overloaded. Please try again later.', 'status': 'UNAVAILABLE'}}... | From: helpers.py:extract_json_from_text()
2025-10-21 20:40:05,775 - WARNING - [ERR-0001] - [47642c81] Attempting to extract JSON from text (length: 155 chars) | From: helpers.py:extract_json_from_text()
2025-10-21 20:40:05,778 - ERROR - [ERR-0001] - [06e8ae16] Failed to extract any valid JSON from text | From: helpers.py:extract_json_from_text()
2025-10-21 20:40:05,782 - ERROR - [ERR-0001] - [8374f218] Text preview: Error generating content: 503 UNAVAILABLE. {'error': {'code': 503, 'message': 'The model is overloaded. Please try again later.', 'status': 'UNAVAILABLE'}}... | From: helpers.py:extract_json_from_text()
2025-10-21 20:40:05,783 - ERROR - [ERR-0001] - [44015a92] Failed to extract valid JSON from AI response | From: holistic.py:run_holistic_market_model()
2025-10-21 20:40:05,784 - WARNING - [WARN-0002] - [afaa2b01] Raw response content: Error generating content: 503 UNAVAILABLE. {'error': {'code': 503, 'message': 'The model is overloaded. Please try again later.', 'status': 'UNAVAILABLE'}}... | From: holistic.py:run_holistic_market_model()
2025-10-21 20:40:29,096 - WARNING - [ERR-0001] - [3137172c] Attempting to extract JSON from text (length: 19925 chars) | From: helpers.py:extract_json_from_text()
2025-10-21 20:40:29,103 - WARNING - [ERR-0001] - [8f71680a] Successfully extracted JSON using end object pattern | From: helpers.py:extract_json_from_text()
2025-10-21 20:40:29,104 - INFO - [INFO] - Successfully parsed AI response as JSON
2025-10-21 20:40:47,556 - INFO - [INFO] - Updated document_generated flag to True for tickers: ['INTU']
2025-10-21 20:40:48,654 - INFO - [INFO] - Batch cycle completed. Processed: 5 tickers, 0 pipelines. Remaining: 394 tickers, 0 pipelines
2025-10-21 20:41:03,416 - ERROR - [ERR-0001] - [7a352b77] Error processing ticker TSLA | Exception: TypeError: expected string or bytes-like object, got 'NoneType' | From: batch_run.py:process_ticker()
2025-10-21 20:41:09,345 - ERROR - [ERR-0001] - [8670be9c] Failed to parse AI response: Error generating content: 503 UNAVAILABLE. {'error': {'code': 503, 'message': 'The model is overloaded. Please try again later.', 'status': 'UNAVAILABLE'}} | Exception: JSONDecodeError: Expecting value: line 1 column 1 (char 0) | From: analysis.py:run_analysis()
2025-10-21 20:41:16,391 - ERROR - [ERR-0001] - [58b616dd] Error processing ticker MDLZ | Exception: TypeError: expected string or bytes-like object, got 'NoneType' | From: batch_run.py:process_ticker()
2025-10-21 20:43:25,412 - WARNING - [ERR-0001] - [a48f2e5b] Attempting to extract JSON from text (length: 21010 chars) | From: helpers.py:extract_json_from_text()
2025-10-21 20:43:25,419 - WARNING - [ERR-0001] - [91947f1e] Successfully extracted JSON using end object pattern | From: helpers.py:extract_json_from_text()
2025-10-21 20:43:25,421 - INFO - [INFO] - Successfully parsed AI response as JSON
2025-10-21 20:43:40,114 - WARNING - [ERR-0001] - [8cf6cde6] Attempting to extract JSON from text (length: 21364 chars) | From: helpers.py:extract_json_from_text()
2025-10-21 20:43:40,118 - WARNING - [ERR-0001] - [8cdd4f24] Successfully extracted JSON using end object pattern | From: helpers.py:extract_json_from_text()
2025-10-21 20:43:40,119 - INFO - [INFO] - Successfully parsed AI response as JSON
2025-10-21 20:44:07,312 - INFO - [INFO] - Updated document_generated flag to True for tickers: ['SPG']
2025-10-21 20:44:28,144 - INFO - [INFO] - Updated document_generated flag to True for tickers: ['GIS']
2025-10-21 20:50:28,599 - WARNING - [ERR-0001] - [a259e7fe] Attempting to extract JSON from text (length: 155 chars) | From: helpers.py:extract_json_from_text()
2025-10-21 20:50:28,607 - ERROR - [ERR-0001] - [10e8aa1e] Failed to extract any valid JSON from text | From: helpers.py:extract_json_from_text()
2025-10-21 20:50:28,608 - ERROR - [ERR-0001] - [69b8f0b8] Text preview: Error generating content: 503 UNAVAILABLE. {'error': {'code': 503, 'message': 'The model is overloaded. Please try again later.', 'status': 'UNAVAILABLE'}}... | From: helpers.py:extract_json_from_text()
2025-10-21 20:50:28,609 - WARNING - [ERR-0001] - [daca49fe] Attempting to extract JSON from text (length: 155 chars) | From: helpers.py:extract_json_from_text()
2025-10-21 20:50:28,610 - ERROR - [ERR-0001] - [bec389f4] Failed to extract any valid JSON from text | From: helpers.py:extract_json_from_text()
2025-10-21 20:50:28,611 - ERROR - [ERR-0001] - [b936f170] Text preview: Error generating content: 503 UNAVAILABLE. {'error': {'code': 503, 'message': 'The model is overloaded. Please try again later.', 'status': 'UNAVAILABLE'}}... | From: helpers.py:extract_json_from_text()
2025-10-21 20:50:28,613 - ERROR - [ERR-0001] - [f4e4123b] Failed to extract valid JSON from AI response | From: holistic.py:run_holistic_market_model()
2025-10-21 20:50:28,613 - WARNING - [WARN-0002] - [fc0c5587] Raw response content: Error generating content: 503 UNAVAILABLE. {'error': {'code': 503, 'message': 'The model is overloaded. Please try again later.', 'status': 'UNAVAILABLE'}}... | From: holistic.py:run_holistic_market_model()
2025-10-21 20:50:29,951 - INFO - [INFO] - Batch cycle completed. Processed: 5 tickers, 0 pipelines. Remaining: 392 tickers, 0 pipelines
