2025-10-10 10:23:29,312 - WARNING - [ERR-0001] - [91783dbb] Attempting to extract JSON from text (length: 27868 chars) | From: helpers.py:extract_json_from_text()
2025-10-10 10:23:29,313 - WARNING - [ERR-0001] - [77e20379] JSON parsing failed for end object pattern: Invalid control character at: line 10 column 16 (char 3249) | From: helpers.py:extract_json_from_text()
2025-10-10 10:23:29,317 - ERROR - [ERR-0404] - [06e1eb69] Error in holistic_market_model | Exception: TypeError: 'int' object is not callable | From: holistic.py:run_holistic_market_model()
2025-10-10 10:27:46,291 - WARNING - [ERR-0001] - [7e781c95] Attempting to extract JSON from text (length: 22985 chars) | From: helpers.py:extract_json_from_text()
2025-10-10 10:27:46,293 - WARNING - [ERR-0001] - [98d846f5] Successfully extracted JSON using end object pattern | From: helpers.py:extract_json_from_text()
2025-10-10 10:27:46,295 - INFO - [INFO] - Successfully parsed AI response as JSON
2025-10-10 10:28:12,974 - WARNING - [ERR-0001] - [9d5e74a8] Attempting to extract JSON from text (length: 2207 chars) | From: helpers.py:extract_json_from_text()
2025-10-10 10:28:12,975 - WARNING - [ERR-0001] - [c8fda5e6] Successfully extracted JSON using end object pattern | From: helpers.py:extract_json_from_text()
2025-10-10 10:28:12,980 - WARNING - [WARN-0002] - [57962a85] VIX: Missing stop loss data | From: holistic.py:run_holistic_market_model()
2025-10-10 10:28:12,980 - WARNING - [WARN-0002] - [d544a864] VIX: Missing target price data | From: holistic.py:run_holistic_market_model()
2025-10-10 10:28:12,984 - WARNING - [WARN-0002] - [dc2b8c49] VIX: Missing entry price data | From: holistic.py:run_holistic_market_model()
2025-10-10 10:28:12,984 - WARNING - [ERR-0303] - [1d48d083] Recommendation 0 missing fields: ['stop_loss', 'target_price', 'entry_price', 'price'] | From: helpers.py:validate_recommendations_schema()
2025-10-10 10:28:12,987 - ERROR - [ERR-0303] - [64dd3f5b] Invalid recommendations schema, skipping save | From: helpers.py:save_to_db_robust()
2025-10-10 10:28:12,991 - WARNING - [ERR-0001] - [d7c67055] Database save failed, skipping flag update | From: helpers.py:save_to_db_with_fallback()
2025-10-10 10:28:12,991 - WARNING - [ERR-0003] - [4b9cc4a2] Failed to save recommendations to database | From: holistic.py:run_holistic_market_model()
2025-10-10 10:30:41,276 - WARNING - [ERR-0001] - [5009caae] Attempting to extract JSON from text (length: 24412 chars) | From: helpers.py:extract_json_from_text()
2025-10-10 10:30:41,278 - WARNING - [ERR-0001] - [059e3655] Successfully extracted JSON using end object pattern | From: helpers.py:extract_json_from_text()
2025-10-10 10:30:41,278 - INFO - [INFO] - Successfully parsed AI response as JSON
2025-10-10 10:31:26,154 - INFO - [INFO] - Updated document_generated flag to True for tickers: ['VXX']
2025-10-10 10:33:31,036 - WARNING - [ERR-0001] - [100f66c1] Attempting to extract JSON from text (length: 25946 chars) | From: helpers.py:extract_json_from_text()
2025-10-10 10:33:31,039 - WARNING - [ERR-0001] - [5c6e4adc] Successfully extracted JSON using end object pattern | From: helpers.py:extract_json_from_text()
2025-10-10 10:33:31,040 - INFO - [INFO] - Successfully parsed AI response as JSON
2025-10-10 10:33:53,631 - INFO - [INFO] - Updated document_generated flag to True for tickers: ['SPXL']
2025-10-10 10:36:26,063 - WARNING - [ERR-0001] - [a1a6ac0f] Attempting to extract JSON from text (length: 30730 chars) | From: helpers.py:extract_json_from_text()
2025-10-10 10:36:26,067 - WARNING - [ERR-0001] - [b99b3c1d] JSON parsing failed for end object pattern: Expecting ',' delimiter: line 10 column 4856 (char 8515) | From: helpers.py:extract_json_from_text()
2025-10-10 10:36:26,076 - ERROR - [ERR-0404] - [8d1aeb96] Error in holistic_market_model | Exception: TypeError: 'int' object is not callable | From: holistic.py:run_holistic_market_model()
2025-10-10 10:38:08,941 - WARNING - [ERR-0001] - [88d82281] Attempting to extract JSON from text (length: 28594 chars) | From: helpers.py:extract_json_from_text()
2025-10-10 10:38:08,945 - WARNING - [ERR-0001] - [52d9de68] Successfully extracted JSON using end object pattern | From: helpers.py:extract_json_from_text()
2025-10-10 10:38:08,946 - INFO - [INFO] - Successfully parsed AI response as JSON
2025-10-10 10:38:46,056 - INFO - [INFO] - Updated document_generated flag to True for tickers: ['PLTR']
2025-10-10 10:41:12,595 - WARNING - [ERR-0001] - [a11535c1] Attempting to extract JSON from text (length: 31805 chars) | From: helpers.py:extract_json_from_text()
2025-10-10 10:41:12,599 - WARNING - [ERR-0001] - [6ed37a3f] Successfully extracted JSON using end object pattern | From: helpers.py:extract_json_from_text()
2025-10-10 10:41:12,600 - INFO - [INFO] - Successfully parsed AI response as JSON
2025-10-10 10:41:44,335 - INFO - [INFO] - Updated document_generated flag to True for tickers: ['NVDA']
2025-10-10 10:44:34,635 - WARNING - [ERR-0001] - [abfb6171] Attempting to extract JSON from text (length: 29918 chars) | From: helpers.py:extract_json_from_text()
2025-10-10 10:44:34,638 - WARNING - [ERR-0001] - [fd48dc74] Successfully extracted JSON using end object pattern | From: helpers.py:extract_json_from_text()
2025-10-10 10:44:34,641 - INFO - [INFO] - Successfully parsed AI response as JSON
2025-10-10 10:45:07,108 - INFO - [INFO] - Updated document_generated flag to True for tickers: ['MSFT']
2025-10-10 10:47:16,958 - WARNING - [ERR-0001] - [cc295c37] Attempting to extract JSON from text (length: 31454 chars) | From: helpers.py:extract_json_from_text()
2025-10-10 10:47:16,962 - WARNING - [ERR-0001] - [a7695593] Successfully extracted JSON using end object pattern | From: helpers.py:extract_json_from_text()
2025-10-10 10:47:16,962 - INFO - [INFO] - Successfully parsed AI response as JSON
2025-10-10 10:47:47,174 - INFO - [INFO] - Updated document_generated flag to True for tickers: ['GOOG']
2025-10-10 10:50:47,974 - WARNING - [ERR-0001] - [f9baf19a] Attempting to extract JSON from text (length: 30471 chars) | From: helpers.py:extract_json_from_text()
2025-10-10 10:50:47,976 - WARNING - [ERR-0001] - [e9e0664d] Successfully extracted JSON using end object pattern | From: helpers.py:extract_json_from_text()
2025-10-10 10:50:47,977 - INFO - [INFO] - Successfully parsed AI response as JSON
2025-10-10 10:51:32,287 - INFO - [INFO] - Updated document_generated flag to True for tickers: ['GLD']
2025-10-10 10:54:40,410 - WARNING - [ERR-0001] - [116de2f1] Attempting to extract JSON from text (length: 24971 chars) | From: helpers.py:extract_json_from_text()
2025-10-10 10:54:40,415 - WARNING - [ERR-0001] - [386e7912] JSON parsing failed for end object pattern: Expecting ',' delimiter: line 10 column 6373 (char 9556) | From: helpers.py:extract_json_from_text()
2025-10-10 10:54:40,417 - ERROR - [ERR-0404] - [9248ae1c] Error in holistic_market_model | Exception: TypeError: 'int' object is not callable | From: holistic.py:run_holistic_market_model()
2025-10-10 10:56:26,902 - WARNING - [ERR-0001] - [77b97ab0] Attempting to extract JSON from text (length: 31706 chars) | From: helpers.py:extract_json_from_text()
2025-10-10 10:56:26,922 - WARNING - [ERR-0001] - [ec090e62] JSON parsing failed for pattern ```json\s*(\{.*\})\s*```...: Expecting ',' delimiter: line 10 column 7019 (char 9787) | From: helpers.py:extract_json_from_text()
2025-10-10 10:56:26,924 - ERROR - [ERR-0404] - [6d814253] Error in holistic_market_model | Exception: TypeError: 'int' object is not callable | From: holistic.py:run_holistic_market_model()
2025-10-10 10:58:36,129 - WARNING - [ERR-0001] - [8f48dfc1] Attempting to extract JSON from text (length: 24660 chars) | From: helpers.py:extract_json_from_text()
2025-10-10 10:58:36,133 - WARNING - [ERR-0001] - [499eeed9] JSON parsing failed for end object pattern: Expecting ',' delimiter: line 10 column 6020 (char 8843) | From: helpers.py:extract_json_from_text()
2025-10-10 10:58:36,135 - ERROR - [ERR-0404] - [f96530c2] Error in holistic_market_model | Exception: TypeError: 'int' object is not callable | From: holistic.py:run_holistic_market_model()
2025-10-10 11:01:52,460 - WARNING - [ERR-0001] - [1fe10723] Attempting to extract JSON from text (length: 29942 chars) | From: helpers.py:extract_json_from_text()
2025-10-10 11:01:52,466 - WARNING - [ERR-0001] - [1aa81450] Successfully extracted JSON using end object pattern | From: helpers.py:extract_json_from_text()
2025-10-10 11:01:52,468 - INFO - [INFO] - Successfully parsed AI response as JSON
2025-10-10 11:02:19,661 - INFO - [INFO] - Updated document_generated flag to True for tickers: ['AMZN']
2025-10-10 11:05:53,400 - WARNING - [ERR-0001] - [ed632774] Attempting to extract JSON from text (length: 29845 chars) | From: helpers.py:extract_json_from_text()
2025-10-10 11:05:53,405 - WARNING - [ERR-0001] - [1dbacc7c] JSON parsing failed for end object pattern: Expecting ',' delimiter: line 10 column 6101 (char 9589) | From: helpers.py:extract_json_from_text()
2025-10-10 11:05:53,410 - ERROR - [ERR-0404] - [558c95e2] Error in holistic_market_model | Exception: TypeError: 'int' object is not callable | From: holistic.py:run_holistic_market_model()
2025-10-10 11:07:30,966 - WARNING - [ERR-0001] - [fc73a2aa] Attempting to extract JSON from text (length: 29989 chars) | From: helpers.py:extract_json_from_text()
2025-10-10 11:07:30,970 - WARNING - [ERR-0001] - [71c9b824] Successfully extracted JSON using end object pattern | From: helpers.py:extract_json_from_text()
2025-10-10 11:07:30,974 - INFO - [INFO] - Successfully parsed AI response as JSON
2025-10-10 11:08:11,471 - INFO - [INFO] - Updated document_generated flag to True for tickers: ['IBM']
