2025-10-25 15:36:17,669 - WARNING - [ERR-0001] - [2e89e35a] Attempting to extract JSON from text (length: 21452 chars) | From: helpers.py:extract_json_from_text()
2025-10-25 15:36:17,670 - WARNING - [ERR-0001] - [5d05eb63] Successfully extracted JSON using end object pattern | From: helpers.py:extract_json_from_text()
2025-10-25 15:36:17,673 - INFO - [INFO] - Successfully parsed AI response as JSON
2025-10-25 15:36:34,867 - INFO - [INFO] - Updated document_generated flag to True for tickers: ['JNJ']
2025-10-25 15:39:54,393 - INFO - [INFO] - MongoDB connection closed
2025-10-25 15:45:26,000 - WARNING - [ERR-0001] - [31e13f14] Attempting to extract JSON from text (length: 17097 chars) | From: helpers.py:extract_json_from_text()
2025-10-25 15:45:26,001 - WARNING - [ERR-0001] - [ea996f8b] Successfully extracted JSON using end object pattern | From: helpers.py:extract_json_from_text()
2025-10-25 15:45:26,001 - INFO - [INFO] - Successfully parsed AI response as JSON
2025-10-25 15:46:09,203 - INFO - [INFO] - Updated document_generated flag to True for tickers: ['JNJ']
2025-10-25 16:51:01,235 - WARNING - [ERR-0001] - [10a58015] Attempting to extract JSON from text (length: 19648 chars) | From: helpers.py:extract_json_from_text()
2025-10-25 16:51:01,236 - WARNING - [ERR-0001] - [d99c1bcd] Successfully extracted JSON using end object pattern | From: helpers.py:extract_json_from_text()
2025-10-25 16:51:01,236 - INFO - [INFO] - Successfully parsed AI response as JSON
2025-10-25 16:51:21,562 - INFO - [INFO] - Updated document_generated flag to True for tickers: ['PG']
2025-10-25 16:53:40,397 - INFO - [INFO] - MongoDB connection closed
2025-10-25 16:57:20,770 - WARNING - [ERR-0001] - [f8b67a5e] Attempting to extract JSON from text (length: 28599 chars) | From: helpers.py:extract_json_from_text()
2025-10-25 16:57:20,773 - WARNING - [ERR-0001] - [64073a32] Successfully extracted JSON using end object pattern | From: helpers.py:extract_json_from_text()
2025-10-25 16:57:20,777 - INFO - [INFO] - Successfully parsed AI response as JSON
2025-10-25 16:57:54,572 - INFO - [INFO] - Updated document_generated flag to True for tickers: ['PG']
2025-10-25 17:00:25,090 - INFO - [INFO] - MongoDB connection closed
2025-10-25 17:03:09,068 - WARNING - [ERR-0001] - [5d15718d] Attempting to extract JSON from text (length: 11844 chars) | From: helpers.py:extract_json_from_text()
2025-10-25 17:03:09,072 - WARNING - [ERR-0001] - [5bf46a6c] Successfully extracted JSON using end object pattern | From: helpers.py:extract_json_from_text()
2025-10-25 17:03:09,072 - INFO - [INFO] - Successfully parsed AI response as JSON
2025-10-25 17:03:43,037 - INFO - [INFO] - Updated document_generated flag to True for tickers: ['PG']
2025-10-25 17:16:48,418 - WARNING - [ERR-0001] - [bf079374] Attempting to extract JSON from text (length: 18372 chars) | From: helpers.py:extract_json_from_text()
2025-10-25 17:16:48,419 - WARNING - [ERR-0001] - [5c8a3ba6] Successfully extracted JSON using end object pattern | From: helpers.py:extract_json_from_text()
2025-10-25 17:16:48,419 - INFO - [INFO] - Successfully parsed AI response as JSON
2025-10-25 17:17:24,854 - INFO - [INFO] - Updated document_generated flag to True for tickers: ['PG']
2025-10-25 17:23:57,889 - WARNING - [ERR-0001] - [a6be3f93] Attempting to extract JSON from text (length: 16744 chars) | From: helpers.py:extract_json_from_text()
2025-10-25 17:23:57,890 - WARNING - [ERR-0001] - [b8222f4d] Successfully extracted JSON using end object pattern | From: helpers.py:extract_json_from_text()
2025-10-25 17:23:57,893 - INFO - [INFO] - Successfully parsed AI response as JSON
2025-10-25 17:24:28,197 - INFO - [INFO] - Updated document_generated flag to True for tickers: ['GOOG']
2025-10-25 17:30:54,751 - WARNING - [ERR-0001] - [7147e462] Attempting to extract JSON from text (length: 28270 chars) | From: helpers.py:extract_json_from_text()
2025-10-25 17:30:54,755 - WARNING - [ERR-0001] - [b3230d50] Successfully extracted JSON using end object pattern | From: helpers.py:extract_json_from_text()
2025-10-25 17:30:54,755 - INFO - [INFO] - Successfully parsed AI response as JSON
2025-10-25 17:31:30,064 - INFO - [INFO] - Updated document_generated flag to True for tickers: ['GM']
2025-10-25 17:36:21,629 - WARNING - [ERR-0001] - [efcb1a54] Attempting to extract JSON from text (length: 20859 chars) | From: helpers.py:extract_json_from_text()
2025-10-25 17:36:21,631 - WARNING - [ERR-0001] - [c2cc9fc2] Successfully extracted JSON using end object pattern | From: helpers.py:extract_json_from_text()
2025-10-25 17:36:21,633 - INFO - [INFO] - Successfully parsed AI response as JSON
2025-10-25 17:36:48,658 - INFO - [INFO] - Updated document_generated flag to True for tickers: ['GM']
2025-10-25 17:44:42,383 - WARNING - [ERR-0001] - [37be724c] Attempting to extract JSON from text (length: 14424 chars) | From: helpers.py:extract_json_from_text()
2025-10-25 17:44:42,385 - WARNING - [ERR-0001] - [1d0e74c2] Successfully extracted JSON using end object pattern | From: helpers.py:extract_json_from_text()
2025-10-25 17:44:42,385 - INFO - [INFO] - Successfully parsed AI response as JSON
2025-10-25 17:45:02,325 - INFO - [INFO] - Updated document_generated flag to True for tickers: ['PG']
2025-10-25 17:58:23,592 - WARNING - [ERR-0001] - [8524dd90] Attempting to extract JSON from text (length: 15932 chars) | From: helpers.py:extract_json_from_text()
2025-10-25 17:58:23,597 - WARNING - [ERR-0001] - [3c410af5] Successfully extracted JSON using fallback pattern | From: helpers.py:extract_json_from_text()
2025-10-25 17:58:23,597 - INFO - [INFO] - Successfully parsed AI response as JSON
2025-10-25 17:59:00,286 - WARNING - [ERR-0303] - [b1b4e567] Missing required fields: ['title', 'market_outlook_narrative', 'rationale', 'analysis', 'recommendations', 'market_impact'] | From: helpers.py:validate_recommendations_schema()
2025-10-25 17:59:00,286 - ERROR - [ERR-0303] - [796839c1] Invalid recommendations schema, skipping save | From: helpers.py:save_to_db_robust()
2025-10-25 17:59:00,287 - WARNING - [ERR-0001] - [2fe43943] Database save failed, skipping flag update | From: helpers.py:save_to_db_with_fallback()
2025-10-25 17:59:00,287 - WARNING - [ERR-0003] - [b64ee416] Failed to save recommendations to database | From: holistic.py:run_holistic_market_model()
2025-10-25 18:06:38,794 - WARNING - [ERR-0001] - [e87beacd] Attempting to extract JSON from text (length: 11236 chars) | From: helpers.py:extract_json_from_text()
2025-10-25 18:06:38,797 - WARNING - [ERR-0001] - [9104d4a9] Successfully extracted JSON using end object pattern | From: helpers.py:extract_json_from_text()
2025-10-25 18:06:38,797 - INFO - [INFO] - Successfully parsed AI response as JSON
2025-10-25 18:07:11,225 - INFO - [INFO] - Updated document_generated flag to True for tickers: ['PG']
2025-10-25 18:48:16,000 - WARNING - [ERR-0001] - [4334f450] Attempting to extract JSON from text (length: 17368 chars) | From: helpers.py:extract_json_from_text()
2025-10-25 18:48:16,001 - WARNING - [ERR-0001] - [928f0e7f] Successfully extracted JSON using end object pattern | From: helpers.py:extract_json_from_text()
2025-10-25 18:48:16,004 - INFO - [INFO] - Successfully parsed AI response as JSON
2025-10-25 18:48:52,597 - INFO - [INFO] - Updated document_generated flag to True for tickers: ['PG']
2025-10-25 18:53:51,222 - WARNING - [ERR-0001] - [973aea7a] Attempting to extract JSON from text (length: 10305 chars) | From: helpers.py:extract_json_from_text()
2025-10-25 18:53:51,226 - WARNING - [ERR-0001] - [93a92e54] Successfully extracted JSON using end object pattern | From: helpers.py:extract_json_from_text()
2025-10-25 18:53:51,230 - INFO - [INFO] - Successfully parsed AI response as JSON
2025-10-25 18:57:16,617 - WARNING - [ERR-0001] - [bae885b6] Attempting to extract JSON from text (length: 19507 chars) | From: helpers.py:extract_json_from_text()
2025-10-25 18:57:16,621 - WARNING - [ERR-0001] - [fd319c9e] Successfully extracted JSON using end object pattern | From: helpers.py:extract_json_from_text()
2025-10-25 18:57:16,623 - INFO - [INFO] - Successfully parsed AI response as JSON
2025-10-25 18:57:44,411 - INFO - [INFO] - Updated document_generated flag to True for tickers: ['PG']
2025-10-25 19:03:25,647 - WARNING - [ERR-0001] - [18d7fc89] Attempting to extract JSON from text (length: 21779 chars) | From: helpers.py:extract_json_from_text()
2025-10-25 19:03:25,652 - WARNING - [ERR-0001] - [e9060a0f] Successfully extracted JSON using end object pattern | From: helpers.py:extract_json_from_text()
2025-10-25 19:03:25,652 - INFO - [INFO] - Successfully parsed AI response as JSON
2025-10-25 19:04:24,113 - INFO - [INFO] - Updated document_generated flag to True for tickers: ['PG']
2025-10-25 19:08:42,426 - WARNING - [ERR-0001] - [5632ae3c] Attempting to extract JSON from text (length: 26518 chars) | From: helpers.py:extract_json_from_text()
2025-10-25 19:08:42,427 - WARNING - [ERR-0001] - [1dc56b15] Successfully extracted JSON using end object pattern | From: helpers.py:extract_json_from_text()
2025-10-25 19:08:42,427 - INFO - [INFO] - Successfully parsed AI response as JSON
2025-10-25 19:09:15,965 - INFO - [INFO] - Updated document_generated flag to True for tickers: ['AAPL']
2025-10-25 19:23:11,418 - WARNING - [ERR-0001] - [c1330336] Attempting to extract JSON from text (length: 16854 chars) | From: helpers.py:extract_json_from_text()
2025-10-25 19:23:11,420 - WARNING - [ERR-0001] - [b0ff9d68] Successfully extracted JSON using end object pattern | From: helpers.py:extract_json_from_text()
2025-10-25 19:23:11,420 - INFO - [INFO] - Successfully parsed AI response as JSON
2025-10-25 19:23:44,212 - INFO - [INFO] - Updated document_generated flag to True for tickers: ['PG']
2025-10-25 20:02:23,491 - WARNING - [ERR-0001] - [2124e735] Attempting to extract JSON from text (length: 16986 chars) | From: helpers.py:extract_json_from_text()
2025-10-25 20:02:23,494 - WARNING - [ERR-0001] - [4f35c9fe] Successfully extracted JSON using end object pattern | From: helpers.py:extract_json_from_text()
2025-10-25 20:02:23,494 - INFO - [INFO] - Successfully parsed AI response as JSON
2025-10-25 20:03:00,991 - INFO - [INFO] - Updated document_generated flag to True for tickers: ['GOOG']
2025-10-25 20:08:32,231 - WARNING - [ERR-0001] - [f5ec5921] Attempting to extract JSON from text (length: 26529 chars) | From: helpers.py:extract_json_from_text()
2025-10-25 20:08:32,233 - WARNING - [ERR-0001] - [3e00011b] Successfully extracted JSON using end object pattern | From: helpers.py:extract_json_from_text()
2025-10-25 20:08:32,233 - INFO - [INFO] - Successfully parsed AI response as JSON
2025-10-25 20:09:11,056 - INFO - [INFO] - Updated document_generated flag to True for tickers: ['PLTR']
2025-10-25 20:18:18,745 - WARNING - [ERR-0001] - [855645fe] Attempting to extract JSON from text (length: 16675 chars) | From: helpers.py:extract_json_from_text()
2025-10-25 20:18:18,747 - WARNING - [ERR-0001] - [aaf3eab4] Successfully extracted JSON using end object pattern | From: helpers.py:extract_json_from_text()
2025-10-25 20:18:18,750 - INFO - [INFO] - Successfully parsed AI response as JSON
2025-10-25 20:18:52,267 - INFO - [INFO] - Updated document_generated flag to True for tickers: ['NVDA']
2025-10-25 20:27:34,073 - WARNING - [ERR-0001] - [bf1d2072] Attempting to extract JSON from text (length: 19086 chars) | From: helpers.py:extract_json_from_text()
2025-10-25 20:27:34,075 - WARNING - [ERR-0001] - [bfee7661] Successfully extracted JSON using end object pattern | From: helpers.py:extract_json_from_text()
2025-10-25 20:27:34,075 - INFO - [INFO] - Successfully parsed AI response as JSON
2025-10-25 20:28:17,471 - INFO - [INFO] - Updated document_generated flag to True for tickers: ['PG']
2025-10-25 20:53:21,360 - WARNING - [ERR-0001] - [ba71bd78] Attempting to extract JSON from text (length: 23843 chars) | From: helpers.py:extract_json_from_text()
2025-10-25 20:53:21,363 - WARNING - [ERR-0001] - [a22603bb] Successfully extracted JSON using end object pattern | From: helpers.py:extract_json_from_text()
2025-10-25 20:53:21,366 - INFO - [INFO] - Successfully parsed AI response as JSON
2025-10-25 20:54:02,401 - INFO - [INFO] - Updated document_generated flag to True for tickers: ['AMZN']
2025-10-25 21:00:33,193 - WARNING - [ERR-0001] - [3ddf1491] Attempting to extract JSON from text (length: 9177 chars) | From: helpers.py:extract_json_from_text()
2025-10-25 21:00:33,196 - WARNING - [ERR-0001] - [3d37ba7f] Successfully extracted JSON using end object pattern | From: helpers.py:extract_json_from_text()
2025-10-25 21:00:33,196 - INFO - [INFO] - Successfully parsed AI response as JSON
2025-10-25 21:01:15,094 - INFO - [INFO] - Updated document_generated flag to True for tickers: ['JNJ']
