2025-10-24 16:35:57,884 - WARNING - [ERR-0001] - [e889c885] Attempting to extract JSON from text (length: 20682 chars) | From: helpers.py:extract_json_from_text()
2025-10-24 16:35:57,886 - WARNING - [ERR-0001] - [2e39af90] Successfully extracted JSON using end object pattern | From: helpers.py:extract_json_from_text()
2025-10-24 16:35:57,886 - INFO - [INFO] - Successfully parsed AI response as JSON
2025-10-24 16:36:19,546 - INFO - [INFO] - Updated document_generated flag to True for tickers: ['SPXL']
2025-10-24 16:46:49,790 - WARNING - [ERR-0001] - [717ad5ab] Attempting to extract JSON from text (length: 25124 chars) | From: helpers.py:extract_json_from_text()
2025-10-24 16:46:49,794 - WARNING - [ERR-0001] - [0764758b] Successfully extracted JSON using end object pattern | From: helpers.py:extract_json_from_text()
2025-10-24 16:46:49,794 - INFO - [INFO] - Successfully parsed AI response as JSON
2025-10-24 16:47:31,873 - INFO - [INFO] - Updated document_generated flag to True for tickers: ['PLTR']
2025-10-24 16:52:47,321 - WARNING - [ERR-0001] - [a68101cf] Attempting to extract JSON from text (length: 9983 chars) | From: helpers.py:extract_json_from_text()
2025-10-24 16:52:47,324 - WARNING - [ERR-0001] - [407bfbdc] Successfully extracted JSON using end object pattern | From: helpers.py:extract_json_from_text()
2025-10-24 16:52:47,324 - INFO - [INFO] - Successfully parsed AI response as JSON
2025-10-24 16:53:22,620 - INFO - [INFO] - Updated document_generated flag to True for tickers: ['NVDA']
2025-10-24 16:57:39,860 - WARNING - [ERR-0001] - [e91fc335] Attempting to extract JSON from text (length: 23872 chars) | From: helpers.py:extract_json_from_text()
2025-10-24 16:57:39,865 - WARNING - [ERR-0001] - [19837d44] Successfully extracted JSON using end object pattern | From: helpers.py:extract_json_from_text()
2025-10-24 16:57:39,867 - INFO - [INFO] - Successfully parsed AI response as JSON
2025-10-24 16:58:17,991 - INFO - [INFO] - Updated document_generated flag to True for tickers: ['MSFT']
2025-10-24 17:02:10,397 - WARNING - [ERR-0001] - [66f6dc89] Attempting to extract JSON from text (length: 13475 chars) | From: helpers.py:extract_json_from_text()
2025-10-24 17:02:10,399 - WARNING - [ERR-0001] - [e82fa45f] Successfully extracted JSON using end object pattern | From: helpers.py:extract_json_from_text()
2025-10-24 17:02:10,400 - INFO - [INFO] - Successfully parsed AI response as JSON
2025-10-24 17:02:54,829 - INFO - [INFO] - Updated document_generated flag to True for tickers: ['GOOG']
2025-10-24 17:08:37,327 - WARNING - [ERR-0001] - [dd40024c] Attempting to extract JSON from text (length: 18833 chars) | From: helpers.py:extract_json_from_text()
2025-10-24 17:08:37,331 - WARNING - [ERR-0001] - [e01d5cc1] Successfully extracted JSON using end object pattern | From: helpers.py:extract_json_from_text()
2025-10-24 17:08:37,332 - INFO - [INFO] - Successfully parsed AI response as JSON
2025-10-24 17:09:03,176 - INFO - [INFO] - Updated document_generated flag to True for tickers: ['GLD']
2025-10-24 17:25:22,928 - WARNING - [ERR-0001] - [6d455c89] Attempting to extract JSON from text (length: 22654 chars) | From: helpers.py:extract_json_from_text()
2025-10-24 17:25:22,931 - WARNING - [ERR-0001] - [52fb5461] Successfully extracted JSON using end object pattern | From: helpers.py:extract_json_from_text()
2025-10-24 17:25:22,931 - INFO - [INFO] - Successfully parsed AI response as JSON
2025-10-24 17:26:10,342 - INFO - [INFO] - Updated document_generated flag to True for tickers: ['AMZN']
2025-10-24 17:30:59,290 - WARNING - [ERR-0001] - [89b2a2ed] Attempting to extract JSON from text (length: 24288 chars) | From: helpers.py:extract_json_from_text()
2025-10-24 17:30:59,308 - WARNING - [ERR-0001] - [a0645aba] Successfully extracted JSON using pattern: ```json\s*(\{.*\})\s*```... | From: helpers.py:extract_json_from_text()
2025-10-24 17:30:59,308 - WARNING - [ERR-0001] - [300c5224] Attempting to extract JSON from text (length: 24277 chars) | From: helpers.py:extract_json_from_text()
2025-10-24 17:30:59,310 - WARNING - [ERR-0001] - [60cd8e63] Successfully extracted JSON using end object pattern | From: helpers.py:extract_json_from_text()
2025-10-24 17:30:59,310 - INFO - [INFO] - Successfully parsed AI response as JSON
2025-10-24 17:31:44,172 - INFO - [INFO] - Updated document_generated flag to True for tickers: ['IBM']
2025-10-24 17:56:12,585 - INFO - [INFO] - Starting comprehensive dataset reset
2025-10-24 17:56:12,588 - INFO - [INFO] - Starting reset of document_generated field in tickers collection
2025-10-24 17:56:12,970 - INFO - [INFO] - Successfully updated 109 documents in tickers collection
2025-10-24 17:56:12,971 - INFO - [INFO] - Reset of document_generated field completed
2025-10-24 17:56:12,971 - INFO - [INFO] - Starting reset of task_completed field in pipeline collection
2025-10-24 17:56:13,285 - INFO - [INFO] - Successfully updated 0 documents in pipeline collection
2025-10-24 17:56:13,286 - INFO - [INFO] - Reset of task_completed field completed
2025-10-24 17:56:13,286 - INFO - [INFO] - Starting deletion of tickers with recurrence 'once'
2025-10-24 17:56:13,582 - INFO - [INFO] - Successfully deleted 0 documents with recurrence 'once' from tickers collection
2025-10-24 17:56:13,584 - INFO - [INFO] - Deletion of once tickers completed
2025-10-24 17:56:13,585 - INFO - [INFO] - Starting deletion of pipeline documents with recurrence 'once'
2025-10-24 17:56:13,889 - INFO - [INFO] - Successfully deleted 0 documents with recurrence 'once' from pipeline collection
2025-10-24 17:56:13,892 - INFO - [INFO] - Deletion of once pipeline documents completed
2025-10-24 17:56:13,892 - INFO - [INFO] - Starting deletion of all weigh_factors documents
2025-10-24 17:56:14,196 - INFO - [INFO] - Successfully deleted 7 documents from 'weight_factors'.
2025-10-24 17:56:14,197 - INFO - [INFO] - All reset operations completed successfully
2025-10-24 17:59:30,855 - WARNING - [ERR-0001] - [a169131e] Attempting to extract JSON from text (length: 10636 chars) | From: helpers.py:extract_json_from_text()
2025-10-24 17:59:30,860 - WARNING - [ERR-0001] - [3a8f8210] Successfully extracted JSON using end object pattern | From: helpers.py:extract_json_from_text()
2025-10-24 17:59:30,860 - INFO - [INFO] - Successfully parsed AI response as JSON
2025-10-24 17:59:36,589 - WARNING - [ERR-0001] - [d03fc7c5] Attempting to extract JSON from text (length: 14956 chars) | From: helpers.py:extract_json_from_text()
2025-10-24 17:59:36,594 - WARNING - [ERR-0001] - [630e5115] Successfully extracted JSON using end object pattern | From: helpers.py:extract_json_from_text()
2025-10-24 17:59:36,596 - INFO - [INFO] - Successfully parsed AI response as JSON
2025-10-24 18:00:00,706 - INFO - [INFO] - Updated document_generated flag to True for tickers: ['GBPJPY=X']
2025-10-24 18:00:04,949 - WARNING - [ERR-0001] - [47fd949c] Attempting to extract JSON from text (length: 16797 chars) | From: helpers.py:extract_json_from_text()
2025-10-24 18:00:04,954 - WARNING - [ERR-0001] - [c597f90c] Successfully extracted JSON using end object pattern | From: helpers.py:extract_json_from_text()
2025-10-24 18:00:04,955 - INFO - [INFO] - Successfully parsed AI response as JSON
2025-10-24 18:00:07,874 - INFO - [INFO] - Updated document_generated flag to True for tickers: ['MRK']
2025-10-24 18:00:23,956 - INFO - [INFO] - Updated document_generated flag to True for tickers: ['TGT']
2025-10-24 18:00:33,372 - WARNING - [ERR-0001] - [c80ac7fd] Attempting to extract JSON from text (length: 24604 chars) | From: helpers.py:extract_json_from_text()
2025-10-24 18:00:33,376 - WARNING - [ERR-0001] - [6774f98e] Successfully extracted JSON using end object pattern | From: helpers.py:extract_json_from_text()
2025-10-24 18:00:33,377 - INFO - [INFO] - Successfully parsed AI response as JSON
2025-10-24 18:01:13,039 - INFO - [INFO] - Updated document_generated flag to True for tickers: ['IP']
2025-10-24 18:01:15,357 - INFO - [INFO] - Updated document_generated flag to True for tickers: ['YUM']
2025-10-24 18:01:16,483 - INFO - [INFO] - Batch cycle completed. Processed: 5 tickers, 0 pipelines. Remaining: 407 tickers, 0 pipelines
2025-10-24 18:01:19,135 - ERROR - [ERR-0001] - [88a90d8b] Failed to parse AI response: Error generating content: 429 RESOURCE_EXHAUSTED. {'error': {'code': 429, 'message': 'Resource has been exhausted (e.g. check quota).', 'status': 'RESOURCE_EXHAUSTED'}} | Exception: JSONDecodeError: Expecting value: line 1 column 1 (char 0) | From: analysis.py:run_analysis()
2025-10-24 18:01:19,821 - WARNING - [ERR-0001] - [b8910bd5] Attempting to extract JSON from text (length: 168 chars) | From: helpers.py:extract_json_from_text()
2025-10-24 18:01:19,822 - ERROR - [ERR-0001] - [bf614ccf] Failed to extract any valid JSON from text | From: helpers.py:extract_json_from_text()
2025-10-24 18:01:19,823 - ERROR - [ERR-0001] - [88484ee5] Text preview: Error generating content: 429 RESOURCE_EXHAUSTED. {'error': {'code': 429, 'message': 'Resource has been exhausted (e.g. check quota).', 'status': 'RESOURCE_EXHAUSTED'}}... | From: helpers.py:extract_json_from_text()
2025-10-24 18:01:19,824 - WARNING - [ERR-0001] - [4d55852d] Attempting to extract JSON from text (length: 168 chars) | From: helpers.py:extract_json_from_text()
2025-10-24 18:01:19,824 - ERROR - [ERR-0001] - [fc8eee3f] Failed to extract any valid JSON from text | From: helpers.py:extract_json_from_text()
2025-10-24 18:01:19,825 - ERROR - [ERR-0001] - [313c00ee] Text preview: Error generating content: 429 RESOURCE_EXHAUSTED. {'error': {'code': 429, 'message': 'Resource has been exhausted (e.g. check quota).', 'status': 'RESOURCE_EXHAUSTED'}}... | From: helpers.py:extract_json_from_text()
2025-10-24 18:01:19,825 - ERROR - [ERR-0001] - [7982e6c8] Failed to extract valid JSON from AI response | From: holistic.py:run_holistic_market_model()
2025-10-24 18:01:19,825 - WARNING - [WARN-0002] - [14d466ab] Raw response content: Error generating content: 429 RESOURCE_EXHAUSTED. {'error': {'code': 429, 'message': 'Resource has been exhausted (e.g. check quota).', 'status': 'RESOURCE_EXHAUSTED'}}... | From: holistic.py:run_holistic_market_model()
2025-10-24 18:01:20,660 - ERROR - [ERR-0001] - [647177dd] Failed to parse AI response: Error generating content: 429 RESOURCE_EXHAUSTED. {'error': {'code': 429, 'message': 'Resource has been exhausted (e.g. check quota).', 'status': 'RESOURCE_EXHAUSTED'}} | Exception: JSONDecodeError: Expecting value: line 1 column 1 (char 0) | From: analysis.py:run_analysis()
2025-10-24 18:03:15,225 - WARNING - [ERR-0001] - [2829b936] Attempting to extract JSON from text (length: 24476 chars) | From: helpers.py:extract_json_from_text()
2025-10-24 18:03:15,229 - WARNING - [ERR-0001] - [d0078fd4] Successfully extracted JSON using end object pattern | From: helpers.py:extract_json_from_text()
2025-10-24 18:03:15,232 - INFO - [INFO] - Successfully parsed AI response as JSON
2025-10-24 18:03:15,335 - WARNING - [ERR-0001] - [af32837e] Attempting to extract JSON from text (length: 28252 chars) | From: helpers.py:extract_json_from_text()
2025-10-24 18:03:15,355 - WARNING - [ERR-0001] - [cd013a31] Successfully extracted JSON using end object pattern | From: helpers.py:extract_json_from_text()
2025-10-24 18:03:15,355 - INFO - [INFO] - Successfully parsed AI response as JSON
2025-10-24 18:04:05,409 - INFO - [INFO] - Updated document_generated flag to True for tickers: ['EXC']
2025-10-24 18:04:08,738 - INFO - [INFO] - Updated document_generated flag to True for tickers: ['ZL=F']
2025-10-24 18:04:21,676 - WARNING - [ERR-0001] - [0b82df14] Attempting to extract JSON from text (length: 22020 chars) | From: helpers.py:extract_json_from_text()
2025-10-24 18:04:21,679 - WARNING - [ERR-0001] - [4a032fc9] Successfully extracted JSON using end object pattern | From: helpers.py:extract_json_from_text()
2025-10-24 18:04:21,680 - INFO - [INFO] - Successfully parsed AI response as JSON
2025-10-24 18:05:06,855 - INFO - [INFO] - Updated document_generated flag to True for tickers: ['CPRT']
2025-10-24 18:05:15,827 - WARNING - [ERR-0001] - [17cf2781] Attempting to extract JSON from text (length: 28748 chars) | From: helpers.py:extract_json_from_text()
2025-10-24 18:05:15,832 - WARNING - [ERR-0001] - [cd3c30cd] Successfully extracted JSON using end object pattern | From: helpers.py:extract_json_from_text()
2025-10-24 18:05:15,833 - INFO - [INFO] - Successfully parsed AI response as JSON
2025-10-24 18:06:02,900 - INFO - [INFO] - Updated document_generated flag to True for tickers: ['VZ']
2025-10-24 18:06:03,923 - INFO - [INFO] - Batch cycle completed. Processed: 5 tickers, 0 pipelines. Remaining: 403 tickers, 0 pipelines
2025-10-24 18:07:02,240 - WARNING - [ERR-0001] - [76a92f5e] Attempting to extract JSON from text (length: 9839 chars) | From: helpers.py:extract_json_from_text()
2025-10-24 18:07:02,246 - WARNING - [ERR-0001] - [e5eb2d42] Successfully extracted JSON using end object pattern | From: helpers.py:extract_json_from_text()
2025-10-24 18:07:02,247 - INFO - [INFO] - Successfully parsed AI response as JSON
2025-10-24 18:07:36,699 - INFO - [INFO] - Updated document_generated flag to True for tickers: ['NG=F']
2025-10-24 18:07:39,868 - WARNING - [ERR-0001] - [360094e0] Attempting to extract JSON from text (length: 14545 chars) | From: helpers.py:extract_json_from_text()
2025-10-24 18:07:39,873 - WARNING - [ERR-0001] - [315a9765] Successfully extracted JSON using end object pattern | From: helpers.py:extract_json_from_text()
2025-10-24 18:07:39,876 - INFO - [INFO] - Successfully parsed AI response as JSON
2025-10-24 18:08:12,944 - WARNING - [ERR-0001] - [87a9c46a] Attempting to extract JSON from text (length: 18102 chars) | From: helpers.py:extract_json_from_text()
2025-10-24 18:08:12,948 - WARNING - [ERR-0001] - [83e0f841] Successfully extracted JSON using end object pattern | From: helpers.py:extract_json_from_text()
2025-10-24 18:08:12,948 - INFO - [INFO] - Successfully parsed AI response as JSON
2025-10-24 18:08:45,089 - WARNING - [ERR-0001] - [aa7ab94c] Attempting to extract JSON from text (length: 26670 chars) | From: helpers.py:extract_json_from_text()
2025-10-24 18:08:45,093 - WARNING - [ERR-0001] - [30c48b4f] Successfully extracted JSON using end object pattern | From: helpers.py:extract_json_from_text()
2025-10-24 18:08:45,094 - INFO - [INFO] - Successfully parsed AI response as JSON
2025-10-24 18:08:50,348 - INFO - [INFO] - Updated document_generated flag to True for tickers: ['BNB-USD']
2025-10-24 18:08:56,140 - INFO - [INFO] - Updated document_generated flag to True for tickers: ['ALGO-USD']
2025-10-24 18:09:26,866 - WARNING - [ERR-0001] - [445a0e49] Attempting to extract JSON from text (length: 19080 chars) | From: helpers.py:extract_json_from_text()
2025-10-24 18:09:26,874 - WARNING - [ERR-0001] - [79fb23e6] Successfully extracted JSON using end object pattern | From: helpers.py:extract_json_from_text()
2025-10-24 18:09:26,877 - INFO - [INFO] - Successfully parsed AI response as JSON
2025-10-24 18:09:57,295 - INFO - [INFO] - Updated document_generated flag to True for tickers: ['NI']
2025-10-24 18:10:15,225 - INFO - [INFO] - Updated document_generated flag to True for tickers: ['BKR']
2025-10-24 18:10:16,240 - INFO - [INFO] - Batch cycle completed. Processed: 5 tickers, 0 pipelines. Remaining: 398 tickers, 0 pipelines
2025-10-24 18:12:18,412 - WARNING - [ERR-0001] - [7e7b4925] Attempting to extract JSON from text (length: 20009 chars) | From: helpers.py:extract_json_from_text()
2025-10-24 18:12:18,418 - WARNING - [ERR-0001] - [cf3df024] Successfully extracted JSON using end object pattern | From: helpers.py:extract_json_from_text()
2025-10-24 18:12:18,418 - INFO - [INFO] - Successfully parsed AI response as JSON
2025-10-24 18:13:02,665 - INFO - [INFO] - Updated document_generated flag to True for tickers: ['AOS']
2025-10-24 18:13:22,861 - WARNING - [ERR-0001] - [d9500792] Attempting to extract JSON from text (length: 14655 chars) | From: helpers.py:extract_json_from_text()
2025-10-24 18:13:22,863 - WARNING - [ERR-0001] - [80666000] Successfully extracted JSON using end object pattern | From: helpers.py:extract_json_from_text()
2025-10-24 18:13:22,864 - INFO - [INFO] - Successfully parsed AI response as JSON
2025-10-24 18:13:38,467 - ERROR - [ERR-0001] - [8ffb9df5] Error getting factors analysis | Exception: TypeError: the JSON object must be str, bytes or bytearray, not NoneType | From: helpers.py:get_factors()
2025-10-24 18:13:39,034 - INFO - [INFO] - Updated document_generated flag to True for tickers: ['NTAP']
2025-10-24 18:14:18,812 - WARNING - [ERR-0001] - [2d3ffec5] Attempting to extract JSON from text (length: 18385 chars) | From: helpers.py:extract_json_from_text()
2025-10-24 18:14:18,814 - WARNING - [ERR-0001] - [e8b21db0] Successfully extracted JSON using end object pattern | From: helpers.py:extract_json_from_text()
2025-10-24 18:14:18,814 - INFO - [INFO] - Successfully parsed AI response as JSON
2025-10-24 18:15:00,617 - WARNING - [ERR-0001] - [00ec217e] Attempting to extract JSON from text (length: 14001 chars) | From: helpers.py:extract_json_from_text()
2025-10-24 18:15:00,620 - WARNING - [ERR-0001] - [871aa298] Successfully extracted JSON using end object pattern | From: helpers.py:extract_json_from_text()
2025-10-24 18:15:00,620 - INFO - [INFO] - Successfully parsed AI response as JSON
2025-10-24 18:15:03,497 - INFO - [INFO] - Updated document_generated flag to True for tickers: ['ACN']
2025-10-24 18:15:19,373 - WARNING - [ERR-0001] - [e2667018] Attempting to extract JSON from text (length: 19303 chars) | From: helpers.py:extract_json_from_text()
2025-10-24 18:15:19,378 - WARNING - [ERR-0001] - [369de841] Successfully extracted JSON using end object pattern | From: helpers.py:extract_json_from_text()
2025-10-24 18:15:19,379 - INFO - [INFO] - Successfully parsed AI response as JSON
2025-10-24 18:15:55,547 - INFO - [INFO] - Updated document_generated flag to True for tickers: ['CVX']
2025-10-24 18:16:04,225 - INFO - [INFO] - Updated document_generated flag to True for tickers: ['A']
2025-10-24 18:16:05,229 - INFO - [INFO] - Batch cycle completed. Processed: 5 tickers, 0 pipelines. Remaining: 393 tickers, 0 pipelines
2025-10-24 18:17:37,557 - WARNING - [ERR-0001] - [c84b486b] Attempting to extract JSON from text (length: 14338 chars) | From: helpers.py:extract_json_from_text()
2025-10-24 18:17:37,564 - WARNING - [ERR-0001] - [717396ce] Successfully extracted JSON using end object pattern | From: helpers.py:extract_json_from_text()
2025-10-24 18:17:37,565 - INFO - [INFO] - Successfully parsed AI response as JSON
2025-10-24 18:18:31,209 - WARNING - [ERR-0001] - [6ac8f0e8] Attempting to extract JSON from text (length: 16995 chars) | From: helpers.py:extract_json_from_text()
2025-10-24 18:18:31,212 - WARNING - [ERR-0001] - [30ef9153] Successfully extracted JSON using end object pattern | From: helpers.py:extract_json_from_text()
2025-10-24 18:18:31,212 - INFO - [INFO] - Successfully parsed AI response as JSON
2025-10-24 18:18:32,235 - INFO - [INFO] - Updated document_generated flag to True for tickers: ['ETH-USD']
2025-10-24 18:18:46,529 - INFO - [INFO] - Updated document_generated flag to True for tickers: ['Z']
2025-10-24 18:18:49,088 - INFO - [INFO] - Updated document_generated flag to True for tickers: ['GBPSGD=X']
2025-10-24 18:19:32,886 - WARNING - [ERR-0001] - [e8f1700a] Attempting to extract JSON from text (length: 18361 chars) | From: helpers.py:extract_json_from_text()
2025-10-24 18:19:32,890 - WARNING - [ERR-0001] - [b20b2a78] Successfully extracted JSON using end object pattern | From: helpers.py:extract_json_from_text()
2025-10-24 18:19:32,891 - INFO - [INFO] - Successfully parsed AI response as JSON
2025-10-24 18:19:48,853 - WARNING - [ERR-0001] - [e5755c98] Attempting to extract JSON from text (length: 25148 chars) | From: helpers.py:extract_json_from_text()
2025-10-24 18:19:48,855 - WARNING - [ERR-0001] - [c206178d] Successfully extracted JSON using end object pattern | From: helpers.py:extract_json_from_text()
2025-10-24 18:19:48,856 - INFO - [INFO] - Successfully parsed AI response as JSON
2025-10-24 18:20:29,441 - INFO - [INFO] - Updated document_generated flag to True for tickers: ['ZBRA']
2025-10-24 18:20:34,467 - INFO - [INFO] - Updated document_generated flag to True for tickers: ['INTU']
2025-10-24 18:20:35,483 - INFO - [INFO] - Batch cycle completed. Processed: 5 tickers, 0 pipelines. Remaining: 388 tickers, 0 pipelines
2025-10-24 18:20:47,866 - ERROR - [ERR-0001] - [a190acf4] Failed to parse AI response: Shiba Inu (SHIB-USD) is an Ethereum-based decentralized cryptocurrency, often referred to as a "meme coin" inspired by the Shiba Inu dog breed, created in August 2020 by an anonymous developer known as "Ryoshi".

"description": "Shiba Inu (SHIB-USD) is an Ethereum-based decentralized cryptocurrency, often referred to as a \"meme coin\" inspired by the Shiba Inu dog breed, created in August 2020 by an anonymous developer known as \"Ryoshi\".",
"sector": "Not Applicable - Shiba Inu is a cryptocurrency, not a traditional equity fitting into GICS sectors.",
"cashflow_health": "Not Applicable - As a cryptocurrency, SHIB-USD does not have traditional cash flow statements.",
"profit_health": "Not Applicable - As a cryptocurrency, SHIB-USD does not have traditional profit and loss statements.",
"price_momentum": "Not Applicable - Price momentum for cryptocurrencies is typically assessed through technical analysis rather than fundamental grading.",
"growth_health": "Not Applicable - As a cryptocurrency, SHIB-USD does not have traditional growth metrics like revenue or earnings.",
"dividend_yield": 0.0,
"growth_profitability_chart": null,
"financial_health_chart": null,
"capital_structure_chart": null,
"dividend_history_chart": null | Exception: JSONDecodeError: Expecting value: line 1 column 1 (char 0) | From: analysis.py:run_analysis()
2025-10-24 18:21:40,997 - WARNING - [ERR-0001] - [6e28fe8e] Attempting to extract JSON from text (length: 9273 chars) | From: helpers.py:extract_json_from_text()
2025-10-24 18:21:40,999 - WARNING - [ERR-0001] - [1c27b5fd] Successfully extracted JSON using end object pattern | From: helpers.py:extract_json_from_text()
2025-10-24 18:21:41,002 - INFO - [INFO] - Successfully parsed AI response as JSON
2025-10-24 18:22:27,304 - INFO - [INFO] - Updated document_generated flag to True for tickers: ['SHIB-USD']
2025-10-24 18:23:41,682 - WARNING - [ERR-0001] - [d689f3e0] Attempting to extract JSON from text (length: 23071 chars) | From: helpers.py:extract_json_from_text()
2025-10-24 18:23:41,683 - WARNING - [ERR-0001] - [2cc34e75] Successfully extracted JSON using end object pattern | From: helpers.py:extract_json_from_text()
2025-10-24 18:23:41,683 - INFO - [INFO] - Successfully parsed AI response as JSON
2025-10-24 18:23:43,351 - WARNING - [ERR-0001] - [2a1b23b0] Attempting to extract JSON from text (length: 9979 chars) | From: helpers.py:extract_json_from_text()
2025-10-24 18:23:43,353 - WARNING - [ERR-0001] - [34bf89a2] Successfully extracted JSON using end object pattern | From: helpers.py:extract_json_from_text()
2025-10-24 18:23:43,353 - INFO - [INFO] - Successfully parsed AI response as JSON
2025-10-24 18:24:17,797 - INFO - [INFO] - Updated document_generated flag to True for tickers: ['ROP']
2025-10-24 18:24:20,867 - INFO - [INFO] - Updated document_generated flag to True for tickers: ['JNJ']
2025-10-24 18:24:31,796 - INFO - [INFO] - Updated document_generated flag to True for tickers: ['USDDKK=X']
2025-10-24 18:25:07,021 - WARNING - [ERR-0001] - [b63da8a5] Attempting to extract JSON from text (length: 23646 chars) | From: helpers.py:extract_json_from_text()
2025-10-24 18:25:07,024 - WARNING - [ERR-0001] - [03cb0545] Successfully extracted JSON using end object pattern | From: helpers.py:extract_json_from_text()
2025-10-24 18:25:07,024 - INFO - [INFO] - Successfully parsed AI response as JSON
2025-10-24 18:25:42,583 - INFO - [INFO] - Updated document_generated flag to True for tickers: ['PM']
2025-10-24 18:25:43,606 - INFO - [INFO] - Batch cycle completed. Processed: 5 tickers, 0 pipelines. Remaining: 383 tickers, 0 pipelines
2025-10-24 18:28:16,187 - WARNING - [ERR-0001] - [035201cd] Attempting to extract JSON from text (length: 23612 chars) | From: helpers.py:extract_json_from_text()
2025-10-24 18:28:16,194 - WARNING - [ERR-0001] - [b0c64297] Successfully extracted JSON using pattern: ```json\s*(\{.*\})\s*```... | From: helpers.py:extract_json_from_text()
2025-10-24 18:28:16,194 - WARNING - [ERR-0001] - [32be305b] Attempting to extract JSON from text (length: 23496 chars) | From: helpers.py:extract_json_from_text()
2025-10-24 18:28:16,195 - WARNING - [ERR-0001] - [f4125c75] Successfully extracted JSON using end object pattern | From: helpers.py:extract_json_from_text()
2025-10-24 18:28:16,196 - INFO - [INFO] - Successfully parsed AI response as JSON
2025-10-24 18:28:44,907 - WARNING - [ERR-0001] - [7f7b138f] Attempting to extract JSON from text (length: 22285 chars) | From: helpers.py:extract_json_from_text()
2025-10-24 18:28:44,909 - WARNING - [ERR-0001] - [27a865f8] Successfully extracted JSON using end object pattern | From: helpers.py:extract_json_from_text()
2025-10-24 18:28:44,909 - INFO - [INFO] - Successfully parsed AI response as JSON
2025-10-24 18:28:44,991 - WARNING - [ERR-0001] - [dcdf3148] Attempting to extract JSON from text (length: 28421 chars) | From: helpers.py:extract_json_from_text()
2025-10-24 18:28:44,992 - WARNING - [ERR-0001] - [35c755e2] Successfully extracted JSON using end object pattern | From: helpers.py:extract_json_from_text()
2025-10-24 18:28:44,993 - INFO - [INFO] - Successfully parsed AI response as JSON
2025-10-24 18:28:49,839 - INFO - [INFO] - Updated document_generated flag to True for tickers: ['FTV']
2025-10-24 18:29:00,374 - WARNING - [ERR-0001] - [d91e27e1] Attempting to extract JSON from text (length: 20281 chars) | From: helpers.py:extract_json_from_text()
2025-10-24 18:29:00,378 - WARNING - [ERR-0001] - [c560eba1] Successfully extracted JSON using end object pattern | From: helpers.py:extract_json_from_text()
2025-10-24 18:29:00,382 - INFO - [INFO] - Successfully parsed AI response as JSON
