2025-09-30 08:45:16,765 - WARNING - [ERR-0001] - [2447852b] Attempting to extract JSON from text (length: 27885 chars) | From: helpers.py:extract_json_from_text()
2025-09-30 08:45:16,766 - WARNING - [ERR-0001] - [384fd288] Successfully extracted JSON using end object pattern | From: helpers.py:extract_json_from_text()
2025-09-30 08:45:16,767 - INFO - [INFO] - Successfully parsed AI response as JSON
2025-09-30 08:49:49,396 - WARNING - [ERR-0001] - [e7bf8024] Attempting to extract JSON from text (length: 23259 chars) | From: helpers.py:extract_json_from_text()
2025-09-30 08:49:49,400 - WARNING - [ERR-0001] - [fe86a6c2] Successfully extracted JSON using end object pattern | From: helpers.py:extract_json_from_text()
2025-09-30 08:49:49,402 - INFO - [INFO] - Successfully parsed AI response as JSON
2025-09-30 09:47:35,778 - WARNING - [ERR-0001] - [b40361a2] Attempting to extract JSON from text (length: 22653 chars) | From: helpers.py:extract_json_from_text()
2025-09-30 09:47:35,785 - WARNING - [ERR-0001] - [c1adfd90] JSON parsing failed for pattern ```json\s*(\{.*\})\s*```...: Expecting ',' delimiter: line 10 column 7011 (char 9757) | From: helpers.py:extract_json_from_text()
2025-09-30 09:47:35,788 - ERROR - [ERR-0404] - [7725f3d1] Error in holistic_market_model | Exception: PatternError: invalid group reference 1 at position 1 | From: holistic.py:run_holistic_market_model()
2025-09-30 09:59:44,397 - WARNING - [ERR-0001] - [33b607a2] Attempting to extract JSON from text (length: 79280 chars) | From: helpers.py:extract_json_from_text()
2025-09-30 09:59:44,435 - WARNING - [ERR-0001] - [7e340bec] Successfully extracted JSON using fallback pattern | From: helpers.py:extract_json_from_text()
2025-09-30 09:59:44,437 - WARNING - [ERR-0001] - [590b07a5] Attempting to extract JSON from text (length: 400 chars) | From: helpers.py:extract_json_from_text()
2025-09-30 09:59:44,437 - WARNING - [ERR-0001] - [718d2aa6] Successfully extracted JSON using end object pattern | From: helpers.py:extract_json_from_text()
2025-09-30 09:59:44,437 - INFO - [INFO] - Successfully parsed AI response as JSON
2025-09-30 10:00:25,497 - WARNING - [ERR-0303] - [73e53bc5] Missing required fields: ['title', 'market_outlook_narrative', 'rationale', 'analysis', 'recommendations', 'market_impact'] | From: helpers.py:validate_recommendations_schema()
2025-09-30 10:00:25,498 - ERROR - [ERR-0303] - [6ee97047] Invalid recommendations schema, skipping save | From: helpers.py:save_to_db_robust()
2025-09-30 10:00:25,500 - WARNING - [ERR-0001] - [9f6882b6] Database save failed | From: helpers.py:save_to_db_with_fallback()
2025-09-30 10:00:25,501 - WARNING - [ERR-0003] - [65057ad2] Failed to save recommendations to database | From: holistic.py:run_holistic_market_model()
2025-09-30 10:31:02,613 - WARNING - [ERR-0001] - [e94101a6] Attempting to extract JSON from text (length: 26505 chars) | From: helpers.py:extract_json_from_text()
2025-09-30 10:31:02,616 - WARNING - [ERR-0001] - [5b2ed8cf] Successfully extracted JSON using end object pattern | From: helpers.py:extract_json_from_text()
2025-09-30 10:31:02,617 - INFO - [INFO] - Successfully parsed AI response as JSON
2025-09-30 11:45:31,675 - WARNING - [ERR-0001] - [a843fbda] Attempting to extract JSON from text (length: 32012 chars) | From: helpers.py:extract_json_from_text()
2025-09-30 11:45:31,677 - WARNING - [ERR-0001] - [c398fd4a] Successfully extracted JSON using end object pattern | From: helpers.py:extract_json_from_text()
2025-09-30 11:45:31,677 - INFO - [INFO] - Successfully parsed AI response as JSON
2025-09-30 12:20:54,727 - WARNING - [ERR-0001] - [4bcf231f] Attempting to extract JSON from text (length: 25361 chars) | From: helpers.py:extract_json_from_text()
2025-09-30 12:20:54,729 - WARNING - [ERR-0001] - [d9c23b88] Successfully extracted JSON using end object pattern | From: helpers.py:extract_json_from_text()
2025-09-30 12:20:54,729 - INFO - [INFO] - Successfully parsed AI response as JSON
2025-09-30 12:28:56,441 - WARNING - [ERR-0001] - [f9a873f7] Attempting to extract JSON from text (length: 18265 chars) | From: helpers.py:extract_json_from_text()
2025-09-30 12:28:56,443 - WARNING - [ERR-0001] - [5a5f9524] Successfully extracted JSON using end object pattern | From: helpers.py:extract_json_from_text()
2025-09-30 12:28:56,443 - INFO - [INFO] - Successfully parsed AI response as JSON
2025-09-30 12:46:47,832 - WARNING - [ERR-0001] - [37cc47be] Attempting to extract JSON from text (length: 19690 chars) | From: helpers.py:extract_json_from_text()
2025-09-30 12:46:47,836 - WARNING - [ERR-0001] - [673a99d9] Successfully extracted JSON using end object pattern | From: helpers.py:extract_json_from_text()
2025-09-30 12:46:47,836 - INFO - [INFO] - Successfully parsed AI response as JSON
2025-09-30 12:50:51,862 - WARNING - [ERR-0001] - [edd26064] Attempting to extract JSON from text (length: 28293 chars) | From: helpers.py:extract_json_from_text()
2025-09-30 12:50:51,864 - WARNING - [ERR-0001] - [2db199a1] Successfully extracted JSON using end object pattern | From: helpers.py:extract_json_from_text()
2025-09-30 12:50:51,864 - INFO - [INFO] - Successfully parsed AI response as JSON
2025-09-30 13:11:05,087 - WARNING - [ERR-0001] - [756f3247] Attempting to extract JSON from text (length: 26474 chars) | From: helpers.py:extract_json_from_text()
2025-09-30 13:11:05,090 - WARNING - [ERR-0001] - [8a4277df] Successfully extracted JSON using end object pattern | From: helpers.py:extract_json_from_text()
2025-09-30 13:11:05,090 - INFO - [INFO] - Successfully parsed AI response as JSON
2025-09-30 13:11:06,922 - ERROR - [ERR-0001] - [032e2d0f] Error getting factors analysis | Exception: ValueError: Single '}' encountered in format string | From: helpers.py:get_factors()
2025-09-30 13:47:39,169 - WARNING - [ERR-0001] - [0343ccfb] Attempting to extract JSON from text (length: 19885 chars) | From: helpers.py:extract_json_from_text()
2025-09-30 13:47:39,171 - WARNING - [ERR-0001] - [b0fff48f] Successfully extracted JSON using end object pattern | From: helpers.py:extract_json_from_text()
2025-09-30 13:47:39,171 - INFO - [INFO] - Successfully parsed AI response as JSON
2025-09-30 13:58:16,935 - WARNING - [ERR-0001] - [8dfbbcc4] Attempting to extract JSON from text (length: 15347 chars) | From: helpers.py:extract_json_from_text()
2025-09-30 13:58:16,938 - WARNING - [ERR-0001] - [a1b8bd02] Successfully extracted JSON using end object pattern | From: helpers.py:extract_json_from_text()
2025-09-30 13:58:16,938 - INFO - [INFO] - Successfully parsed AI response as JSON
2025-09-30 14:08:03,872 - WARNING - [ERR-0001] - [674f28cd] Attempting to extract JSON from text (length: 19722 chars) | From: helpers.py:extract_json_from_text()
2025-09-30 14:08:03,873 - WARNING - [ERR-0001] - [bce2298e] Successfully extracted JSON using end object pattern | From: helpers.py:extract_json_from_text()
2025-09-30 14:08:03,876 - INFO - [INFO] - Successfully parsed AI response as JSON
2025-09-30 14:37:55,780 - WARNING - [ERR-0001] - [b3a81462] Empty or non-string text provided to extract_json_from_text | From: helpers.py:extract_json_from_text()
2025-09-30 14:37:55,782 - ERROR - [ERR-0001] - [8828410a] Failed to extract valid JSON from AI response | From: holistic.py:run_holistic_market_model()
2025-09-30 14:37:55,782 - ERROR - [ERR-0404] - [03814eba] Error in holistic_market_model | Exception: TypeError: 'NoneType' object is not subscriptable | From: holistic.py:run_holistic_market_model()
2025-09-30 14:42:46,820 - WARNING - [ERR-0001] - [218417ba] Attempting to extract JSON from text (length: 23660 chars) | From: helpers.py:extract_json_from_text()
2025-09-30 14:42:46,824 - WARNING - [ERR-0001] - [0271f6c0] Successfully extracted JSON using end object pattern | From: helpers.py:extract_json_from_text()
2025-09-30 14:42:46,825 - INFO - [INFO] - Successfully parsed AI response as JSON
2025-09-30 15:21:53,990 - WARNING - [ERR-0001] - [54615bbf] Attempting to extract JSON from text (length: 27263 chars) | From: helpers.py:extract_json_from_text()
2025-09-30 15:21:53,992 - WARNING - [ERR-0001] - [cfc228e3] Successfully extracted JSON using end object pattern | From: helpers.py:extract_json_from_text()
2025-09-30 15:21:53,993 - INFO - [INFO] - Successfully parsed AI response as JSON
2025-09-30 15:25:16,933 - WARNING - [ERR-0001] - [43e2fcae] Attempting to extract JSON from text (length: 17999 chars) | From: helpers.py:extract_json_from_text()
2025-09-30 15:25:16,940 - WARNING - [ERR-0001] - [ebac8bc6] Successfully extracted JSON using end object pattern | From: helpers.py:extract_json_from_text()
2025-09-30 15:25:16,942 - INFO - [INFO] - Successfully parsed AI response as JSON
2025-09-30 15:34:55,406 - WARNING - [ERR-0001] - [27b967f1] Attempting to extract JSON from text (length: 54615 chars) | From: helpers.py:extract_json_from_text()
2025-09-30 15:34:55,409 - WARNING - [ERR-0001] - [6c923244] Successfully extracted JSON using end object pattern | From: helpers.py:extract_json_from_text()
2025-09-30 15:34:55,409 - INFO - [INFO] - Successfully parsed AI response as JSON
2025-09-30 18:21:11,309 - WARNING - [ERR-0001] - [b1716e90] Attempting to extract JSON from text (length: 26496 chars) | From: helpers.py:extract_json_from_text()
2025-09-30 18:21:11,319 - WARNING - [ERR-0001] - [293222bc] Successfully extracted JSON using end object pattern | From: helpers.py:extract_json_from_text()
2025-09-30 18:21:11,319 - INFO - [INFO] - Successfully parsed AI response as JSON
2025-09-30 18:21:12,644 - INFO - [INFO] - Updated document_generated flag to True for tickers: ['SPY']
2025-09-30 18:24:48,077 - WARNING - [ERR-0001] - [21c8b0e6] Attempting to extract JSON from text (length: 19567 chars) | From: helpers.py:extract_json_from_text()
2025-09-30 18:24:48,082 - WARNING - [ERR-0001] - [4df7b4d9] Successfully extracted JSON using pattern: ```json\s*(\{.*\})\s*```... | From: helpers.py:extract_json_from_text()
2025-09-30 18:25:22,872 - INFO - [INFO] - Updated document_generated flag to True for tickers: ['EURUSD=X']
2025-09-30 18:29:19,654 - INFO - [INFO] - Updated document_generated flag to True for tickers: ['XLF', 'XLU', 'XLV', 'XLC', 'XLE', 'XLRE', 'XLY', 'XLI', 'XLP', 'XLK', 'XLB']
2025-09-30 18:32:13,621 - WARNING - [ERR-0001] - [9ad6ef1d] Attempting to extract JSON from text (length: 155 chars) | From: helpers.py:extract_json_from_text()
2025-09-30 18:32:13,625 - ERROR - [ERR-0001] - [5fc768e0] Failed to extract any valid JSON from text | From: helpers.py:extract_json_from_text()
2025-09-30 18:32:13,626 - ERROR - [ERR-0001] - [9792ef96] Text preview: Error generating content: 503 UNAVAILABLE. {'error': {'code': 503, 'message': 'The model is overloaded. Please try again later.', 'status': 'UNAVAILABLE'}}... | From: helpers.py:extract_json_from_text()
2025-09-30 18:32:13,627 - ERROR - [ERR-0103] - [7d51a0c7] Error parsing AI response as JSON | Exception: JSONDecodeError: Expecting value: line 1 column 1 (char 0) | From: fx_long_short.py:run_fx_model()
2025-09-30 18:32:13,627 - WARNING - [WARN-0002] - [296f684e] Raw response content: Error generating content: 503 UNAVAILABLE. {'error': {'code': 503, 'message': 'The model is overloaded. Please try again later.', 'status': 'UNAVAILABLE'}}... | From: fx_long_short.py:run_fx_model()
2025-09-30 18:33:09,266 - WARNING - [ERR-0001] - [53d24dc9] Attempting to extract JSON from text (length: 155 chars) | From: helpers.py:extract_json_from_text()
2025-09-30 18:33:09,268 - ERROR - [ERR-0001] - [3ddf329b] Failed to extract any valid JSON from text | From: helpers.py:extract_json_from_text()
2025-09-30 18:33:09,269 - ERROR - [ERR-0001] - [54fc2f28] Text preview: Error generating content: 503 UNAVAILABLE. {'error': {'code': 503, 'message': 'The model is overloaded. Please try again later.', 'status': 'UNAVAILABLE'}}... | From: helpers.py:extract_json_from_text()
2025-09-30 18:33:09,269 - ERROR - [ERR-0103] - [83d51b97] Error parsing AI response as JSON | Exception: JSONDecodeError: Expecting value: line 1 column 1 (char 0) | From: fx_long_short.py:run_fx_model()
2025-09-30 18:33:09,270 - WARNING - [WARN-0002] - [f34a6e1c] Raw response content: Error generating content: 503 UNAVAILABLE. {'error': {'code': 503, 'message': 'The model is overloaded. Please try again later.', 'status': 'UNAVAILABLE'}}... | From: fx_long_short.py:run_fx_model()
2025-09-30 19:44:55,384 - WARNING - [ERR-0001] - [9f0cd6ac] Attempting to extract JSON from text (length: 155 chars) | From: helpers.py:extract_json_from_text()
2025-09-30 19:44:55,388 - ERROR - [ERR-0001] - [46417930] Failed to extract any valid JSON from text | From: helpers.py:extract_json_from_text()
2025-09-30 19:44:55,388 - ERROR - [ERR-0001] - [7b09f900] Text preview: Error generating content: 503 UNAVAILABLE. {'error': {'code': 503, 'message': 'The model is overloaded. Please try again later.', 'status': 'UNAVAILABLE'}}... | From: helpers.py:extract_json_from_text()
2025-09-30 19:44:55,389 - ERROR - [ERR-0103] - [483b9f62] Error parsing AI response as JSON | Exception: JSONDecodeError: Expecting value: line 1 column 1 (char 0) | From: fx_long_short.py:run_fx_model()
2025-09-30 19:44:55,389 - WARNING - [WARN-0002] - [421d7793] Raw response content: Error generating content: 503 UNAVAILABLE. {'error': {'code': 503, 'message': 'The model is overloaded. Please try again later.', 'status': 'UNAVAILABLE'}}... | From: fx_long_short.py:run_fx_model()
2025-09-30 19:49:03,235 - WARNING - [ERR-0001] - [20fb0dac] Attempting to extract JSON from text (length: 155 chars) | From: helpers.py:extract_json_from_text()
2025-09-30 19:49:03,238 - ERROR - [ERR-0001] - [0bd1bd04] Failed to extract any valid JSON from text | From: helpers.py:extract_json_from_text()
2025-09-30 19:49:03,241 - ERROR - [ERR-0001] - [0a5dfb61] Text preview: Error generating content: 503 UNAVAILABLE. {'error': {'code': 503, 'message': 'The model is overloaded. Please try again later.', 'status': 'UNAVAILABLE'}}... | From: helpers.py:extract_json_from_text()
2025-09-30 19:49:03,241 - ERROR - [ERR-0103] - [b5573f67] Error parsing AI response as JSON | Exception: JSONDecodeError: Expecting value: line 1 column 1 (char 0) | From: fx_long_short.py:run_fx_model()
2025-09-30 19:49:03,241 - WARNING - [WARN-0002] - [f4be1643] Raw response content: Error generating content: 503 UNAVAILABLE. {'error': {'code': 503, 'message': 'The model is overloaded. Please try again later.', 'status': 'UNAVAILABLE'}}... | From: fx_long_short.py:run_fx_model()
2025-09-30 19:52:25,447 - WARNING - [ERR-0001] - [373606e7] Attempting to extract JSON from text (length: 155 chars) | From: helpers.py:extract_json_from_text()
2025-09-30 19:52:25,448 - ERROR - [ERR-0001] - [826acff8] Failed to extract any valid JSON from text | From: helpers.py:extract_json_from_text()
2025-09-30 19:52:25,448 - ERROR - [ERR-0001] - [b35d2e7e] Text preview: Error generating content: 503 UNAVAILABLE. {'error': {'code': 503, 'message': 'The model is overloaded. Please try again later.', 'status': 'UNAVAILABLE'}}... | From: helpers.py:extract_json_from_text()
2025-09-30 19:52:25,449 - ERROR - [ERR-0103] - [0fb5f31c] Error parsing AI response as JSON | Exception: JSONDecodeError: Expecting value: line 1 column 1 (char 0) | From: fx_long_short.py:run_fx_model()
2025-09-30 19:52:25,449 - WARNING - [WARN-0002] - [c23d0ae2] Raw response content: Error generating content: 503 UNAVAILABLE. {'error': {'code': 503, 'message': 'The model is overloaded. Please try again later.', 'status': 'UNAVAILABLE'}}... | From: fx_long_short.py:run_fx_model()
2025-09-30 19:55:24,189 - WARNING - [ERR-0001] - [30088e9d] Attempting to extract JSON from text (length: 155 chars) | From: helpers.py:extract_json_from_text()
2025-09-30 19:55:24,191 - ERROR - [ERR-0001] - [6303a1fb] Failed to extract any valid JSON from text | From: helpers.py:extract_json_from_text()
2025-09-30 19:55:24,191 - ERROR - [ERR-0001] - [0b714535] Text preview: Error generating content: 503 UNAVAILABLE. {'error': {'code': 503, 'message': 'The model is overloaded. Please try again later.', 'status': 'UNAVAILABLE'}}... | From: helpers.py:extract_json_from_text()
2025-09-30 19:55:24,191 - ERROR - [ERR-0103] - [89b7a825] Error parsing AI response as JSON | Exception: JSONDecodeError: Expecting value: line 1 column 1 (char 0) | From: fx_long_short.py:run_fx_model()
2025-09-30 19:55:24,191 - WARNING - [WARN-0002] - [9921a41b] Raw response content: Error generating content: 503 UNAVAILABLE. {'error': {'code': 503, 'message': 'The model is overloaded. Please try again later.', 'status': 'UNAVAILABLE'}}... | From: fx_long_short.py:run_fx_model()
2025-09-30 19:58:07,217 - WARNING - [ERR-0001] - [6ccefb39] Attempting to extract JSON from text (length: 155 chars) | From: helpers.py:extract_json_from_text()
2025-09-30 19:58:07,219 - ERROR - [ERR-0001] - [12a34638] Failed to extract any valid JSON from text | From: helpers.py:extract_json_from_text()
2025-09-30 19:58:07,219 - ERROR - [ERR-0001] - [b2245f60] Text preview: Error generating content: 503 UNAVAILABLE. {'error': {'code': 503, 'message': 'The model is overloaded. Please try again later.', 'status': 'UNAVAILABLE'}}... | From: helpers.py:extract_json_from_text()
2025-09-30 19:58:07,223 - ERROR - [ERR-0103] - [3db0ac74] Error parsing AI response as JSON | Exception: JSONDecodeError: Expecting value: line 1 column 1 (char 0) | From: regional_rotation_long_short.py:run_regional_rotation_model()
2025-09-30 19:58:07,224 - WARNING - [WARN-0002] - [99c8ea34] Raw response content: Error generating content: 503 UNAVAILABLE. {'error': {'code': 503, 'message': 'The model is overloaded. Please try again later.', 'status': 'UNAVAILABLE'}}... | From: regional_rotation_long_short.py:run_regional_rotation_model()
2025-09-30 20:05:41,165 - WARNING - [ERR-0001] - [241c3fc1] Attempting to extract JSON from text (length: 155 chars) | From: helpers.py:extract_json_from_text()
2025-09-30 20:05:41,170 - ERROR - [ERR-0001] - [094cb530] Failed to extract any valid JSON from text | From: helpers.py:extract_json_from_text()
2025-09-30 20:05:41,171 - ERROR - [ERR-0001] - [15f22ad5] Text preview: Error generating content: 503 UNAVAILABLE. {'error': {'code': 503, 'message': 'The model is overloaded. Please try again later.', 'status': 'UNAVAILABLE'}}... | From: helpers.py:extract_json_from_text()
2025-09-30 20:05:41,172 - ERROR - [ERR-0103] - [2ae1c4bd] Error parsing AI response as JSON | Exception: JSONDecodeError: Expecting value: line 1 column 1 (char 0) | From: regional_rotation_long_short.py:run_regional_rotation_model()
2025-09-30 20:05:41,172 - WARNING - [WARN-0002] - [97f0ed87] Raw response content: Error generating content: 503 UNAVAILABLE. {'error': {'code': 503, 'message': 'The model is overloaded. Please try again later.', 'status': 'UNAVAILABLE'}}... | From: regional_rotation_long_short.py:run_regional_rotation_model()
2025-09-30 20:11:00,911 - WARNING - [ERR-0001] - [389bc77b] Attempting to extract JSON from text (length: 155 chars) | From: helpers.py:extract_json_from_text()
2025-09-30 20:11:00,912 - ERROR - [ERR-0001] - [87d0e3ec] Failed to extract any valid JSON from text | From: helpers.py:extract_json_from_text()
2025-09-30 20:11:00,913 - ERROR - [ERR-0001] - [94dbfa0f] Text preview: Error generating content: 503 UNAVAILABLE. {'error': {'code': 503, 'message': 'The model is overloaded. Please try again later.', 'status': 'UNAVAILABLE'}}... | From: helpers.py:extract_json_from_text()
2025-09-30 20:11:00,913 - ERROR - [ERR-0103] - [4003e067] Error parsing AI response as JSON | Exception: JSONDecodeError: Expecting value: line 1 column 1 (char 0) | From: regional_rotation_long_short.py:run_regional_rotation_model()
2025-09-30 20:11:00,914 - WARNING - [WARN-0002] - [7896e093] Raw response content: Error generating content: 503 UNAVAILABLE. {'error': {'code': 503, 'message': 'The model is overloaded. Please try again later.', 'status': 'UNAVAILABLE'}}... | From: regional_rotation_long_short.py:run_regional_rotation_model()
2025-09-30 20:13:03,728 - WARNING - [ERR-0001] - [79143abf] Attempting to extract JSON from text (length: 155 chars) | From: helpers.py:extract_json_from_text()
2025-09-30 20:13:03,730 - ERROR - [ERR-0001] - [b77c36cd] Failed to extract any valid JSON from text | From: helpers.py:extract_json_from_text()
2025-09-30 20:13:03,730 - ERROR - [ERR-0001] - [877b4c11] Text preview: Error generating content: 503 UNAVAILABLE. {'error': {'code': 503, 'message': 'The model is overloaded. Please try again later.', 'status': 'UNAVAILABLE'}}... | From: helpers.py:extract_json_from_text()
2025-09-30 20:13:03,736 - ERROR - [ERR-0103] - [d68e99a1] Error parsing AI response as JSON | Exception: JSONDecodeError: Expecting value: line 1 column 1 (char 0) | From: sector_rotation_long_short.py:run_sector_rotation_model()
2025-09-30 20:13:03,737 - WARNING - [WARN-0002] - [97ac549c] Raw response content: Error generating content: 503 UNAVAILABLE. {'error': {'code': 503, 'message': 'The model is overloaded. Please try again later.', 'status': 'UNAVAILABLE'}}... | From: sector_rotation_long_short.py:run_sector_rotation_model()
2025-09-30 20:17:26,929 - WARNING - [ERR-0001] - [05030c84] Attempting to extract JSON from text (length: 155 chars) | From: helpers.py:extract_json_from_text()
2025-09-30 20:17:26,932 - ERROR - [ERR-0001] - [7092691a] Failed to extract any valid JSON from text | From: helpers.py:extract_json_from_text()
2025-09-30 20:17:26,933 - ERROR - [ERR-0001] - [58b77903] Text preview: Error generating content: 503 UNAVAILABLE. {'error': {'code': 503, 'message': 'The model is overloaded. Please try again later.', 'status': 'UNAVAILABLE'}}... | From: helpers.py:extract_json_from_text()
2025-09-30 20:17:26,933 - ERROR - [ERR-0103] - [1a04c26f] Error parsing AI response as JSON | Exception: JSONDecodeError: Expecting value: line 1 column 1 (char 0) | From: fx_long_short.py:run_fx_model()
2025-09-30 20:17:26,933 - WARNING - [WARN-0002] - [6386deda] Raw response content: Error generating content: 503 UNAVAILABLE. {'error': {'code': 503, 'message': 'The model is overloaded. Please try again later.', 'status': 'UNAVAILABLE'}}... | From: fx_long_short.py:run_fx_model()
2025-09-30 20:23:57,891 - WARNING - [ERR-0001] - [05125438] Attempting to extract JSON from text (length: 155 chars) | From: helpers.py:extract_json_from_text()
2025-09-30 20:23:57,892 - ERROR - [ERR-0001] - [522c7117] Failed to extract any valid JSON from text | From: helpers.py:extract_json_from_text()
2025-09-30 20:23:57,892 - ERROR - [ERR-0001] - [789cd18a] Text preview: Error generating content: 503 UNAVAILABLE. {'error': {'code': 503, 'message': 'The model is overloaded. Please try again later.', 'status': 'UNAVAILABLE'}}... | From: helpers.py:extract_json_from_text()
2025-09-30 20:23:57,892 - ERROR - [ERR-0103] - [9990c322] Error parsing AI response as JSON | Exception: JSONDecodeError: Expecting value: line 1 column 1 (char 0) | From: fx_long_short.py:run_fx_model()
2025-09-30 20:23:57,892 - WARNING - [WARN-0002] - [f510deb4] Raw response content: Error generating content: 503 UNAVAILABLE. {'error': {'code': 503, 'message': 'The model is overloaded. Please try again later.', 'status': 'UNAVAILABLE'}}... | From: fx_long_short.py:run_fx_model()
2025-09-30 20:24:57,644 - WARNING - [ERR-0001] - [fe21c7cb] Attempting to extract JSON from text (length: 155 chars) | From: helpers.py:extract_json_from_text()
2025-09-30 20:24:57,646 - ERROR - [ERR-0001] - [cb48adca] Failed to extract any valid JSON from text | From: helpers.py:extract_json_from_text()
2025-09-30 20:24:57,646 - ERROR - [ERR-0001] - [63de063f] Text preview: Error generating content: 503 UNAVAILABLE. {'error': {'code': 503, 'message': 'The model is overloaded. Please try again later.', 'status': 'UNAVAILABLE'}}... | From: helpers.py:extract_json_from_text()
2025-09-30 20:24:57,646 - ERROR - [ERR-0103] - [11b81055] Error parsing AI response as JSON | Exception: JSONDecodeError: Expecting value: line 1 column 1 (char 0) | From: fx_long_short.py:run_fx_model()
2025-09-30 20:24:57,646 - WARNING - [WARN-0002] - [db4540b7] Raw response content: Error generating content: 503 UNAVAILABLE. {'error': {'code': 503, 'message': 'The model is overloaded. Please try again later.', 'status': 'UNAVAILABLE'}}... | From: fx_long_short.py:run_fx_model()
2025-09-30 20:25:50,016 - WARNING - [ERR-0001] - [879b2e7f] Attempting to extract JSON from text (length: 155 chars) | From: helpers.py:extract_json_from_text()
2025-09-30 20:25:50,019 - ERROR - [ERR-0001] - [919f3f4f] Failed to extract any valid JSON from text | From: helpers.py:extract_json_from_text()
2025-09-30 20:25:50,022 - ERROR - [ERR-0001] - [8c1a330e] Text preview: Error generating content: 503 UNAVAILABLE. {'error': {'code': 503, 'message': 'The model is overloaded. Please try again later.', 'status': 'UNAVAILABLE'}}... | From: helpers.py:extract_json_from_text()
2025-09-30 20:25:50,023 - ERROR - [ERR-0103] - [e500f146] Error parsing AI response as JSON | Exception: JSONDecodeError: Expecting value: line 1 column 1 (char 0) | From: regional_rotation_long_short.py:run_regional_rotation_model()
2025-09-30 20:25:50,023 - WARNING - [WARN-0002] - [8fad9e12] Raw response content: Error generating content: 503 UNAVAILABLE. {'error': {'code': 503, 'message': 'The model is overloaded. Please try again later.', 'status': 'UNAVAILABLE'}}... | From: regional_rotation_long_short.py:run_regional_rotation_model()
2025-09-30 20:29:59,106 - WARNING - [ERR-0001] - [6edb270a] Attempting to extract JSON from text (length: 155 chars) | From: helpers.py:extract_json_from_text()
2025-09-30 20:29:59,107 - ERROR - [ERR-0001] - [2c4306bb] Failed to extract any valid JSON from text | From: helpers.py:extract_json_from_text()
2025-09-30 20:29:59,107 - ERROR - [ERR-0001] - [cae66be2] Text preview: Error generating content: 503 UNAVAILABLE. {'error': {'code': 503, 'message': 'The model is overloaded. Please try again later.', 'status': 'UNAVAILABLE'}}... | From: helpers.py:extract_json_from_text()
2025-09-30 20:29:59,109 - ERROR - [ERR-0103] - [c8cf670b] Error parsing AI response as JSON | Exception: JSONDecodeError: Expecting value: line 1 column 1 (char 0) | From: fx_long_short.py:run_fx_model()
2025-09-30 20:29:59,109 - WARNING - [WARN-0002] - [f7fd8e0b] Raw response content: Error generating content: 503 UNAVAILABLE. {'error': {'code': 503, 'message': 'The model is overloaded. Please try again later.', 'status': 'UNAVAILABLE'}}... | From: fx_long_short.py:run_fx_model()
2025-09-30 20:44:01,169 - WARNING - [ERR-0001] - [5c2e5978] Attempting to extract JSON from text (length: 155 chars) | From: helpers.py:extract_json_from_text()
2025-09-30 20:44:01,173 - ERROR - [ERR-0001] - [f971c13a] Failed to extract any valid JSON from text | From: helpers.py:extract_json_from_text()
2025-09-30 20:44:01,173 - ERROR - [ERR-0001] - [07582afb] Text preview: Error generating content: 503 UNAVAILABLE. {'error': {'code': 503, 'message': 'The model is overloaded. Please try again later.', 'status': 'UNAVAILABLE'}}... | From: helpers.py:extract_json_from_text()
2025-09-30 20:44:01,173 - ERROR - [ERR-0103] - [800fd5e2] Error parsing AI response as JSON | Exception: JSONDecodeError: Expecting value: line 1 column 1 (char 0) | From: fx_long_short.py:run_fx_model()
2025-09-30 20:44:01,177 - WARNING - [WARN-0002] - [24d541ef] Raw response content: Error generating content: 503 UNAVAILABLE. {'error': {'code': 503, 'message': 'The model is overloaded. Please try again later.', 'status': 'UNAVAILABLE'}}... | From: fx_long_short.py:run_fx_model()
2025-09-30 21:34:31,299 - WARNING - [ERR-0001] - [375de874] Attempting to extract JSON from text (length: 155 chars) | From: helpers.py:extract_json_from_text()
2025-09-30 21:34:31,301 - ERROR - [ERR-0001] - [603d6bae] Failed to extract any valid JSON from text | From: helpers.py:extract_json_from_text()
2025-09-30 21:34:31,301 - ERROR - [ERR-0001] - [0c228eda] Text preview: Error generating content: 503 UNAVAILABLE. {'error': {'code': 503, 'message': 'The model is overloaded. Please try again later.', 'status': 'UNAVAILABLE'}}... | From: helpers.py:extract_json_from_text()
2025-09-30 21:34:31,302 - ERROR - [ERR-0103] - [8f15756b] Error parsing AI response as JSON | Exception: JSONDecodeError: Expecting value: line 1 column 1 (char 0) | From: fx_long_short.py:run_fx_model()
2025-09-30 21:34:31,304 - WARNING - [WARN-0002] - [df2168d8] Raw response content: Error generating content: 503 UNAVAILABLE. {'error': {'code': 503, 'message': 'The model is overloaded. Please try again later.', 'status': 'UNAVAILABLE'}}... | From: fx_long_short.py:run_fx_model()
2025-09-30 21:35:55,070 - INFO - [INFO] - Updated document_generated flag to True for tickers: ['DX=F']
2025-09-30 21:36:49,958 - INFO - [INFO] - Updated document_generated flag to True for tickers: ['USDJPY=X']
2025-09-30 21:39:04,805 - WARNING - [ERR-0001] - [c499cb0a] Attempting to extract JSON from text (length: 6965 chars) | From: helpers.py:extract_json_from_text()
2025-09-30 21:39:04,808 - WARNING - [ERR-0001] - [291cf584] Successfully extracted JSON using end object pattern | From: helpers.py:extract_json_from_text()
2025-09-30 21:39:04,808 - INFO - [INFO] - Successfully parsed AI response as JSON
2025-09-30 21:39:09,977 - INFO - [INFO] - Updated document_generated flag to True for tickers: ['CL=F']
2025-09-30 21:41:26,416 - WARNING - [ERR-0001] - [ba574a16] Empty or non-string text provided to extract_json_from_text | From: helpers.py:extract_json_from_text()
2025-09-30 21:41:26,417 - ERROR - [ERR-0001] - [195ff39e] Failed to extract valid JSON from AI response | From: holistic.py:run_holistic_market_model()
2025-09-30 21:41:26,417 - ERROR - [ERR-0404] - [4cbe1b06] Error in holistic_market_model | Exception: TypeError: 'NoneType' object is not subscriptable | From: holistic.py:run_holistic_market_model()
2025-09-30 21:41:43,209 - WARNING - [ERR-0001] - [41fc7d8e] Empty or non-string text provided to extract_json_from_text | From: helpers.py:extract_json_from_text()
2025-09-30 21:41:43,210 - ERROR - [ERR-0001] - [e2ce9baa] Failed to extract valid JSON from AI response | From: holistic.py:run_holistic_market_model()
2025-09-30 21:41:43,211 - ERROR - [ERR-0404] - [a630876a] Error in holistic_market_model | Exception: TypeError: 'NoneType' object is not subscriptable | From: holistic.py:run_holistic_market_model()
2025-09-30 21:44:30,739 - WARNING - [ERR-0001] - [ad192542] Attempting to extract JSON from text (length: 108140 chars) | From: helpers.py:extract_json_from_text()
2025-09-30 21:44:30,784 - WARNING - [ERR-0001] - [3459a07a] Successfully extracted JSON using fallback pattern | From: helpers.py:extract_json_from_text()
2025-09-30 21:44:33,682 - WARNING - [ERR-0303] - [7cc07b2a] Missing required fields: ['title', 'market_outlook_narrative', 'rationale', 'analysis', 'recommendations', 'market_impact'] | From: helpers.py:validate_recommendations_schema()
2025-09-30 21:44:33,682 - ERROR - [ERR-0303] - [f5527ef4] Invalid recommendations schema, skipping save | From: helpers.py:save_to_db_robust()
2025-09-30 21:44:33,683 - WARNING - [ERR-0001] - [50b537e4] Database save failed, skipping flag update | From: helpers.py:save_to_db_with_fallback()
2025-09-30 21:44:33,685 - WARNING - [ERR-0003] - [925b9f57] Failed to save recommendations to database | From: fx_long_short.py:run_fx_model()
2025-09-30 21:45:01,222 - ERROR - [ERR-0103] - [dc328404] Error parsing AI response as JSON | Exception: JSONDecodeError: Invalid \escape: line 10 column 3866 (char 6190) | From: fx_long_short.py:run_fx_model()
2025-09-30 21:45:01,226 - WARNING - [WARN-0002] - [8572c1f6] Raw response content: {
  "title": "UK Economy Navigates Inflation Headwinds Amidst US Monetary Policy Divergence",
  "market_outlook_narrative": [
    "The UK economy is currently grappling with persistent inflation, whic... | From: fx_long_short.py:run_fx_model()
2025-09-30 21:45:41,124 - WARNING - [ERR-0001] - [76cda11e] Attempting to extract JSON from text (length: 2017 chars) | From: helpers.py:extract_json_from_text()
2025-09-30 21:45:41,127 - WARNING - [ERR-0001] - [986bb9ad] Successfully extracted JSON using end object pattern | From: helpers.py:extract_json_from_text()
2025-09-30 21:45:41,144 - INFO - [INFO] - Updated document_generated flag to True for tickers: ['GBPUSD=X']
2025-09-30 21:48:04,813 - WARNING - [ERR-0001] - [6af13506] Attempting to extract JSON from text (length: 12135 chars) | From: helpers.py:extract_json_from_text()
2025-09-30 21:48:04,816 - WARNING - [ERR-0001] - [a8b55abb] Successfully extracted JSON using end object pattern | From: helpers.py:extract_json_from_text()
2025-09-30 21:48:04,816 - INFO - [INFO] - Successfully parsed AI response as JSON
2025-09-30 21:48:08,493 - INFO - [INFO] - Updated document_generated flag to True for tickers: ['ETH-USD']
2025-09-30 21:56:30,008 - WARNING - [ERR-0001] - [a2c0da42] Attempting to extract JSON from text (length: 8387 chars) | From: helpers.py:extract_json_from_text()
2025-09-30 21:56:30,012 - WARNING - [ERR-0001] - [dcd655ad] Successfully extracted JSON using end object pattern | From: helpers.py:extract_json_from_text()
2025-09-30 21:56:30,015 - INFO - [INFO] - Successfully parsed AI response as JSON
2025-09-30 21:56:38,523 - WARNING - [ERR-0001] - [623a01b4] Attempting to extract JSON from text (length: 6758 chars) | From: helpers.py:extract_json_from_text()
2025-09-30 21:56:38,530 - WARNING - [ERR-0001] - [7ff21f96] Successfully extracted JSON using pattern: ```json\s*(\{.*\})\s*```... | From: helpers.py:extract_json_from_text()
2025-09-30 21:56:38,532 - WARNING - [WARN-0002] - [e79e4322] NG=F: Missing stop loss data | From: holistic.py:run_holistic_market_model()
2025-09-30 21:56:38,537 - WARNING - [WARN-0002] - [a117b09f] NG=F: Missing target price data | From: holistic.py:run_holistic_market_model()
2025-09-30 21:56:38,540 - WARNING - [WARN-0002] - [e845815f] NG=F: Missing entry price data | From: holistic.py:run_holistic_market_model()
2025-09-30 21:56:38,542 - WARNING - [ERR-0303] - [a83f00fa] Recommendation 0 missing fields: ['stop_loss', 'target_price', 'entry_price'] | From: helpers.py:validate_recommendations_schema()
2025-09-30 21:56:38,542 - ERROR - [ERR-0303] - [023a7777] Invalid recommendations schema, skipping save | From: helpers.py:save_to_db_robust()
2025-09-30 21:56:38,549 - WARNING - [ERR-0001] - [1c0502d6] Database save failed, skipping flag update | From: helpers.py:save_to_db_with_fallback()
2025-09-30 21:56:38,555 - WARNING - [ERR-0003] - [61ce6b46] Failed to save recommendations to database | From: holistic.py:run_holistic_market_model()
2025-09-30 21:58:14,322 - WARNING - [ERR-0001] - [d8038b98] Attempting to extract JSON from text (length: 22320 chars) | From: helpers.py:extract_json_from_text()
2025-09-30 21:58:14,338 - WARNING - [ERR-0001] - [68d0858f] Successfully extracted JSON using fallback pattern | From: helpers.py:extract_json_from_text()
2025-09-30 21:58:14,339 - WARNING - [ERR-0001] - [ed3f5892] Attempting to extract JSON from text (length: 69 chars) | From: helpers.py:extract_json_from_text()
2025-09-30 21:58:14,340 - WARNING - [ERR-0001] - [9edd3140] Successfully extracted JSON using end object pattern | From: helpers.py:extract_json_from_text()
2025-09-30 21:58:14,341 - INFO - [INFO] - Successfully parsed AI response as JSON
2025-09-30 21:58:16,813 - ERROR - [ERR-0001] - [49646f8f] Error getting factors analysis | Exception: TypeError: the JSON object must be str, bytes or bytearray, not NoneType | From: helpers.py:get_factors()
2025-09-30 21:58:16,814 - WARNING - [ERR-0303] - [a0dfbd66] Missing required fields: ['title', 'market_outlook_narrative', 'rationale', 'analysis', 'recommendations', 'market_impact'] | From: helpers.py:validate_recommendations_schema()
2025-09-30 21:58:16,814 - ERROR - [ERR-0303] - [aa3d0b8b] Invalid recommendations schema, skipping save | From: helpers.py:save_to_db_robust()
2025-09-30 21:58:16,815 - WARNING - [ERR-0001] - [f2e4764c] Database save failed, skipping flag update | From: helpers.py:save_to_db_with_fallback()
2025-09-30 21:58:16,815 - WARNING - [ERR-0003] - [b225eaa4] Failed to save recommendations to database | From: holistic.py:run_holistic_market_model()
2025-09-30 21:58:53,754 - WARNING - [ERR-0001] - [d8d063d7] Empty or non-string text provided to extract_json_from_text | From: helpers.py:extract_json_from_text()
2025-09-30 21:58:53,755 - ERROR - [ERR-0001] - [125ac3d3] Failed to extract valid JSON from AI response | From: holistic.py:run_holistic_market_model()
2025-09-30 21:58:53,756 - ERROR - [ERR-0404] - [acf62c8d] Error in holistic_market_model | Exception: TypeError: 'NoneType' object is not subscriptable | From: holistic.py:run_holistic_market_model()
2025-09-30 21:59:18,427 - WARNING - [ERR-0001] - [6162f6f3] Empty or non-string text provided to extract_json_from_text | From: helpers.py:extract_json_from_text()
2025-09-30 21:59:18,429 - ERROR - [ERR-0001] - [d7ac3f07] Failed to extract valid JSON from AI response | From: holistic.py:run_holistic_market_model()
2025-09-30 21:59:18,430 - ERROR - [ERR-0404] - [9cc9f72c] Error in holistic_market_model | Exception: TypeError: 'NoneType' object is not subscriptable | From: holistic.py:run_holistic_market_model()
2025-09-30 21:59:54,715 - WARNING - [ERR-0001] - [70a0a232] Attempting to extract JSON from text (length: 37771 chars) | From: helpers.py:extract_json_from_text()
2025-09-30 21:59:54,718 - WARNING - [ERR-0001] - [85604008] Successfully extracted JSON using end object pattern | From: helpers.py:extract_json_from_text()
2025-09-30 21:59:54,721 - WARNING - [ERR-0001] - [c5d8df80] Attempting to extract JSON from text (length: 37771 chars) | From: helpers.py:extract_json_from_text()
2025-09-30 21:59:54,726 - WARNING - [ERR-0001] - [18bf7e15] Successfully extracted JSON using end object pattern | From: helpers.py:extract_json_from_text()
2025-09-30 21:59:54,727 - INFO - [INFO] - Successfully parsed AI response as JSON
2025-09-30 21:59:55,579 - INFO - [INFO] - Updated document_generated flag to True for tickers: ['CL=F']
2025-09-30 22:02:20,114 - WARNING - [ERR-0001] - [e6a0f281] Attempting to extract JSON from text (length: 106386 chars) | From: helpers.py:extract_json_from_text()
2025-09-30 22:02:20,168 - WARNING - [ERR-0001] - [cd2fffb3] Successfully extracted JSON using fallback pattern | From: helpers.py:extract_json_from_text()
2025-09-30 22:02:20,168 - WARNING - [ERR-0001] - [1aeb4847] Attempting to extract JSON from text (length: 353 chars) | From: helpers.py:extract_json_from_text()
2025-09-30 22:02:20,168 - WARNING - [ERR-0001] - [c8db84bd] Successfully extracted JSON using end object pattern | From: helpers.py:extract_json_from_text()
2025-09-30 22:02:20,168 - INFO - [INFO] - Successfully parsed AI response as JSON
2025-09-30 22:02:20,193 - WARNING - [ERR-0303] - [ae73e215] Missing required fields: ['title', 'market_outlook_narrative', 'rationale', 'analysis', 'recommendations', 'market_impact'] | From: helpers.py:validate_recommendations_schema()
2025-09-30 22:02:20,194 - ERROR - [ERR-0303] - [fafd024f] Invalid recommendations schema, skipping save | From: helpers.py:save_to_db_robust()
2025-09-30 22:02:20,194 - WARNING - [ERR-0001] - [19c19f77] Database save failed, skipping flag update | From: helpers.py:save_to_db_with_fallback()
2025-09-30 22:02:20,194 - WARNING - [ERR-0003] - [92a2b1a1] Failed to save recommendations to database | From: holistic.py:run_holistic_market_model()
2025-09-30 22:05:15,496 - WARNING - [ERR-0001] - [71daea97] Attempting to extract JSON from text (length: 100162 chars) | From: helpers.py:extract_json_from_text()
2025-09-30 22:05:15,555 - WARNING - [ERR-0001] - [263ef9af] Successfully extracted JSON using fallback pattern | From: helpers.py:extract_json_from_text()
2025-09-30 22:05:15,559 - WARNING - [ERR-0001] - [0e3330ba] Attempting to extract JSON from text (length: 538 chars) | From: helpers.py:extract_json_from_text()
2025-09-30 22:05:15,560 - WARNING - [ERR-0001] - [90f48248] Successfully extracted JSON using end object pattern | From: helpers.py:extract_json_from_text()
2025-09-30 22:05:15,567 - INFO - [INFO] - Successfully parsed AI response as JSON
2025-09-30 22:05:15,575 - WARNING - [ERR-0303] - [c551c78e] Missing required fields: ['title', 'market_outlook_narrative', 'rationale', 'analysis', 'recommendations', 'market_impact'] | From: helpers.py:validate_recommendations_schema()
2025-09-30 22:05:15,578 - ERROR - [ERR-0303] - [8255a2f2] Invalid recommendations schema, skipping save | From: helpers.py:save_to_db_robust()
2025-09-30 22:05:15,578 - WARNING - [ERR-0001] - [43e075ee] Database save failed, skipping flag update | From: helpers.py:save_to_db_with_fallback()
2025-09-30 22:05:15,578 - WARNING - [ERR-0003] - [38a77018] Failed to save recommendations to database | From: holistic.py:run_holistic_market_model()
2025-09-30 22:11:58,614 - WARNING - [ERR-0001] - [524eea49] Attempting to extract JSON from text (length: 119070 chars) | From: helpers.py:extract_json_from_text()
2025-09-30 22:11:58,651 - WARNING - [ERR-0001] - [98fc2201] Successfully extracted JSON using fallback pattern | From: helpers.py:extract_json_from_text()
2025-09-30 22:11:58,652 - WARNING - [ERR-0001] - [97339938] Attempting to extract JSON from text (length: 373 chars) | From: helpers.py:extract_json_from_text()
2025-09-30 22:11:58,654 - WARNING - [ERR-0001] - [d5ef0f9e] Successfully extracted JSON using end object pattern | From: helpers.py:extract_json_from_text()
2025-09-30 22:11:58,654 - INFO - [INFO] - Successfully parsed AI response as JSON
2025-09-30 22:11:58,663 - WARNING - [ERR-0303] - [e2e3458f] Missing required fields: ['title', 'market_outlook_narrative', 'rationale', 'analysis', 'recommendations', 'market_impact'] | From: helpers.py:validate_recommendations_schema()
2025-09-30 22:11:58,663 - ERROR - [ERR-0303] - [fab2fff8] Invalid recommendations schema, skipping save | From: helpers.py:save_to_db_robust()
2025-09-30 22:11:58,663 - WARNING - [ERR-0001] - [015f5d44] Database save failed, skipping flag update | From: helpers.py:save_to_db_with_fallback()
2025-09-30 22:11:58,663 - WARNING - [ERR-0003] - [8ac5559a] Failed to save recommendations to database | From: holistic.py:run_holistic_market_model()
2025-09-30 22:16:24,048 - WARNING - [ERR-0001] - [7ef907b9] Attempting to extract JSON from text (length: 32480 chars) | From: helpers.py:extract_json_from_text()
2025-09-30 22:16:24,051 - WARNING - [ERR-0001] - [8cffd53f] Successfully extracted JSON using end object pattern | From: helpers.py:extract_json_from_text()
2025-09-30 22:16:24,051 - INFO - [INFO] - Successfully parsed AI response as JSON
2025-09-30 22:17:39,754 - WARNING - [WARN-0002] - [c844f491] NG=F: Missing stop loss data | From: holistic.py:run_holistic_market_model()
2025-09-30 22:17:39,756 - WARNING - [WARN-0002] - [8fc2b104] NG=F: Missing target price data | From: holistic.py:run_holistic_market_model()
2025-09-30 22:17:39,757 - WARNING - [WARN-0002] - [b0ea089e] NG=F: Missing entry price data | From: holistic.py:run_holistic_market_model()
2025-09-30 22:17:39,760 - WARNING - [ERR-0303] - [222a406e] Recommendation 0 missing fields: ['stop_loss', 'target_price', 'entry_price'] | From: helpers.py:validate_recommendations_schema()
2025-09-30 22:17:39,764 - ERROR - [ERR-0303] - [e68ef151] Invalid recommendations schema, skipping save | From: helpers.py:save_to_db_robust()
2025-09-30 22:17:39,764 - WARNING - [ERR-0001] - [87a29b10] Database save failed, skipping flag update | From: helpers.py:save_to_db_with_fallback()
2025-09-30 22:17:39,764 - WARNING - [ERR-0003] - [03f12d50] Failed to save recommendations to database | From: holistic.py:run_holistic_market_model()
2025-09-30 22:22:29,208 - WARNING - [ERR-0001] - [336347d1] Attempting to extract JSON from text (length: 25817 chars) | From: helpers.py:extract_json_from_text()
2025-09-30 22:22:29,211 - WARNING - [ERR-0001] - [86440386] Successfully extracted JSON using end object pattern | From: helpers.py:extract_json_from_text()
2025-09-30 22:22:29,211 - INFO - [INFO] - Successfully parsed AI response as JSON
2025-09-30 22:23:18,076 - INFO - [INFO] - Updated document_generated flag to True for tickers: ['CL=F']
2025-09-30 22:28:03,420 - WARNING - [ERR-0001] - [02157418] Attempting to extract JSON from text (length: 21193 chars) | From: helpers.py:extract_json_from_text()
2025-09-30 22:28:03,431 - ERROR - [ERR-0001] - [db99c350] Failed to extract any valid JSON from text | From: helpers.py:extract_json_from_text()
2025-09-30 22:28:03,431 - ERROR - [ERR-0001] - [f53641fe] Text preview: {
  "title": "Ether Rebounds on Strong Institutional Inflows and Pectra Upgrade Optimism; Upside Expected",
  "market_outlook_narrative": [
    "Ether, with the ticker ETH-USD, has recently demonstrated resilience, bolstered by sustained network development and increasing institutional engagement. The activation of the Pectra upgrade in May 2025 continues to enhance Ethereum's core infrastructure, focusing on improved scalability, user experience through account abstraction, and validator effici... | From: helpers.py:extract_json_from_text()
2025-09-30 22:28:03,431 - ERROR - [ERR-0001] - [6ced0031] Failed to extract valid JSON from AI response | From: holistic.py:run_holistic_market_model()
2025-09-30 22:28:03,431 - WARNING - [WARN-0002] - [f94f150e] Raw response content: {
  "title": "Ether Rebounds on Strong Institutional Inflows and Pectra Upgrade Optimism; Upside Expected",
  "market_outlook_narrative": [
    "Ether, with the ticker ETH-USD, has recently demonstrated resilience, bolstered by sustained network development and increasing institutional engagement. The activation of the Pectra upgrade in May 2025 continues to enhance Ethereum's core infrastructure, focusing on improved scalability, user experience through account abstraction, and validator effici... | From: holistic.py:run_holistic_market_model()
2025-09-30 22:31:30,413 - WARNING - [ERR-0001] - [cc6eb8ff] Attempting to extract JSON from text (length: 30623 chars) | From: helpers.py:extract_json_from_text()
2025-09-30 22:31:30,417 - WARNING - [ERR-0001] - [01f00855] Successfully extracted JSON using end object pattern | From: helpers.py:extract_json_from_text()
2025-09-30 22:31:30,417 - INFO - [INFO] - Successfully parsed AI response as JSON
2025-09-30 22:31:59,794 - INFO - [INFO] - Updated document_generated flag to True for tickers: ['ETH-USD']
