2025-10-19 12:25:45,441 - INFO - [INFO] - MongoDB connection closed
2025-10-19 12:26:11,884 - INFO - [INFO] - MongoDB connection closed
2025-10-19 12:26:34,430 - INFO - [INFO] - MongoDB connection closed
2025-10-19 12:27:37,624 - INFO - [INFO] - MongoDB connection closed
2025-10-19 12:29:46,199 - ERROR - [ERR-0103] - [91a40ef6] Error parsing factors response as JSON | Exception: JSONDecodeError: Expecting property name enclosed in double quotes: line 10 column 5 (char 316) | From: helpers.py:get_factors()
2025-10-19 12:29:46,201 - WARNING - [WARN-0002] - [8342b150] Raw factors response: {
  "factors": [
    {
      "name": "central_bank_policy",
      "value": {
        "description": "The RBNZ is aggressively cutting rates due to economic weakness, while the RBA maintains a more cau... | From: helpers.py:get_factors()
2025-10-19 12:29:46,784 - INFO - [INFO] - Updated document_generated flag to True for tickers: ['AUDNZD=X']
2025-10-19 12:29:47,811 - INFO - [INFO] - Updated document_generated flag to True for tickers: ['AUDJPY=X']
2025-10-19 12:30:31,539 - INFO - [INFO] - Updated document_generated flag to True for tickers: ['AUDSGD=X']
2025-10-19 12:30:40,242 - INFO - [INFO] - Updated document_generated flag to True for tickers: ['AUDCAD=X']
2025-10-19 12:34:25,012 - INFO - [INFO] - MongoDB connection closed
2025-10-19 12:36:00,242 - WARNING - [ERR-0001] - [4307945d] Attempting to extract JSON from text (length: 35961 chars) | From: helpers.py:extract_json_from_text()
2025-10-19 12:36:00,269 - WARNING - [ERR-0001] - [f1f9f17d] Successfully extracted JSON using pattern: ```json\s*(\{.*\})\s*```... | From: helpers.py:extract_json_from_text()
2025-10-19 12:36:00,271 - WARNING - [ERR-0001] - [f0ee0060] Attempting to extract JSON from text (length: 25045 chars) | From: helpers.py:extract_json_from_text()
2025-10-19 12:36:00,273 - WARNING - [ERR-0001] - [565d04c9] Successfully extracted JSON using end object pattern | From: helpers.py:extract_json_from_text()
2025-10-19 12:36:00,273 - INFO - [INFO] - Successfully parsed AI response as JSON
2025-10-19 12:36:07,563 - WARNING - [ERR-0001] - [19d30d6d] Attempting to extract JSON from text (length: 10655 chars) | From: helpers.py:extract_json_from_text()
2025-10-19 12:36:07,564 - WARNING - [ERR-0001] - [e125098e] Successfully extracted JSON using end object pattern | From: helpers.py:extract_json_from_text()
2025-10-19 12:36:07,565 - INFO - [INFO] - Successfully parsed AI response as JSON
2025-10-19 12:36:14,735 - WARNING - [ERR-0001] - [dfe2f26a] Attempting to extract JSON from text (length: 22287 chars) | From: helpers.py:extract_json_from_text()
2025-10-19 12:36:14,736 - WARNING - [ERR-0001] - [454adec4] Successfully extracted JSON using end object pattern | From: helpers.py:extract_json_from_text()
2025-10-19 12:36:14,737 - INFO - [INFO] - Successfully parsed AI response as JSON
2025-10-19 12:36:15,297 - WARNING - [ERR-0001] - [a06501c8] Attempting to extract JSON from text (length: 19313 chars) | From: helpers.py:extract_json_from_text()
2025-10-19 12:36:15,299 - WARNING - [ERR-0001] - [324117e8] Successfully extracted JSON using end object pattern | From: helpers.py:extract_json_from_text()
2025-10-19 12:36:15,301 - INFO - [INFO] - Successfully parsed AI response as JSON
2025-10-19 12:36:30,192 - INFO - [INFO] - Updated document_generated flag to True for tickers: ['^GDAXI']
2025-10-19 12:36:33,537 - INFO - [INFO] - Updated document_generated flag to True for tickers: ['^IXIC']
2025-10-19 12:36:37,243 - INFO - [INFO] - Updated document_generated flag to True for tickers: ['^FTSE']
2025-10-19 12:36:40,805 - INFO - [INFO] - Updated document_generated flag to True for tickers: ['^GSPC']
2025-10-19 12:40:14,914 - WARNING - [ERR-0001] - [28d3a7bc] Attempting to extract JSON from text (length: 81363 chars) | From: helpers.py:extract_json_from_text()
2025-10-19 12:40:14,960 - WARNING - [ERR-0001] - [fffd6b99] Successfully extracted JSON using fallback pattern | From: helpers.py:extract_json_from_text()
2025-10-19 12:40:14,961 - WARNING - [ERR-0001] - [da4ddfb9] Attempting to extract JSON from text (length: 406 chars) | From: helpers.py:extract_json_from_text()
2025-10-19 12:40:14,962 - WARNING - [ERR-0001] - [7d21736c] Successfully extracted JSON using end object pattern | From: helpers.py:extract_json_from_text()
2025-10-19 12:40:14,964 - INFO - [INFO] - Successfully parsed AI response as JSON
2025-10-19 12:40:40,292 - WARNING - [ERR-0303] - [58983116] Missing required fields: ['title', 'market_outlook_narrative', 'rationale', 'analysis', 'recommendations', 'market_impact'] | From: helpers.py:validate_recommendations_schema()
2025-10-19 12:40:40,294 - ERROR - [ERR-0303] - [8a02e3d0] Invalid recommendations schema, skipping save | From: helpers.py:save_to_db_robust()
2025-10-19 12:40:40,298 - WARNING - [ERR-0001] - [98b81372] Database save failed, skipping flag update | From: helpers.py:save_to_db_with_fallback()
2025-10-19 12:40:40,304 - WARNING - [ERR-0003] - [f37fa9ba] Failed to save recommendations to database | From: holistic.py:run_holistic_market_model()
2025-10-19 12:42:06,938 - INFO - [INFO] - MongoDB connection closed
2025-10-19 12:44:33,493 - WARNING - [ERR-0001] - [b01efed2] Attempting to extract JSON from text (length: 7884 chars) | From: helpers.py:extract_json_from_text()
2025-10-19 12:44:33,497 - WARNING - [ERR-0001] - [3842e9cc] Successfully extracted JSON using end object pattern | From: helpers.py:extract_json_from_text()
2025-10-19 12:44:33,499 - INFO - [INFO] - Successfully parsed AI response as JSON
2025-10-19 12:44:43,178 - WARNING - [ERR-0001] - [a5662148] Attempting to extract JSON from text (length: 10969 chars) | From: helpers.py:extract_json_from_text()
2025-10-19 12:44:43,183 - WARNING - [ERR-0001] - [c92f6db9] Successfully extracted JSON using end object pattern | From: helpers.py:extract_json_from_text()
2025-10-19 12:44:43,183 - INFO - [INFO] - Successfully parsed AI response as JSON
2025-10-19 12:44:46,202 - WARNING - [ERR-0001] - [f4966a5c] Attempting to extract JSON from text (length: 9692 chars) | From: helpers.py:extract_json_from_text()
2025-10-19 12:44:46,204 - WARNING - [ERR-0001] - [5238fded] JSON parsing failed for end object pattern: Expecting ',' delimiter: line 10 column 3403 (char 5856) | From: helpers.py:extract_json_from_text()
2025-10-19 12:44:46,211 - ERROR - [ERR-0404] - [e969cf62] Error in holistic_market_model | Exception: TypeError: 'int' object is not callable | From: holistic.py:run_holistic_market_model()
2025-10-19 12:44:52,823 - WARNING - [ERR-0001] - [dc912696] Attempting to extract JSON from text (length: 17994 chars) | From: helpers.py:extract_json_from_text()
2025-10-19 12:44:52,825 - WARNING - [ERR-0001] - [f68119b6] Successfully extracted JSON using end object pattern | From: helpers.py:extract_json_from_text()
2025-10-19 12:44:52,828 - INFO - [INFO] - Successfully parsed AI response as JSON
2025-10-19 12:44:53,762 - INFO - [INFO] - Updated document_generated flag to True for tickers: ['BZ=F']
2025-10-19 12:45:14,417 - INFO - [INFO] - Updated document_generated flag to True for tickers: ['NG=F']
2025-10-19 12:45:18,503 - WARNING - [ERR-0001] - [c401c733] Attempting to extract JSON from text (length: 21218 chars) | From: helpers.py:extract_json_from_text()
2025-10-19 12:45:18,504 - WARNING - [ERR-0001] - [ce8da7f7] JSON parsing failed for end object pattern: Expecting ',' delimiter: line 10 column 2359 (char 5177) | From: helpers.py:extract_json_from_text()
2025-10-19 12:45:18,505 - ERROR - [ERR-0404] - [93858141] Error in holistic_market_model | Exception: TypeError: 'int' object is not callable | From: holistic.py:run_holistic_market_model()
2025-10-19 12:45:23,482 - INFO - [INFO] - Updated document_generated flag to True for tickers: ['CL=F']
2025-10-19 12:46:33,544 - WARNING - [ERR-0001] - [6ee24fb9] Attempting to extract JSON from text (length: 23164 chars) | From: helpers.py:extract_json_from_text()
2025-10-19 12:46:33,547 - WARNING - [ERR-0001] - [94dbb51c] Successfully extracted JSON using end object pattern | From: helpers.py:extract_json_from_text()
2025-10-19 12:46:33,548 - INFO - [INFO] - Successfully parsed AI response as JSON
2025-10-19 12:46:38,734 - WARNING - [ERR-0001] - [132ba312] Attempting to extract JSON from text (length: 20370 chars) | From: helpers.py:extract_json_from_text()
2025-10-19 12:46:38,736 - WARNING - [ERR-0001] - [865a60e5] Successfully extracted JSON using end object pattern | From: helpers.py:extract_json_from_text()
2025-10-19 12:46:38,737 - INFO - [INFO] - Successfully parsed AI response as JSON
2025-10-19 12:47:10,087 - INFO - [INFO] - Updated document_generated flag to True for tickers: ['ZW=F']
2025-10-19 12:47:10,618 - ERROR - [ERR-0103] - [607f5850] Error parsing factors response as JSON | Exception: JSONDecodeError: Expecting property name enclosed in double quotes: line 10 column 5 (char 747) | From: helpers.py:get_factors()
2025-10-19 12:47:10,620 - WARNING - [WARN-0002] - [b36f1988] Raw factors response: {
  "factors": [
    {
      "name": "supply_factors",
      "value": {
        "description": "Global soybean production is projected to reach a record 425.8 million metric tons for the 2025/2026 sea... | From: helpers.py:get_factors()
2025-10-19 12:47:11,326 - INFO - [INFO] - Updated document_generated flag to True for tickers: ['ZL=F']
2025-10-19 12:47:11,737 - INFO - [INFO] - Ticker processing completed. Processed 7 tickers
2025-10-19 12:47:12,044 - INFO - [INFO] - Pipeline processing completed. Successful: 0/0
2025-10-19 12:47:12,117 - INFO - [INFO] - 
[Top 10 memory allocations]
<frozen importlib._bootstrap_external>:784: size=487 KiB, count=4421, average=113 B
<frozen posixpath>:385: size=249 KiB, count=1494, average=171 B
<frozen abc>:123: size=105 KiB, count=1099, average=98 B
/opt/homebrew/Cellar/python@3.13/3.13.5/Frameworks/Python.framework/Versions/3.13/lib/python3.13/linecache.py:172: size=92.4 KiB, count=994, average=95 B
/opt/homebrew/Cellar/python@3.13/3.13.5/Frameworks/Python.framework/Versions/3.13/lib/python3.13/inspect.py:1028: size=50.7 KiB, count=1, average=50.7 KiB
/opt/homebrew/Cellar/python@3.13/3.13.5/Frameworks/Python.framework/Versions/3.13/lib/python3.13/inspect.py:1025: size=50.7 KiB, count=1, average=50.7 KiB
/Users/daivieth/Documents/_G8I/Development/alphagora-context-collection/venv/lib/python3.13/site-packages/pytz/__init__.py:205: size=45.0 KiB, count=599, average=77 B
/Users/daivieth/Documents/_G8I/Development/alphagora-context-collection/venv/lib/python3.13/site-packages/backtrader/metabase.py:135: size=44.1 KiB, count=163, average=277 B
/Users/daivieth/Documents/_G8I/Development/alphagora-context-collection/venv/lib/python3.13/site-packages/bson/__init__.py:1176: size=35.3 KiB, count=343, average=105 B
/opt/homebrew/Cellar/python@3.13/3.13.5/Frameworks/Python.framework/Versions/3.13/lib/python3.13/threading.py:297: size=34.1 KiB, count=92, average=380 B
2025-10-19 12:48:56,946 - INFO - [INFO] - MongoDB connection closed
2025-10-19 12:51:57,976 - INFO - [INFO] - MongoDB connection closed
2025-10-19 12:53:13,629 - WARNING - [ERR-0001] - [b3964d21] Attempting to extract JSON from text (length: 14147 chars) | From: helpers.py:extract_json_from_text()
2025-10-19 12:53:13,631 - WARNING - [ERR-0001] - [ce226a51] Successfully extracted JSON using end object pattern | From: helpers.py:extract_json_from_text()
2025-10-19 12:53:13,631 - INFO - [INFO] - Successfully parsed AI response as JSON
2025-10-19 12:53:16,740 - WARNING - [ERR-0001] - [3a22535e] Attempting to extract JSON from text (length: 10127 chars) | From: helpers.py:extract_json_from_text()
2025-10-19 12:53:16,741 - WARNING - [ERR-0001] - [a73cbb4d] Successfully extracted JSON using end object pattern | From: helpers.py:extract_json_from_text()
2025-10-19 12:53:16,741 - INFO - [INFO] - Successfully parsed AI response as JSON
2025-10-19 12:53:31,753 - WARNING - [ERR-0001] - [bb8f46c2] Attempting to extract JSON from text (length: 21507 chars) | From: helpers.py:extract_json_from_text()
2025-10-19 12:53:31,757 - WARNING - [ERR-0001] - [512eeb48] Successfully extracted JSON using end object pattern | From: helpers.py:extract_json_from_text()
2025-10-19 12:53:31,757 - INFO - [INFO] - Successfully parsed AI response as JSON
2025-10-19 12:53:32,820 - WARNING - [ERR-0001] - [8d54bcc0] Attempting to extract JSON from text (length: 18634 chars) | From: helpers.py:extract_json_from_text()
2025-10-19 12:53:32,833 - WARNING - [ERR-0001] - [d7dfaf2b] Successfully extracted JSON using end object pattern | From: helpers.py:extract_json_from_text()
2025-10-19 12:53:32,840 - INFO - [INFO] - Successfully parsed AI response as JSON
2025-10-19 12:53:41,192 - WARNING - [ERR-0001] - [8bdb3e1d] Attempting to extract JSON from text (length: 24292 chars) | From: helpers.py:extract_json_from_text()
2025-10-19 12:53:41,196 - WARNING - [ERR-0001] - [b686c0d0] Successfully extracted JSON using end object pattern | From: helpers.py:extract_json_from_text()
2025-10-19 12:53:41,197 - INFO - [INFO] - Successfully parsed AI response as JSON
2025-10-19 12:53:42,390 - INFO - [INFO] - Updated document_generated flag to True for tickers: ['NVDA']
2025-10-19 12:53:49,860 - INFO - [INFO] - Updated document_generated flag to True for tickers: ['GOOGL']
2025-10-19 12:53:57,224 - INFO - [INFO] - Updated document_generated flag to True for tickers: ['AAPL']
2025-10-19 12:54:02,363 - INFO - [INFO] - Updated document_generated flag to True for tickers: ['GOOG']
2025-10-19 12:54:11,317 - ERROR - [ERR-0103] - [bd8d722e] Error parsing factors response as JSON | Exception: JSONDecodeError: Expecting property name enclosed in double quotes: line 10 column 5 (char 420) | From: helpers.py:get_factors()
2025-10-19 12:54:11,320 - WARNING - [WARN-0002] - [dea4ee7f] Raw factors response: {
  "factors": [
    {
      "name": "company_fundamentals",
      "value": {
        "description": "Microsoft's Q4 FY25 and Q3 FY25 results showed strong revenue, profit, and EPS growth, particularl... | From: helpers.py:get_factors()
2025-10-19 12:54:11,988 - INFO - [INFO] - Updated document_generated flag to True for tickers: ['MSFT']
2025-10-19 12:54:54,729 - WARNING - [ERR-0001] - [e1dcd965] Attempting to extract JSON from text (length: 10990 chars) | From: helpers.py:extract_json_from_text()
2025-10-19 12:54:54,733 - WARNING - [ERR-0001] - [9475a8ef] Successfully extracted JSON using end object pattern | From: helpers.py:extract_json_from_text()
2025-10-19 12:54:54,740 - INFO - [INFO] - Successfully parsed AI response as JSON
2025-10-19 12:55:13,450 - WARNING - [ERR-0001] - [1fe34faa] Attempting to extract JSON from text (length: 20038 chars) | From: helpers.py:extract_json_from_text()
2025-10-19 12:55:13,454 - WARNING - [ERR-0001] - [770acc67] Successfully extracted JSON using end object pattern | From: helpers.py:extract_json_from_text()
2025-10-19 12:55:13,454 - INFO - [INFO] - Successfully parsed AI response as JSON
2025-10-19 12:55:19,883 - INFO - [INFO] - Updated document_generated flag to True for tickers: ['MA']
2025-10-19 12:55:21,787 - WARNING - [ERR-0001] - [d6add06e] Attempting to extract JSON from text (length: 18441 chars) | From: helpers.py:extract_json_from_text()
2025-10-19 12:55:21,790 - WARNING - [ERR-0001] - [0b04bd32] Successfully extracted JSON using end object pattern | From: helpers.py:extract_json_from_text()
2025-10-19 12:55:21,790 - INFO - [INFO] - Successfully parsed AI response as JSON
2025-10-19 12:55:39,113 - WARNING - [ERR-0001] - [94e82d90] Attempting to extract JSON from text (length: 26892 chars) | From: helpers.py:extract_json_from_text()
2025-10-19 12:55:39,118 - WARNING - [ERR-0001] - [48690312] Successfully extracted JSON using end object pattern | From: helpers.py:extract_json_from_text()
2025-10-19 12:55:39,120 - INFO - [INFO] - Successfully parsed AI response as JSON
2025-10-19 12:55:41,820 - WARNING - [ERR-0001] - [5d883d3d] Attempting to extract JSON from text (length: 23344 chars) | From: helpers.py:extract_json_from_text()
2025-10-19 12:55:41,823 - WARNING - [ERR-0001] - [53bfb30a] Successfully extracted JSON using end object pattern | From: helpers.py:extract_json_from_text()
2025-10-19 12:55:41,824 - INFO - [INFO] - Successfully parsed AI response as JSON
2025-10-19 12:55:44,522 - INFO - [INFO] - Updated document_generated flag to True for tickers: ['JPM']
2025-10-19 12:55:48,815 - INFO - [INFO] - Updated document_generated flag to True for tickers: ['LLY']
2025-10-19 12:56:06,187 - INFO - [INFO] - Updated document_generated flag to True for tickers: ['V']
2025-10-19 12:56:07,233 - INFO - [INFO] - Updated document_generated flag to True for tickers: ['NFLX']
2025-10-19 12:56:53,315 - WARNING - [ERR-0001] - [afef2934] Attempting to extract JSON from text (length: 13439 chars) | From: helpers.py:extract_json_from_text()
2025-10-19 12:56:53,320 - WARNING - [ERR-0001] - [1ffc6caf] JSON parsing failed for end object pattern: Expecting ',' delimiter: line 6 column 446 (char 2041) | From: helpers.py:extract_json_from_text()
2025-10-19 12:56:53,328 - ERROR - [ERR-0404] - [8a43faa5] Error in holistic_market_model | Exception: TypeError: 'int' object is not callable | From: holistic.py:run_holistic_market_model()
2025-10-19 13:44:14,010 - INFO - [INFO] - MongoDB connection closed
2025-10-19 13:51:53,686 - INFO - [INFO] - Updated document_generated flag to True for tickers: ['AUDJPY=X']
2025-10-19 13:59:08,406 - WARNING - [ERR-0001] - [ae3e421c] Attempting to extract JSON from text (length: 17788 chars) | From: helpers.py:extract_json_from_text()
2025-10-19 13:59:08,441 - WARNING - [ERR-0001] - [1e5b2c62] Successfully extracted JSON using pattern: ```json\s*(\{.*\})\s*```... | From: helpers.py:extract_json_from_text()
2025-10-19 14:06:57,102 - WARNING - [ERR-0001] - [4d8bcdf6] Attempting to extract JSON from text (length: 18263 chars) | From: helpers.py:extract_json_from_text()
2025-10-19 14:06:57,105 - WARNING - [ERR-0001] - [5a6ebb85] JSON parsing failed for end object pattern: Expecting ',' delimiter: line 10 column 2370 (char 5292) | From: helpers.py:extract_json_from_text()
2025-10-19 14:06:57,108 - ERROR - [ERR-0404] - [446d0cfb] Error in holistic_market_model | Exception: TypeError: 'int' object is not callable | From: holistic.py:run_holistic_market_model()
2025-10-19 14:07:04,750 - WARNING - [ERR-0001] - [498b6993] Attempting to extract JSON from text (length: 17675 chars) | From: helpers.py:extract_json_from_text()
2025-10-19 14:07:04,753 - WARNING - [ERR-0001] - [fcceaab4] Successfully extracted JSON using end object pattern | From: helpers.py:extract_json_from_text()
2025-10-19 14:07:04,754 - INFO - [INFO] - Successfully parsed AI response as JSON
2025-10-19 14:07:06,581 - WARNING - [ERR-0001] - [b53db3ea] Attempting to extract JSON from text (length: 14510 chars) | From: helpers.py:extract_json_from_text()
2025-10-19 14:07:06,583 - WARNING - [ERR-0001] - [449a96ca] Successfully extracted JSON using end object pattern | From: helpers.py:extract_json_from_text()
2025-10-19 14:07:06,584 - INFO - [INFO] - Successfully parsed AI response as JSON
2025-10-19 14:07:08,217 - WARNING - [ERR-0001] - [a6f64884] Attempting to extract JSON from text (length: 21440 chars) | From: helpers.py:extract_json_from_text()
2025-10-19 14:07:08,221 - WARNING - [ERR-0001] - [b062dca2] Successfully extracted JSON using end object pattern | From: helpers.py:extract_json_from_text()
2025-10-19 14:07:08,224 - INFO - [INFO] - Successfully parsed AI response as JSON
2025-10-19 14:07:31,645 - INFO - [INFO] - Updated document_generated flag to True for tickers: ['MSI']
2025-10-19 14:07:39,430 - INFO - [INFO] - Updated document_generated flag to True for tickers: ['EA']
2025-10-19 14:07:41,691 - INFO - [INFO] - Updated document_generated flag to True for tickers: ['RTX']
2025-10-19 14:07:51,393 - WARNING - [ERR-0001] - [641341b9] Attempting to extract JSON from text (length: 19869 chars) | From: helpers.py:extract_json_from_text()
2025-10-19 14:07:51,396 - WARNING - [ERR-0001] - [420e56c0] Successfully extracted JSON using end object pattern | From: helpers.py:extract_json_from_text()
2025-10-19 14:07:51,397 - INFO - [INFO] - Successfully parsed AI response as JSON
2025-10-19 14:08:17,143 - WARNING - [ERR-0001] - [66059cf8] Attempting to extract JSON from text (length: 7122 chars) | From: helpers.py:extract_json_from_text()
2025-10-19 14:08:17,153 - WARNING - [ERR-0001] - [ae6c5924] Successfully extracted JSON using pattern: ```json\s*(\{.*\})\s*```... | From: helpers.py:extract_json_from_text()
2025-10-19 14:08:17,934 - INFO - [INFO] - Updated document_generated flag to True for tickers: ['LTC-USD']
2025-10-19 14:09:00,368 - WARNING - [ERR-0001] - [c1435baf] Attempting to extract JSON from text (length: 10064 chars) | From: helpers.py:extract_json_from_text()
2025-10-19 14:09:00,373 - WARNING - [ERR-0001] - [4c06ead2] Successfully extracted JSON using end object pattern | From: helpers.py:extract_json_from_text()
2025-10-19 14:09:00,376 - INFO - [INFO] - Successfully parsed AI response as JSON
2025-10-19 14:09:08,212 - WARNING - [ERR-0001] - [c300ecb0] Attempting to extract JSON from text (length: 14090 chars) | From: helpers.py:extract_json_from_text()
2025-10-19 14:09:08,215 - WARNING - [ERR-0001] - [0e557f1b] Successfully extracted JSON using end object pattern | From: helpers.py:extract_json_from_text()
2025-10-19 14:09:08,216 - INFO - [INFO] - Successfully parsed AI response as JSON
2025-10-19 14:09:32,996 - WARNING - [ERR-0001] - [164dc790] Attempting to extract JSON from text (length: 20747 chars) | From: helpers.py:extract_json_from_text()
2025-10-19 14:09:32,999 - WARNING - [ERR-0001] - [56fda5f3] Successfully extracted JSON using end object pattern | From: helpers.py:extract_json_from_text()
2025-10-19 14:09:33,000 - INFO - [INFO] - Successfully parsed AI response as JSON
2025-10-19 14:09:33,823 - INFO - [INFO] - Updated document_generated flag to True for tickers: ['ALV']
2025-10-19 14:09:43,947 - INFO - [INFO] - Updated document_generated flag to True for tickers: ['TXN']
2025-10-19 14:09:49,412 - WARNING - [ERR-0001] - [debafe46] Attempting to extract JSON from text (length: 16461 chars) | From: helpers.py:extract_json_from_text()
2025-10-19 14:09:49,415 - WARNING - [ERR-0001] - [ee183c40] Successfully extracted JSON using end object pattern | From: helpers.py:extract_json_from_text()
2025-10-19 14:09:49,417 - INFO - [INFO] - Successfully parsed AI response as JSON
2025-10-19 14:09:50,837 - INFO - [INFO] - Updated document_generated flag to True for tickers: ['USDCHF=X']
2025-10-19 14:10:10,673 - INFO - [INFO] - Updated document_generated flag to True for tickers: ['EOG']
2025-10-19 14:10:19,091 - INFO - [INFO] - Updated document_generated flag to True for tickers: ['WDAY']
2025-10-19 14:11:04,999 - WARNING - [ERR-0001] - [6bb15c2d] Attempting to extract JSON from text (length: 11215 chars) | From: helpers.py:extract_json_from_text()
2025-10-19 14:11:05,006 - WARNING - [ERR-0001] - [efc88d6c] JSON parsing failed for end object pattern: Expecting ',' delimiter: line 10 column 2831 (char 5150) | From: helpers.py:extract_json_from_text()
2025-10-19 14:11:05,009 - ERROR - [ERR-0404] - [e61a8457] Error in holistic_market_model | Exception: TypeError: 'int' object is not callable | From: holistic.py:run_holistic_market_model()
2025-10-19 14:11:23,924 - WARNING - [ERR-0001] - [ff4637b9] Attempting to extract JSON from text (length: 19031 chars) | From: helpers.py:extract_json_from_text()
2025-10-19 14:11:23,928 - WARNING - [ERR-0001] - [2fc37e83] Successfully extracted JSON using end object pattern | From: helpers.py:extract_json_from_text()
2025-10-19 14:11:23,928 - INFO - [INFO] - Successfully parsed AI response as JSON
2025-10-19 14:11:31,224 - WARNING - [ERR-0001] - [4587ca5e] Attempting to extract JSON from text (length: 22451 chars) | From: helpers.py:extract_json_from_text()
2025-10-19 14:11:31,226 - WARNING - [ERR-0001] - [aaaa7a92] Successfully extracted JSON using end object pattern | From: helpers.py:extract_json_from_text()
2025-10-19 14:11:31,227 - INFO - [INFO] - Successfully parsed AI response as JSON
2025-10-19 14:11:42,738 - INFO - [INFO] - Updated document_generated flag to True for tickers: ['GBPSGD=X']
2025-10-19 14:11:53,841 - INFO - [INFO] - Updated document_generated flag to True for tickers: ['NVDA']
2025-10-19 14:12:03,897 - INFO - [INFO] - Updated document_generated flag to True for tickers: ['MPC']
2025-10-19 14:12:47,214 - ERROR - [ERR-0103] - [70ad44ae] Error parsing factors response as JSON | Exception: JSONDecodeError: Expecting property name enclosed in double quotes: line 10 column 5 (char 399) | From: helpers.py:get_factors()
2025-10-19 14:12:47,217 - WARNING - [WARN-0002] - [3ae460b1] Raw factors response: {
  "factors": [
    {
      "name": "central_bank_policy",
      "value": {
        "description": "The Reserve Bank of Australia has been easing interest rates amidst a mixed economic outlook, while... | From: helpers.py:get_factors()
2025-10-19 14:12:48,206 - INFO - [INFO] - Updated document_generated flag to True for tickers: ['AUDSGD=X']
2025-10-19 14:13:31,931 - WARNING - [ERR-0001] - [325efdf5] Attempting to extract JSON from text (length: 12787 chars) | From: helpers.py:extract_json_from_text()
2025-10-19 14:13:31,933 - WARNING - [ERR-0001] - [bec961af] Successfully extracted JSON using end object pattern | From: helpers.py:extract_json_from_text()
2025-10-19 14:13:31,936 - INFO - [INFO] - Successfully parsed AI response as JSON
2025-10-19 14:13:36,567 - WARNING - [ERR-0001] - [a045453a] Attempting to extract JSON from text (length: 11525 chars) | From: helpers.py:extract_json_from_text()
2025-10-19 14:13:36,568 - WARNING - [ERR-0001] - [eb804774] Successfully extracted JSON using end object pattern | From: helpers.py:extract_json_from_text()
2025-10-19 14:13:36,569 - INFO - [INFO] - Successfully parsed AI response as JSON
2025-10-19 14:13:51,142 - INFO - [INFO] - Updated document_generated flag to True for tickers: ['FRC']
2025-10-19 14:14:03,836 - INFO - [INFO] - Updated document_generated flag to True for tickers: ['WAB']
2025-10-19 14:14:03,924 - WARNING - [ERR-0001] - [965a723a] Attempting to extract JSON from text (length: 18335 chars) | From: helpers.py:extract_json_from_text()
2025-10-19 14:14:03,926 - WARNING - [ERR-0001] - [f3bd47fa] Successfully extracted JSON using end object pattern | From: helpers.py:extract_json_from_text()
2025-10-19 14:14:03,926 - INFO - [INFO] - Successfully parsed AI response as JSON
2025-10-19 14:14:06,301 - WARNING - [ERR-0001] - [96a077be] Attempting to extract JSON from text (length: 23235 chars) | From: helpers.py:extract_json_from_text()
2025-10-19 14:14:06,303 - WARNING - [ERR-0001] - [7aa79538] Successfully extracted JSON using end object pattern | From: helpers.py:extract_json_from_text()
2025-10-19 14:14:06,303 - INFO - [INFO] - Successfully parsed AI response as JSON
2025-10-19 14:14:25,853 - WARNING - [ERR-0001] - [8df0c21c] Attempting to extract JSON from text (length: 24749 chars) | From: helpers.py:extract_json_from_text()
2025-10-19 14:14:25,857 - WARNING - [ERR-0001] - [e5d49715] Successfully extracted JSON using end object pattern | From: helpers.py:extract_json_from_text()
2025-10-19 14:14:25,858 - INFO - [INFO] - Successfully parsed AI response as JSON
2025-10-19 14:14:30,873 - INFO - [INFO] - Updated document_generated flag to True for tickers: ['APH']
2025-10-19 14:14:37,424 - INFO - [INFO] - Updated document_generated flag to True for tickers: ['APA']
2025-10-19 14:14:54,786 - INFO - [INFO] - Updated document_generated flag to True for tickers: ['C']
2025-10-19 14:15:55,317 - WARNING - [ERR-0001] - [f9ba6137] Attempting to extract JSON from text (length: 16330 chars) | From: helpers.py:extract_json_from_text()
2025-10-19 14:15:55,321 - WARNING - [ERR-0001] - [658429e6] Successfully extracted JSON using end object pattern | From: helpers.py:extract_json_from_text()
2025-10-19 14:15:55,321 - INFO - [INFO] - Successfully parsed AI response as JSON
2025-10-19 14:16:12,873 - WARNING - [ERR-0001] - [b9a52afa] Attempting to extract JSON from text (length: 21453 chars) | From: helpers.py:extract_json_from_text()
2025-10-19 14:16:12,879 - WARNING - [ERR-0001] - [a1becff6] Successfully extracted JSON using end object pattern | From: helpers.py:extract_json_from_text()
2025-10-19 14:16:12,881 - INFO - [INFO] - Successfully parsed AI response as JSON
2025-10-19 14:16:12,957 - WARNING - [ERR-0001] - [1c8e9e1f] Attempting to extract JSON from text (length: 21775 chars) | From: helpers.py:extract_json_from_text()
2025-10-19 14:16:12,960 - WARNING - [ERR-0001] - [837def23] Successfully extracted JSON using end object pattern | From: helpers.py:extract_json_from_text()
2025-10-19 14:16:12,960 - INFO - [INFO] - Successfully parsed AI response as JSON
2025-10-19 14:16:18,691 - WARNING - [ERR-0001] - [61c2d2ef] Attempting to extract JSON from text (length: 23458 chars) | From: helpers.py:extract_json_from_text()
2025-10-19 14:16:18,695 - WARNING - [ERR-0001] - [34b265f6] JSON parsing failed for end object pattern: Expecting ',' delimiter: line 10 column 1628 (char 4183) | From: helpers.py:extract_json_from_text()
2025-10-19 14:16:18,698 - ERROR - [ERR-0404] - [acf1aae2] Error in holistic_market_model | Exception: TypeError: 'int' object is not callable | From: holistic.py:run_holistic_market_model()
2025-10-19 14:16:33,358 - ERROR - [ERR-0103] - [268332e3] Error parsing AI response as JSON | Exception: JSONDecodeError: Expecting ',' delimiter: line 11 column 5 (char 2513) | From: fx_long_short.py:run_fx_model()
2025-10-19 14:16:33,360 - WARNING - [WARN-0002] - [ac4b0aff] Raw response content: {
  "title": "UK Stagflationary Pressures and Global Risk Aversion Drive Pound-Franc Lower",
  "market_outlook_narrative": [
    "The British Pound faces significant headwinds as persistent, elevated ... | From: fx_long_short.py:run_fx_model()
2025-10-19 14:16:36,725 - INFO - [INFO] - Updated document_generated flag to True for tickers: ['IPG']
2025-10-19 14:16:40,743 - INFO - [INFO] - Updated document_generated flag to True for tickers: ['COF']
2025-10-19 14:16:52,313 - INFO - [INFO] - Updated document_generated flag to True for tickers: ['CMG']
2025-10-19 14:25:13,733 - WARNING - [ERR-0001] - [0aa570c3] Attempting to extract JSON from text (length: 13598 chars) | From: helpers.py:extract_json_from_text()
2025-10-19 14:25:13,735 - WARNING - [ERR-0001] - [bb361d08] Successfully extracted JSON using end object pattern | From: helpers.py:extract_json_from_text()
2025-10-19 14:25:13,739 - INFO - [INFO] - Successfully parsed AI response as JSON
2025-10-19 14:25:26,234 - WARNING - [ERR-0001] - [c9d285e4] Attempting to extract JSON from text (length: 17705 chars) | From: helpers.py:extract_json_from_text()
2025-10-19 14:25:26,237 - WARNING - [ERR-0001] - [b862cf8a] Successfully extracted JSON using end object pattern | From: helpers.py:extract_json_from_text()
2025-10-19 14:25:26,241 - INFO - [INFO] - Successfully parsed AI response as JSON
2025-10-19 14:25:30,847 - WARNING - [ERR-0001] - [d1cc3317] Attempting to extract JSON from text (length: 24965 chars) | From: helpers.py:extract_json_from_text()
2025-10-19 14:25:30,849 - WARNING - [ERR-0001] - [f3d0e08e] Successfully extracted JSON using end object pattern | From: helpers.py:extract_json_from_text()
2025-10-19 14:25:30,849 - INFO - [INFO] - Successfully parsed AI response as JSON
2025-10-19 14:25:31,235 - WARNING - [ERR-0001] - [847bcc8b] Attempting to extract JSON from text (length: 21190 chars) | From: helpers.py:extract_json_from_text()
2025-10-19 14:25:31,236 - WARNING - [ERR-0001] - [9b4ef9d4] Successfully extracted JSON using end object pattern | From: helpers.py:extract_json_from_text()
2025-10-19 14:25:31,236 - INFO - [INFO] - Successfully parsed AI response as JSON
2025-10-19 14:25:48,507 - WARNING - [ERR-0001] - [a568120b] Attempting to extract JSON from text (length: 26538 chars) | From: helpers.py:extract_json_from_text()
2025-10-19 14:25:48,511 - WARNING - [ERR-0001] - [053a8542] Successfully extracted JSON using end object pattern | From: helpers.py:extract_json_from_text()
2025-10-19 14:25:48,514 - INFO - [INFO] - Successfully parsed AI response as JSON
2025-10-19 14:25:53,060 - INFO - [INFO] - Updated document_generated flag to True for tickers: ['LMT']
2025-10-19 14:25:58,393 - INFO - [INFO] - Updated document_generated flag to True for tickers: ['ALL']
2025-10-19 14:26:03,422 - INFO - [INFO] - Updated document_generated flag to True for tickers: ['GM']
2025-10-19 14:26:06,176 - INFO - [INFO] - Updated document_generated flag to True for tickers: ['BKNG']
2025-10-19 14:26:23,194 - INFO - [INFO] - Updated document_generated flag to True for tickers: ['KHC']
2025-10-19 14:27:14,249 - WARNING - [ERR-0001] - [31db60c2] Attempting to extract JSON from text (length: 14383 chars) | From: helpers.py:extract_json_from_text()
2025-10-19 14:27:14,255 - WARNING - [ERR-0001] - [9732bb0a] Successfully extracted JSON using end object pattern | From: helpers.py:extract_json_from_text()
2025-10-19 14:27:14,256 - INFO - [INFO] - Successfully parsed AI response as JSON
2025-10-19 14:27:25,210 - WARNING - [ERR-0001] - [2bae3fb6] Attempting to extract JSON from text (length: 15470 chars) | From: helpers.py:extract_json_from_text()
2025-10-19 14:27:25,215 - WARNING - [ERR-0001] - [f5c54097] Successfully extracted JSON using end object pattern | From: helpers.py:extract_json_from_text()
2025-10-19 14:27:25,216 - INFO - [INFO] - Successfully parsed AI response as JSON
2025-10-19 14:27:35,807 - WARNING - [ERR-0001] - [296aad4d] Attempting to extract JSON from text (length: 20101 chars) | From: helpers.py:extract_json_from_text()
2025-10-19 14:27:35,812 - WARNING - [ERR-0001] - [3a39b32c] Successfully extracted JSON using end object pattern | From: helpers.py:extract_json_from_text()
2025-10-19 14:27:35,813 - INFO - [INFO] - Successfully parsed AI response as JSON
2025-10-19 14:27:36,354 - WARNING - [ERR-0001] - [3b0d3286] Attempting to extract JSON from text (length: 19538 chars) | From: helpers.py:extract_json_from_text()
2025-10-19 14:27:36,356 - WARNING - [ERR-0001] - [f26b2500] Successfully extracted JSON using end object pattern | From: helpers.py:extract_json_from_text()
2025-10-19 14:27:36,359 - INFO - [INFO] - Successfully parsed AI response as JSON
2025-10-19 14:27:45,041 - WARNING - [ERR-0001] - [f6b53f0f] Attempting to extract JSON from text (length: 25500 chars) | From: helpers.py:extract_json_from_text()
2025-10-19 14:27:45,045 - WARNING - [ERR-0001] - [ac79c358] Successfully extracted JSON using end object pattern | From: helpers.py:extract_json_from_text()
2025-10-19 14:27:45,047 - INFO - [INFO] - Successfully parsed AI response as JSON
2025-10-19 14:27:45,673 - INFO - [INFO] - Updated document_generated flag to True for tickers: ['DLR']
2025-10-19 14:27:57,992 - INFO - [INFO] - Updated document_generated flag to True for tickers: ['SHW']
2025-10-19 14:28:00,354 - INFO - [INFO] - Updated document_generated flag to True for tickers: ['LDOS']
2025-10-19 14:28:01,860 - INFO - [INFO] - Updated document_generated flag to True for tickers: ['DOT-USD']
2025-10-19 14:28:13,043 - INFO - [INFO] - Updated document_generated flag to True for tickers: ['SHIB-USD']
2025-10-19 14:28:56,175 - WARNING - [ERR-0001] - [375e6549] Attempting to extract JSON from text (length: 11581 chars) | From: helpers.py:extract_json_from_text()
2025-10-19 14:28:56,181 - WARNING - [ERR-0001] - [b983b83b] Successfully extracted JSON using end object pattern | From: helpers.py:extract_json_from_text()
2025-10-19 14:28:56,182 - INFO - [INFO] - Successfully parsed AI response as JSON
2025-10-19 14:29:03,804 - WARNING - [ERR-0001] - [ecf279cf] Attempting to extract JSON from text (length: 23270 chars) | From: helpers.py:extract_json_from_text()
2025-10-19 14:29:03,814 - WARNING - [ERR-0001] - [1f3db5fd] Successfully extracted JSON using fallback pattern | From: helpers.py:extract_json_from_text()
2025-10-19 14:29:03,815 - WARNING - [ERR-0001] - [15095d7d] Attempting to extract JSON from text (length: 389 chars) | From: helpers.py:extract_json_from_text()
2025-10-19 14:29:03,815 - WARNING - [ERR-0001] - [5ea5793d] Successfully extracted JSON using end object pattern | From: helpers.py:extract_json_from_text()
2025-10-19 14:29:03,819 - INFO - [INFO] - Successfully parsed AI response as JSON
2025-10-19 14:29:15,287 - WARNING - [ERR-0001] - [30d6799a] Attempting to extract JSON from text (length: 16446 chars) | From: helpers.py:extract_json_from_text()
2025-10-19 14:29:15,291 - WARNING - [ERR-0001] - [8b98c9d2] Successfully extracted JSON using end object pattern | From: helpers.py:extract_json_from_text()
2025-10-19 14:29:15,292 - INFO - [INFO] - Successfully parsed AI response as JSON
2025-10-19 14:29:18,286 - INFO - [INFO] - Updated document_generated flag to True for tickers: ['CSGP']
2025-10-19 14:29:18,477 - WARNING - [ERR-0001] - [3b838465] Attempting to extract JSON from text (length: 18830 chars) | From: helpers.py:extract_json_from_text()
2025-10-19 14:29:18,487 - WARNING - [ERR-0001] - [4e52d528] JSON parsing failed for pattern ```json\s*(\{.*\})\s*```...: Expecting ',' delimiter: line 10 column 2682 (char 5259) | From: helpers.py:extract_json_from_text()
2025-10-19 14:29:18,499 - ERROR - [ERR-0404] - [f54cc937] Error in holistic_market_model | Exception: TypeError: 'int' object is not callable | From: holistic.py:run_holistic_market_model()
2025-10-19 14:29:28,680 - WARNING - [ERR-0303] - [4f1410e8] Missing required fields: ['title', 'market_outlook_narrative', 'rationale', 'analysis', 'recommendations', 'market_impact'] | From: helpers.py:validate_recommendations_schema()
2025-10-19 14:29:28,680 - ERROR - [ERR-0303] - [3922d8ff] Invalid recommendations schema, skipping save | From: helpers.py:save_to_db_robust()
2025-10-19 14:29:28,681 - WARNING - [ERR-0001] - [51b8f282] Database save failed, skipping flag update | From: helpers.py:save_to_db_with_fallback()
2025-10-19 14:29:28,682 - WARNING - [ERR-0003] - [2c4358cf] Failed to save recommendations to database | From: holistic.py:run_holistic_market_model()
2025-10-19 14:29:44,590 - INFO - [INFO] - Updated document_generated flag to True for tickers: ['EXPE']
2025-10-19 14:58:47,879 - INFO - [INFO] - MongoDB connection closed
2025-10-19 14:59:51,437 - WARNING - [ERR-0001] - [271632c1] Attempting to extract JSON from text (length: 9175 chars) | From: helpers.py:extract_json_from_text()
2025-10-19 14:59:51,440 - WARNING - [ERR-0001] - [b8f419fb] Successfully extracted JSON using end object pattern | From: helpers.py:extract_json_from_text()
2025-10-19 14:59:51,440 - INFO - [INFO] - Successfully parsed AI response as JSON
2025-10-19 15:00:02,519 - WARNING - [ERR-0001] - [8c03a8c8] Attempting to extract JSON from text (length: 18214 chars) | From: helpers.py:extract_json_from_text()
2025-10-19 15:00:02,523 - WARNING - [ERR-0001] - [41ca27ac] Successfully extracted JSON using end object pattern | From: helpers.py:extract_json_from_text()
2025-10-19 15:00:02,524 - INFO - [INFO] - Successfully parsed AI response as JSON
2025-10-19 15:00:11,512 - INFO - [INFO] - Updated document_generated flag to True for tickers: ['STLD']
2025-10-19 15:00:14,433 - WARNING - [ERR-0001] - [c7dd6333] Attempting to extract JSON from text (length: 24964 chars) | From: helpers.py:extract_json_from_text()
2025-10-19 15:00:14,437 - WARNING - [ERR-0001] - [c354dc67] Successfully extracted JSON using end object pattern | From: helpers.py:extract_json_from_text()
2025-10-19 15:00:14,439 - INFO - [INFO] - Successfully parsed AI response as JSON
2025-10-19 15:00:20,884 - WARNING - [ERR-0001] - [7e6924bf] Attempting to extract JSON from text (length: 20610 chars) | From: helpers.py:extract_json_from_text()
2025-10-19 15:00:20,890 - WARNING - [ERR-0001] - [b33482bc] Successfully extracted JSON using end object pattern | From: helpers.py:extract_json_from_text()
2025-10-19 15:00:20,893 - INFO - [INFO] - Successfully parsed AI response as JSON
2025-10-19 15:00:34,134 - INFO - [INFO] - Updated document_generated flag to True for tickers: ['AOS']
2025-10-19 15:00:40,991 - INFO - [INFO] - Updated document_generated flag to True for tickers: ['ALL']
2025-10-19 15:00:57,704 - INFO - [INFO] - Updated document_generated flag to True for tickers: ['ROST']
2025-10-19 15:01:28,562 - INFO - [INFO] - Updated document_generated flag to True for tickers: ['USDNOK=X']
2025-10-19 15:02:28,074 - WARNING - [ERR-0001] - [669953c8] Attempting to extract JSON from text (length: 16461 chars) | From: helpers.py:extract_json_from_text()
2025-10-19 15:02:28,077 - WARNING - [ERR-0001] - [c83a551c] Successfully extracted JSON using end object pattern | From: helpers.py:extract_json_from_text()
2025-10-19 15:02:28,077 - INFO - [INFO] - Successfully parsed AI response as JSON
2025-10-19 15:02:30,470 - WARNING - [ERR-0001] - [acfbe948] Attempting to extract JSON from text (length: 17250 chars) | From: helpers.py:extract_json_from_text()
2025-10-19 15:02:30,473 - WARNING - [ERR-0001] - [a2ed3a60] Successfully extracted JSON using end object pattern | From: helpers.py:extract_json_from_text()
2025-10-19 15:02:30,474 - INFO - [INFO] - Successfully parsed AI response as JSON
2025-10-19 15:02:31,825 - WARNING - [ERR-0001] - [ef675121] Attempting to extract JSON from text (length: 14587 chars) | From: helpers.py:extract_json_from_text()
2025-10-19 15:02:31,829 - WARNING - [ERR-0001] - [63ccae3c] Successfully extracted JSON using end object pattern | From: helpers.py:extract_json_from_text()
2025-10-19 15:02:31,829 - INFO - [INFO] - Successfully parsed AI response as JSON
2025-10-19 15:03:01,497 - INFO - [INFO] - Updated document_generated flag to True for tickers: ['MDLZ']
2025-10-19 15:03:04,114 - WARNING - [ERR-0001] - [7a0bba3e] Attempting to extract JSON from text (length: 29889 chars) | From: helpers.py:extract_json_from_text()
2025-10-19 15:03:04,118 - WARNING - [ERR-0001] - [b60b422b] JSON parsing failed for end object pattern: Expecting ',' delimiter: line 10 column 2413 (char 6092) | From: helpers.py:extract_json_from_text()
2025-10-19 15:03:04,128 - ERROR - [ERR-0404] - [84dcec80] Error in holistic_market_model | Exception: TypeError: 'int' object is not callable | From: holistic.py:run_holistic_market_model()
2025-10-19 15:03:04,866 - INFO - [INFO] - Updated document_generated flag to True for tickers: ['ANET']
2025-10-19 15:03:06,474 - INFO - [INFO] - Updated document_generated flag to True for tickers: ['ABBV']
2025-10-19 15:03:43,292 - INFO - [INFO] - Updated document_generated flag to True for tickers: ['GBPSGD=X']
2025-10-19 15:03:46,681 - WARNING - [ERR-0001] - [6546b288] Attempting to extract JSON from text (length: 168 chars) | From: helpers.py:extract_json_from_text()
2025-10-19 15:03:46,690 - ERROR - [ERR-0001] - [d7d32234] Failed to extract any valid JSON from text | From: helpers.py:extract_json_from_text()
2025-10-19 15:03:46,692 - ERROR - [ERR-0001] - [bff8ea28] Text preview: Error generating content: 429 RESOURCE_EXHAUSTED. {'error': {'code': 429, 'message': 'Resource has been exhausted (e.g. check quota).', 'status': 'RESOURCE_EXHAUSTED'}}... | From: helpers.py:extract_json_from_text()
2025-10-19 15:03:46,694 - WARNING - [ERR-0001] - [eb31ac9b] Attempting to extract JSON from text (length: 168 chars) | From: helpers.py:extract_json_from_text()
2025-10-19 15:03:46,697 - ERROR - [ERR-0001] - [f36d7423] Failed to extract any valid JSON from text | From: helpers.py:extract_json_from_text()
2025-10-19 15:03:46,699 - ERROR - [ERR-0001] - [62cb3126] Text preview: Error generating content: 429 RESOURCE_EXHAUSTED. {'error': {'code': 429, 'message': 'Resource has been exhausted (e.g. check quota).', 'status': 'RESOURCE_EXHAUSTED'}}... | From: helpers.py:extract_json_from_text()
2025-10-19 15:03:46,699 - ERROR - [ERR-0001] - [e8b7996c] Failed to extract valid JSON from AI response | From: holistic.py:run_holistic_market_model()
2025-10-19 15:03:46,700 - WARNING - [WARN-0002] - [1c5bbe75] Raw response content: Error generating content: 429 RESOURCE_EXHAUSTED. {'error': {'code': 429, 'message': 'Resource has been exhausted (e.g. check quota).', 'status': 'RESOURCE_EXHAUSTED'}}... | From: holistic.py:run_holistic_market_model()
2025-10-19 15:04:50,749 - WARNING - [ERR-0001] - [33cd479b] Attempting to extract JSON from text (length: 16776 chars) | From: helpers.py:extract_json_from_text()
2025-10-19 15:04:50,752 - WARNING - [ERR-0001] - [b55f4963] Successfully extracted JSON using end object pattern | From: helpers.py:extract_json_from_text()
2025-10-19 15:04:50,752 - INFO - [INFO] - Successfully parsed AI response as JSON
2025-10-19 15:05:09,405 - WARNING - [ERR-0001] - [d50ad9da] Attempting to extract JSON from text (length: 14049 chars) | From: helpers.py:extract_json_from_text()
2025-10-19 15:05:09,407 - WARNING - [ERR-0001] - [a5ae72f5] Successfully extracted JSON using end object pattern | From: helpers.py:extract_json_from_text()
2025-10-19 15:05:09,410 - INFO - [INFO] - Successfully parsed AI response as JSON
2025-10-19 15:05:24,031 - INFO - [INFO] - Updated document_generated flag to True for tickers: ['HBI']
2025-10-19 15:05:24,058 - INFO - [INFO] - Updated document_generated flag to True for tickers: ['DOW']
2025-10-19 15:07:00,130 - INFO - [INFO] - Updated document_generated flag to True for tickers: ['EURNZD=X']
2025-10-19 15:09:14,191 - WARNING - [ERR-0001] - [6a8d79fc] Attempting to extract JSON from text (length: 75374 chars) | From: helpers.py:extract_json_from_text()
2025-10-19 15:09:14,227 - WARNING - [ERR-0001] - [0fd26321] Successfully extracted JSON using fallback pattern | From: helpers.py:extract_json_from_text()
2025-10-19 15:09:14,227 - WARNING - [ERR-0001] - [354f693e] Attempting to extract JSON from text (length: 395 chars) | From: helpers.py:extract_json_from_text()
2025-10-19 15:09:14,228 - WARNING - [ERR-0001] - [549fbd2f] Successfully extracted JSON using end object pattern | From: helpers.py:extract_json_from_text()
2025-10-19 15:09:14,228 - INFO - [INFO] - Successfully parsed AI response as JSON
2025-10-19 15:09:40,398 - WARNING - [ERR-0303] - [37b3b3f0] Missing required fields: ['title', 'market_outlook_narrative', 'rationale', 'analysis', 'recommendations', 'market_impact'] | From: helpers.py:validate_recommendations_schema()
2025-10-19 15:09:40,400 - ERROR - [ERR-0303] - [2685902a] Invalid recommendations schema, skipping save | From: helpers.py:save_to_db_robust()
2025-10-19 15:09:40,403 - WARNING - [ERR-0001] - [25e3d3fb] Database save failed, skipping flag update | From: helpers.py:save_to_db_with_fallback()
2025-10-19 15:09:40,410 - WARNING - [ERR-0003] - [49a8bb16] Failed to save recommendations to database | From: holistic.py:run_holistic_market_model()
2025-10-19 15:30:20,768 - INFO - [INFO] - MongoDB connection closed
2025-10-19 15:31:23,522 - WARNING - [ERR-0001] - [0b89630b] Attempting to extract JSON from text (length: 13306 chars) | From: helpers.py:extract_json_from_text()
2025-10-19 15:31:23,525 - WARNING - [ERR-0001] - [9cca941c] Successfully extracted JSON using end object pattern | From: helpers.py:extract_json_from_text()
2025-10-19 15:31:23,525 - INFO - [INFO] - Successfully parsed AI response as JSON
2025-10-19 15:31:26,082 - WARNING - [ERR-0001] - [a9538b79] Attempting to extract JSON from text (length: 15169 chars) | From: helpers.py:extract_json_from_text()
2025-10-19 15:31:26,088 - WARNING - [ERR-0001] - [edafbf38] Successfully extracted JSON using end object pattern | From: helpers.py:extract_json_from_text()
2025-10-19 15:31:26,090 - INFO - [INFO] - Successfully parsed AI response as JSON
2025-10-19 15:31:41,567 - INFO - [INFO] - Updated document_generated flag to True for tickers: ['FRC']
2025-10-19 15:31:51,591 - WARNING - [ERR-0001] - [949dc9e8] Attempting to extract JSON from text (length: 23641 chars) | From: helpers.py:extract_json_from_text()
2025-10-19 15:31:51,594 - WARNING - [ERR-0001] - [d8df173e] Successfully extracted JSON using end object pattern | From: helpers.py:extract_json_from_text()
2025-10-19 15:31:51,595 - INFO - [INFO] - Successfully parsed AI response as JSON
2025-10-19 15:31:53,064 - INFO - [INFO] - Updated document_generated flag to True for tickers: ['TXT']
2025-10-19 15:31:54,108 - WARNING - [ERR-0001] - [5eddc345] Attempting to extract JSON from text (length: 24962 chars) | From: helpers.py:extract_json_from_text()
2025-10-19 15:31:54,114 - WARNING - [ERR-0001] - [d55922a5] Successfully extracted JSON using end object pattern | From: helpers.py:extract_json_from_text()
2025-10-19 15:31:54,116 - INFO - [INFO] - Successfully parsed AI response as JSON
2025-10-19 15:31:56,904 - WARNING - [ERR-0001] - [ddd1fff8] Attempting to extract JSON from text (length: 23194 chars) | From: helpers.py:extract_json_from_text()
2025-10-19 15:31:56,906 - WARNING - [ERR-0001] - [e5f0ec4a] Successfully extracted JSON using end object pattern | From: helpers.py:extract_json_from_text()
2025-10-19 15:31:56,907 - INFO - [INFO] - Successfully parsed AI response as JSON
2025-10-19 15:32:28,159 - INFO - [INFO] - Updated document_generated flag to True for tickers: ['ELV']
2025-10-19 15:32:28,182 - ERROR - [ERR-0103] - [431f5178] Error parsing factors response as JSON | Exception: JSONDecodeError: Expecting property name enclosed in double quotes: line 10 column 5 (char 383) | From: helpers.py:get_factors()
2025-10-19 15:32:28,185 - WARNING - [WARN-0002] - [1b90c7da] Raw factors response: {
  "factors": [
    {
      "name": "company_fundamentals",
      "value": {
        "description": "Allstate demonstrated strong Q2 2025 financial performance with significant increases in revenue, ... | From: helpers.py:get_factors()
2025-10-19 15:32:28,895 - INFO - [INFO] - Updated document_generated flag to True for tickers: ['ALL']
2025-10-19 15:32:30,443 - INFO - [INFO] - Updated document_generated flag to True for tickers: ['CI']
2025-10-19 15:33:36,962 - WARNING - [ERR-0001] - [47a6b7ed] Attempting to extract JSON from text (length: 11535 chars) | From: helpers.py:extract_json_from_text()
2025-10-19 15:33:36,964 - WARNING - [ERR-0001] - [f27d22c1] Successfully extracted JSON using end object pattern | From: helpers.py:extract_json_from_text()
2025-10-19 15:33:36,965 - INFO - [INFO] - Successfully parsed AI response as JSON
2025-10-19 15:33:51,541 - WARNING - [ERR-0001] - [5ed075dd] Attempting to extract JSON from text (length: 14729 chars) | From: helpers.py:extract_json_from_text()
2025-10-19 15:33:51,545 - WARNING - [ERR-0001] - [1dbb476d] Successfully extracted JSON using end object pattern | From: helpers.py:extract_json_from_text()
2025-10-19 15:33:51,548 - INFO - [INFO] - Successfully parsed AI response as JSON
2025-10-19 15:33:52,942 - WARNING - [ERR-0001] - [41a46e5f] Attempting to extract JSON from text (length: 18505 chars) | From: helpers.py:extract_json_from_text()
2025-10-19 15:33:52,944 - WARNING - [ERR-0001] - [8b6c3729] Successfully extracted JSON using end object pattern | From: helpers.py:extract_json_from_text()
2025-10-19 15:33:52,945 - INFO - [INFO] - Successfully parsed AI response as JSON
2025-10-19 15:33:54,684 - WARNING - [ERR-0001] - [819f713d] Attempting to extract JSON from text (length: 24550 chars) | From: helpers.py:extract_json_from_text()
2025-10-19 15:33:54,685 - WARNING - [ERR-0001] - [32670f13] Successfully extracted JSON using end object pattern | From: helpers.py:extract_json_from_text()
2025-10-19 15:33:54,687 - INFO - [INFO] - Successfully parsed AI response as JSON
2025-10-19 15:34:09,633 - INFO - [INFO] - Updated document_generated flag to True for tickers: ['HRL']
2025-10-19 15:34:11,460 - ERROR - [ERR-0001] - [9e50ce30] MongoDB operation failed | Exception: WriteError: Document failed validation, full error: {'index': 0, 'code': 121, 'errmsg': 'Document failed validation', 'errInfo': {'failingDocumentId': ObjectId('68f4a2835fd5b4dad5f32d1b'), 'details': {'operatorName': '$jsonSchema', 'schemaRulesNotSatisfied': [{'operatorName': 'properties', 'propertiesNotSatisfied': [{'propertyName': 'recommendations', 'details': [{'operatorName': 'items', 'reason': 'At least one item did not match the sub-schema', 'itemIndex': 0, 'details': [{'operatorName': 'properties', 'propertiesNotSatisfied': [{'propertyName': 'target_price', 'details': [{'operatorName': 'bsonType', 'specifiedAs': {'bsonType': 'double'}, 'reason': 'type did not match', 'consideredValue': 0, 'consideredType': 'int'}]}]}]}]}]}]}}} | From: helpers.py:save_to_db_with_retry()
2025-10-19 15:34:11,463 - WARNING - [ERR-0001] - [d75c4ba5] Database save failed, skipping flag update | From: helpers.py:save_to_db_with_fallback()
2025-10-19 15:34:11,470 - WARNING - [ERR-0003] - [67554e82] Failed to save recommendations to database | From: holistic.py:run_holistic_market_model()
2025-10-19 15:34:18,785 - INFO - [INFO] - Updated document_generated flag to True for tickers: ['ADNT']
2025-10-19 15:34:31,778 - ERROR - [ERR-0103] - [92d4c201] Error parsing factors response as JSON | Exception: JSONDecodeError: Expecting property name enclosed in double quotes: line 10 column 5 (char 371) | From: helpers.py:get_factors()
2025-10-19 15:34:31,781 - WARNING - [WARN-0002] - [92ccf26a] Raw factors response: {
  "factors": [
    {
      "name": "company_fundamentals",
      "value": {
        "description": "Southern Company reports solid Q2 2025 revenue growth and strong margins, but significant capital ... | From: helpers.py:get_factors()
2025-10-19 15:34:32,568 - INFO - [INFO] - Updated document_generated flag to True for tickers: ['SO']
2025-10-19 15:34:40,498 - INFO - [INFO] - Updated document_generated flag to True for tickers: ['GBPNZD=X']
2025-10-19 15:35:51,343 - WARNING - [ERR-0001] - [8b09215f] Attempting to extract JSON from text (length: 17466 chars) | From: helpers.py:extract_json_from_text()
2025-10-19 15:35:51,349 - WARNING - [ERR-0001] - [1bcabf7a] Successfully extracted JSON using end object pattern | From: helpers.py:extract_json_from_text()
2025-10-19 15:35:51,352 - INFO - [INFO] - Successfully parsed AI response as JSON
2025-10-19 15:36:04,997 - WARNING - [ERR-0001] - [4dbb1607] Attempting to extract JSON from text (length: 18608 chars) | From: helpers.py:extract_json_from_text()
2025-10-19 15:36:04,999 - WARNING - [ERR-0001] - [c88440f1] Successfully extracted JSON using end object pattern | From: helpers.py:extract_json_from_text()
2025-10-19 15:36:05,836 - WARNING - [ERR-0001] - [cf97366a] Attempting to extract JSON from text (length: 22588 chars) | From: helpers.py:extract_json_from_text()
2025-10-19 15:36:05,839 - WARNING - [ERR-0001] - [cd512413] Successfully extracted JSON using end object pattern | From: helpers.py:extract_json_from_text()
2025-10-19 15:36:05,840 - INFO - [INFO] - Successfully parsed AI response as JSON
2025-10-19 15:36:28,392 - WARNING - [ERR-0001] - [44e77a29] Attempting to extract JSON from text (length: 30559 chars) | From: helpers.py:extract_json_from_text()
2025-10-19 15:36:28,395 - WARNING - [ERR-0001] - [647bed38] Successfully extracted JSON using end object pattern | From: helpers.py:extract_json_from_text()
2025-10-19 15:36:28,396 - INFO - [INFO] - Successfully parsed AI response as JSON
2025-10-19 15:36:29,155 - INFO - [INFO] - Updated document_generated flag to True for tickers: ['INTC']
2025-10-19 15:36:34,735 - INFO - [INFO] - Updated document_generated flag to True for tickers: ['EBAY']
2025-10-19 15:37:01,251 - INFO - [INFO] - Updated document_generated flag to True for tickers: ['NZDCAD=X']
2025-10-19 15:37:07,647 - INFO - [INFO] - Updated document_generated flag to True for tickers: ['BTC-USD']
2025-10-19 15:40:24,121 - WARNING - [ERR-0001] - [2200afb0] Attempting to extract JSON from text (length: 97428 chars) | From: helpers.py:extract_json_from_text()
2025-10-19 15:40:24,173 - WARNING - [ERR-0001] - [b1735465] Successfully extracted JSON using fallback pattern | From: helpers.py:extract_json_from_text()
2025-10-19 15:40:24,174 - WARNING - [ERR-0001] - [a4866b5f] Attempting to extract JSON from text (length: 492 chars) | From: helpers.py:extract_json_from_text()
2025-10-19 15:40:24,175 - WARNING - [ERR-0001] - [2e42e6ab] Successfully extracted JSON using end object pattern | From: helpers.py:extract_json_from_text()
2025-10-19 15:40:24,179 - INFO - [INFO] - Successfully parsed AI response as JSON
2025-10-19 15:41:02,474 - WARNING - [ERR-0303] - [6df901af] Missing required fields: ['title', 'market_outlook_narrative', 'rationale', 'analysis', 'recommendations', 'market_impact'] | From: helpers.py:validate_recommendations_schema()
2025-10-19 15:41:02,477 - ERROR - [ERR-0303] - [b9e6b817] Invalid recommendations schema, skipping save | From: helpers.py:save_to_db_robust()
2025-10-19 15:41:02,479 - WARNING - [ERR-0001] - [ce9b3685] Database save failed, skipping flag update | From: helpers.py:save_to_db_with_fallback()
2025-10-19 15:41:02,484 - WARNING - [ERR-0003] - [176d8fec] Failed to save recommendations to database | From: holistic.py:run_holistic_market_model()
2025-10-19 15:42:21,698 - WARNING - [ERR-0001] - [9aef0161] Attempting to extract JSON from text (length: 21459 chars) | From: helpers.py:extract_json_from_text()
2025-10-19 15:42:21,701 - WARNING - [ERR-0001] - [8b23a71a] Successfully extracted JSON using end object pattern | From: helpers.py:extract_json_from_text()
2025-10-19 15:42:21,702 - INFO - [INFO] - Successfully parsed AI response as JSON
2025-10-19 15:42:25,062 - WARNING - [ERR-0001] - [5dfc4143] Attempting to extract JSON from text (length: 22414 chars) | From: helpers.py:extract_json_from_text()
2025-10-19 15:42:25,065 - WARNING - [ERR-0001] - [e594f258] Successfully extracted JSON using end object pattern | From: helpers.py:extract_json_from_text()
2025-10-19 15:42:25,066 - INFO - [INFO] - Successfully parsed AI response as JSON
2025-10-19 15:42:28,686 - WARNING - [ERR-0001] - [abd6826f] Attempting to extract JSON from text (length: 22307 chars) | From: helpers.py:extract_json_from_text()
2025-10-19 15:42:28,690 - WARNING - [ERR-0001] - [16966e48] Successfully extracted JSON using end object pattern | From: helpers.py:extract_json_from_text()
2025-10-19 15:42:28,692 - INFO - [INFO] - Successfully parsed AI response as JSON
2025-10-19 15:42:55,057 - INFO - [INFO] - Updated document_generated flag to True for tickers: ['COF']
2025-10-19 15:43:03,288 - INFO - [INFO] - Updated document_generated flag to True for tickers: ['TSLA']
2025-10-19 15:43:05,665 - INFO - [INFO] - Updated document_generated flag to True for tickers: ['ROP']
2025-10-19 15:43:49,647 - INFO - [INFO] - Updated document_generated flag to True for tickers: ['EURGBP=X']
2025-10-19 15:46:49,411 - WARNING - [ERR-0001] - [ce34bad0] Attempting to extract JSON from text (length: 103984 chars) | From: helpers.py:extract_json_from_text()
2025-10-19 15:46:49,480 - WARNING - [ERR-0001] - [e10fde37] Successfully extracted JSON using fallback pattern | From: helpers.py:extract_json_from_text()
2025-10-19 15:46:49,483 - WARNING - [ERR-0001] - [a18c7076] Attempting to extract JSON from text (length: 460 chars) | From: helpers.py:extract_json_from_text()
2025-10-19 15:46:49,483 - WARNING - [ERR-0001] - [f2f6539a] Successfully extracted JSON using end object pattern | From: helpers.py:extract_json_from_text()
2025-10-19 15:46:49,483 - INFO - [INFO] - Successfully parsed AI response as JSON
2025-10-19 15:47:20,088 - WARNING - [ERR-0303] - [9da52fa2] Missing required fields: ['title', 'market_outlook_narrative', 'rationale', 'analysis', 'recommendations', 'market_impact'] | From: helpers.py:validate_recommendations_schema()
2025-10-19 15:47:20,090 - ERROR - [ERR-0303] - [767dc127] Invalid recommendations schema, skipping save | From: helpers.py:save_to_db_robust()
2025-10-19 15:47:20,092 - WARNING - [ERR-0001] - [104dacec] Database save failed, skipping flag update | From: helpers.py:save_to_db_with_fallback()
2025-10-19 15:47:20,093 - WARNING - [ERR-0003] - [687b6630] Failed to save recommendations to database | From: holistic.py:run_holistic_market_model()
2025-10-19 15:48:39,797 - WARNING - [ERR-0001] - [03d9f637] Attempting to extract JSON from text (length: 21670 chars) | From: helpers.py:extract_json_from_text()
2025-10-19 15:48:39,803 - WARNING - [ERR-0001] - [a73b4ad0] Successfully extracted JSON using end object pattern | From: helpers.py:extract_json_from_text()
2025-10-19 15:48:39,805 - INFO - [INFO] - Successfully parsed AI response as JSON
2025-10-19 15:48:50,590 - WARNING - [ERR-0001] - [199d19fb] Attempting to extract JSON from text (length: 21662 chars) | From: helpers.py:extract_json_from_text()
2025-10-19 15:48:50,593 - WARNING - [ERR-0001] - [923391aa] Successfully extracted JSON using end object pattern | From: helpers.py:extract_json_from_text()
2025-10-19 15:48:50,597 - INFO - [INFO] - Successfully parsed AI response as JSON
2025-10-19 15:48:53,203 - WARNING - [ERR-0001] - [eb81b671] Attempting to extract JSON from text (length: 26459 chars) | From: helpers.py:extract_json_from_text()
2025-10-19 15:48:53,206 - WARNING - [ERR-0001] - [20cfc97a] Successfully extracted JSON using end object pattern | From: helpers.py:extract_json_from_text()
2025-10-19 15:48:53,207 - INFO - [INFO] - Successfully parsed AI response as JSON
2025-10-19 15:48:53,277 - WARNING - [ERR-0001] - [8f0ace2e] Attempting to extract JSON from text (length: 21390 chars) | From: helpers.py:extract_json_from_text()
2025-10-19 15:48:53,280 - WARNING - [ERR-0001] - [d2009a92] Successfully extracted JSON using end object pattern | From: helpers.py:extract_json_from_text()
2025-10-19 15:48:53,280 - INFO - [INFO] - Successfully parsed AI response as JSON
2025-10-19 15:49:10,645 - INFO - [INFO] - Updated document_generated flag to True for tickers: ['WFC']
2025-10-19 15:49:21,045 - INFO - [INFO] - Updated document_generated flag to True for tickers: ['VZ']
2025-10-19 15:49:28,304 - INFO - [INFO] - Updated document_generated flag to True for tickers: ['NTRS']
2025-10-19 15:49:30,052 - INFO - [INFO] - Updated document_generated flag to True for tickers: ['ZION']
2025-10-19 15:49:46,831 - INFO - [INFO] - Updated document_generated flag to True for tickers: ['EURUSD=X']
2025-10-19 15:50:44,934 - WARNING - [ERR-0001] - [e22d7301] Empty or non-string text provided to extract_json_from_text | From: helpers.py:extract_json_from_text()
2025-10-19 15:50:44,937 - ERROR - [ERR-0001] - [551289cf] Failed to extract valid JSON from AI response | From: holistic.py:run_holistic_market_model()
2025-10-19 15:50:44,938 - ERROR - [ERR-0404] - [4fc5217f] Error in holistic_market_model | Exception: TypeError: 'NoneType' object is not subscriptable | From: holistic.py:run_holistic_market_model()
2025-10-19 15:50:45,766 - WARNING - [ERR-0001] - [00f74dbc] Attempting to extract JSON from text (length: 16550 chars) | From: helpers.py:extract_json_from_text()
2025-10-19 15:50:45,769 - WARNING - [ERR-0001] - [57e13497] Successfully extracted JSON using end object pattern | From: helpers.py:extract_json_from_text()
2025-10-19 15:50:45,773 - INFO - [INFO] - Successfully parsed AI response as JSON
2025-10-19 15:51:14,013 - WARNING - [ERR-0001] - [26330a13] Attempting to extract JSON from text (length: 25347 chars) | From: helpers.py:extract_json_from_text()
2025-10-19 15:51:14,017 - WARNING - [ERR-0001] - [e9babdcc] Successfully extracted JSON using end object pattern | From: helpers.py:extract_json_from_text()
2025-10-19 15:51:14,018 - INFO - [INFO] - Successfully parsed AI response as JSON
2025-10-19 15:51:24,704 - INFO - [INFO] - Updated document_generated flag to True for tickers: ['MMM']
2025-10-19 15:51:41,391 - ERROR - [ERR-0001] - [b5583173] MongoDB operation failed | Exception: WriteError: Document failed validation, full error: {'index': 0, 'code': 121, 'errmsg': 'Document failed validation', 'errInfo': {'failingDocumentId': ObjectId('68f4a69c5fd5b4dad5f32d2d'), 'details': {'operatorName': '$jsonSchema', 'schemaRulesNotSatisfied': [{'operatorName': 'properties', 'propertiesNotSatisfied': [{'propertyName': 'recommendations', 'details': [{'operatorName': 'items', 'reason': 'At least one item did not match the sub-schema', 'itemIndex': 0, 'details': [{'operatorName': 'properties', 'propertiesNotSatisfied': [{'propertyName': 'target_price', 'details': [{'operatorName': 'bsonType', 'specifiedAs': {'bsonType': 'double'}, 'reason': 'type did not match', 'consideredValue': 0, 'consideredType': 'int'}]}]}]}]}]}]}}} | From: helpers.py:save_to_db_with_retry()
2025-10-19 15:51:41,393 - WARNING - [ERR-0001] - [2420c5a6] Database save failed, skipping flag update | From: helpers.py:save_to_db_with_fallback()
2025-10-19 15:51:41,395 - WARNING - [ERR-0003] - [d04d6e51] Failed to save recommendations to database | From: fx_long_short.py:run_fx_model()
2025-10-19 15:51:43,098 - INFO - [INFO] - Updated document_generated flag to True for tickers: ['KMB']
2025-10-19 15:53:25,348 - WARNING - [ERR-0001] - [6799e924] Attempting to extract JSON from text (length: 23017 chars) | From: helpers.py:extract_json_from_text()
2025-10-19 15:53:25,353 - WARNING - [ERR-0001] - [124d3bfd] Successfully extracted JSON using end object pattern | From: helpers.py:extract_json_from_text()
2025-10-19 15:53:25,357 - INFO - [INFO] - Successfully parsed AI response as JSON
2025-10-19 15:53:26,624 - WARNING - [ERR-0001] - [f6f80fe6] Attempting to extract JSON from text (length: 26390 chars) | From: helpers.py:extract_json_from_text()
2025-10-19 15:53:26,626 - WARNING - [ERR-0001] - [74de1ce4] Successfully extracted JSON using end object pattern | From: helpers.py:extract_json_from_text()
2025-10-19 15:53:26,626 - INFO - [INFO] - Successfully parsed AI response as JSON
2025-10-19 15:53:29,510 - WARNING - [ERR-0001] - [d640e710] Attempting to extract JSON from text (length: 26690 chars) | From: helpers.py:extract_json_from_text()
2025-10-19 15:53:29,514 - WARNING - [ERR-0001] - [1e8ae78e] Successfully extracted JSON using end object pattern | From: helpers.py:extract_json_from_text()
2025-10-19 15:53:29,518 - INFO - [INFO] - Successfully parsed AI response as JSON
2025-10-19 15:53:30,551 - WARNING - [ERR-0001] - [83ecff39] Attempting to extract JSON from text (length: 26597 chars) | From: helpers.py:extract_json_from_text()
2025-10-19 15:53:30,570 - WARNING - [ERR-0001] - [c1ab3d5d] Successfully extracted JSON using pattern: ```json\s*(\{.*\})\s*```... | From: helpers.py:extract_json_from_text()
2025-10-19 15:53:30,574 - WARNING - [ERR-0001] - [045eaa82] Attempting to extract JSON from text (length: 26586 chars) | From: helpers.py:extract_json_from_text()
2025-10-19 15:53:30,576 - WARNING - [ERR-0001] - [b83f02e6] Successfully extracted JSON using end object pattern | From: helpers.py:extract_json_from_text()
2025-10-19 15:53:30,577 - INFO - [INFO] - Successfully parsed AI response as JSON
2025-10-19 15:53:36,797 - WARNING - [ERR-0001] - [f58b5f2d] Attempting to extract JSON from text (length: 24866 chars) | From: helpers.py:extract_json_from_text()
2025-10-19 15:53:36,801 - WARNING - [ERR-0001] - [11b43e56] Successfully extracted JSON using end object pattern | From: helpers.py:extract_json_from_text()
2025-10-19 15:53:36,803 - INFO - [INFO] - Successfully parsed AI response as JSON
2025-10-19 15:53:55,244 - INFO - [INFO] - Updated document_generated flag to True for tickers: ['CF']
2025-10-19 15:53:56,454 - INFO - [INFO] - Updated document_generated flag to True for tickers: ['GRMN']
2025-10-19 15:53:59,524 - INFO - [INFO] - Updated document_generated flag to True for tickers: ['SEE']
2025-10-19 15:54:04,752 - INFO - [INFO] - Updated document_generated flag to True for tickers: ['MCD']
2025-10-19 15:54:09,077 - INFO - [INFO] - Updated document_generated flag to True for tickers: ['SHW']
2025-10-19 15:55:28,553 - WARNING - [ERR-0001] - [9a89d31b] Attempting to extract JSON from text (length: 19428 chars) | From: helpers.py:extract_json_from_text()
2025-10-19 15:55:28,560 - WARNING - [ERR-0001] - [2da8feec] Successfully extracted JSON using end object pattern | From: helpers.py:extract_json_from_text()
2025-10-19 15:55:28,561 - INFO - [INFO] - Successfully parsed AI response as JSON
2025-10-19 15:55:29,493 - WARNING - [ERR-0001] - [06afe237] Attempting to extract JSON from text (length: 23292 chars) | From: helpers.py:extract_json_from_text()
2025-10-19 15:55:29,495 - WARNING - [ERR-0001] - [22ab0cdc] Successfully extracted JSON using end object pattern | From: helpers.py:extract_json_from_text()
2025-10-19 15:55:29,495 - INFO - [INFO] - Successfully parsed AI response as JSON
2025-10-19 15:55:30,628 - WARNING - [ERR-0001] - [1ba1e042] Attempting to extract JSON from text (length: 15231 chars) | From: helpers.py:extract_json_from_text()
2025-10-19 15:55:30,635 - WARNING - [ERR-0001] - [831e6f61] Successfully extracted JSON using pattern: ```json\s*(\{.*\})\s*```... | From: helpers.py:extract_json_from_text()
2025-10-19 15:55:32,341 - WARNING - [ERR-0001] - [f656bc82] Attempting to extract JSON from text (length: 13775 chars) | From: helpers.py:extract_json_from_text()
2025-10-19 15:55:32,342 - WARNING - [ERR-0001] - [396b9db9] Successfully extracted JSON using end object pattern | From: helpers.py:extract_json_from_text()
2025-10-19 15:55:32,342 - INFO - [INFO] - Successfully parsed AI response as JSON
