2026-01-04 20:07:42,453 - INFO - [INFO] - Starting continuous batch processing...
2026-01-04 20:07:48,595 - INFO - [INFO] - Processing 2 pipelines...
2026-01-04 20:07:49,007 - ERROR - [ERR-0001] - [ac647a22] Error processing pipeline get_insights | Exception: TypeError: log_info() takes 1 positional argument but 2 were given | From: batch_run.py:process_pipeline()
2026-01-04 20:07:49,008 - ERROR - [ERR-0001] - [af8603a8] Error processing pipeline get_insights | Exception: TypeError: log_info() takes 1 positional argument but 2 were given | From: batch_run.py:process_pipeline()
2026-01-04 20:07:49,697 - INFO - [INFO] - Batch cycle completed. Processed: 0 tickers, 0 pipelines. Remaining: 0 tickers, 2 pipelines
2026-01-04 20:08:50,345 - INFO - [INFO] - Processing 2 pipelines...
2026-01-04 20:08:50,352 - ERROR - [ERR-0001] - [7dc19161] Error processing pipeline get_insights | Exception: TypeError: log_info() takes 1 positional argument but 2 were given | From: batch_run.py:process_pipeline()
2026-01-04 20:08:50,353 - ERROR - [ERR-0001] - [2a1afc66] Error processing pipeline get_insights | Exception: TypeError: log_info() takes 1 positional argument but 2 were given | From: batch_run.py:process_pipeline()
2026-01-04 20:08:51,112 - INFO - [INFO] - Batch cycle completed. Processed: 0 tickers, 0 pipelines. Remaining: 0 tickers, 2 pipelines
2026-01-04 20:26:55,423 - INFO - [INFO] - Starting continuous batch processing...
2026-01-04 20:26:58,871 - INFO - [INFO] - Processing 2 pipelines...
2026-01-04 20:26:59,281 - ERROR - [ERR-0001] - [8813e9b8] Error processing pipeline get_insights | Exception: TypeError: log_info() takes 1 positional argument but 2 were given | From: batch_run.py:process_pipeline()
2026-01-04 20:26:59,281 - ERROR - [ERR-0001] - [f9040743] Error processing pipeline get_insights | Exception: TypeError: log_info() takes 1 positional argument but 2 were given | From: batch_run.py:process_pipeline()
2026-01-04 20:26:59,874 - INFO - [INFO] - Batch cycle completed. Processed: 0 tickers, 0 pipelines. Remaining: 0 tickers, 2 pipelines
2026-01-04 20:29:46,961 - INFO - [INFO] - Starting continuous batch processing...
2026-01-04 20:29:51,423 - INFO - [INFO] - Processing 2 pipelines...
2026-01-04 20:29:51,836 - ERROR - [ERR-0001] - [2268e3d0] Error processing pipeline get_insights | Exception: TypeError: log_info() takes 1 positional argument but 2 were given | From: batch_run.py:process_pipeline()
2026-01-04 20:29:51,836 - ERROR - [ERR-0001] - [001d5f88] Error processing pipeline get_insights | Exception: TypeError: log_info() takes 1 positional argument but 2 were given | From: batch_run.py:process_pipeline()
2026-01-04 20:29:52,427 - INFO - [INFO] - Batch cycle completed. Processed: 0 tickers, 0 pipelines. Remaining: 0 tickers, 2 pipelines
2026-01-04 20:30:26,813 - INFO - [INFO] - Starting continuous batch processing...
2026-01-04 20:30:30,102 - INFO - [INFO] - Processing 2 pipelines...
2026-01-04 20:30:30,511 - ERROR - [ERR-0001] - [ea216974] Error processing pipeline get_insights | Exception: TypeError: log_info() takes 1 positional argument but 2 were given | From: batch_run.py:process_pipeline()
2026-01-04 20:30:30,511 - ERROR - [ERR-0001] - [1e3575e4] Error processing pipeline get_insights | Exception: TypeError: log_info() takes 1 positional argument but 2 were given | From: batch_run.py:process_pipeline()
2026-01-04 20:30:31,132 - INFO - [INFO] - Batch cycle completed. Processed: 0 tickers, 0 pipelines. Remaining: 0 tickers, 2 pipelines
2026-01-04 20:31:31,734 - INFO - [INFO] - Processing 2 pipelines...
2026-01-04 20:31:31,738 - ERROR - [ERR-0001] - [aed248e6] Error processing pipeline get_insights | Exception: TypeError: log_info() takes 1 positional argument but 2 were given | From: batch_run.py:process_pipeline()
2026-01-04 20:31:31,740 - ERROR - [ERR-0001] - [b5851f6a] Error processing pipeline get_insights | Exception: TypeError: log_info() takes 1 positional argument but 2 were given | From: batch_run.py:process_pipeline()
2026-01-04 20:31:32,362 - INFO - [INFO] - Batch cycle completed. Processed: 0 tickers, 0 pipelines. Remaining: 0 tickers, 2 pipelines
2026-01-04 20:32:45,167 - INFO - [INFO] - Starting continuous batch processing...
2026-01-04 20:32:48,494 - INFO - [INFO] - Processing 2 pipelines...
2026-01-04 20:32:48,905 - ERROR - [ERR-0001] - [c40e4443] Error processing pipeline get_insights | Exception: TypeError: log_info() takes 1 positional argument but 2 were given | From: batch_run.py:process_pipeline()
2026-01-04 20:32:48,905 - ERROR - [ERR-0001] - [79577d4e] Error processing pipeline get_insights | Exception: TypeError: log_info() takes 1 positional argument but 2 were given | From: batch_run.py:process_pipeline()
2026-01-04 20:32:49,475 - INFO - [INFO] - Batch cycle completed. Processed: 0 tickers, 0 pipelines. Remaining: 0 tickers, 2 pipelines
2026-01-04 20:33:50,024 - INFO - [INFO] - Processing 2 pipelines...
2026-01-04 20:33:50,029 - ERROR - [ERR-0001] - [ee03668d] Error processing pipeline get_insights | Exception: TypeError: log_info() takes 1 positional argument but 2 were given | From: batch_run.py:process_pipeline()
2026-01-04 20:33:50,030 - ERROR - [ERR-0001] - [b3a6732e] Error processing pipeline get_insights | Exception: TypeError: log_info() takes 1 positional argument but 2 were given | From: batch_run.py:process_pipeline()
2026-01-04 20:33:50,681 - INFO - [INFO] - Batch cycle completed. Processed: 0 tickers, 0 pipelines. Remaining: 0 tickers, 2 pipelines
2026-01-04 20:34:51,210 - INFO - [INFO] - Processing 2 pipelines...
2026-01-04 20:34:51,214 - ERROR - [ERR-0001] - [c0c39ca4] Error processing pipeline get_insights | Exception: TypeError: log_info() takes 1 positional argument but 2 were given | From: batch_run.py:process_pipeline()
2026-01-04 20:34:51,215 - ERROR - [ERR-0001] - [08810551] Error processing pipeline get_insights | Exception: TypeError: log_info() takes 1 positional argument but 2 were given | From: batch_run.py:process_pipeline()
2026-01-04 20:34:51,916 - INFO - [INFO] - Batch cycle completed. Processed: 0 tickers, 0 pipelines. Remaining: 0 tickers, 2 pipelines
2026-01-04 20:35:52,589 - INFO - [INFO] - Processing 2 pipelines...
2026-01-04 20:35:52,595 - ERROR - [ERR-0001] - [15e5dc01] Error processing pipeline get_insights | Exception: TypeError: log_info() takes 1 positional argument but 2 were given | From: batch_run.py:process_pipeline()
2026-01-04 20:35:52,596 - ERROR - [ERR-0001] - [a047a374] Error processing pipeline get_insights | Exception: TypeError: log_info() takes 1 positional argument but 2 were given | From: batch_run.py:process_pipeline()
2026-01-04 20:35:53,304 - INFO - [INFO] - Batch cycle completed. Processed: 0 tickers, 0 pipelines. Remaining: 0 tickers, 2 pipelines
2026-01-04 20:36:53,881 - INFO - [INFO] - Processing 2 pipelines...
2026-01-04 20:36:53,885 - ERROR - [ERR-0001] - [cb96216c] Error processing pipeline get_insights | Exception: TypeError: log_info() takes 1 positional argument but 2 were given | From: batch_run.py:process_pipeline()
2026-01-04 20:36:53,887 - ERROR - [ERR-0001] - [b74a3bbc] Error processing pipeline get_insights | Exception: TypeError: log_info() takes 1 positional argument but 2 were given | From: batch_run.py:process_pipeline()
2026-01-04 20:36:54,540 - INFO - [INFO] - Batch cycle completed. Processed: 0 tickers, 0 pipelines. Remaining: 0 tickers, 2 pipelines
2026-01-04 20:37:55,070 - INFO - [INFO] - Processing 2 pipelines...
2026-01-04 20:37:55,076 - ERROR - [ERR-0001] - [62954207] Error processing pipeline get_insights | Exception: TypeError: log_info() takes 1 positional argument but 2 were given | From: batch_run.py:process_pipeline()
2026-01-04 20:37:55,077 - ERROR - [ERR-0001] - [43ea074e] Error processing pipeline get_insights | Exception: TypeError: log_info() takes 1 positional argument but 2 were given | From: batch_run.py:process_pipeline()
2026-01-04 20:37:55,807 - INFO - [INFO] - Batch cycle completed. Processed: 0 tickers, 0 pipelines. Remaining: 0 tickers, 2 pipelines
2026-01-04 20:38:35,136 - INFO - [INFO] - Starting continuous batch processing...
2026-01-04 20:38:38,904 - INFO - [INFO] - Processing 2 pipelines...
2026-01-04 20:38:39,314 - ERROR - [ERR-0001] - [90bf3e85] Error processing pipeline get_insights | Exception: TypeError: log_info() takes 1 positional argument but 2 were given | From: batch_run.py:process_pipeline()
2026-01-04 20:38:39,314 - ERROR - [ERR-0001] - [dc468c88] Error processing pipeline get_insights | Exception: TypeError: log_info() takes 1 positional argument but 2 were given | From: batch_run.py:process_pipeline()
2026-01-04 20:38:39,912 - INFO - [INFO] - Batch cycle completed. Processed: 0 tickers, 0 pipelines. Remaining: 0 tickers, 2 pipelines
2026-01-04 20:39:20,931 - INFO - [INFO] - Starting continuous batch processing...
2026-01-04 20:39:24,155 - INFO - [INFO] - Processing 2 pipelines...
2026-01-04 20:39:24,562 - ERROR - [ERR-0001] - [f6f4742b] Error processing pipeline get_insights | Exception: TypeError: log_info() takes 1 positional argument but 2 were given | From: batch_run.py:process_pipeline()
2026-01-04 20:39:24,563 - ERROR - [ERR-0001] - [2a8df202] Error processing pipeline get_insights | Exception: TypeError: log_info() takes 1 positional argument but 2 were given | From: batch_run.py:process_pipeline()
2026-01-04 20:39:25,129 - INFO - [INFO] - Batch cycle completed. Processed: 0 tickers, 0 pipelines. Remaining: 0 tickers, 2 pipelines
2026-01-04 20:39:48,027 - INFO - [INFO] - Starting continuous batch processing...
2026-01-04 20:39:51,366 - INFO - [INFO] - Processing 2 pipelines...
2026-01-04 20:39:51,792 - ERROR - [ERR-0001] - [e8e34b08] Error processing pipeline get_insights | Exception: TypeError: log_info() takes 1 positional argument but 2 were given | From: batch_run.py:process_pipeline()
2026-01-04 20:39:51,793 - ERROR - [ERR-0001] - [a47dad4b] Error processing pipeline get_insights | Exception: TypeError: log_info() takes 1 positional argument but 2 were given | From: batch_run.py:process_pipeline()
2026-01-04 20:39:52,481 - INFO - [INFO] - Batch cycle completed. Processed: 0 tickers, 0 pipelines. Remaining: 0 tickers, 2 pipelines
2026-01-04 20:42:40,098 - INFO - [INFO] - Starting continuous batch processing...
2026-01-04 20:42:43,672 - INFO - [INFO] - Processing 2 pipelines...
2026-01-04 20:42:44,078 - ERROR - [ERR-0001] - [9200ae13] Error processing pipeline get_insights | Exception: TypeError: log_info() takes 1 positional argument but 2 were given | From: batch_run.py:process_pipeline()
2026-01-04 20:42:44,078 - ERROR - [ERR-0001] - [e4c04565] Error processing pipeline get_insights | Exception: TypeError: log_info() takes 1 positional argument but 2 were given | From: batch_run.py:process_pipeline()
2026-01-04 20:42:44,693 - INFO - [INFO] - Batch cycle completed. Processed: 0 tickers, 0 pipelines. Remaining: 0 tickers, 2 pipelines
2026-01-04 20:43:59,147 - INFO - [INFO] - Starting continuous batch processing...
2026-01-04 20:44:02,849 - INFO - [INFO] - Processing 2 pipelines...
2026-01-04 20:44:03,258 - ERROR - [ERR-0001] - [76e9b25b] Error processing pipeline get_insights | Exception: TypeError: log_info() takes 1 positional argument but 2 were given | From: batch_run.py:process_pipeline()
2026-01-04 20:44:03,258 - ERROR - [ERR-0001] - [a8eedb5e] Error processing pipeline get_insights | Exception: TypeError: log_info() takes 1 positional argument but 2 were given | From: batch_run.py:process_pipeline()
2026-01-04 20:44:03,856 - INFO - [INFO] - Batch cycle completed. Processed: 0 tickers, 0 pipelines. Remaining: 0 tickers, 2 pipelines
2026-01-04 20:44:43,414 - INFO - [INFO] - Starting continuous batch processing...
2026-01-04 20:44:46,697 - INFO - [INFO] - Processing 2 pipelines...
2026-01-04 20:44:48,396 - INFO - [INFO] - Batch cycle completed. Processed: 0 tickers, 0 pipelines. Remaining: 1 tickers, 0 pipelines
2026-01-04 20:45:50,677 - INFO - [INFO] - Starting continuous batch processing...
2026-01-04 20:45:54,014 - INFO - [INFO] - Processing 1 tickers
2026-01-04 20:46:38,970 - WARNING - [ERR-0001] - [f6765228] Attempting to extract JSON from text (length: 25719 chars) | From: helpers.py:extract_json_from_text()
2026-01-04 20:46:38,977 - WARNING - [ERR-0001] - [7ff8f909] Successfully extracted JSON using fallback pattern | From: helpers.py:extract_json_from_text()
2026-01-04 20:46:38,978 - WARNING - [ERR-0001] - [9204bbff] Attempting to extract JSON from text (length: 574 chars) | From: helpers.py:extract_json_from_text()
2026-01-04 20:46:38,978 - WARNING - [ERR-0001] - [ce011144] Successfully extracted JSON using end object pattern | From: helpers.py:extract_json_from_text()
2026-01-04 20:46:38,978 - INFO - [INFO] - Successfully parsed AI response as JSON
2026-01-04 20:46:43,844 - ERROR - [ERR-0001] - [826730f1] Error getting factors analysis | Exception: TypeError: the JSON object must be str, bytes or bytearray, not NoneType | From: helpers.py:get_factors()
2026-01-04 20:46:43,844 - WARNING - [ERR-0303] - [9991be57] Missing required fields: ['title', 'market_outlook_narrative', 'rationale', 'analysis', 'recommendations'] | From: helpers.py:validate_recommendations_schema()
2026-01-04 20:46:43,845 - ERROR - [ERR-0303] - [a9afa2b6] Invalid recommendations schema, skipping save | From: helpers.py:save_to_db_robust()
2026-01-04 20:46:43,845 - ERROR - [ERR-0001] - [b36a3072] Database save failed, updating fail_count | From: helpers.py:save_to_db_with_fallback()
2026-01-04 20:46:43,847 - WARNING - [ERR-0003] - [632053db] Failed to save recommendations to database | From: holistic.py:run_holistic_market_model()
2026-01-04 20:46:44,796 - INFO - [INFO] - Batch cycle completed. Processed: 1 tickers, 0 pipelines. Remaining: 1 tickers, 0 pipelines
2026-01-04 20:46:44,893 - INFO - [INFO] - Memory before cleanup: 2632.8 KB
2026-01-04 20:46:50,146 - INFO - [INFO] - Memory after cleanup: 3005.0 KB (saved -381156.0 bytes)
2026-01-04 20:46:50,818 - INFO - [INFO] - Processing 1 tickers
2026-01-04 20:48:25,008 - INFO - [INFO] - Starting continuous batch processing...
2026-01-04 20:48:28,586 - INFO - [INFO] - Processing 5 tickers
2026-01-04 20:57:02,637 - INFO - [INFO] - Starting comprehensive dataset reset
2026-01-04 20:57:02,639 - INFO - [INFO] - Starting reset of document_generated field in tickers collection
2026-01-04 20:57:05,676 - INFO - [INFO] - Successfully updated 167 documents in tickers collection
2026-01-04 20:57:05,677 - INFO - [INFO] - Reset of document_generated field completed
2026-01-04 20:57:05,677 - INFO - [INFO] - Starting reset of task_completed field in pipeline collection
2026-01-04 20:57:05,961 - INFO - [INFO] - Successfully updated 0 documents in pipeline collection
2026-01-04 20:57:05,962 - INFO - [INFO] - Reset of task_completed field completed
2026-01-04 20:57:05,962 - INFO - [INFO] - Starting deletion of tickers with recurrence 'once'
2026-01-04 20:57:06,235 - INFO - [INFO] - Successfully deleted 0 documents with recurrence 'once' from tickers collection
2026-01-04 20:57:06,235 - INFO - [INFO] - Deletion of once tickers completed
2026-01-04 20:57:06,235 - INFO - [INFO] - Starting deletion of processed tickers with no insights
2026-01-04 20:57:06,511 - INFO - [INFO] - No processed tickers without insights found
2026-01-04 20:57:06,511 - INFO - [INFO] - Starting deletion of pipeline documents with recurrence 'once'
2026-01-04 20:57:06,785 - INFO - [INFO] - Successfully deleted 0 documents with recurrence 'once' from pipeline collection
2026-01-04 20:57:06,786 - INFO - [INFO] - Deletion of once pipeline documents completed
2026-01-04 20:57:06,787 - INFO - [INFO] - Starting deletion of all weigh_factors documents
2026-01-04 20:57:07,065 - INFO - [INFO] - Successfully deleted 3 documents from 'weight_factors'.
2026-01-04 20:57:07,065 - INFO - [INFO] - All reset operations completed successfully
2026-01-04 21:26:54,384 - INFO - [INFO] - Deleted 3667 documents from insights collection
2026-01-04 21:29:49,310 - INFO - [INFO] - Starting continuous batch processing...
2026-01-04 21:29:52,870 - INFO - [INFO] - Processing 1 pipelines...
2026-01-04 21:29:54,376 - INFO - [INFO] - Batch cycle completed. Processed: 0 tickers, 0 pipelines. Remaining: 1 tickers, 0 pipelines
2026-01-04 21:30:54,915 - INFO - [INFO] - Processing 1 tickers
2026-01-04 21:31:49,923 - WARNING - [ERR-0001] - [f5c7c948] Attempting to extract JSON from text (length: 12212 chars) | From: helpers.py:extract_json_from_text()
2026-01-04 21:31:49,925 - WARNING - [ERR-0001] - [c9f65c66] Successfully extracted JSON using end object pattern | From: helpers.py:extract_json_from_text()
2026-01-04 21:31:49,925 - WARNING - [ERR-0001] - [6731fb75] Attempting to extract JSON from text (length: 12212 chars) | From: helpers.py:extract_json_from_text()
2026-01-04 21:31:49,926 - WARNING - [ERR-0001] - [09be1476] Successfully extracted JSON using end object pattern | From: helpers.py:extract_json_from_text()
2026-01-04 21:31:49,926 - INFO - [INFO] - Successfully parsed AI response as JSON
2026-01-04 21:32:01,973 - WARNING - [ERR-0001] - [344f1cdc] Attempting to extract JSON from text (length: 2562 chars) | From: helpers.py:extract_json_from_text()
2026-01-04 21:32:01,976 - ERROR - [ERR-0001] - [8457bb3b] Error getting factors analysis | Exception: TypeError: log_info() takes 1 positional argument but 2 were given | From: helpers.py:get_factors()
2026-01-04 21:32:01,976 - INFO - [INFO] - Time step t=1 starting
2026-01-04 21:32:01,978 - INFO - [INFO] - Market state - Net Order: 13, Sentiment: 0.175, Price Change: 6.5013, New Price: 106.5013
2026-01-04 21:32:09,706 - INFO - [INFO] - Updated document_generated flag to True for tickers: ['MCD']
2026-01-04 21:32:10,671 - INFO - [INFO] - Batch cycle completed. Processed: 1 tickers, 0 pipelines. Remaining: 0 tickers, 0 pipelines
2026-01-04 21:32:10,770 - INFO - [INFO] - Memory before cleanup: 2635.8 KB
2026-01-04 21:32:16,026 - INFO - [INFO] - Memory after cleanup: 3007.0 KB (saved -380096.0 bytes)
2026-01-04 21:32:17,102 - INFO - [INFO] - Batch cycle completed. Processed: 0 tickers, 0 pipelines. Remaining: 0 tickers, 0 pipelines
2026-01-04 21:33:01,469 - INFO - [INFO] - Starting continuous batch processing...
2026-01-04 21:33:05,379 - INFO - [INFO] - Batch cycle completed. Processed: 0 tickers, 0 pipelines. Remaining: 0 tickers, 0 pipelines
2026-01-04 21:34:05,942 - INFO - [INFO] - Processing 1 pipelines...
2026-01-04 21:34:07,443 - INFO - [INFO] - Batch cycle completed. Processed: 0 tickers, 0 pipelines. Remaining: 1 tickers, 0 pipelines
2026-01-04 21:35:07,995 - INFO - [INFO] - Processing 1 tickers
2026-01-04 21:35:58,459 - WARNING - [ERR-0001] - [8c5293d6] Attempting to extract JSON from text (length: 32266 chars) | From: helpers.py:extract_json_from_text()
2026-01-04 21:35:58,468 - WARNING - [ERR-0001] - [db1f340a] Successfully extracted JSON using fallback pattern | From: helpers.py:extract_json_from_text()
2026-01-04 21:35:58,468 - WARNING - [ERR-0001] - [51d7da48] Attempting to extract JSON from text (length: 224 chars) | From: helpers.py:extract_json_from_text()
2026-01-04 21:35:58,468 - WARNING - [ERR-0001] - [6863ecb4] Successfully extracted JSON using end object pattern | From: helpers.py:extract_json_from_text()
2026-01-04 21:35:58,468 - INFO - [INFO] - Successfully parsed AI response as JSON
2026-01-04 21:36:05,920 - WARNING - [ERR-0001] - [91685370] Attempting to extract JSON from text (length: 1699 chars) | From: helpers.py:extract_json_from_text()
2026-01-04 21:36:05,923 - ERROR - [ERR-0001] - [c9e8127e] Error getting factors analysis | Exception: TypeError: log_info() takes 1 positional argument but 2 were given | From: helpers.py:get_factors()
2026-01-04 21:36:05,923 - WARNING - [ERR-0303] - [4b19408c] Missing required fields: ['title', 'market_outlook_narrative', 'rationale', 'analysis', 'recommendations'] | From: helpers.py:validate_recommendations_schema()
2026-01-04 21:36:05,923 - ERROR - [ERR-0303] - [6da318ed] Invalid recommendations schema, skipping save | From: helpers.py:save_to_db_robust()
2026-01-04 21:36:05,923 - ERROR - [ERR-0001] - [43f344e8] Database save failed, updating fail_count | From: helpers.py:save_to_db_with_fallback()
2026-01-04 21:36:05,924 - WARNING - [ERR-0003] - [afee15c8] Failed to save recommendations to database | From: holistic.py:run_holistic_market_model()
2026-01-04 21:36:06,858 - INFO - [INFO] - Batch cycle completed. Processed: 1 tickers, 0 pipelines. Remaining: 1 tickers, 0 pipelines
2026-01-04 21:36:06,955 - INFO - [INFO] - Memory before cleanup: 2635.8 KB
2026-01-04 21:36:08,189 - INFO - [INFO] - Memory after cleanup: 3006.9 KB (saved -379936.0 bytes)
2026-01-04 21:36:08,729 - INFO - [INFO] - Processing 1 tickers
2026-01-04 21:36:27,973 - WARNING - [ERR-0001] - [f1d63a72] Empty or non-string text provided to extract_json_from_text | From: helpers.py:extract_json_from_text()
2026-01-04 21:36:27,975 - ERROR - [ERR-0001] - [60880547] Failed to extract valid JSON from AI response | From: holistic.py:run_holistic_market_model()
2026-01-04 21:36:27,975 - ERROR - [ERR-0404] - [a9059ed6] Error in holistic_market_model | Exception: TypeError: 'NoneType' object is not subscriptable | From: holistic.py:run_holistic_market_model()
2026-01-04 21:36:29,375 - INFO - [INFO] - Batch cycle completed. Processed: 1 tickers, 0 pipelines. Remaining: 1 tickers, 0 pipelines
2026-01-04 21:36:29,478 - INFO - [INFO] - Memory before cleanup: 3453.5 KB
2026-01-04 21:36:30,715 - INFO - [INFO] - Memory after cleanup: 3349.0 KB (saved 107008.0 bytes)
2026-01-04 21:36:31,257 - INFO - [INFO] - Processing 1 tickers
2026-01-04 21:36:49,952 - WARNING - [ERR-0001] - [0790a9cd] Empty or non-string text provided to extract_json_from_text | From: helpers.py:extract_json_from_text()
2026-01-04 21:36:49,953 - ERROR - [ERR-0001] - [0a34c76a] Failed to extract valid JSON from AI response | From: holistic.py:run_holistic_market_model()
2026-01-04 21:36:49,954 - ERROR - [ERR-0404] - [979a02ea] Error in holistic_market_model | Exception: TypeError: 'NoneType' object is not subscriptable | From: holistic.py:run_holistic_market_model()
2026-01-04 21:36:50,861 - INFO - [INFO] - Batch cycle completed. Processed: 1 tickers, 0 pipelines. Remaining: 1 tickers, 0 pipelines
2026-01-04 21:36:50,969 - INFO - [INFO] - Memory before cleanup: 3238.1 KB
2026-01-04 21:36:52,203 - INFO - [INFO] - Memory after cleanup: 3237.6 KB (saved 480.0 bytes)
2026-01-04 21:36:52,796 - INFO - [INFO] - Processing 1 tickers
2026-01-04 21:37:12,166 - WARNING - [ERR-0001] - [5bcce039] Empty or non-string text provided to extract_json_from_text | From: helpers.py:extract_json_from_text()
2026-01-04 21:37:12,167 - ERROR - [ERR-0001] - [52d4430d] Failed to extract valid JSON from AI response | From: holistic.py:run_holistic_market_model()
2026-01-04 21:37:12,167 - ERROR - [ERR-0404] - [4d97b609] Error in holistic_market_model | Exception: TypeError: 'NoneType' object is not subscriptable | From: holistic.py:run_holistic_market_model()
2026-01-04 21:37:13,073 - INFO - [INFO] - Batch cycle completed. Processed: 1 tickers, 0 pipelines. Remaining: 1 tickers, 0 pipelines
2026-01-04 21:37:13,184 - INFO - [INFO] - Memory before cleanup: 3236.9 KB
2026-01-04 21:37:14,415 - INFO - [INFO] - Memory after cleanup: 3238.1 KB (saved -1240.0 bytes)
2026-01-04 21:37:14,983 - INFO - [INFO] - Processing 1 tickers
2026-01-04 21:37:45,349 - WARNING - [ERR-0001] - [8b3a06d1] Attempting to extract JSON from text (length: 9462 chars) | From: helpers.py:extract_json_from_text()
2026-01-04 21:37:45,350 - WARNING - [ERR-0001] - [d096367d] Successfully extracted JSON using end object pattern | From: helpers.py:extract_json_from_text()
2026-01-04 21:37:45,350 - INFO - [INFO] - Successfully parsed AI response as JSON
2026-01-04 21:37:54,006 - INFO - [INFO] - Time step t=1 starting
2026-01-04 21:37:54,010 - INFO - [INFO] - Market state - Net Order: 20, Sentiment: 0.47, Price Change: 10.1178, New Price: 110.1178
2026-01-04 21:37:55,393 - INFO - [INFO] - Updated document_generated flag to True for tickers: ['MSFT']
2026-01-04 21:37:56,388 - INFO - [INFO] - Batch cycle completed. Processed: 1 tickers, 0 pipelines. Remaining: 0 tickers, 0 pipelines
2026-01-04 21:37:56,481 - INFO - [INFO] - Memory before cleanup: 3237.9 KB
2026-01-04 21:37:57,714 - INFO - [INFO] - Memory after cleanup: 3236.9 KB (saved 1080.0 bytes)
2026-01-04 21:37:58,948 - INFO - [INFO] - Batch cycle completed. Processed: 0 tickers, 0 pipelines. Remaining: 0 tickers, 0 pipelines
2026-01-04 21:39:00,048 - INFO - [INFO] - Batch cycle completed. Processed: 0 tickers, 0 pipelines. Remaining: 0 tickers, 0 pipelines
2026-01-04 21:40:01,283 - INFO - [INFO] - Batch cycle completed. Processed: 0 tickers, 0 pipelines. Remaining: 0 tickers, 0 pipelines
2026-01-04 21:41:02,552 - INFO - [INFO] - Batch cycle completed. Processed: 0 tickers, 0 pipelines. Remaining: 0 tickers, 0 pipelines
2026-01-04 21:43:03,428 - INFO - [INFO] - Starting continuous batch processing...
2026-01-04 21:43:07,634 - INFO - [INFO] - Batch cycle completed. Processed: 0 tickers, 0 pipelines. Remaining: 0 tickers, 0 pipelines
2026-01-04 21:44:08,893 - INFO - [INFO] - Batch cycle completed. Processed: 0 tickers, 0 pipelines. Remaining: 0 tickers, 0 pipelines
2026-01-04 21:45:09,469 - INFO - [INFO] - Processing 1 pipelines...
2026-01-04 21:45:09,472 - INFO - [INFO] - Running: collecting: ticker: GC=F | get_insights: default module
2026-01-04 21:45:11,013 - INFO - [INFO] - Batch cycle completed. Processed: 0 tickers, 0 pipelines. Remaining: 1 tickers, 0 pipelines
2026-01-04 21:46:11,597 - INFO - [INFO] - Processing 1 tickers
2026-01-04 21:46:49,951 - WARNING - [ERR-0001] - [4b39eded] Attempting to extract JSON from text (length: 11783 chars) | From: helpers.py:extract_json_from_text()
2026-01-04 21:46:49,953 - WARNING - [ERR-0001] - [37da8694] Successfully extracted JSON using end object pattern | From: helpers.py:extract_json_from_text()
2026-01-04 21:46:49,953 - WARNING - [ERR-0001] - [5048bb8b] Attempting to extract JSON from text (length: 11782 chars) | From: helpers.py:extract_json_from_text()
2026-01-04 21:46:49,953 - WARNING - [ERR-0001] - [3b928650] Successfully extracted JSON using end object pattern | From: helpers.py:extract_json_from_text()
2026-01-04 21:46:49,953 - INFO - [INFO] - Successfully parsed AI response as JSON
2026-01-04 21:46:58,681 - INFO - [INFO] - Time step t=1 starting
2026-01-04 21:46:58,684 - INFO - [INFO] - Market state - Net Order: 10, Sentiment: 0.32, Price Change: 5.0195, New Price: 105.0195
2026-01-04 21:47:00,176 - INFO - [INFO] - Updated document_generated flag to True for tickers: ['GC=F']
2026-01-04 21:47:01,237 - INFO - [INFO] - Batch cycle completed. Processed: 1 tickers, 0 pipelines. Remaining: 0 tickers, 0 pipelines
2026-01-04 21:47:01,331 - INFO - [INFO] - Memory before cleanup: 2633.7 KB
2026-01-04 21:47:02,561 - INFO - [INFO] - Memory after cleanup: 3004.4 KB (saved -379571.0 bytes)
2026-01-04 21:47:03,820 - INFO - [INFO] - Batch cycle completed. Processed: 0 tickers, 0 pipelines. Remaining: 0 tickers, 0 pipelines
2026-01-04 21:48:04,960 - INFO - [INFO] - Batch cycle completed. Processed: 0 tickers, 0 pipelines. Remaining: 0 tickers, 0 pipelines
2026-01-04 21:56:11,345 - INFO - [INFO] - Starting continuous batch processing...
2026-01-04 21:56:15,324 - INFO - [INFO] - Batch cycle completed. Processed: 0 tickers, 0 pipelines. Remaining: 0 tickers, 0 pipelines
2026-01-04 21:56:17,415 - INFO - [INFO] - Batch cycle completed. Processed: 0 tickers, 0 pipelines. Remaining: 0 tickers, 0 pipelines
2026-01-04 21:56:19,504 - INFO - [INFO] - Batch cycle completed. Processed: 0 tickers, 0 pipelines. Remaining: 0 tickers, 0 pipelines
2026-01-04 21:56:21,712 - INFO - [INFO] - Batch cycle completed. Processed: 0 tickers, 0 pipelines. Remaining: 0 tickers, 0 pipelines
2026-01-04 21:56:23,806 - INFO - [INFO] - Batch cycle completed. Processed: 0 tickers, 0 pipelines. Remaining: 0 tickers, 0 pipelines
2026-01-04 21:56:57,079 - INFO - [INFO] - Starting continuous batch processing...
2026-01-04 21:57:00,841 - INFO - [INFO] - Batch cycle completed — Awaiting request(s). Processed: 0 tickers, 0 pipelines. Remaining: 0 tickers, 0 pipelines
2026-01-04 21:57:02,895 - INFO - [INFO] - Batch cycle completed — Awaiting request(s). Processed: 0 tickers, 0 pipelines. Remaining: 0 tickers, 0 pipelines
2026-01-04 21:57:04,953 - INFO - [INFO] - Batch cycle completed — Awaiting request(s). Processed: 0 tickers, 0 pipelines. Remaining: 0 tickers, 0 pipelines
2026-01-04 21:57:07,073 - INFO - [INFO] - Batch cycle completed — Awaiting request(s). Processed: 0 tickers, 0 pipelines. Remaining: 0 tickers, 0 pipelines
2026-01-04 21:57:09,284 - INFO - [INFO] - Batch cycle completed — Awaiting request(s). Processed: 0 tickers, 0 pipelines. Remaining: 0 tickers, 0 pipelines
2026-01-04 21:57:11,345 - INFO - [INFO] - Batch cycle completed — Awaiting request(s). Processed: 0 tickers, 0 pipelines. Remaining: 0 tickers, 0 pipelines
2026-01-04 21:57:13,406 - INFO - [INFO] - Batch cycle completed — Awaiting request(s). Processed: 0 tickers, 0 pipelines. Remaining: 0 tickers, 0 pipelines
2026-01-04 21:57:15,477 - INFO - [INFO] - Batch cycle completed — Awaiting request(s). Processed: 0 tickers, 0 pipelines. Remaining: 0 tickers, 0 pipelines
2026-01-04 21:57:17,540 - INFO - [INFO] - Batch cycle completed — Awaiting request(s). Processed: 0 tickers, 0 pipelines. Remaining: 0 tickers, 1 pipelines
2026-01-04 21:57:19,165 - INFO - [INFO] - Processing 1 pipelines...
2026-01-04 21:57:19,167 - INFO - [INFO] - Running: collecting: ticker: AMZN | get_insights: default module
2026-01-04 21:57:20,727 - INFO - [INFO] - Batch cycle completed — Awaiting request(s). Processed: 0 tickers, 0 pipelines. Remaining: 1 tickers, 0 pipelines
2026-01-04 21:57:22,265 - INFO - [INFO] - Processing 1 tickers
2026-01-04 21:58:15,867 - WARNING - [ERR-0001] - [1babea78] Attempting to extract JSON from text (length: 12178 chars) | From: helpers.py:extract_json_from_text()
2026-01-04 21:58:15,868 - WARNING - [ERR-0001] - [7a5755d5] Successfully extracted JSON using end object pattern | From: helpers.py:extract_json_from_text()
2026-01-04 21:58:15,868 - INFO - [INFO] - Successfully parsed AI response as JSON
2026-01-04 21:58:20,599 - ERROR - [ERR-0001] - [6d88c594] Error getting factors analysis | Exception: TypeError: the JSON object must be str, bytes or bytearray, not NoneType | From: helpers.py:get_factors()
2026-01-04 21:58:20,599 - INFO - [INFO] - Time step t=1 starting
2026-01-04 21:58:20,601 - INFO - [INFO] - Market state - Net Order: 15, Sentiment: 0.475, Price Change: 7.6055, New Price: 107.6055
2026-01-04 21:58:24,555 - INFO - [INFO] - Updated document_generated flag to True for tickers: ['AMZN']
2026-01-04 21:58:25,485 - INFO - [INFO] - Batch cycle completed — Awaiting request(s). Processed: 1 tickers, 0 pipelines. Remaining: 0 tickers, 0 pipelines
2026-01-04 21:58:25,582 - INFO - [INFO] - Memory before cleanup: 2634.1 KB
2026-01-04 21:58:26,809 - INFO - [INFO] - Memory after cleanup: 3004.6 KB (saved -379411.0 bytes)
2026-01-04 21:58:27,983 - INFO - [INFO] - Batch cycle completed — Awaiting request(s). Processed: 0 tickers, 0 pipelines. Remaining: 0 tickers, 0 pipelines
2026-01-04 21:58:30,229 - INFO - [INFO] - Batch cycle completed — Awaiting request(s). Processed: 0 tickers, 0 pipelines. Remaining: 0 tickers, 0 pipelines
2026-01-04 21:58:32,287 - INFO - [INFO] - Batch cycle completed — Awaiting request(s). Processed: 0 tickers, 0 pipelines. Remaining: 0 tickers, 0 pipelines
2026-01-04 21:58:34,347 - INFO - [INFO] - Batch cycle completed — Awaiting request(s). Processed: 0 tickers, 0 pipelines. Remaining: 0 tickers, 0 pipelines
2026-01-04 21:58:36,438 - INFO - [INFO] - Batch cycle completed — Awaiting request(s). Processed: 0 tickers, 0 pipelines. Remaining: 0 tickers, 0 pipelines
2026-01-04 21:58:38,575 - INFO - [INFO] - Batch cycle completed — Awaiting request(s). Processed: 0 tickers, 0 pipelines. Remaining: 0 tickers, 0 pipelines
2026-01-04 21:58:40,871 - INFO - [INFO] - Batch cycle completed — Awaiting request(s). Processed: 0 tickers, 0 pipelines. Remaining: 0 tickers, 0 pipelines
2026-01-04 21:58:42,927 - INFO - [INFO] - Batch cycle completed — Awaiting request(s). Processed: 0 tickers, 0 pipelines. Remaining: 0 tickers, 0 pipelines
2026-01-04 21:58:45,041 - INFO - [INFO] - Batch cycle completed — Awaiting request(s). Processed: 0 tickers, 0 pipelines. Remaining: 0 tickers, 0 pipelines
2026-01-04 21:58:47,220 - INFO - [INFO] - Batch cycle completed — Awaiting request(s). Processed: 0 tickers, 0 pipelines. Remaining: 0 tickers, 0 pipelines
2026-01-04 21:58:49,280 - INFO - [INFO] - Batch cycle completed — Awaiting request(s). Processed: 0 tickers, 0 pipelines. Remaining: 0 tickers, 0 pipelines
2026-01-04 21:58:51,336 - INFO - [INFO] - Batch cycle completed — Awaiting request(s). Processed: 0 tickers, 0 pipelines. Remaining: 0 tickers, 0 pipelines
2026-01-04 21:58:53,394 - INFO - [INFO] - Batch cycle completed — Awaiting request(s). Processed: 0 tickers, 0 pipelines. Remaining: 0 tickers, 0 pipelines
2026-01-04 21:58:55,617 - INFO - [INFO] - Batch cycle completed — Awaiting request(s). Processed: 0 tickers, 0 pipelines. Remaining: 0 tickers, 0 pipelines
2026-01-04 21:58:57,683 - INFO - [INFO] - Batch cycle completed — Awaiting request(s). Processed: 0 tickers, 0 pipelines. Remaining: 0 tickers, 0 pipelines
2026-01-04 21:58:59,918 - INFO - [INFO] - Batch cycle completed — Awaiting request(s). Processed: 0 tickers, 0 pipelines. Remaining: 0 tickers, 0 pipelines
2026-01-04 21:59:01,973 - INFO - [INFO] - Batch cycle completed — Awaiting request(s). Processed: 0 tickers, 0 pipelines. Remaining: 0 tickers, 0 pipelines
2026-01-04 21:59:04,117 - INFO - [INFO] - Batch cycle completed — Awaiting request(s). Processed: 0 tickers, 0 pipelines. Remaining: 0 tickers, 0 pipelines
2026-01-04 21:59:06,180 - INFO - [INFO] - Batch cycle completed — Awaiting request(s). Processed: 0 tickers, 0 pipelines. Remaining: 0 tickers, 0 pipelines
2026-01-04 21:59:08,334 - INFO - [INFO] - Batch cycle completed — Awaiting request(s). Processed: 0 tickers, 0 pipelines. Remaining: 0 tickers, 0 pipelines
2026-01-04 21:59:10,437 - INFO - [INFO] - Batch cycle completed — Awaiting request(s). Processed: 0 tickers, 0 pipelines. Remaining: 0 tickers, 0 pipelines
2026-01-04 21:59:12,615 - INFO - [INFO] - Batch cycle completed — Awaiting request(s). Processed: 0 tickers, 0 pipelines. Remaining: 0 tickers, 0 pipelines
2026-01-04 21:59:14,929 - INFO - [INFO] - Batch cycle completed — Awaiting request(s). Processed: 0 tickers, 0 pipelines. Remaining: 0 tickers, 0 pipelines
2026-01-04 21:59:16,987 - INFO - [INFO] - Batch cycle completed — Awaiting request(s). Processed: 0 tickers, 0 pipelines. Remaining: 0 tickers, 0 pipelines
2026-01-04 21:59:19,125 - INFO - [INFO] - Batch cycle completed — Awaiting request(s). Processed: 0 tickers, 0 pipelines. Remaining: 0 tickers, 0 pipelines
2026-01-04 21:59:21,347 - INFO - [INFO] - Batch cycle completed — Awaiting request(s). Processed: 0 tickers, 0 pipelines. Remaining: 0 tickers, 0 pipelines
2026-01-04 21:59:23,528 - INFO - [INFO] - Batch cycle completed — Awaiting request(s). Processed: 0 tickers, 0 pipelines. Remaining: 0 tickers, 0 pipelines
2026-01-04 21:59:25,825 - INFO - [INFO] - Batch cycle completed — Awaiting request(s). Processed: 0 tickers, 0 pipelines. Remaining: 0 tickers, 0 pipelines
2026-01-04 21:59:27,976 - INFO - [INFO] - Batch cycle completed — Awaiting request(s). Processed: 0 tickers, 0 pipelines. Remaining: 0 tickers, 0 pipelines
2026-01-04 21:59:30,330 - INFO - [INFO] - Batch cycle completed — Awaiting request(s). Processed: 0 tickers, 0 pipelines. Remaining: 0 tickers, 0 pipelines
2026-01-04 21:59:32,453 - INFO - [INFO] - Batch cycle completed — Awaiting request(s). Processed: 0 tickers, 0 pipelines. Remaining: 0 tickers, 0 pipelines
